"../../../Engine/Content/EngineFonts/Roboto.uasset" 0
"../../../Engine/Content/Functions/Engine_MaterialFunctions01/Shading/PowerToRoughness.uasset" 1
"../../../Engine/Content/Functions/Engine_MaterialFunctions01/Shading/ConvertFromDiffSpec.uasset" 2
"../../../Engine/Content/EngineMaterials/DefaultDiffuse.uasset" 3
"../../../Engine/Content/EngineMaterials/DefaultDeferredDecalMaterial.uasset" 4
"../../../Engine/Content/EngineMaterials/DefaultLightFunctionMaterial.uasset" 5
"../../../Engine/Content/Functions/Engine_MaterialFunctions02/Utility/BreakOutFloat2Components.uasset" 6
"../../../Engine/Content/EngineMaterials/DefaultPostProcessMaterial.uasset" 7
"../../../Engine/Content/EngineResources/DefaultTexture.uasset" 8
"../../../Engine/Content/Functions/Engine_MaterialFunctions01/Texturing/ScaleUVsByCenter.uasset" 9
"../../../Engine/Content/Functions/Engine_MaterialFunctions02/ScreenResolution.uasset" 10
"../../../Engine/Content/Functions/Engine_MaterialFunctions02/Texturing/ScreenAlignedUVs.uasset" 11
"../../../Engine/Content/EngineResources/WhiteSquareTexture.uasset" 12
"../../../Engine/Content/EngineMaterials/Widget3DPassThrough.uasset" 13
"../../../Engine/Content/EngineMaterials/Widget3DPassThrough_Translucent.uasset" 14
"../../../Engine/Content/EngineMaterials/Widget3DPassThrough_Translucent_OneSided.uasset" 15
"../../../Engine/Content/EngineMaterials/Widget3DPassThrough_Opaque.uasset" 16
"../../../Engine/Content/EngineMaterials/Widget3DPassThrough_Opaque_OneSided.uasset" 17
"../../../Engine/Content/EngineMaterials/Widget3DPassThrough_Masked.uasset" 18
"../../../Engine/Content/EngineMaterials/Widget3DPassThrough_Masked_OneSided.uasset" 19
"../../../Engine/Content/EditorResources/S_Actor.uasset" 20
"../../../Engine/Content/EngineResources/AICON-Red.uasset" 21
"../../../Engine/Content/EngineResources/AICON-Green.uasset" 22
"../../../Engine/Content/EditorMaterials/Camera/CineMat.uasset" 23
"../../../Engine/Content/EditorMaterials/Camera/MI_CineMat_Rig.uasset" 24
"../../../Engine/Content/EditorMeshes/Camera/SM_CraneRig_Base.uasset" 25
"../../../Engine/Content/EditorMeshes/Camera/SM_CraneRig_Arm.uasset" 26
"../../../Engine/Content/EditorMeshes/Camera/SM_CraneRig_Mount.uasset" 27
"../../../Engine/Content/EditorMeshes/Camera/SM_CraneRig_Body.uasset" 28
"../../../Engine/Content/EditorMeshes/Camera/SM_RailRig_Track.uasset" 29
"../../../Engine/Content/EditorMeshes/Camera/SM_RailRig_Mount.uasset" 30
"../../../Engine/Content/EditorMaterials/AssetViewer/EpicQuadPanorama_CC+EV1.uasset" 31
"../../../Engine/Content/EditorResources/RGBTable16x1_AssetViewer.uasset" 32
"../../../Engine/Content/Maps/Templates/Thumbnails/Default.uasset" 33
"../../../Engine/Content/Maps/Templates/Thumbnails/VR-Basic.uasset" 34
"../../../Engine/Content/EditorMaterials/ParticleSystems/PSysThumbnail_NoImage.uasset" 35
"../../../Engine/Content/EditorMaterials/ParticleSystems/PSysThumbnail_OOD.uasset" 36
"../../../Engine/Content/EditorLandscapeResources/DataLayer.uasset" 37
"../../../Engine/Content/EngineDamageTypes/DmgTypeBP_Environmental.uasset" 38
"../../../Engine/Content/EngineMeshes/Sphere.uasset" 39
"../../../Engine/Content/EngineFonts/RobotoDistanceField.uasset" 40
"../../../Engine/Content/EngineMaterials/DefaultTextMaterialOpaque.uasset" 41
"../../../Engine/Content/EditorResources/S_Trigger.uasset" 42
"../../../Engine/Content/EngineResources/GradientTexture0.uasset" 43
"../../../Engine/Content/EngineResources/Black.uasset" 44
"../../../Engine/Content/EditorMaterials/MatineeGroups/MAT_Groups_Float.uasset" 45
"../../../Engine/Content/EditorMaterials/MatineeGroups/MAT_Groups_Director.uasset" 46
"../../../Engine/Content/EditorMaterials/MatineeGroups/MAT_Groups_Event.uasset" 47
"../../../Engine/Content/EditorMaterials/MatineeGroups/MAT_Groups_Anim.uasset" 48
"../../../Engine/Content/EditorMaterials/MatineeGroups/MAT_Groups_Fade.uasset" 49
"../../../Engine/Content/EditorMaterials/MatineeGroups/MAT_Groups_Move.uasset" 50
"../../../Engine/Content/EditorMaterials/MatineeGroups/MAT_Groups_Slomo.uasset" 51
"../../../Engine/Content/EditorMaterials/MatineeGroups/MAT_ColorTrack.uasset" 52
"../../../Engine/Content/EditorMaterials/MAT_Groups_Toggle.uasset" 53
"../../../Engine/Content/EditorMaterials/MatineeGroups/MAT_Groups_AudioMaster.uasset" 54
"../../../Engine/Content/EditorMaterials/MatineeGroups/MAT_Groups_Sound.uasset" 55
"../../../Engine/Content/EditorMaterials/MatineeGroups/MAT_Groups_Vector.uasset" 56
"../../../Engine/Content/EditorMaterials/MAT_Groups_Visibility.uasset" 57
"../../../Engine/Content/EngineResources/DefaultTextureCube.uasset" 58
"../../../Engine/Content/Functions/Engine_MaterialFunctions01/Opacity/CameraDepthFade.uasset" 59
"../../../Engine/Content/EngineMaterials/T_Default_Material_Grid_M.uasset" 60
"../../../Engine/Content/EngineMaterials/T_Default_Material_Grid_N.uasset" 61
"../../../Engine/Content/EngineMaterials/DefaultMaterial.uasset" 62
"../../../Engine/Content/EngineMeshes/Cylinder.uasset" 63
"../../../Engine/Content/EngineTireTypes/DefaultTireType.uasset" 64
"../../../Engine/Content/VREditor/LaserPointer/VR_LaserPower_01.uasset" 65
"../../../Engine/Content/VREditor/TransformGizmo/TransformGizmoMaterial.uasset" 66
"../../../Engine/Content/VREditor/TransformGizmo/TranslucentTransformGizmoMaterial.uasset" 67
"../../../Engine/Content/VREditor/TransformGizmo/UniformScaleHandle.uasset" 68
"../../../Engine/Content/VREditor/TransformGizmo/TranslateHandleLong.uasset" 69
"../../../Engine/Content/VREditor/TransformGizmo/PlaneTranslationHandle.uasset" 70
"../../../Engine/Content/VREditor/TransformGizmo/RotationHandleFull.uasset" 71
"../../../Engine/Content/VREditor/TransformGizmo/StretchingHandle.uasset" 72
"../../../Engine/Content/VREditor/TransformGizmo/BoundingBoxCorner.uasset" 73
"../../../Engine/Content/VREditor/TransformGizmo/BoundingBoxEdge.uasset" 74
"../../../Engine/Content/VREditor/UI/SelectionBarMesh.uasset" 75
"../../../Engine/Content/VREditor/UI/CloseButtonMesh.uasset" 76
"../../../Engine/Content/VREditor/FloatingText/LineMaterial.uasset" 77
"../../../Engine/Content/VREditor/FloatingText/LineSegmentCylinder.uasset" 78
"../../../Engine/Content/VREditor/FloatingText/JointSphere.uasset" 79
"../../../Engine/Content/VREditor/Fonts/VRText_RobotoLarge.uasset" 80
"../../../Engine/Content/VREditor/Fonts/VRTextMaterial.uasset" 81
"../../../Engine/Content/VREditor/Fonts/TranslucentVRTextMaterial.uasset" 82
"../../../Engine/Content/VREditor/TransformGizmo/TranslationHandle.uasset" 83
"../../../Engine/Content/VREditor/TransformGizmo/RotationHandle.uasset" 84
"../../../Engine/Content/VREditor/Devices/Generic/GenericHMDMaterial.uasset" 85
"../../../Engine/Content/VREditor/Devices/Generic/GenericHMD.uasset" 86
"../../../Engine/Content/Functions/Engine_MaterialFunctions01/Gradient/RadialGradient.uasset" 87
"../../../Engine/Content/EditorLandscapeResources/FlattenHeightMat.uasset" 88
"../../../Engine/Content/VREditor/WorldMovementGrid/PlaneMesh.uasset" 89
"../../../Engine/Content/VREditor/WorldMovementGrid/SimpleGrid.uasset" 90
"../../../Engine/Content/VREditor/WorldMovementGrid/GridMaterial.uasset" 91
"../../../Engine/Content/VREditor/LaserPointer/LaserPointerMaterial.uasset" 92
"../../../Engine/Content/VREditor/LaserPointer/LaserPointerMaterialInst.uasset" 93
"../../../Engine/Content/VREditor/LaserPointer/TranslucentLaserPointerMaterialInst.uasset" 94
"../../../Engine/Content/VREditor/LaserPointer/LaserPointerMesh.uasset" 95
"../../../Engine/Content/Functions/Engine_MaterialFunctions01/Density/ExponentialDensity.uasset" 96
"../../../Engine/Content/VREditor/WorldMovementGrid/GridPostProcess.uasset" 97
"../../../Engine/Content/VREditor/Sounds/VR_teleport_Cue.uasset" 98
"../../../Engine/Content/VREditor/Sounds/VR_grab_Cue.uasset" 99
"../../../Engine/Content/Tutorial/ContentIntroCurve.uasset" 100
"../../../Engine/Plugins/2D/Paper2D/Content/PlaceholderTextures/DummySpriteTexture.uasset" 101
"../../../Engine/Plugins/2D/Paper2D/Content/DefaultSpriteMaterial.uasset" 102
"../../../Engine/Plugins/2D/Paper2D/Content/MaskedUnlitSpriteMaterial.uasset" 103
"../../../Engine/Plugins/2D/Paper2D/Content/OpaqueUnlitSpriteMaterial.uasset" 104
"../../../Engine/Plugins/2D/Paper2D/Content/DummySprite.uasset" 105
"../../../Engine/Plugins/2D/Paper2D/Content/DefaultPaperTerrainMaterial.uasset" 106
"../../../Engine/Content/EngineMaterials/RemoveSurfaceMaterial.uasset" 107
"../../../Engine/Content/EngineDebugMaterials/DebugMeshMaterial.uasset" 108
"../../../Engine/Content/EngineMaterials/InvalidLightmapSettings.uasset" 109
"../../../Engine/Content/EngineMaterials/M_InvalidLightmapSettings.uasset" 110
"../../../Engine/Content/EditorMaterials/GizmoMaterial.uasset" 111
"../../../Engine/Content/EngineMaterials/PhAT_JointLimitMaterial.uasset" 112
"../../../Engine/Content/EngineMaterials/Good64x64TilingNoiseHighFreq.uasset" 113
"../../../Engine/Content/EngineMaterials/DefaultBokeh.uasset" 114
"../../../Engine/Content/EngineMaterials/PreintegratedSkinBRDF.uasset" 115
"../../../Engine/Content/EngineMaterials/MiniFont.uasset" 116
"../../../Engine/Content/EngineMaterials/WeightMapPlaceholderTexture.uasset" 117
"../../../Engine/Content/EngineMaterials/DefaultWhiteGrid.uasset" 118
"../../../Engine/Content/EngineMaterials/DefaultPhysicalMaterial.uasset" 119
"../../../Engine/Content/EngineFonts/RobotoTiny.uasset" 120
"../../../Engine/Content/EditorSounds/Notifications/CompileSuccess.uasset" 121
"../../../Engine/Content/EditorSounds/Notifications/CompileStart_Cue.uasset" 122
"../../../Engine/Content/EditorSounds/Notifications/CompileSuccess_Cue.uasset" 123
"../../../Engine/Content/EditorSounds/Notifications/CompileFailed.uasset" 124
"../../../Engine/Content/EditorSounds/Notifications/CompileFailed_Cue.uasset" 125
"../../../Engine/Content/MobileResources/HUD/VirtualJoystick_Background.uasset" 126
"../../../Engine/Content/MobileResources/HUD/VirtualJoystick_Thumb.uasset" 127
"../../../Engine/Content/MobileResources/HUD/LeftVirtualJoystickOnly.uasset" 128
"../../../Engine/Content/MobileResources/HUD/MobileHUDButton1_off.uasset" 129
"../../../Engine/Content/MobileResources/HUD/T_Castle_ThumbstickOutter.uasset" 130
"../../../Engine/Content/MobileResources/HUD/MobileHUDDirectionStick.uasset" 131
"../../../Engine/Content/EditorResources/LightIcons/S_LightError.uasset" 132
"../../../TPS_LJS/Content/InfinityBladeWarriors/Character/CompleteCharacters/Textures_Materials/CharM_Barbarous/T_CharM_Barbarous_MetalMask.uasset" 133
"../../../TPS_LJS/Content/InfinityBladeWarriors/Character/CompleteCharacters/Textures_Materials/CharM_Barbarous/T_CharM_Barbarous_N.uasset" 134
"../../../TPS_LJS/Content/InfinityBladeWarriors/Character/CompleteCharacters/Textures_Materials/CharM_Barbarous/T_CharM_BarbarousElite_D.uasset" 135
"../../../TPS_LJS/Content/InfinityBladeWarriors/Character/CompleteCharacters/Textures_Materials/CharM_Barbarous/M_Char_Barbarous_Elite.uasset" 136
"../../../TPS_LJS/Content/InfinityBladeWarriors/Character/CompleteCharacters/Textures_Materials/CharM_Barbarous/SK_CharM_Barbarous_Skeleton.uasset" 137
"../../../TPS_LJS/Content/InfinityBladeWarriors/Character/CompleteCharacters/Textures_Materials/CharM_Base/T_CharM_Base_D_MetalMask.uasset" 138
"../../../TPS_LJS/Content/InfinityBladeWarriors/Character/CompleteCharacters/Textures_Materials/CharM_Bladed/T_CharM_Bladed_Elite_D.uasset" 139
"../../../TPS_LJS/Content/InfinityBladeWarriors/Character/CompleteCharacters/Textures_Materials/CharM_Natural/T_CharM_NaturalElite_D.uasset" 140
"../../../TPS_LJS/Content/InfinityBladeWarriors/Character/CompleteCharacters/Textures_Materials/CharM_Natural/T_CharM_NaturalElite_Mask.uasset" 141
"../../../TPS_LJS/Content/InfinityBladeWarriors/Character/CompleteCharacters/Textures_Materials/CharM_Natural/T_CharM_NaturalElite_N.uasset" 142
"../../../TPS_LJS/Content/InfinityBladeWarriors/Character/CompleteCharacters/Textures_Materials/CharM_Pit/T_CharM_Pit_Mask.uasset" 143
"../../../TPS_LJS/Content/InfinityBladeWarriors/Character/CompleteCharacters/Textures_Materials/CharM_Pit/T_CharM_Pit_N.uasset" 144
"../../../TPS_LJS/Content/InfinityBladeWarriors/Character/CompleteCharacters/Textures_Materials/CharM_Pit/T_CharM_Trench_D.uasset" 145
"../../../TPS_LJS/Content/InfinityBladeWarriors/Character/CompleteCharacters/Textures_Materials/CharM_Pit/M_Char_Pit2.uasset" 146
"../../../TPS_LJS/Content/InfinityBladeWarriors/Character/CompleteCharacters/Textures_Materials/CharM_Pit/T_CharM_Pit3_D.uasset" 147
"../../../TPS_LJS/Content/InfinityBladeWarriors/Character/CompleteCharacters/Textures_Materials/CharM_Pit/M_Char_Pit3.uasset" 148
"../../../TPS_LJS/Content/InfinityBladeWarriors/Character/CompleteCharacters/Textures_Materials/CharM_Pit/T_CharM_Gorge_D.uasset" 149
"../../../TPS_LJS/Content/InfinityBladeWarriors/Character/CompleteCharacters/Textures_Materials/CharM_Ram/T_CharM_Ram_C_D.uasset" 150
"../../../TPS_LJS/Content/InfinityBladeWarriors/Character/CompleteCharacters/Textures_Materials/CharM_Ram/T_CharM_Ram_D.uasset" 151
"../../../TPS_LJS/Content/InfinityBladeWarriors/Character/CompleteCharacters/Textures_Materials/CharM_Shell/T_CharM_ShellB_D.uasset" 152
"../../../TPS_LJS/Content/InfinityBladeWarriors/Character/CompleteCharacters/Textures_Materials/CharM_Shell/T_CharM_Shell_C.uasset" 153
"../../../TPS_LJS/Content/InfinityBladeWarriors/Character/CompleteCharacters/Textures_Materials/CharM_Bladed/T_CharM_Bladed_D.uasset" 154
"../../../TPS_LJS/Content/InfinityBladeWarriors/Character/CompleteCharacters/Textures_Materials/CharM_Bladed/T_CharM_Bladed_MetalMask1.uasset" 155
"../../../TPS_LJS/Content/InfinityBladeWarriors/Character/CompleteCharacters/Textures_Materials/CharM_Bladed/T_CharM_Bladed_N.uasset" 156
"../../../TPS_LJS/Content/InfinityBladeWarriors/Character/CompleteCharacters/Textures_Materials/CharM_solid/M_CharM_Solid_Alternate.uasset" 157
"../../../TPS_LJS/Content/InfinityBladeWarriors/Character/CompleteCharacters/Textures_Materials/CharM_solid/T_CharM_Solid_Alt.uasset" 158
"../../../TPS_LJS/Content/InfinityBladeWarriors/Character/CompleteCharacters/Textures_Materials/CharM_solid/T_CharM_Solid_Alternate.uasset" 159
"../../../TPS_LJS/Content/InfinityBladeWarriors/Character/CompleteCharacters/Textures_Materials/CharM_solid/T_CharM_Solid_Alt_Mask.uasset" 160
"../../../TPS_LJS/Content/InfinityBladeWarriors/Character/CompleteCharacters/Textures_Materials/CharM_Warrior/T_CharM_Warrior_Emissive.uasset" 161
"../../../Engine/Content/EngineMeshes/Humanoid.uasset" 162
"../../../TPS_LJS/Content/Mannequin/Character/Mesh/UE4_Mannequin_Skeleton.uasset" 163
"../../../TPS_LJS/Content/Mannequin/Animations/ThirdPersonJump_End.uasset" 164
"../../../Engine/Content/MobileResources/HUD/MobileHUDDirectionPad2.uasset" 165
"../../../TPS_LJS/Content/StarterContent/Materials/M_Basic_Wall.uasset" 166
"../../../TPS_LJS/Content/StarterContent/Architecture/Pillar_50x500.uasset" 167
"../../../TPS_LJS/Content/StarterContent/Architecture/Wall_400x300.uasset" 168
"../../../TPS_LJS/Content/StarterContent/Architecture/Wall_400x400.uasset" 169
"../../../TPS_LJS/Content/StarterContent/Architecture/Wall_500x500.uasset" 170
"../../../TPS_LJS/Content/StarterContent/Architecture/Wall_Door_400x400.uasset" 171
"../../../Engine/Content/EditorResources/AudioIcons/S_AudioComponent_AutoActivate.uasset" 172
"../../../Engine/Content/EditorResources/EmptyActor.uasset" 173
"../../../TPS_LJS/Content/StarterContent/Architecture/Wall_Window_400x400.uasset" 174
"../../../TPS_LJS/Content/StarterContent/Audio/Light01_Cue.uasset" 175
"../../../TPS_LJS/Content/StarterContent/Audio/Light02_Cue.uasset" 176
"../../../TPS_LJS/Content/StarterContent/Audio/Explosion_Cue.uasset" 177
"../../../TPS_LJS/Content/StarterContent/Textures/T_Burst_M.uasset" 178
"../../../TPS_LJS/Content/StarterContent/Particles/Materials/M_Burst.uasset" 179
"../../../TPS_LJS/Content/StarterContent/Textures/T_Explosion_SubUV.uasset" 180
"../../../TPS_LJS/Content/StarterContent/Particles/Materials/M_explosion_subUV.uasset" 181
"../../../TPS_LJS/Content/StarterContent/Particles/Materials/m_flare_01.uasset" 182
"../../../TPS_LJS/Content/StarterContent/Particles/Materials/M_radial_ramp.uasset" 183
"../../../TPS_LJS/Content/StarterContent/Textures/T_Smoke_SubUV.uasset" 184
"../../../TPS_LJS/Content/StarterContent/Textures/T_Smoke_Tiled_D.uasset" 185
"../../../TPS_LJS/Content/StarterContent/Particles/Materials/M_smoke_subUV.uasset" 186
"../../../TPS_LJS/Content/StarterContent/Particles/P_Explosion.uasset" 187
"../../../TPS_LJS/Content/StarterContent/Blueprints/Blueprint_Effect_Explosion.uasset" 188
"../../../Engine/Content/EditorMeshes/ColorCalibrator/T_ColorGrid.uasset" 189
"../../../TPS_LJS/Content/StarterContent/Materials/M_ColorGrid_LowSpec.uasset" 190
"../../../TPS_LJS/Content/StarterContent/Textures/T_Bush_D.uasset" 191
"../../../TPS_LJS/Content/StarterContent/Textures/T_Bush_N.uasset" 192
"../../../TPS_LJS/Content/StarterContent/Props/Materials/M_Bush.uasset" 193
"../../../TPS_LJS/Content/StarterContent/Props/SM_Bush.uasset" 194
"../../../TPS_LJS/Content/StarterContent/Textures/T_Chair_M.uasset" 195
"../../../TPS_LJS/Content/StarterContent/Textures/T_Chair_N.uasset" 196
"../../../TPS_LJS/Content/StarterContent/Props/Materials/M_Chair.uasset" 197
"../../../TPS_LJS/Content/StarterContent/Props/SM_Couch.uasset" 198
"../../../TPS_LJS/Content/StarterContent/Materials/M_Glass.uasset" 199
"../../../TPS_LJS/Content/StarterContent/Textures/T_Door_M.uasset" 200
"../../../TPS_LJS/Content/StarterContent/Textures/T_Door_N.uasset" 201
"../../../TPS_LJS/Content/StarterContent/Props/Materials/M_Door.uasset" 202
"../../../TPS_LJS/Content/StarterContent/Props/SM_Door.uasset" 203
"../../../TPS_LJS/Content/StarterContent/Props/Materials/M_MaterialSphere.uasset" 204
"../../../TPS_LJS/Content/StarterContent/Props/Materials/M_MaterialSphere_Plain.uasset" 205
"../../../TPS_LJS/Content/StarterContent/Props/SM_MatPreviewMesh_02.uasset" 206
"../../../Engine/Content/Functions/Engine_MaterialFunctions02/Utility/BlendAngleCorrectedNormals.uasset" 207
"../../../TPS_LJS/Content/StarterContent/Textures/T_Detail_Rocky_N.uasset" 208
"../../../TPS_LJS/Content/StarterContent/Textures/T_Rock_Basalt_D.uasset" 209
"../../../TPS_LJS/Content/StarterContent/Textures/T_RockMesh_M.uasset" 210
"../../../TPS_LJS/Content/StarterContent/Textures/T_RockMesh_N.uasset" 211
"../../../TPS_LJS/Content/StarterContent/Props/Materials/M_Rock.uasset" 212
"../../../TPS_LJS/Content/StarterContent/Props/SM_Rock.uasset" 213
"../../../TPS_LJS/Content/StarterContent/Textures/T_Shelf_M.uasset" 214
"../../../TPS_LJS/Content/StarterContent/Textures/T_Shelf_N.uasset" 215
"../../../TPS_LJS/Content/StarterContent/Props/Materials/M_Shelf.uasset" 216
"../../../TPS_LJS/Content/StarterContent/Props/SM_Shelf.uasset" 217
"../../../TPS_LJS/Content/StarterContent/Materials/M_Basic_Floor.uasset" 218
"../../../TPS_LJS/Content/StarterContent/Props/SM_Stairs.uasset" 219
"../../../TPS_LJS/Content/StarterContent/Shapes/Shape_Cone.uasset" 220
"../../../TPS_LJS/Content/StarterContent/Shapes/Shape_Cylinder.uasset" 221
"../../../TPS_LJS/Content/StarterContent/Shapes/Shape_NarrowCapsule.uasset" 222
"../../../TPS_LJS/Content/StarterContent/Shapes/Shape_Pipe.uasset" 223
"../../../TPS_LJS/Content/StarterContent/Shapes/Shape_Pipe_180.uasset" 224
"../../../TPS_LJS/Content/StarterContent/Shapes/Shape_Pipe_90.uasset" 225
"../../../TPS_LJS/Content/StarterContent/Shapes/Shape_Plane.uasset" 226
"../../../TPS_LJS/Content/StarterContent/Shapes/Shape_Torus.uasset" 227
"../../../TPS_LJS/Content/StarterContent/Shapes/Shape_Trim.uasset" 228
"../../../TPS_LJS/Content/StarterContent/Shapes/Shape_Trim_90_In.uasset" 229
"../../../TPS_LJS/Content/StarterContent/Shapes/Shape_Trim_90_Out.uasset" 230
"../../../TPS_LJS/Content/StarterContent/Shapes/Shape_TriPyramid.uasset" 231
"../../../TPS_LJS/Content/StarterContent/Shapes/Shape_Tube.uasset" 232
"../../../TPS_LJS/Content/StarterContent/Shapes/Shape_Wedge_A.uasset" 233
"../../../TPS_LJS/Content/StarterContent/Shapes/Shape_Wedge_B.uasset" 234
"../../../TPS_LJS/Content/StarterContent/Shapes/Shape_WideCapsule.uasset" 235
"../../../TPS_LJS/Content/InfinityBladeWarriors/Character/CompleteCharacters/SK_Mannequin_Skeleton.uasset" 236
"../../../TPS_LJS/Content/InfinityBladeWarriors/Animations/ThirdPerson_Jump.uasset" 237
"../../../TPS_LJS/Content/InfinityBladeWarriors/Animations/ThirdPersonJump_Loop.uasset" 238
"../../../TPS_LJS/Content/InfinityBladeWarriors/Animations/ThirdPersonJump_Start.uasset" 239
"../../../TPS_LJS/Content/InfinityBladeWarriors/Animations/ThirdPersonIdle.uasset" 240
"../../../TPS_LJS/Content/InfinityBladeWarriors/Animations/ThirdPersonRun.uasset" 241
"../../../TPS_LJS/Content/InfinityBladeWarriors/Animations/ThirdPersonWalk.uasset" 242
"../../../TPS_LJS/Content/InfinityBladeWarriors/Animations/ThirdPerson_IdleRun_2D.uasset" 243
"../../../Engine/Content/EditorBlueprintResources/StandardMacros.uasset" 244
"../../../TPS_LJS/Content/InfinityBladeWarriors/Animations/0_BaseAnimBP.uasset" 245
"../../../TPS_LJS/Content/Mannequin/Animations/ThirdPerson_Jump.uasset" 246
"../../../TPS_LJS/Content/Mannequin/Animations/ThirdPersonJump_Loop.uasset" 247
"../../../TPS_LJS/Content/Mannequin/Animations/ThirdPersonJump_Start.uasset" 248
"../../../TPS_LJS/Content/Mannequin/Animations/ThirdPersonIdle.uasset" 249
"../../../TPS_LJS/Content/Mannequin/Animations/ThirdPersonRun.uasset" 250
"../../../TPS_LJS/Content/Mannequin/Animations/ThirdPersonWalk.uasset" 251
"../../../TPS_LJS/Content/Mannequin/Animations/ThirdPerson_IdleRun_2D.uasset" 252
"../../../TPS_LJS/Content/Mannequin/Animations/ThirdPerson_AnimBP.uasset" 253
"../../../TPS_LJS/Content/InfinityBladeWarriors/Character/CompleteCharacters/Textures_Materials/CharM_Base/T_CharM_Base_D.uasset" 254
"../../../TPS_LJS/Content/InfinityBladeWarriors/Character/CompleteCharacters/Textures_Materials/CharM_Base/T_CharM_Base_M.uasset" 255
"../../../TPS_LJS/Content/InfinityBladeWarriors/Character/CompleteCharacters/Textures_Materials/CharM_Base/T_CharM_Base_N.uasset" 256
"../../../TPS_LJS/Content/InfinityBladeWarriors/Character/CompleteCharacters/Textures_Materials/CharM_Base/M_CharM_Base.uasset" 257
"../../../TPS_LJS/Content/InfinityBladeWarriors/Character/CompleteCharacters/sk_CharM_Base.uasset" 258
"../../../TPS_LJS/Content/SteamMultiplayer/SteamBluprints/Characters/0_Base.uasset" 259
"../../../TPS_LJS/Content/InfinityBladeWarriors/Character/CompleteCharacters/Textures_Materials/CharM_Barbarous/T_CharM_Barbarous_D.uasset" 260
"../../../TPS_LJS/Content/InfinityBladeWarriors/Character/CompleteCharacters/Textures_Materials/CharM_Barbarous/M_Char_Barbrous.uasset" 261
"../../../TPS_LJS/Content/InfinityBladeWarriors/Character/CompleteCharacters/SK_CharM_Barbarous.uasset" 262
"../../../TPS_LJS/Content/SteamMultiplayer/SteamBluprints/Characters/Barbarous.uasset" 263
"../../../TPS_LJS/Content/InfinityBladeWarriors/Character/CompleteCharacters/Textures_Materials/CharM_Forge/CharM_Forge_D.uasset" 264
"../../../TPS_LJS/Content/InfinityBladeWarriors/Character/CompleteCharacters/Textures_Materials/CharM_Forge/CharM_Forge_MetalMask.uasset" 265
"../../../TPS_LJS/Content/InfinityBladeWarriors/Character/CompleteCharacters/Textures_Materials/CharM_Forge/CharM_Forge_N.uasset" 266
"../../../TPS_LJS/Content/InfinityBladeWarriors/Character/CompleteCharacters/Textures_Materials/CharM_Forge/M_Char_Forge.uasset" 267
"../../../TPS_LJS/Content/InfinityBladeWarriors/Character/CompleteCharacters/SK_CharM_Forge.uasset" 268
"../../../TPS_LJS/Content/SteamMultiplayer/SteamBluprints/Characters/Forge.uasset" 269
"../../../TPS_LJS/Content/InfinityBladeWarriors/Character/CompleteCharacters/Textures_Materials/CharM_FrostGiant/T_Char_M_FrostGiant_D.uasset" 270
"../../../TPS_LJS/Content/InfinityBladeWarriors/Character/CompleteCharacters/Textures_Materials/CharM_FrostGiant/T_Char_M_FrostGiant_Masks.uasset" 271
"../../../TPS_LJS/Content/InfinityBladeWarriors/Character/CompleteCharacters/Textures_Materials/CharM_FrostGiant/T_Char_M_FrostGiant_MaterialMask.uasset" 272
"../../../TPS_LJS/Content/InfinityBladeWarriors/Character/CompleteCharacters/Textures_Materials/CharM_FrostGiant/T_Char_M_FrostGiant_N.uasset" 273
"../../../TPS_LJS/Content/InfinityBladeWarriors/Character/CompleteCharacters/Textures_Materials/CharM_FrostGiant/M_Char_FrostGiant.uasset" 274
"../../../TPS_LJS/Content/InfinityBladeWarriors/Character/CompleteCharacters/SK_CharM_FrostGiant.uasset" 275
"../../../TPS_LJS/Content/SteamMultiplayer/SteamBluprints/Characters/Frosty.uasset" 276
"../../../TPS_LJS/Content/InfinityBladeWarriors/Character/CompleteCharacters/Textures_Materials/CharM_Natural/T_CharM_Natural_D.uasset" 277
"../../../TPS_LJS/Content/InfinityBladeWarriors/Character/CompleteCharacters/Textures_Materials/CharM_Natural/T_CharM_Natural_Mask.uasset" 278
"../../../TPS_LJS/Content/InfinityBladeWarriors/Character/CompleteCharacters/Textures_Materials/CharM_Natural/T_CharM_Natural_N.uasset" 279
"../../../TPS_LJS/Content/InfinityBladeWarriors/Character/CompleteCharacters/Textures_Materials/CharM_Natural/M_Char_Natural.uasset" 280
"../../../TPS_LJS/Content/InfinityBladeWarriors/Character/CompleteCharacters/SK_CharM_Natural.uasset" 281
"../../../TPS_LJS/Content/SteamMultiplayer/SteamBluprints/Characters/Natural.uasset" 282
"../../../Engine/Content/BasicShapes/Cone.uasset" 283
"../../../Engine/Content/BasicShapes/Cylinder.uasset" 284
"../../../Engine/Content/BasicShapes/Sphere.uasset" 285
"../../../Engine/Content/EditorMaterials/PreviewShadowIndicator.uasset" 286
"../../../Engine/Content/EditorMaterials/PreviewShadowIndicatorMaterial.uasset" 287
"../../../Engine/Content/EditorResources/BSPVertex.uasset" 288
"../../../Engine/Content/EditorResources/AudioIcons/S_AudioComponent.uasset" 289
"../../../Engine/Content/EngineDebugMaterials/HeatmapGradient.uasset" 290
"../../../Engine/Content/EngineDebugMaterials/BoneWeightMaterial.uasset" 291
"../../../Engine/Content/EngineDebugMaterials/GeomMaterial.uasset" 292
"../../../Engine/Content/EngineMaterials/EditorBrushMaterial.uasset" 293
"../../../Engine/Content/EngineMeshes/Cube.uasset" 294
"../../../Engine/Content/MobileResources/T_MobileControls_texture.uasset" 295
"../../../Engine/Content/MobileResources/T_MobileMenu2.uasset" 296
"../../../Engine/Content/MobileResources/HUD/AnalogHat.uasset" 297
"../../../Engine/Content/MobileResources/HUD/DefaultVirtualJoysticks.uasset" 298
"../../../Engine/Content/MobileResources/HUD/MobileHUDButton1_on.uasset" 299
"../../../Engine/Content/MobileResources/HUD/MobileHUDButton2_off.uasset" 300
"../../../Engine/Content/MobileResources/HUD/MobileHUDButton2_on.uasset" 301
"../../../Engine/Content/MobileResources/HUD/MobileHUDButton3.uasset" 302
"../../../Engine/Content/MobileResources/HUD/MobileHUDButtonFire.uasset" 303
"../../../Engine/Content/MobileResources/HUD/MobileHUDDirectionPad.uasset" 304
"../../../Engine/Content/MobileResources/HUD/MobileHUDDirectionPad3.uasset" 305
"../../../Engine/Content/MobileResources/HUD/T_Castle_ThumbstickInner.uasset" 306
"../../../Engine/Content/Tutorial/Basics/TutorialAssets/icon_tab_Levels_40x.uasset" 307
"../../../Engine/Content/Tutorial/BlueprintTutorials/TutorialAssets/BlueprintInterface_64x.uasset" 308
"../../../Engine/Content/Tutorial/BlueprintTutorials/TutorialAssets/BlueprintMacroLibrary_64x.uasset" 309
"../../../Engine/Content/Tutorial/BlueprintTutorials/TutorialAssets/Blueprint_64x.uasset" 310
"../../../Engine/Content/Tutorial/BlueprintTutorials/TutorialAssets/Tutorial_BP_Interface.uasset" 311
"../../../Engine/Content/Tutorial/Foliage/TutorialAssets/Foliage.uasset" 312
"../../../Engine/Content/Tutorial/Landscape/TutorialAssets/Landscape.uasset" 313
"../../../Engine/Content/Tutorial/Paper2D/TutorialAssets/Paper2DFlipbook_TutorialIcon.uasset" 314
"../../../Engine/Content/Tutorial/Paper2D/TutorialAssets/Paper2DSprite_TutorialIcon.uasset" 315
"../../../Engine/Content/Tutorial/SubEditors/TutorialAssets/icon_Editor_Preferences_General_40x.uasset" 316
"../../../Engine/Content/Tutorial/SubEditors/TutorialAssets/icon_ShowSkeletalMeshes_40x.uasset" 317
"../../../Engine/Content/Tutorial/SubEditors/TutorialAssets/TutorialMaterial.uasset" 318
"../../../Engine/Content/Tutorial/SubEditors/TutorialAssets/T_SmokeSubUV_8X8.uasset" 319
"../../../Engine/Content/Tutorial/SubEditors/TutorialAssets/T_soft_smoke.uasset" 320
"../../../Engine/Content/Tutorial/SubEditors/TutorialAssets/M_smoke_subUV_blackbody.uasset" 321
"../../../Engine/Content/Tutorial/SubEditors/TutorialAssets/TutorialParticleSystem.uasset" 322
"../../../Engine/Content/EngineMaterials/WorldGridMaterial.uasset" 323
"../../../Engine/Content/EditorMeshes/EditorCube.uasset" 324
"../../../Engine/Content/Tutorial/SubEditors/TutorialAssets/Tutorial_DM.uasset" 325
"../../../TPS_LJS/Content/InfinityBladeWarriors/Character/CompleteCharacters/Textures_Materials/CharM_Pit/T_CharM_Pit_D.uasset" 326
"../../../TPS_LJS/Content/InfinityBladeWarriors/Character/CompleteCharacters/Textures_Materials/CharM_Pit/M_Char_Pit.uasset" 327
"../../../TPS_LJS/Content/InfinityBladeWarriors/Character/CompleteCharacters/SK_CharM_Pit.uasset" 328
"../../../TPS_LJS/Content/SteamMultiplayer/SteamBluprints/Characters/Pit.uasset" 329
"../../../TPS_LJS/Content/InfinityBladeWarriors/Character/CompleteCharacters/Textures_Materials/CharM_Robo/T_CharM_Robo_D.uasset" 330
"../../../TPS_LJS/Content/InfinityBladeWarriors/Character/CompleteCharacters/Textures_Materials/CharM_Robo/T_CharM_Robo_Mask.uasset" 331
"../../../TPS_LJS/Content/InfinityBladeWarriors/Character/CompleteCharacters/Textures_Materials/CharM_Robo/T_CharM_Robo_N.uasset" 332
"../../../TPS_LJS/Content/InfinityBladeWarriors/Character/CompleteCharacters/Textures_Materials/CharM_Robo/M_Char_Robo.uasset" 333
"../../../TPS_LJS/Content/InfinityBladeWarriors/Character/CompleteCharacters/SK_CharM_Robo.uasset" 334
"../../../TPS_LJS/Content/SteamMultiplayer/SteamBluprints/Characters/Robo.uasset" 335
"../../../TPS_LJS/Content/InfinityBladeWarriors/Character/CompleteCharacters/Textures_Materials/CharM_Tusk/T_CharM_Tusk_D.uasset" 336
"../../../TPS_LJS/Content/InfinityBladeWarriors/Character/CompleteCharacters/Textures_Materials/CharM_Tusk/T_CharM_Tusk_E.uasset" 337
"../../../TPS_LJS/Content/InfinityBladeWarriors/Character/CompleteCharacters/Textures_Materials/CharM_Tusk/T_CharM_Tusk_Mask.uasset" 338
"../../../TPS_LJS/Content/InfinityBladeWarriors/Character/CompleteCharacters/Textures_Materials/CharM_Tusk/T_CharM_Tusk_N.uasset" 339
"../../../TPS_LJS/Content/InfinityBladeWarriors/Character/CompleteCharacters/Textures_Materials/CharM_Tusk/M_Char_Tusk.uasset" 340
"../../../TPS_LJS/Content/InfinityBladeWarriors/Character/CompleteCharacters/SK_CharM_Tusk.uasset" 341
"../../../TPS_LJS/Content/SteamMultiplayer/SteamBluprints/Characters/Tusk.uasset" 342
"../../../TPS_LJS/Content/InfinityBladeWarriors/Character/CompleteCharacters/Textures_Materials/CharM_Warrior/T_CharM_Warrior_JewelMask.uasset" 343
"../../../TPS_LJS/Content/InfinityBladeWarriors/Character/CompleteCharacters/Textures_Materials/CharM_Warrior/T_CharM_Warrior_N.uasset" 344
"../../../TPS_LJS/Content/InfinityBladeWarriors/Character/CompleteCharacters/Textures_Materials/CharM_Warrior/T_CharM_WarriorB_D.uasset" 345
"../../../TPS_LJS/Content/InfinityBladeWarriors/Character/CompleteCharacters/Textures_Materials/CharM_Warrior/T_CharM_WarriorB_Mask.uasset" 346
"../../../TPS_LJS/Content/InfinityBladeWarriors/Character/CompleteCharacters/Textures_Materials/CharM_Warrior/M_Char_Warrior_B.uasset" 347
"../../../TPS_LJS/Content/InfinityBladeWarriors/Character/CompleteCharacters/SK_CharM_Warrior.uasset" 348
"../../../TPS_LJS/Content/SteamMultiplayer/SteamBluprints/Characters/Warrior.uasset" 349
"../../../TPS_LJS/Content/SteamMultiplayer/SteamTextures/Barbarous.uasset" 350
"../../../TPS_LJS/Content/SteamMultiplayer/SteamTextures/Forge.uasset" 351
"../../../TPS_LJS/Content/SteamMultiplayer/SteamTextures/Frosty.uasset" 352
"../../../TPS_LJS/Content/SteamMultiplayer/SteamTextures/Natural.uasset" 353
"../../../TPS_LJS/Content/SteamMultiplayer/SteamTextures/Pit.uasset" 354
"../../../TPS_LJS/Content/SteamMultiplayer/SteamTextures/Robo.uasset" 355
"../../../TPS_LJS/Content/SteamMultiplayer/SteamTextures/Tusk.uasset" 356
"../../../TPS_LJS/Content/SteamMultiplayer/SteamTextures/Warrior.uasset" 357
"../../../TPS_LJS/Content/SteamMultiplayer/SteamUI/AllLevels/ChatText.uasset" 358
"../../../TPS_LJS/Content/SteamMultiplayer/SteamUI/AllLevels/ChatWindow.uasset" 359
"../../../TPS_LJS/Content/SteamMultiplayer/SteamUI/AllLevels/GameplayChat.uasset" 360
"../../../TPS_LJS/Content/SteamMultiplayer/SteamUI/Lobby/CharacterSelect.uasset" 361
"../../../TPS_LJS/Content/SteamMultiplayer/SteamUI/Lobby/ConnectedPlayer.uasset" 362
"../../../TPS_LJS/Content/SteamMultiplayer/SteamUI/Lobby/GameSettings.uasset" 363
"../../../TPS_LJS/Content/SteamMultiplayer/SteamUI/Lobby/LobbyMenu.uasset" 364
"../../../TPS_LJS/Content/SteamMultiplayer/SteamUI/Lobby/PlayerButton.uasset" 365
"../../../TPS_LJS/Content/SteamMultiplayer/SteamUI/MainMenu/ErrorDialog.uasset" 366
"../../../Engine/Content/Functions/MaterialLayerFunctions/MatLayerBlend_NormalBlend.uasset" 367
"../../../Engine/Content/Functions/MaterialLayerFunctions/MatLayerBlend_Simple.uasset" 368
"../../../TPS_LJS/Content/Mannequin/Character/Materials/MaterialLayers/T_ML_Rubber_Blue_01_D.uasset" 369
"../../../TPS_LJS/Content/Mannequin/Character/Materials/MaterialLayers/T_ML_Rubber_Blue_01_N.uasset" 370
"../../../TPS_LJS/Content/Mannequin/Character/Materials/MaterialLayers/ML_GlossyBlack_Latex_UE4.uasset" 371
"../../../TPS_LJS/Content/Mannequin/Character/Materials/MaterialLayers/ML_Plastic_Shiny_Beige.uasset" 372
"../../../TPS_LJS/Content/Mannequin/Character/Textures/UE4_LOGO_CARD.uasset" 373
"../../../TPS_LJS/Content/Mannequin/Character/Materials/MaterialLayers/ML_Plastic_Shiny_Beige_LOGO.uasset" 374
"../../../TPS_LJS/Content/Mannequin/Character/Materials/MaterialLayers/T_ML_Aluminum01.uasset" 375
"../../../TPS_LJS/Content/Mannequin/Character/Materials/MaterialLayers/T_ML_Aluminum01_N.uasset" 376
"../../../TPS_LJS/Content/Mannequin/Character/Materials/MaterialLayers/ML_SoftMetal_UE4.uasset" 377
"../../../TPS_LJS/Content/Mannequin/Character/Textures/UE4_Mannequin__normals.uasset" 378
"../../../TPS_LJS/Content/Mannequin/Character/Textures/UE4_Mannequin_MAT_MASKA.uasset" 379
"../../../TPS_LJS/Content/Mannequin/Character/Materials/M_UE4Man_Body.uasset" 380
"../../../TPS_LJS/Content/Mannequin/Character/Textures/UE4Man_Logo_N.uasset" 381
"../../../TPS_LJS/Content/Mannequin/Character/Materials/M_UE4Man_ChestLogo.uasset" 382
"../../../TPS_LJS/Content/Mannequin/Character/Mesh/SK_Mannequin_PhysicsAsset.uasset" 383
"../../../TPS_LJS/Content/Mannequin/Character/Mesh/SK_Mannequin.uasset" 384
"../../../TPS_LJS/Content/ThirdPersonBP/Blueprints/ThirdPersonCharacter.uasset" 385
"../../../TPS_LJS/Content/ThirdPersonBP/Blueprints/ThirdPersonGameMode.uasset" 386
"../../../TPS_LJS/Content/StarterContent/Audio/Fire01_Cue.uasset" 387
"../../../TPS_LJS/Content/StarterContent/Textures/T_Fire_SubUV.uasset" 388
"../../../TPS_LJS/Content/StarterContent/Textures/T_Fire_Tiled_D.uasset" 389
"../../../TPS_LJS/Content/StarterContent/Particles/Materials/M_Fire_SubUV.uasset" 390
"../../../TPS_LJS/Content/StarterContent/Textures/T_Water_N.uasset" 391
"../../../TPS_LJS/Content/StarterContent/Particles/Materials/M_Heat_Distortion.uasset" 392
"../../../TPS_LJS/Content/StarterContent/Particles/Materials/M_Radial_Gradient.uasset" 393
"../../../TPS_LJS/Content/StarterContent/Particles/P_Fire.uasset" 394
"../../../TPS_LJS/Content/StarterContent/Blueprints/Blueprint_Effect_Fire.uasset" 395
"../../../TPS_LJS/Content/StarterContent/Audio/Smoke01_Cue.uasset" 396
"../../../TPS_LJS/Content/StarterContent/Particles/P_Smoke.uasset" 397
"../../../TPS_LJS/Content/StarterContent/Blueprints/Blueprint_Effect_Smoke.uasset" 398
"../../../TPS_LJS/Content/StarterContent/Audio/Fire_Sparks01_Cue.uasset" 399
"../../../TPS_LJS/Content/StarterContent/Textures/T_Spark_Core.uasset" 400
"../../../TPS_LJS/Content/StarterContent/Particles/Materials/M_Spark.uasset" 401
"../../../TPS_LJS/Content/StarterContent/Particles/P_Sparks.uasset" 402
"../../../TPS_LJS/Content/StarterContent/Blueprints/Blueprint_Effect_Sparks.uasset" 403
"../../../TPS_LJS/Content/StarterContent/Audio/Steam01_Cue.uasset" 404
"../../../TPS_LJS/Content/StarterContent/Particles/P_Steam_Lit.uasset" 405
"../../../TPS_LJS/Content/StarterContent/Blueprints/Blueprint_Effect_Steam.uasset" 406
"../../../Engine/Content/EngineSky/C_Sky_Cloud_Color.uasset" 407
"../../../Engine/Content/EngineSky/C_Sky_Horizon_Color.uasset" 408
"../../../Engine/Content/EngineSky/C_Sky_Zenith_Color.uasset" 409
"../../../Engine/Content/EngineSky/T_Sky_Blue.uasset" 410
"../../../Engine/Content/EngineSky/T_Sky_Clouds_M.uasset" 411
"../../../Engine/Content/EngineSky/T_Sky_Stars.uasset" 412
"../../../Engine/Content/EngineSky/M_Sky_Panning_Clouds2.uasset" 413
"../../../Engine/Content/EngineSky/SM_SkySphere.uasset" 414
"../../../Engine/Content/EngineSky/BP_Sky_Sphere.uasset" 415
"../../../TPS_LJS/Content/StarterContent/Textures/T_Lamp_M.uasset" 416
"../../../TPS_LJS/Content/StarterContent/Textures/T_Lamp_N.uasset" 417
"../../../TPS_LJS/Content/StarterContent/Props/Materials/M_Lamp.uasset" 418
"../../../TPS_LJS/Content/StarterContent/Props/SM_Lamp_Ceiling.uasset" 419
"../../../TPS_LJS/Content/StarterContent/Blueprints/Blueprint_CeilingLight.uasset" 420
"../../../TPS_LJS/Content/StarterContent/Props/SM_Lamp_Wall.uasset" 421
"../../../TPS_LJS/Content/StarterContent/Blueprints/Blueprint_WallSconce.uasset" 422
"../../../Engine/Content/Functions/Engine_MaterialFunctions03/Procedurals/ComputeFilterWidth.uasset" 423
"../../../Engine/Content/EngineMaterials/AntiAliasedTextMaterialTranslucent.uasset" 424
"../../../TPS_LJS/Content/StarterContent/Textures/T_Brick_Clay_Beveled_D.uasset" 425
"../../../TPS_LJS/Content/StarterContent/Textures/T_Brick_Clay_Beveled_M.uasset" 426
"../../../TPS_LJS/Content/StarterContent/Textures/T_Brick_Clay_Beveled_N.uasset" 427
"../../../TPS_LJS/Content/StarterContent/Textures/T_MacroVariation.uasset" 428
"../../../TPS_LJS/Content/StarterContent/Materials/M_Brick_Clay_Beveled.uasset" 429
"../../../TPS_LJS/Content/StarterContent/Textures/T_Brick_Clay_New_D.uasset" 430
"../../../TPS_LJS/Content/StarterContent/Textures/T_Brick_Clay_New_M.uasset" 431
"../../../TPS_LJS/Content/StarterContent/Textures/T_Brick_Clay_New_N.uasset" 432
"../../../TPS_LJS/Content/StarterContent/Materials/M_Brick_Clay_New.uasset" 433
"../../../TPS_LJS/Content/StarterContent/Textures/T_Brick_Clay_Old_D.uasset" 434
"../../../TPS_LJS/Content/StarterContent/Textures/T_Brick_Clay_Old_N.uasset" 435
"../../../TPS_LJS/Content/StarterContent/Textures/T_Perlin_Noise_M.uasset" 436
"../../../TPS_LJS/Content/StarterContent/Materials/M_Brick_Clay_Old.uasset" 437
"../../../TPS_LJS/Content/StarterContent/Textures/T_Brick_Cut_Stone_D.uasset" 438
"../../../TPS_LJS/Content/StarterContent/Textures/T_Brick_Cut_Stone_N.uasset" 439
"../../../TPS_LJS/Content/StarterContent/Materials/M_Brick_Cut_Stone.uasset" 440
"../../../TPS_LJS/Content/StarterContent/Textures/T_Brick_Hewn_Stone_D.uasset" 441
"../../../TPS_LJS/Content/StarterContent/Textures/T_Brick_Hewn_Stone_M.uasset" 442
"../../../TPS_LJS/Content/StarterContent/Textures/T_Brick_Hewn_Stone_N.uasset" 443
"../../../TPS_LJS/Content/StarterContent/Materials/M_Brick_Hewn_Stone.uasset" 444
"../../../TPS_LJS/Content/StarterContent/Textures/T_Ceramic_Tile_M.uasset" 445
"../../../TPS_LJS/Content/StarterContent/Textures/T_Ceramic_Tile_N.uasset" 446
"../../../TPS_LJS/Content/StarterContent/Textures/T_Rock_Marble_Polished_D.uasset" 447
"../../../TPS_LJS/Content/StarterContent/Materials/M_Ceramic_Tile_Checker.uasset" 448
"../../../TPS_LJS/Content/StarterContent/Textures/T_CobbleStone_Pebble_D.uasset" 449
"../../../TPS_LJS/Content/StarterContent/Textures/T_CobbleStone_Pebble_M.uasset" 450
"../../../TPS_LJS/Content/StarterContent/Textures/T_CobbleStone_Pebble_N.uasset" 451
"../../../TPS_LJS/Content/StarterContent/Materials/M_CobbleStone_Pebble.uasset" 452
"../../../TPS_LJS/Content/StarterContent/Textures/T_CobbleStone_Rough_D.uasset" 453
"../../../TPS_LJS/Content/StarterContent/Textures/T_CobbleStone_Rough_N.uasset" 454
"../../../TPS_LJS/Content/StarterContent/Textures/T_Gradinet_01.uasset" 455
"../../../TPS_LJS/Content/StarterContent/Textures/T_Rock_Smooth_Granite_D.uasset" 456
"../../../TPS_LJS/Content/StarterContent/Materials/M_CobbleStone_Rough.uasset" 457
"../../../TPS_LJS/Content/StarterContent/Textures/T_CobbleStone_Smooth_D.uasset" 458
"../../../TPS_LJS/Content/StarterContent/Textures/T_CobbleStone_Smooth_M.uasset" 459
"../../../TPS_LJS/Content/StarterContent/Textures/T_CobbleStone_Smooth_N.uasset" 460
"../../../TPS_LJS/Content/StarterContent/Materials/M_CobbleStone_Smooth.uasset" 461
"../../../TPS_LJS/Content/StarterContent/Textures/T_Concrete_Grime_D.uasset" 462
"../../../TPS_LJS/Content/StarterContent/Textures/T_Metal_Rust_N.uasset" 463
"../../../TPS_LJS/Content/StarterContent/Materials/M_Concrete_Grime.uasset" 464
"../../../TPS_LJS/Content/StarterContent/Textures/T_Concrete_Panels_D.uasset" 465
"../../../TPS_LJS/Content/StarterContent/Textures/T_Concrete_Panels_N.uasset" 466
"../../../TPS_LJS/Content/StarterContent/Materials/M_Concrete_Panels.uasset" 467
"../../../TPS_LJS/Content/StarterContent/Textures/T_Concrete_Poured_D.uasset" 468
"../../../TPS_LJS/Content/StarterContent/Textures/T_Concrete_Poured_N.uasset" 469
"../../../TPS_LJS/Content/StarterContent/Materials/M_Concrete_Poured.uasset" 470
"../../../TPS_LJS/Content/StarterContent/Textures/T_Concrete_Tiles_D.uasset" 471
"../../../TPS_LJS/Content/StarterContent/Textures/T_Concrete_Tiles_M.uasset" 472
"../../../TPS_LJS/Content/StarterContent/Textures/T_Concrete_Tiles_N.uasset" 473
"../../../TPS_LJS/Content/StarterContent/Textures/T_Concrete_Tiles_Variation_M.uasset" 474
"../../../TPS_LJS/Content/StarterContent/Materials/M_Concrete_Tiles.uasset" 475
"../../../TPS_LJS/Content/StarterContent/Textures/T_Ground_Grass_D.uasset" 476
"../../../TPS_LJS/Content/StarterContent/Textures/T_Ground_Grass_N.uasset" 477
"../../../TPS_LJS/Content/StarterContent/Materials/M_Ground_Grass.uasset" 478
"../../../TPS_LJS/Content/StarterContent/Textures/T_Ground_Gravel_D.uasset" 479
"../../../TPS_LJS/Content/StarterContent/Textures/T_Ground_Gravel_N.uasset" 480
"../../../TPS_LJS/Content/StarterContent/Materials/M_Ground_Gravel.uasset" 481
"../../../TPS_LJS/Content/StarterContent/Textures/T_ground_Moss_D.uasset" 482
"../../../TPS_LJS/Content/StarterContent/Textures/T_Ground_Moss_N.uasset" 483
"../../../TPS_LJS/Content/StarterContent/Materials/M_Ground_Moss.uasset" 484
"../../../TPS_LJS/Content/StarterContent/Materials/M_Metal_Brushed_Nickel.uasset" 485
"../../../TPS_LJS/Content/StarterContent/Textures/T_Metal_Aluminum_D.uasset" 486
"../../../TPS_LJS/Content/StarterContent/Textures/T_Metal_Gold_N.uasset" 487
"../../../TPS_LJS/Content/StarterContent/Materials/M_Metal_Burnished_Steel.uasset" 488
"../../../TPS_LJS/Content/StarterContent/Materials/M_Metal_Chrome.uasset" 489
"../../../TPS_LJS/Content/StarterContent/Textures/T_Metal_Copper_D.uasset" 490
"../../../TPS_LJS/Content/StarterContent/Materials/M_Metal_Copper.uasset" 491
"../../../TPS_LJS/Content/StarterContent/Textures/T_Metal_Gold_D.uasset" 492
"../../../TPS_LJS/Content/StarterContent/Materials/M_Metal_Gold.uasset" 493
"../../../TPS_LJS/Content/StarterContent/Textures/T_Metal_Rust_D.uasset" 494
"../../../TPS_LJS/Content/StarterContent/Materials/M_Metal_Rust.uasset" 495
"../../../TPS_LJS/Content/StarterContent/Textures/T_Metal_Steel_D.uasset" 496
"../../../TPS_LJS/Content/StarterContent/Textures/T_Metal_Steel_N.uasset" 497
"../../../TPS_LJS/Content/StarterContent/Materials/M_Metal_Steel.uasset" 498
"../../../TPS_LJS/Content/StarterContent/Textures/T_Rock_Basalt_N.uasset" 499
"../../../TPS_LJS/Content/StarterContent/Materials/M_Rock_Basalt.uasset" 500
"../../../TPS_LJS/Content/StarterContent/Materials/M_Rock_Marble_Polished.uasset" 501
"../../../TPS_LJS/Content/StarterContent/Textures/T_Rock_Sandstone_D.uasset" 502
"../../../TPS_LJS/Content/StarterContent/Textures/T_Rock_Sandstone_N.uasset" 503
"../../../TPS_LJS/Content/StarterContent/Materials/M_Rock_Sandstone.uasset" 504
"../../../TPS_LJS/Content/StarterContent/Textures/T_Rock_Slate_D.uasset" 505
"../../../TPS_LJS/Content/StarterContent/Textures/T_Rock_Slate_N.uasset" 506
"../../../TPS_LJS/Content/StarterContent/Materials/M_Rock_Slate.uasset" 507
"../../../TPS_LJS/Content/StarterContent/Textures/T_Checker_Noise_M.uasset" 508
"../../../TPS_LJS/Content/StarterContent/Textures/T_Single_Tile_N.uasset" 509
"../../../TPS_LJS/Content/StarterContent/Textures/T_Tech_Dot_M.uasset" 510
"../../../TPS_LJS/Content/StarterContent/Textures/T_Tech_Dot_N.uasset" 511
"../../../TPS_LJS/Content/StarterContent/Materials/M_Tech_Checker_Dot.uasset" 512
"../../../TPS_LJS/Content/StarterContent/Textures/T_Tech_Hex_Tile_M.uasset" 513
"../../../TPS_LJS/Content/StarterContent/Textures/T_Tech_Hex_Tile_N.uasset" 514
"../../../TPS_LJS/Content/StarterContent/Materials/M_Tech_Hex_Tile.uasset" 515
"../../../TPS_LJS/Content/StarterContent/Materials/M_Tech_Hex_Tile_Pulse.uasset" 516
"../../../TPS_LJS/Content/StarterContent/Textures/T_Tech_Panel_M.uasset" 517
"../../../TPS_LJS/Content/StarterContent/Textures/T_Tech_Panel_N.uasset" 518
"../../../TPS_LJS/Content/StarterContent/Materials/M_Tech_Panel.uasset" 519
"../../../TPS_LJS/Content/StarterContent/Materials/M_Water_Lake.uasset" 520
"../../../TPS_LJS/Content/StarterContent/Textures/T_Water_M.uasset" 521
"../../../TPS_LJS/Content/StarterContent/Materials/M_Water_Ocean.uasset" 522
"../../../TPS_LJS/Content/StarterContent/Textures/T_Wood_Floor_Walnut_D.uasset" 523
"../../../TPS_LJS/Content/StarterContent/Textures/T_Wood_Floor_Walnut_M.uasset" 524
"../../../TPS_LJS/Content/StarterContent/Textures/T_Wood_Floor_Walnut_N.uasset" 525
"../../../TPS_LJS/Content/StarterContent/Materials/M_Wood_Floor_Walnut_Polished.uasset" 526
"../../../Engine/Content/Functions/Engine_MaterialFunctions01/Opacity/AlphaOffset.uasset" 527
"../../../TPS_LJS/Content/StarterContent/Materials/M_Wood_Floor_Walnut_Worn.uasset" 528
"../../../TPS_LJS/Content/StarterContent/Textures/T_Wood_Oak_D.uasset" 529
"../../../TPS_LJS/Content/StarterContent/Textures/T_Wood_Oak_N.uasset" 530
"../../../TPS_LJS/Content/StarterContent/Materials/M_Wood_Oak.uasset" 531
"../../../TPS_LJS/Content/StarterContent/Textures/T_Wood_Pine_D.uasset" 532
"../../../TPS_LJS/Content/StarterContent/Textures/T_Wood_Pine_N.uasset" 533
"../../../TPS_LJS/Content/StarterContent/Materials/M_Wood_Pine.uasset" 534
"../../../TPS_LJS/Content/StarterContent/Textures/T_Wood_Walnut_D.uasset" 535
"../../../TPS_LJS/Content/StarterContent/Textures/T_Wood_Walnut_N.uasset" 536
"../../../TPS_LJS/Content/StarterContent/Materials/M_Wood_Walnut.uasset" 537
"../../../TPS_LJS/Content/StarterContent/Architecture/Floor_400x400.uasset" 538
"../../../TPS_LJS/Content/StarterContent/Architecture/Wall_400x200.uasset" 539
"../../../TPS_LJS/Content/StarterContent/Architecture/Wall_Door_400x300.uasset" 540
"../../../TPS_LJS/Content/StarterContent/Architecture/Wall_Window_400x300.uasset" 541
"../../../TPS_LJS/Content/StarterContent/Audio/Collapse_Cue.uasset" 542
"../../../TPS_LJS/Content/StarterContent/Audio/Starter_Background_Cue.uasset" 543
"../../../TPS_LJS/Content/StarterContent/Audio/Starter_Music_Cue.uasset" 544
"../../../TPS_LJS/Content/StarterContent/Textures/T_Dust_Particle_D.uasset" 545
"../../../TPS_LJS/Content/StarterContent/Particles/Materials/M_Dust_Particle.uasset" 546
"../../../TPS_LJS/Content/StarterContent/Particles/P_Ambient_Dust.uasset" 547
"../../../TPS_LJS/Content/StarterContent/Props/MaterialSphere.uasset" 548
"../../../TPS_LJS/Content/StarterContent/Props/SM_Chair.uasset" 549
"../../../TPS_LJS/Content/StarterContent/Textures/T_Frame_M.uasset" 550
"../../../TPS_LJS/Content/StarterContent/Textures/T_Frame_N.uasset" 551
"../../../TPS_LJS/Content/StarterContent/Props/Materials/M_Frame.uasset" 552
"../../../TPS_LJS/Content/StarterContent/Props/SM_CornerFrame.uasset" 553
"../../../TPS_LJS/Content/StarterContent/Props/SM_DoorFrame.uasset" 554
"../../../TPS_LJS/Content/StarterContent/Props/SM_GlassWindow.uasset" 555
"../../../TPS_LJS/Content/StarterContent/Props/SM_PillarFrame.uasset" 556
"../../../TPS_LJS/Content/StarterContent/Props/SM_PillarFrame300.uasset" 557
"../../../TPS_LJS/Content/StarterContent/Textures/T_Statue_M.uasset" 558
"../../../TPS_LJS/Content/StarterContent/Textures/T_Statue_N.uasset" 559
"../../../TPS_LJS/Content/StarterContent/Props/Materials/M_Statue.uasset" 560
"../../../TPS_LJS/Content/StarterContent/Props/Materials/M_StatueGlass.uasset" 561
"../../../TPS_LJS/Content/StarterContent/Props/SM_Statue.uasset" 562
"../../../TPS_LJS/Content/StarterContent/Textures/T_TableRound_M.uasset" 563
"../../../TPS_LJS/Content/StarterContent/Textures/T_TableRound_N.uasset" 564
"../../../TPS_LJS/Content/StarterContent/Props/Materials/M_TableRound.uasset" 565
"../../../TPS_LJS/Content/StarterContent/Props/SM_TableRound.uasset" 566
"../../../TPS_LJS/Content/StarterContent/Props/SM_WindowFrame.uasset" 567
"../../../TPS_LJS/Content/StarterContent/Shapes/Shape_Cube.uasset" 568
"../../../TPS_LJS/Content/StarterContent/Shapes/Shape_QuadPyramid.uasset" 569
"../../../TPS_LJS/Content/StarterContent/Shapes/Shape_Sphere.uasset" 570
"../../../TPS_LJS/Content/StarterContent/Maps/StarterMap.umap" 571
"../../../TPS_LJS/Content/SteamMultiplayer/SteamBluprints/Gameplay/GameplayPC.uasset" 572
"../../../TPS_LJS/Content/SteamMultiplayer/SteamBluprints/Gameplay/GameplayGM.uasset" 573
"../../../TPS_LJS/Content/Geometry/Meshes/CubeMaterial.uasset" 574
"../../../TPS_LJS/Content/Geometry/Meshes/1M_Cube.uasset" 575
"../../../TPS_LJS/Content/Geometry/Meshes/1M_Cube_Chamfer.uasset" 576
"../../../TPS_LJS/Content/Geometry/Meshes/TemplateFloor.uasset" 577
"../../../TPS_LJS/Content/ThirdPerson/Meshes/RampMaterial.uasset" 578
"../../../TPS_LJS/Content/ThirdPerson/Meshes/Bump_StaticMesh.uasset" 579
"../../../TPS_LJS/Content/ThirdPerson/Meshes/LeftArm_StaticMesh.uasset" 580
"../../../TPS_LJS/Content/ThirdPerson/Meshes/Linear_Stair_StaticMesh.uasset" 581
"../../../TPS_LJS/Content/ThirdPerson/Meshes/Ramp_StaticMesh.uasset" 582
"../../../TPS_LJS/Content/ThirdPerson/Meshes/RightArm_StaticMesh.uasset" 583
"../../../TPS_LJS/Content/SteamMultiplayer/SteamMaps/Arena02.umap" 584
"../../../Engine/Content/BasicShapes/BasicShapeMaterial.uasset" 585
"../../../TPS_LJS/Content/InfinityBladeWarriors/Character/CompleteCharacters/Textures_Materials/CharM_Standard/T_CharM_Standard_Elite_D.uasset" 586
"../../../TPS_LJS/Content/InfinityBladeWarriors/Character/CompleteCharacters/Textures_Materials/CharM_Standard/T_CharM_Standard_Mask.uasset" 587
"../../../TPS_LJS/Content/InfinityBladeWarriors/Character/CompleteCharacters/Textures_Materials/CharM_Standard/T_CharM_Standard_N.uasset" 588
"../../../TPS_LJS/Content/InfinityBladeWarriors/Character/CompleteCharacters/Textures_Materials/CharM_Standard/M_Char_Standard_Elite.uasset" 589
"../../../TPS_LJS/Content/InfinityBladeWarriors/Character/CompleteCharacters/Textures_Materials/CharM_Tusk/T_CharM_Horn_D.uasset" 590
"../../../TPS_LJS/Content/InfinityBladeWarriors/Character/CompleteCharacters/Textures_Materials/CharM_Tusk/M_Char_Horn.uasset" 591
"../../../TPS_LJS/Content/InfinityBladeWarriors/Character/CompleteCharacters/Textures_Materials/CharM_Tusk/T_CharM_Talon_D.uasset" 592
"../../../TPS_LJS/Content/InfinityBladeWarriors/Character/CompleteCharacters/Textures_Materials/CharM_Tusk/M_Char_Talon.uasset" 593
"../../../TPS_LJS/Content/InfinityBladeWarriors/Character/CompleteCharacters/Textures_Materials/CharM_Warrior/T_CharM_Warrior_D.uasset" 594
"../../../TPS_LJS/Content/InfinityBladeWarriors/Character/CompleteCharacters/Textures_Materials/CharM_Warrior/M_Char_Warrior.uasset" 595
"../../../Engine/Content/Functions/Engine_MaterialFunctions01/Gradient/RadialGradientExponential.uasset" 596
"../../../TPS_LJS/Content/InfinityBladeWarriors/Maps/LevelContent/Architecture/T_MeterGrid_01_M.uasset" 597
"../../../TPS_LJS/Content/InfinityBladeWarriors/Maps/LevelContent/Architecture/M_CycWall_01.uasset" 598
"../../../Engine/Content/BasicShapes/Cube.uasset" 599
"../../../Engine/Content/MapTemplates/lut/LUT_Daytime.uasset" 600
"../../../TPS_LJS/Content/InfinityBladeWarriors/Character/CompleteCharacters/Textures_Materials/CharM_Bladed/M_CharM_Bladed.uasset" 601
"../../../TPS_LJS/Content/InfinityBladeWarriors/Character/CompleteCharacters/SK_CharM_Bladed.uasset" 602
"../../../TPS_LJS/Content/InfinityBladeWarriors/Character/CompleteCharacters/Textures_Materials/CharM_Cardboard/Char_M_Cardboard_D.uasset" 603
"../../../TPS_LJS/Content/InfinityBladeWarriors/Character/CompleteCharacters/Textures_Materials/CharM_Cardboard/Char_M_Cardboard_N.uasset" 604
"../../../TPS_LJS/Content/InfinityBladeWarriors/Character/CompleteCharacters/Textures_Materials/CharM_Cardboard/Char_M_Cardboard_Skin_Mask.uasset" 605
"../../../TPS_LJS/Content/InfinityBladeWarriors/Character/CompleteCharacters/Textures_Materials/CharM_Cardboard/M_Char_Cardboard.uasset" 606
"../../../TPS_LJS/Content/InfinityBladeWarriors/Character/CompleteCharacters/SK_CharM_Cardboard.uasset" 607
"../../../TPS_LJS/Content/InfinityBladeWarriors/Character/CompleteCharacters/Textures_Materials/CharM_Golden/T_CharM_Golden_D.uasset" 608
"../../../TPS_LJS/Content/InfinityBladeWarriors/Character/CompleteCharacters/Textures_Materials/CharM_Golden/T_CharM_Golden_Mask.uasset" 609
"../../../TPS_LJS/Content/InfinityBladeWarriors/Character/CompleteCharacters/Textures_Materials/CharM_Golden/T_CharM_Golden_N.uasset" 610
"../../../TPS_LJS/Content/InfinityBladeWarriors/Character/CompleteCharacters/Textures_Materials/CharM_Golden/M_Char_Golden.uasset" 611
"../../../TPS_LJS/Content/InfinityBladeWarriors/Character/CompleteCharacters/SK_CharM_Golden.uasset" 612
"../../../TPS_LJS/Content/InfinityBladeWarriors/Character/CompleteCharacters/Textures_Materials/CharM_Ragged/T_CharM_Ragged_D.uasset" 613
"../../../TPS_LJS/Content/InfinityBladeWarriors/Character/CompleteCharacters/Textures_Materials/CharM_Ragged/T_CharM_Ragged_Elite_Mask.uasset" 614
"../../../TPS_LJS/Content/InfinityBladeWarriors/Character/CompleteCharacters/Textures_Materials/CharM_Ragged/T_CharM_Ragged_N.uasset" 615
"../../../TPS_LJS/Content/InfinityBladeWarriors/Character/CompleteCharacters/Textures_Materials/CharM_Ragged/M_Char_Ragged.uasset" 616
"../../../TPS_LJS/Content/InfinityBladeWarriors/Character/CompleteCharacters/SK_CharM_Ragged0.uasset" 617
"../../../TPS_LJS/Content/InfinityBladeWarriors/Character/CompleteCharacters/Textures_Materials/CharM_Ragged/T_CharM_Ragged_Elite.uasset" 618
"../../../TPS_LJS/Content/InfinityBladeWarriors/Character/CompleteCharacters/Textures_Materials/CharM_Ragged/M_Char_RaggedElite.uasset" 619
"../../../TPS_LJS/Content/InfinityBladeWarriors/Character/CompleteCharacters/SK_CharM_RaggedElite.uasset" 620
"../../../Engine/Content/Functions/Engine_MaterialFunctions02/ExampleContent/Textures/LowResBlurredNoise.uasset" 621
"../../../TPS_LJS/Content/InfinityBladeWarriors/Character/CompleteCharacters/Textures_Materials/CharM_Ram/T_CharM_Ram_B_D.uasset" 622
"../../../TPS_LJS/Content/InfinityBladeWarriors/Character/CompleteCharacters/Textures_Materials/CharM_Ram/T_CharM_Ram_B_Mask.uasset" 623
"../../../TPS_LJS/Content/InfinityBladeWarriors/Character/CompleteCharacters/Textures_Materials/CharM_Ram/T_CharM_Ram_N.uasset" 624
"../../../TPS_LJS/Content/InfinityBladeWarriors/Character/CompleteCharacters/Textures_Materials/CharM_Ram/M_Char_Ram.uasset" 625
"../../../TPS_LJS/Content/InfinityBladeWarriors/Character/CompleteCharacters/SK_CharM_Ram.uasset" 626
"../../../TPS_LJS/Content/InfinityBladeWarriors/Character/CompleteCharacters/Textures_Materials/CharM_Shell/T_CharM_Shell_D.uasset" 627
"../../../TPS_LJS/Content/InfinityBladeWarriors/Character/CompleteCharacters/Textures_Materials/CharM_Shell/T_CharM_Shell_Mask.uasset" 628
"../../../TPS_LJS/Content/InfinityBladeWarriors/Character/CompleteCharacters/Textures_Materials/CharM_Shell/T_CharM_Shell_N.uasset" 629
"../../../TPS_LJS/Content/InfinityBladeWarriors/Character/CompleteCharacters/Textures_Materials/CharM_Shell/M_Char_Shell.uasset" 630
"../../../TPS_LJS/Content/InfinityBladeWarriors/Character/CompleteCharacters/SK_CharM_Shell.uasset" 631
"../../../TPS_LJS/Content/InfinityBladeWarriors/Character/CompleteCharacters/Textures_Materials/CharM_solid/T_CharM_solid_D.uasset" 632
"../../../TPS_LJS/Content/InfinityBladeWarriors/Character/CompleteCharacters/Textures_Materials/CharM_solid/T_CharM_solid_Mask.uasset" 633
"../../../TPS_LJS/Content/InfinityBladeWarriors/Character/CompleteCharacters/Textures_Materials/CharM_solid/T_CharM_solid_N.uasset" 634
"../../../TPS_LJS/Content/InfinityBladeWarriors/Character/CompleteCharacters/Textures_Materials/CharM_solid/M_Char_Solid.uasset" 635
"../../../TPS_LJS/Content/InfinityBladeWarriors/Character/CompleteCharacters/SK_CharM_solid.uasset" 636
"../../../TPS_LJS/Content/InfinityBladeWarriors/Character/CompleteCharacters/Textures_Materials/CharM_Standard/T_CharM_Standard_D.uasset" 637
"../../../TPS_LJS/Content/InfinityBladeWarriors/Character/CompleteCharacters/Textures_Materials/CharM_Standard/M_Char_Standard.uasset" 638
"../../../TPS_LJS/Content/InfinityBladeWarriors/Character/CompleteCharacters/SK_CharM_Standard.uasset" 639
"../../../TPS_LJS/Content/InfinityBladeWarriors/Maps/LevelContent/Architecture/M_1Meter_01.uasset" 640
"../../../TPS_LJS/Content/InfinityBladeWarriors/Maps/LevelContent/Architecture/SM_1Meter_01.uasset" 641
"../../../TPS_LJS/Content/InfinityBladeWarriors/Maps/LevelContent/Architecture/M_CycRoom_01.uasset" 642
"../../../TPS_LJS/Content/InfinityBladeWarriors/Maps/LevelContent/Architecture/SM_CycRoom_01.uasset" 643
"../../../TPS_LJS/Content/InfinityBladeWarriors/Maps/LevelContent/HDRI/HDRI_Epic_Courtyard_Daylight.uasset" 644
"../../../TPS_LJS/Content/InfinityBladeWarriors/Maps/Overview.umap" 645
"../../../TPS_LJS/Content/StarterContent/Maps/Minimal_Default.umap" 646
"../../../TPS_LJS/Content/StarterContent/Blueprints/Assets/FogBrightnessLUT.uasset" 647
"../../../TPS_LJS/Content/StarterContent/Blueprints/Assets/SunlightColorLUT.uasset" 648
"../../../TPS_LJS/Content/StarterContent/Blueprints/Assets/M_LightStage_Arrows.uasset" 649
"../../../Engine/Content/MapTemplates/Sky/DaylightAmbientCubemap.uasset" 650
"../../../TPS_LJS/Content/StarterContent/Blueprints/Assets/M_LightStage_Skybox_Master.uasset" 651
"../../../TPS_LJS/Content/StarterContent/Blueprints/Assets/M_LightStage_Skybox_Black.uasset" 652
"../../../TPS_LJS/Content/StarterContent/Blueprints/Assets/M_LightStage_Skybox_HDRI.uasset" 653
"../../../Engine/Content/EditorMaterials/Thumbnails/SkySphereMaterial.uasset" 654
"../../../TPS_LJS/Content/StarterContent/Blueprints/Assets/Skybox.uasset" 655
"../../../TPS_LJS/Content/StarterContent/Blueprints/Assets/SM_Arrows.uasset" 656
"../../../TPS_LJS/Content/StarterContent/HDRI/HDRI_Epic_Courtyard_Daylight.uasset" 657
"../../../TPS_LJS/Content/StarterContent/Blueprints/BP_LightStudio.uasset" 658
"../../../TPS_LJS/Content/StarterContent/Materials/M_AssetPlatform.uasset" 659
"../../../Engine/Content/EditorMeshes/ColorCalibrator/M_ChromeBall.uasset" 660
"../../../Engine/Content/EditorMeshes/ColorCalibrator/M_ClearCoat.uasset" 661
"../../../Engine/Content/EditorMeshes/ColorCalibrator/M_ClearCoatBlack.uasset" 662
"../../../Engine/Content/EditorMeshes/ColorCalibrator/M_ColorGrid.uasset" 663
"../../../Engine/Content/EditorMeshes/ColorCalibrator/M_GreyBall.uasset" 664
"../../../Engine/Content/EditorMeshes/ColorCalibrator/SM_ColorCalibrator.uasset" 665
"../../../TPS_LJS/Content/StarterContent/Architecture/SM_AssetPlatform.uasset" 666
"../../../TPS_LJS/Content/StarterContent/Maps/Advanced_Lighting.umap" 667
"../../../TPS_LJS/Content/ThirdPersonBP/Blueprints/LJS_CHAR_CAMTEST.uasset" 668
"../../../TPS_LJS/Content/ThirdPersonBP/Maps/LJS_MAP_CAMTESTMAP.umap" 669
"../../../TPS_LJS/Content/SteamMultiplayer/SteamMaps/Arena01.umap" 670
"../../../TPS_LJS/Content/SteamMultiplayer/SteamBluprints/Lobby/LobbyPC.uasset" 671
"../../../TPS_LJS/Content/SteamMultiplayer/SteamBluprints/Lobby/LobbyGM.uasset" 672
"../../../Engine/Content/MapTemplates/SM_Template_Map_Floor.uasset" 673
"../../../TPS_LJS/Content/SteamMultiplayer/SteamMaps/Lobby.umap" 674
"../../../TPS_LJS/Content/SteamMultiplayer/SteamBluprints/AllLevels/PlayerInfo.uasset" 675
"../../../TPS_LJS/Content/SteamMultiplayer/SteamBluprints/AllLevels/PlayerSaveGame.uasset" 676
"../../../TPS_LJS/Content/SteamMultiplayer/SteamTextures/Arena01.uasset" 677
"../../../TPS_LJS/Content/SteamMultiplayer/SteamTextures/Arena02.uasset" 678
"../../../TPS_LJS/Content/SteamMultiplayer/SteamUI/MainMenu/OptionsMenu.uasset" 679
"../../../TPS_LJS/Content/SteamMultiplayer/SteamUI/AllLevels/LoadingScreen.uasset" 680
"../../../TPS_LJS/Content/SteamMultiplayer/SteamUI/MainMenu/HostMenu.uasset" 681
"../../../TPS_LJS/Content/SteamMultiplayer/SteamUI/MainMenu/MainMenu.uasset" 682
"../../../TPS_LJS/Content/SteamMultiplayer/SteamUI/MainMenu/ServerMenu.uasset" 683
"../../../TPS_LJS/Content/SteamMultiplayer/SteamBluprints/AllLevels/GameInfoInstance.uasset" 684
"../../../TPS_LJS/Content/SteamMultiplayer/SteamMaps/MainMenu.umap" 685
"../../../TPS_LJS/Content/SteamMultiplayer/SteamMaps/TravelMap.umap" 686
"../../../TPS_LJS/Content/ThirdPersonBP/Maps/ThirdPersonExampleMap.umap" 687
