Log file open, 11/11/16 09:58:07
LogInit:Display: Running engine for game: TPS_LJS
LogPlatformFile: Not using cached read wrapper
LogInit:Display: RandInit(-561858954) SRandInit(-561858954).
LogTaskGraph: Started task graph with 5 named threads and 8 total threads with 1 sets of task threads.
LogStats: Stats thread started at 0.090396
LogPluginManager: Loaded Plugin Paper2D, From C:/Program Files/Epic Games/4.13/Engine/Plugins/2D/Paper2D/Paper2D.uplugin
LogPluginManager: Loaded Plugin LightPropagationVolume, From C:/Program Files/Epic Games/4.13/Engine/Plugins/Blendables/LightPropagationVolume/LightPropagationVolume.uplugin
LogPluginManager: Loaded Plugin BlankPlugin, From C:/Program Files/Epic Games/4.13/Engine/Plugins/Developer/BlankPlugin/BlankPlugin.uplugin
LogPluginManager: Loaded Plugin CodeLiteSourceCodeAccess, From C:/Program Files/Epic Games/4.13/Engine/Plugins/Developer/CodeLiteSourceCodeAccess/CodeLiteSourceCodeAccess.uplugin
LogPluginManager: Loaded Plugin GitSourceControl, From C:/Program Files/Epic Games/4.13/Engine/Plugins/Developer/GitSourceControl/GitSourceControl.uplugin
LogPluginManager: Loaded Plugin KDevelopSourceCodeAccess, From C:/Program Files/Epic Games/4.13/Engine/Plugins/Developer/KDevelopSourceCodeAccess/KDevelopSourceCodeAccess.uplugin
LogPluginManager: Loaded Plugin NullSourceCodeAccess, From C:/Program Files/Epic Games/4.13/Engine/Plugins/Developer/NullSourceCodeAccess/NullSourceCodeAccess.uplugin
LogPluginManager: Loaded Plugin OneSkyLocalizationService, From C:/Program Files/Epic Games/4.13/Engine/Plugins/Developer/OneSkyLocalizationService/OneSkyLocalizationService.uplugin
LogPluginManager: Loaded Plugin PerforceSourceControl, From C:/Program Files/Epic Games/4.13/Engine/Plugins/Developer/PerforceSourceControl/PerforceSourceControl.uplugin
LogPluginManager: Loaded Plugin SubversionSourceControl, From C:/Program Files/Epic Games/4.13/Engine/Plugins/Developer/SubversionSourceControl/SubversionSourceControl.uplugin
LogPluginManager: Loaded Plugin UObjectPlugin, From C:/Program Files/Epic Games/4.13/Engine/Plugins/Developer/UObjectPlugin/UObjectPlugin.uplugin
LogPluginManager: Loaded Plugin VisualStudioSourceCodeAccess, From C:/Program Files/Epic Games/4.13/Engine/Plugins/Developer/VisualStudioSourceCodeAccess/VisualStudioSourceCodeAccess.uplugin
LogPluginManager: Loaded Plugin XCodeSourceCodeAccess, From C:/Program Files/Epic Games/4.13/Engine/Plugins/Developer/XCodeSourceCodeAccess/XCodeSourceCodeAccess.uplugin
LogPluginManager: Loaded Plugin EpicSurvey, From C:/Program Files/Epic Games/4.13/Engine/Plugins/Editor/EpicSurvey/EpicSurvey.uplugin
LogPluginManager: Loaded Plugin MacGraphicsSwitching, From C:/Program Files/Epic Games/4.13/Engine/Plugins/Editor/MacGraphicsSwitching/MacGraphicsSwitching.uplugin
LogPluginManager: Loaded Plugin MobileLauncherProfileWizard, From C:/Program Files/Epic Games/4.13/Engine/Plugins/Editor/MobileLauncherProfileWizard/MobileLauncherProfileWizard.uplugin
LogPluginManager: Loaded Plugin PluginBrowser, From C:/Program Files/Epic Games/4.13/Engine/Plugins/Editor/PluginBrowser/PluginBrowser.uplugin
LogPluginManager: Loaded Plugin SpeedTreeImporter, From C:/Program Files/Epic Games/4.13/Engine/Plugins/Editor/SpeedTreeImporter/SpeedTreeImporter.uplugin
LogPluginManager: Loaded Plugin SuperSearchEditor, From C:/Program Files/Epic Games/4.13/Engine/Plugins/Editor/SuperSearchEditor/SuperSearchEditor.uplugin
LogPluginManager: Loaded Plugin AlembicImporter, From C:/Program Files/Epic Games/4.13/Engine/Plugins/Experimental/AlembicImporter/AlembicImporter.uplugin
LogPluginManager: Loaded Plugin BlueprintStats, From C:/Program Files/Epic Games/4.13/Engine/Plugins/Experimental/BlueprintStats/BlueprintStats.uplugin
LogPluginManager: Loaded Plugin CharacterAI, From C:/Program Files/Epic Games/4.13/Engine/Plugins/Experimental/CharacterAI/CharacterAI.uplugin
LogPluginManager: Loaded Plugin CodeEditor, From C:/Program Files/Epic Games/4.13/Engine/Plugins/Experimental/CodeEditor/CodeEditor.uplugin
LogPluginManager: Loaded Plugin CodeView, From C:/Program Files/Epic Games/4.13/Engine/Plugins/Experimental/CodeView/CodeView.uplugin
LogPluginManager: Loaded Plugin HTML5Networking, From C:/Program Files/Epic Games/4.13/Engine/Plugins/Experimental/HTML5Networking/HTML5Networking.uplugin
LogPluginManager: Loaded Plugin LiveEditor, From C:/Program Files/Epic Games/4.13/Engine/Plugins/Experimental/LiveEditor/LiveEditor.uplugin
LogPluginManager: Loaded Plugin OSVR, From C:/Program Files/Epic Games/4.13/Engine/Plugins/Experimental/OSVR/OSVR.uplugin
LogPluginManager: Loaded Plugin Phya, From C:/Program Files/Epic Games/4.13/Engine/Plugins/Experimental/Phya/Phya.uplugin
LogPluginManager: Loaded Plugin SignificanceManager, From C:/Program Files/Epic Games/4.13/Engine/Plugins/Experimental/SignificanceManager/SignificanceManager.uplugin
LogPluginManager: Loaded Plugin SimpleHMD, From C:/Program Files/Epic Games/4.13/Engine/Plugins/Experimental/SimpleHMD/SimpleHMD.uplugin
LogPluginManager: Loaded Plugin StereoPanorama, From C:/Program Files/Epic Games/4.13/Engine/Plugins/Experimental/StereoPanorama/StereoPanorama.uplugin
LogPluginManager: Loaded Plugin StructBox, From C:/Program Files/Epic Games/4.13/Engine/Plugins/Experimental/StructBox/StructBox.uplugin
LogPluginManager: Loaded Plugin AndroidMedia, From C:/Program Files/Epic Games/4.13/Engine/Plugins/Media/AndroidMedia/AndroidMedia.uplugin
LogPluginManager: Loaded Plugin AvfMedia, From C:/Program Files/Epic Games/4.13/Engine/Plugins/Media/AvfMedia/AvfMedia.uplugin
LogPluginManager: Loaded Plugin MediaPlayerEditor, From C:/Program Files/Epic Games/4.13/Engine/Plugins/Media/MediaPlayerEditor/MediaPlayerEditor.uplugin
LogPluginManager: Loaded Plugin WmfMedia, From C:/Program Files/Epic Games/4.13/Engine/Plugins/Media/WmfMedia/WmfMedia.uplugin
LogPluginManager: Loaded Plugin MessagingDebugger, From C:/Program Files/Epic Games/4.13/Engine/Plugins/Messaging/MessagingDebugger/MessagingDebugger.uplugin
LogPluginManager: Loaded Plugin TcpMessaging, From C:/Program Files/Epic Games/4.13/Engine/Plugins/Messaging/TcpMessaging/TcpMessaging.uplugin
LogPluginManager: Loaded Plugin UdpMessaging, From C:/Program Files/Epic Games/4.13/Engine/Plugins/Messaging/UdpMessaging/UdpMessaging.uplugin
LogPluginManager: Loaded Plugin LevelSequenceEditor, From C:/Program Files/Epic Games/4.13/Engine/Plugins/MovieScene/LevelSequenceEditor/LevelSequenceEditor.uplugin
LogPluginManager: Loaded Plugin MatineeToLevelSequence, From C:/Program Files/Epic Games/4.13/Engine/Plugins/MovieScene/MatineeToLevelSequence/MatineeToLevelSequence.uplugin
LogPluginManager: Loaded Plugin NetcodeUnitTest, From C:/Program Files/Epic Games/4.13/Engine/Plugins/NetcodeUnitTest/NetcodeUnitTest/NetcodeUnitTest.uplugin
LogPluginManager: Loaded Plugin NUTUnrealEngine4, From C:/Program Files/Epic Games/4.13/Engine/Plugins/NetcodeUnitTest/NUTUnrealEngine4/NUTUnrealEngine4.uplugin
LogPluginManager: Loaded Plugin OnlineSubsystemGooglePlay, From C:/Program Files/Epic Games/4.13/Engine/Plugins/Online/Android/OnlineSubsystemGooglePlay/OnlineSubsystemGooglePlay.uplugin
LogPluginManager: Loaded Plugin OnlineSubsystemIOS, From C:/Program Files/Epic Games/4.13/Engine/Plugins/Online/IOS/OnlineSubsystemIOS/OnlineSubsystemIOS.uplugin
LogPluginManager: Loaded Plugin OnlineFramework, From C:/Program Files/Epic Games/4.13/Engine/Plugins/Online/OnlineFramework/OnlineFramework.uplugin
LogPluginManager: Loaded Plugin OnlineSubsystem, From C:/Program Files/Epic Games/4.13/Engine/Plugins/Online/OnlineSubsystem/OnlineSubsystem.uplugin
LogPluginManager: Loaded Plugin OnlineSubsystemAmazon, From C:/Program Files/Epic Games/4.13/Engine/Plugins/Online/OnlineSubsystemAmazon/OnlineSubsystemAmazon.uplugin
LogPluginManager: Loaded Plugin OnlineSubsystemFacebook, From C:/Program Files/Epic Games/4.13/Engine/Plugins/Online/OnlineSubsystemFacebook/OnlineSubsystemFacebook.uplugin
LogPluginManager: Loaded Plugin OnlineSubsystemNull, From C:/Program Files/Epic Games/4.13/Engine/Plugins/Online/OnlineSubsystemNull/OnlineSubsystemNull.uplugin
LogPluginManager: Loaded Plugin OnlineSubsystemOculus, From C:/Program Files/Epic Games/4.13/Engine/Plugins/Online/OnlineSubsystemOculus/OnlineSubsystemOculus.uplugin
LogPluginManager: Loaded Plugin OnlineSubsystemSteam, From C:/Program Files/Epic Games/4.13/Engine/Plugins/Online/OnlineSubsystemSteam/OnlineSubsystemSteam.uplugin
LogPluginManager: Loaded Plugin OnlineSubsystemUtils, From C:/Program Files/Epic Games/4.13/Engine/Plugins/Online/OnlineSubsystemUtils/OnlineSubsystemUtils.uplugin
LogPluginManager: Loaded Plugin IOSTapJoy, From C:/Program Files/Epic Games/4.13/Engine/Plugins/Runtime/Advertising/IOSTapJoy/IOSTapJoy.uplugin
LogPluginManager: Loaded Plugin AnalyticsBlueprintLibrary, From C:/Program Files/Epic Games/4.13/Engine/Plugins/Runtime/Analytics/AnalyticsBlueprintLibrary/AnalyticsBlueprintLibrary.uplugin
LogPluginManager: Loaded Plugin AnalyticsMulticast, From C:/Program Files/Epic Games/4.13/Engine/Plugins/Runtime/Analytics/AnalyticsMulticast/AnalyticsMulticast.uplugin
LogPluginManager: Loaded Plugin Apsalar, From C:/Program Files/Epic Games/4.13/Engine/Plugins/Runtime/Analytics/Apsalar/Apsalar.uplugin
LogPluginManager: Loaded Plugin FileLogging, From C:/Program Files/Epic Games/4.13/Engine/Plugins/Runtime/Analytics/FileLogging/FileLogging.uplugin
LogPluginManager: Loaded Plugin Flurry, From C:/Program Files/Epic Games/4.13/Engine/Plugins/Runtime/Analytics/Flurry/Flurry.uplugin
LogPluginManager: Loaded Plugin AndroidDeviceProfileSelector, From C:/Program Files/Epic Games/4.13/Engine/Plugins/Runtime/AndroidDeviceProfileSelector/AndroidDeviceProfileSelector.uplugin
LogPluginManager: Loaded Plugin AndroidMoviePlayer, From C:/Program Files/Epic Games/4.13/Engine/Plugins/Runtime/AndroidMoviePlayer/AndroidMoviePlayer.uplugin
LogPluginManager: Loaded Plugin AppleMoviePlayer, From C:/Program Files/Epic Games/4.13/Engine/Plugins/Runtime/AppleMoviePlayer/AppleMoviePlayer.uplugin
LogPluginManager: Loaded Plugin ArchVisCharacter, From C:/Program Files/Epic Games/4.13/Engine/Plugins/Runtime/ArchVisCharacter/ArchVisCharacter.uplugin
LogPluginManager: Loaded Plugin CableComponent, From C:/Program Files/Epic Games/4.13/Engine/Plugins/Runtime/CableComponent/CableComponent.uplugin
LogPluginManager: Loaded Plugin CustomMeshComponent, From C:/Program Files/Epic Games/4.13/Engine/Plugins/Runtime/CustomMeshComponent/CustomMeshComponent.uplugin
LogPluginManager: Loaded Plugin ExampleDeviceProfileSelector, From C:/Program Files/Epic Games/4.13/Engine/Plugins/Runtime/ExampleDeviceProfileSelector/ExampleDeviceProfileSelector.uplugin
LogPluginManager: Loaded Plugin GearVR, From C:/Program Files/Epic Games/4.13/Engine/Plugins/Runtime/GearVR/GearVR.uplugin
LogPluginManager: Loaded Plugin GoogleVRController, From C:/Program Files/Epic Games/4.13/Engine/Plugins/Runtime/GoogleVR/GoogleVRController/GoogleVRController.uplugin
LogPluginManager: Loaded Plugin GoogleVRHMD, From C:/Program Files/Epic Games/4.13/Engine/Plugins/Runtime/GoogleVR/GoogleVRHMD/GoogleVRHMD.uplugin
LogPluginManager: Loaded Plugin IOSDeviceProfileSelector, From C:/Program Files/Epic Games/4.13/Engine/Plugins/Runtime/IOSDeviceProfileSelector/IOSDeviceProfileSelector.uplugin
LogPluginManager: Loaded Plugin LeapMotion, From C:/Program Files/Epic Games/4.13/Engine/Plugins/Runtime/LeapMotion/LeapMotion.uplugin
LogPluginManager: Loaded Plugin LinuxDeviceProfileSelector, From C:/Program Files/Epic Games/4.13/Engine/Plugins/Runtime/LinuxDeviceProfileSelector/LinuxDeviceProfileSelector.uplugin
LogPluginManager: Loaded Plugin LiveEditorListenServer, From C:/Program Files/Epic Games/4.13/Engine/Plugins/Runtime/LiveEditorListenServer/LiveEditorListenServer.uplugin
LogPluginManager: Loaded Plugin OculusAudio, From C:/Program Files/Epic Games/4.13/Engine/Plugins/Runtime/OculusAudio/OculusAudio.uplugin
LogPluginManager: Loaded Plugin OculusInput, From C:/Program Files/Epic Games/4.13/Engine/Plugins/Runtime/OculusInput/OculusInput.uplugin
LogPluginManager: Loaded Plugin OculusLibrary, From C:/Program Files/Epic Games/4.13/Engine/Plugins/Runtime/OculusLibrary/OculusLibrary.uplugin
LogPluginManager: Loaded Plugin OculusRift, From C:/Program Files/Epic Games/4.13/Engine/Plugins/Runtime/OculusRift/OculusRift.uplugin
LogPluginManager: Loaded Plugin Oodle, From C:/Program Files/Epic Games/4.13/Engine/Plugins/Runtime/PacketHandlers/CompressionComponents/Oodle/Oodle.uplugin
LogPluginManager: Loaded Plugin ProceduralMeshComponent, From C:/Program Files/Epic Games/4.13/Engine/Plugins/Runtime/ProceduralMeshComponent/ProceduralMeshComponent.uplugin
LogPluginManager: Loaded Plugin SoundMod, From C:/Program Files/Epic Games/4.13/Engine/Plugins/Runtime/SoundMod/SoundMod.uplugin
LogPluginManager: Loaded Plugin SoundVisualizations, From C:/Program Files/Epic Games/4.13/Engine/Plugins/Runtime/SoundVisualizations/SoundVisualizations.uplugin
LogPluginManager: Loaded Plugin SteamController, From C:/Program Files/Epic Games/4.13/Engine/Plugins/Runtime/Steam/SteamController/SteamController.uplugin
LogPluginManager: Loaded Plugin SteamVR, From C:/Program Files/Epic Games/4.13/Engine/Plugins/Runtime/Steam/SteamVR/SteamVR.uplugin
LogPluginManager: Loaded Plugin WebBrowserWidget, From C:/Program Files/Epic Games/4.13/Engine/Plugins/Runtime/WebBrowserWidget/WebBrowserWidget.uplugin
LogPluginManager: Loaded Plugin WindowsDeviceProfileSelector, From C:/Program Files/Epic Games/4.13/Engine/Plugins/Runtime/WindowsDeviceProfileSelector/WindowsDeviceProfileSelector.uplugin
LogPluginManager: Loaded Plugin WindowsMoviePlayer, From C:/Program Files/Epic Games/4.13/Engine/Plugins/Runtime/WindowsMoviePlayer/WindowsMoviePlayer.uplugin
LogPluginManager: Loaded Plugin ScriptPlugin, From C:/Program Files/Epic Games/4.13/Engine/Plugins/ScriptPlugin/ScriptPlugin.uplugin
LogPluginManager: Loaded Plugin SlateRemote, From C:/Program Files/Epic Games/4.13/Engine/Plugins/Slate/SlateRemote/SlateRemote.uplugin
LogInit: Using libcurl 7.47.1
LogInit:  - built for x86_64-pc-win32
LogInit:  - supports SSL with WinSSL
LogInit:  - other features:
LogInit:      CURL_VERSION_SSL
LogInit:      CURL_VERSION_IPV6
LogInit:      CURL_VERSION_ASYNCHDNS
LogInit:      CURL_VERSION_LARGEFILE
LogInit:      CURL_VERSION_IDN
LogInit:  CurlRequestOptions (configurable via config and command line):
LogInit:  - bVerifyPeer = false  - Libcurl will NOT verify peer certificate
LogInit:  - bUseHttpProxy = false  - Libcurl will NOT use HTTP proxy
LogInit:  - bDontReuseConnections = false  - Libcurl will reuse connections
LogInit:  - CertBundlePath = nullptr  - Libcurl will use whatever was configured at build time.
LogOnline:Display: STEAM: Loading Steam SDK 1.32
LogInit: WinSock: version 1.1 (2.2), MaxSocks=32767, MaxUdp=65467
LogInit: Build: ++UE4+Release-4.13-CL-3172292
LogInit: Engine Version: 4.13.2-3172292+++UE4+Release-4.13
LogInit: Compatible Engine Version: 4.13.0-3106830+++UE4+Release-4.13
LogInit: Net CL: 3172292
LogDevObjectVersion: Number of dev versions registered: 13
LogDevObjectVersion:   Dev-Blueprints (B0D832E4-1F89-4F0D-ACCF-7EB736FD4AA2): 5
LogDevObjectVersion:   Dev-Build (E1C64328-A22C-4D53-A36C-8E866417BD8C): 0
LogDevObjectVersion:   Dev-Core (375EC13C-06E4-48FB-B500-84F0262A717E): 1
LogDevObjectVersion:   Dev-Editor (E4B068ED-F494-42E9-A231-DA0B2E46BB41): 6
LogDevObjectVersion:   Dev-Framework (CFFC743F-43B0-4480-9391-14DF171D2073): 12
LogDevObjectVersion:   Dev-Mobile (B02B49B5-BB20-44E9-A304-32B752E40360): 0
LogDevObjectVersion:   Dev-Networking (A4E4105C-59A1-49B5-A7C5-40C4547EDFEE): 0
LogDevObjectVersion:   Dev-Online (39C831C9-5AE6-47DC-9A44-9C173E1C8E7C): 0
LogDevObjectVersion:   Dev-Physics (78F01B33-EBEA-4F98-B9B4-84EACCB95AA2): 0
LogDevObjectVersion:   Dev-Platform (6631380F-2D4D-43E0-8009-CF276956A95A): 0
LogDevObjectVersion:   Dev-Rendering (12F88B9F-8875-4AFC-A67C-D90C383ABD29): 4
LogDevObjectVersion:   Dev-Sequencer (7B5AE74C-D270-4C10-A958-57980B212A5A): 0
LogDevObjectVersion:   Dev-VR (D7296918-1DD6-4BDD-9DE2-64A83CC13884): 0
LogInit: Compiled (64-bit): Oct 24 2016 14:29:06
LogInit: Compiled with Visual C++: 19.00.23026.00
LogInit: Build Configuration: Development
LogInit: Branch Name: ++UE4+Release-4.13
LogInit: Command line:  /Temp/Autosaves/Game/SteamMultiplayer/SteamMaps/UEDPCMainMenu -game -PIEVIACONSOLE -ResX=1280 -ResY=720  -Multiprocess -windowed -messaging -SessionName="Play in Standalone Game" 
LogInit: Base directory: C:/Program Files/Epic Games/4.13/Engine/Binaries/Win64/
LogInit: Installed Engine Build: 1
LogInit: Presizing for max 8388607 objects, including 0 objects not considered by GC, pre-allocating 0 bytes for permanent pool.
LogInit: Object subsystem initialized
[2016.11.11-00.58.08:529][  0]LogInit: Selected Device Profile: [Windows]
[2016.11.11-00.58.08:529][  0]LogInit: Applying CVar settings loaded from the selected device profile: [Windows]
[2016.11.11-00.58.08:533][  0]LogInit: Computer: EMPRISE-PC1
[2016.11.11-00.58.08:533][  0]LogInit: User: EMPRISE
[2016.11.11-00.58.08:533][  0]LogInit: CPU Page size=65536, Cores=4
[2016.11.11-00.58.08:533][  0]LogInit: High frequency timer resolution =3.515654 MHz
[2016.11.11-00.58.08:533][  0]LogMemory: Memory total: Physical=16.0GB (16GB approx)
[2016.11.11-00.58.08:533][  0]LogMemory: Platform Memory Stats for Windows
[2016.11.11-00.58.08:533][  0]LogMemory: Process Physical Memory: 297.59 MB used, 297.59 MB peak
[2016.11.11-00.58.08:533][  0]LogMemory: Process Virtual Memory: 282.39 MB used, 282.39 MB peak
[2016.11.11-00.58.08:533][  0]LogMemory: Physical Memory: 9501.79 MB used, 16334.92 MB total
[2016.11.11-00.58.08:533][  0]LogMemory: Virtual Memory: 716.12 MB used, 8388608.00 MB total
[2016.11.11-00.58.08:765][  0]LogInit: Overriding culture en w/ editor configuration.
[2016.11.11-00.58.09:796][  0]LogD3D11RHI: D3D11 adapters:
[2016.11.11-00.58.09:959][  0]LogD3D11RHI:    0. 'NVIDIA GeForce GTX 750' (Feature Level 11_0)
[2016.11.11-00.58.09:959][  0]LogD3D11RHI:       972/0/3072 MB DedicatedVideo/DedicatedSystem/SharedSystem, Outputs:2, VendorId:0x10de
[2016.11.11-00.58.09:959][  0]LogD3D11RHI: Chosen D3D11 Adapter: 0
[2016.11.11-00.58.09:965][  0]LogD3D11RHI: Creating new Direct3DDevice
[2016.11.11-00.58.09:966][  0]LogD3D11RHI:     GPU DeviceId: 0x1381 (for the marketing name, search the web for "GPU Device Id")
[2016.11.11-00.58.09:966][  0]LogWindows: EnumDisplayDevices:
[2016.11.11-00.58.09:966][  0]LogWindows:    0. 'NVIDIA GeForce GTX 750' (P:1 D:1)
[2016.11.11-00.58.09:966][  0]LogWindows:    1. 'NVIDIA GeForce GTX 750' (P:0 D:1)
[2016.11.11-00.58.09:967][  0]LogWindows:    2. 'NVIDIA GeForce GTX 750' (P:0 D:0)
[2016.11.11-00.58.09:967][  0]LogWindows:    3. 'NVIDIA GeForce GTX 750' (P:0 D:0)
[2016.11.11-00.58.09:967][  0]LogWindows:    4. 'RDPDD Chained DD' (P:0 D:0)
[2016.11.11-00.58.09:968][  0]LogWindows:    5. 'RDP Encoder Mirror Driver' (P:0 D:0)
[2016.11.11-00.58.09:968][  0]LogWindows:    6. 'RDP Reflector Display Driver' (P:0 D:0)
[2016.11.11-00.58.09:968][  0]LogWindows: DebugString: GetVideoDriverDetailsInvalid PrimaryIsNotTheChoosenAdapter GetVideoDriverDetailsInvalid PrimaryIsNotTheChoosenAdapter GetVideoDriverDetailsInvalid PrimaryIsNotTheChoosenAdapter FoundDriverCount:4 
[2016.11.11-00.58.09:968][  0]LogD3D11RHI:     Adapter Name: NVIDIA GeForce GTX 750
[2016.11.11-00.58.09:968][  0]LogD3D11RHI:   Driver Version: 368.81 (internal:10.18.13.6881, unified:368.81)
[2016.11.11-00.58.09:968][  0]LogD3D11RHI:      Driver Date: 7-10-2016
[2016.11.11-00.58.09:968][  0]LogRHI: Texture pool is 680 MB (70% of 972 MB)
[2016.11.11-00.58.10:103][  0]LogD3D11RHI: Async texture creation enabled
[2016.11.11-00.58.10:116][  0]LogD3D11RHI: GPU Timing Frequency: 1000.000000 (Debug: 2 2)
[2016.11.11-00.58.10:116][  0]LogShaderCompilers: Guid format shader working directory is 2 characters bigger than the processId version (D:/Wifun_작업문서 이정상/MyOwnUnrealProjects/TPS_LJS/Intermediate/Shaders/WorkingDirectory/10388/).
[2016.11.11-00.58.10:116][  0]LogShaderCompilers: Cleaned the shader compiler working directory 'C:/Users/EMPRISE/AppData/Local/Temp/UnrealShaderWorkingDir/8A56686341BF3441B5CF55B1E99311F9/'.
[2016.11.11-00.58.10:116][  0]LogShaderCompilers:Display: Using Local Shader Compiler.
[2016.11.11-00.58.12:183][  0]LogTemp:Display: Loaded TP WindowsClientTargetPlatform
[2016.11.11-00.58.12:194][  0]LogTemp:Display: Loaded TP WindowsNoEditorTargetPlatform
[2016.11.11-00.58.12:206][  0]LogTemp:Display: Loaded TP WindowsServerTargetPlatform
[2016.11.11-00.58.12:218][  0]LogTemp:Display: Loaded TP WindowsTargetPlatform
[2016.11.11-00.58.12:218][  0]LogTargetPlatformManager:Display: Building Assets For Windows
[2016.11.11-00.58.12:486][  0]LogDerivedDataCache:Display: Max Cache Size: 512 MB
[2016.11.11-00.58.12:538][  0]LogDerivedDataCache: Loaded boot cache 0.05s 62MB C:/Users/EMPRISE/AppData/Local/UnrealEngine/4.13/DerivedDataCache/Boot.ddc.
[2016.11.11-00.58.12:538][  0]LogDerivedDataCache:Display: Loaded Boot cache: C:/Users/EMPRISE/AppData/Local/UnrealEngine/4.13/DerivedDataCache/Boot.ddc
[2016.11.11-00.58.12:538][  0]LogDerivedDataCache: FDerivedDataBackendGraph:  Pak pak cache file D:/Wifun_작업문서 이정상/MyOwnUnrealProjects/TPS_LJS/DerivedDataCache/DDC.ddp not found, will not use a pak cache.
[2016.11.11-00.58.12:538][  0]LogDerivedDataCache: Unable to find inner node Pak for hierarchical cache Hierarchy.
[2016.11.11-00.58.12:538][  0]LogDerivedDataCache: FDerivedDataBackendGraph:  CompressedPak pak cache file D:/Wifun_작업문서 이정상/MyOwnUnrealProjects/TPS_LJS/DerivedDataCache/Compressed.ddp not found, will not use a pak cache.
[2016.11.11-00.58.12:538][  0]LogDerivedDataCache: Unable to find inner node CompressedPak for hierarchical cache Hierarchy.
[2016.11.11-00.58.12:553][  0]LogDerivedDataCache:Display: Pak cache opened for reading ../../../Engine/DerivedDataCache/Compressed.ddp.
[2016.11.11-00.58.12:566][  0]LogDerivedDataCache: Using Local data cache path C:/Users/EMPRISE/AppData/Local/UnrealEngine/Common/DerivedDataCache: Writable
[2016.11.11-00.58.12:986][  0]LogAssetRegistry: FAssetRegistry took 0.0001 seconds to start up
[2016.11.11-00.58.12:989][  0]LogPackageLocalizationCache: Processed 3 localized package path(s) for 1 prioritized culture(s) in 0.002423 seconds
[2016.11.11-00.58.13:006][  0]LogInit: Selected Device Profile: [Windows]
[2016.11.11-00.58.13:011][  0]LogMaterial: Uniform references updated for custom material expression Custom.
[2016.11.11-00.58.13:011][  0]LogContentStreaming: Texture pool size is 1000.00 MB
[2016.11.11-00.58.13:150][  0]LogMeshUtilities: No automatic mesh reduction module available
[2016.11.11-00.58.13:150][  0]LogMeshUtilities: No automatic mesh merging module available
[2016.11.11-00.58.13:150][  0]LogMeshUtilities: No distributed automatic mesh merging module available
[2016.11.11-00.58.13:415][  0]LogNetVersion: GetLocalNetworkVersion: CL: 3106830, ProjectName: tps_ljs, ProjectVersion: , EngineNetworkVersion: 1, GameNetworkVersion: 0, NetworkChecksum: 3890732095
[2016.11.11-00.58.14:429][  0]LogSlate: SlateFontCache - WITH_FREETYPE: 1, WITH_HARFBUZZ: 1
[2016.11.11-00.58.14:429][  0]LogSlate: SlateFontCache - WITH_FREETYPE: 1, WITH_HARFBUZZ: 1
[2016.11.11-00.58.14:561][  0]LogMoviePlayer: Initializing movie player
[2016.11.11-00.58.14:703][  0]LogWindowsMoviePlayer: Unable to load movie: D:/Wifun_작업문서 이정상/MyOwnUnrealProjects/TPS_LJS/Content/Movies/Default_Startup.mp4
[2016.11.11-00.58.14:816][  0]LogTcpMessaging: Initializing TcpMessaging bridge
[2016.11.11-00.58.14:847][  0]LogUdpMessaging: Initializing bridge on interface 0.0.0.0:0 to multicast group 230.0.0.1:6666.
[2016.11.11-00.58.14:957][  0]SourceControl: Info Source control is disabled
[2016.11.11-00.58.14:957][  0]SourceControl: Info Source control is disabled
[2016.11.11-00.58.14:983][  0]SourceControl: Info Source control is disabled
[2016.11.11-00.58.15:303][  0]LogUObjectArray: 32663 objects as part of root set at end of initial load.
[2016.11.11-00.58.15:303][  0]LogUObjectAllocator: 7458632 out of 0 bytes used by permanent object pool.
[2016.11.11-00.58.15:303][  0]LogUObjectArray: CloseDisregardForGC: 0/0 objects in disregard for GC pool
[2016.11.11-00.58.15:369][  0]LogEngine: Initializing Engine...
[2016.11.11-00.58.15:370][  0]LogHMD: Failed to initialize OpenVR with code 110
[2016.11.11-00.58.15:505][  0]LogInit: XAudio2 using '스피커(2- Realtek High Definition Audio)' : 2 channels at 48 kHz using 32 bits per sample (channel mask 0x3)
[2016.11.11-00.58.15:517][  0]LogInit: FAudioDevice initialized.
[2016.11.11-00.58.15:524][  0]LogInit: Texture streaming: Enabled
[2016.11.11-00.58.15:851][  0]LogInit:Display: Game Engine Initialized.
[2016.11.11-00.58.15:939][  0]LogInit:Display: Starting Game.
[2016.11.11-00.58.15:939][  0]LogNet: Browse: /Temp/Autosaves/Game/SteamMultiplayer/SteamMaps/UEDPCMainMenu?Name=Player
[2016.11.11-00.58.15:939][  0]LogLoad: LoadMap: /Temp/Autosaves/Game/SteamMultiplayer/SteamMaps/UEDPCMainMenu?Name=Player
[2016.11.11-00.58.15:956][  0]LogMemory: Platform Memory Stats for Windows
[2016.11.11-00.58.15:956][  0]LogMemory: Process Physical Memory: 698.25 MB used, 709.79 MB peak
[2016.11.11-00.58.15:956][  0]LogMemory: Process Virtual Memory: 770.63 MB used, 770.64 MB peak
[2016.11.11-00.58.15:956][  0]LogMemory: Physical Memory: 9900.67 MB used, 16334.92 MB total
[2016.11.11-00.58.15:956][  0]LogMemory: Virtual Memory: 1444.74 MB used, 8388608.00 MB total
[2016.11.11-00.58.15:956][  0]LogMemory: 
[2016.11.11-00.58.15:956][  0]Allocator Stats for TBB: (not implemented)
[2016.11.11-00.58.16:025][  0]LogAIModule: Creating AISystem for world MainMenu
[2016.11.11-00.58.16:115][  0]LogWorld: Game class is 'ThirdPersonGameMode_C'
[2016.11.11-00.58.16:117][  0]LogWorld: Bringing World /Temp/Autosaves/Game/SteamMultiplayer/SteamMaps/UEDPCMainMenu.MainMenu up for play (max tick rate 0) at 2016.11.11-09.58.16
[2016.11.11-00.58.16:117][  0]LogWorld: Bringing up level for play took: 0.000627
[2016.11.11-00.58.16:118][  0]LogGameMode:Display: Match State Changed from EnteringMap to WaitingToStart
[2016.11.11-00.58.16:118][  0]LogGameState: Match State Changed from EnteringMap to WaitingToStart
[2016.11.11-00.58.16:118][  0]LogGameMode:Display: Match State Changed from WaitingToStart to InProgress
[2016.11.11-00.58.16:121][  0]LogGameState: Match State Changed from WaitingToStart to InProgress
[2016.11.11-00.58.16:121][  0]LogLoad: Took 0.182246 seconds to LoadMap(/Temp/Autosaves/Game/SteamMultiplayer/SteamMaps/UEDPCMainMenu)
[2016.11.11-00.58.16:371][  0]LogLoad: (Engine Initialization) Total time: 10.11 seconds
[2016.11.11-00.58.16:371][  0]LogLoad: (Engine Initialization) Total Blueprint compile time: 0.15 seconds
[2016.11.11-00.58.16:371][  0]LogExternalProfiler: Found external profiler: VSPerf
[2016.11.11-00.58.16:371][  0]LogExternalProfiler: Using external profiler: VSPerf
[2016.11.11-00.58.16:391][  0]LogOcInput: OculusInput pre-init called
[2016.11.11-00.58.16:445][  0]LogRenderer: Reallocating scene render targets to support 128x128 (Frame:1).
[2016.11.11-00.58.16:570][  1]LogRenderer: Reallocating scene render targets to support 1280x720 (Frame:2).
[2016.11.11-00.58.20:391][235]LogNetVersion: GetLocalNetworkVersion: CL: 3106830, ProjectName: tps_ljs, ProjectVersion: 1.0.0.0, EngineNetworkVersion: 1, GameNetworkVersion: 0, NetworkChecksum: 4027345
[2016.11.11-00.58.20:418][235]LogInit: WinSock: I am emprise-PC1 (10.10.64.6:0)
[2016.11.11-00.58.20:648][235]LogPackageName: SearchForPackageOnDisk took   0.126s to resolve Lobby.umap.
[2016.11.11-00.58.20:649][235]LogGameMode:Display: Match State Changed from InProgress to LeavingMap
[2016.11.11-00.58.20:649][235]LogGameState: Match State Changed from InProgress to LeavingMap
[2016.11.11-00.58.20:766][235]LogPackageName: SearchForPackageOnDisk took   0.117s to resolve Lobby.umap.
[2016.11.11-00.58.20:766][235]LogNet: Browse: /Game/SteamMultiplayer/SteamMaps/Lobby?listen
[2016.11.11-00.58.20:766][235]LogLoad: LoadMap: /Game/SteamMultiplayer/SteamMaps/Lobby?listen
[2016.11.11-00.58.20:783][235]LogMemory: Platform Memory Stats for Windows
[2016.11.11-00.58.20:783][235]LogMemory: Process Physical Memory: 735.38 MB used, 738.30 MB peak
[2016.11.11-00.58.20:783][235]LogMemory: Process Virtual Memory: 925.64 MB used, 950.74 MB peak
[2016.11.11-00.58.20:783][235]LogMemory: Physical Memory: 9861.58 MB used, 16334.92 MB total
[2016.11.11-00.58.20:783][235]LogMemory: Virtual Memory: 1618.11 MB used, 8388608.00 MB total
[2016.11.11-00.58.20:783][235]LogMemory: 
[2016.11.11-00.58.20:783][235]Allocator Stats for TBB: (not implemented)
[2016.11.11-00.58.21:054][235]LogAIModule: Creating AISystem for world Lobby
[2016.11.11-00.58.21:055][235]LogWorld: Game class is 'LobbyGM_C'
[2016.11.11-00.58.21:055][235]LogNet:Display: SteamNetDriver_0 bound to port 7777
[2016.11.11-00.58.21:055][235]PacketHandlerLog: Loaded PacketHandler component: Engine.EngineHandlerComponentFactory (StatelessConnectHandlerComponent)
[2016.11.11-00.58.21:055][235]LogNet: GameNetDriver SteamNetDriver_0 IpNetDriver listening on port 7777
[2016.11.11-00.58.21:057][235]LogWorld: Bringing World /Game/SteamMultiplayer/SteamMaps/Lobby.Lobby up for play (max tick rate 0) at 2016.11.11-09.58.21
[2016.11.11-00.58.21:057][235]LogWorld: Bringing up level for play took: 0.001184
[2016.11.11-00.58.21:060][235]LogGameMode:Display: Match State Changed from EnteringMap to WaitingToStart
[2016.11.11-00.58.21:060][235]LogGameState: Match State Changed from EnteringMap to WaitingToStart
[2016.11.11-00.58.21:060][235]LogGameMode:Display: Match State Changed from WaitingToStart to InProgress
[2016.11.11-00.58.21:060][235]LogOnline:Warning: STEAM: Can't start an online session (Game) in state InProgress
[2016.11.11-00.58.21:060][235]LogOnline:Warning: STEAM: Can't create more than one instance of Steam online subsystem!
[2016.11.11-00.58.21:060][235]LogGameState: Match State Changed from WaitingToStart to InProgress
[2016.11.11-00.58.21:060][235]LogLoad: Took 0.294046 seconds to LoadMap(/Game/SteamMultiplayer/SteamMaps/Lobby)
[2016.11.11-00.58.22:584][327]LogGameMode:Display: Match State Changed from InProgress to LeavingMap
[2016.11.11-00.58.22:584][327]LogGameState: Match State Changed from InProgress to LeavingMap
[2016.11.11-00.58.22:585][327]LogGameMode: ProcessServerTravel: /Game/SteamMultiplayer/SteamMaps/Arena01
[2016.11.11-00.58.22:585][327]LogWorld: SeamlessTravel to: /Game/SteamMultiplayer/SteamMaps/Arena01
[2016.11.11-00.58.22:619][328]LogAIModule: Creating AISystem for world TravelMap
[2016.11.11-00.58.22:620][328]LogStats:     SeamlessTravel FlushLevelStreaming  -  0.001 s
[2016.11.11-00.58.22:621][328]LogWorld: Bringing World /Game/SteamMultiplayer/SteamMaps/TravelMap.TravelMap up for play (max tick rate 0) at 2016.11.11-09.58.22
[2016.11.11-00.58.22:621][328]LogWorld: Bringing up level for play took: 0.000489
[2016.11.11-00.58.22:621][328]LogWorld: Sending NotifyLoadedWorld for LP: LocalPlayer_0 PC: LobbyPC_C_0
[2016.11.11-00.58.22:621][328]LogNet:Verbose: NotifyLoadedWorld Begin
[2016.11.11-00.58.22:621][328]LogNet:VeryVerbose: GetFunctionCallspace Server calling Server function: ServerNotifyLoadedWorld Local
[2016.11.11-00.58.22:621][328]LogNet:Verbose: NotifyLoadedWorld End
[2016.11.11-00.58.22:621][328]LogWorld: StartLoadingDestination to: /Game/SteamMultiplayer/SteamMaps/Arena01
[2016.11.11-00.58.23:305][339]LogAIModule: Creating AISystem for world Arena01
[2016.11.11-00.58.23:305][339]LogWorld: Game class is 'GameplayGM_C'
[2016.11.11-00.58.23:306][339]LogStats:     SeamlessTravel FlushLevelStreaming  -  0.001 s
[2016.11.11-00.58.23:307][339]LogWorld: Bringing World /Game/SteamMultiplayer/SteamMaps/Arena01.Arena01 up for play (max tick rate 0) at 2016.11.11-09.58.23
[2016.11.11-00.58.23:307][339]LogWorld: Bringing up level for play took: 0.001518
[2016.11.11-00.58.23:307][339]LogWorld: Sending NotifyLoadedWorld for LP: LocalPlayer_0 PC: LobbyPC_C_0
[2016.11.11-00.58.23:307][339]LogNet:Verbose: NotifyLoadedWorld Begin
[2016.11.11-00.58.23:307][339]LogNet:VeryVerbose: GetFunctionCallspace Server calling Server function: ServerNotifyLoadedWorld Local
[2016.11.11-00.58.23:307][339]LogNet:Verbose: NotifyLoadedWorld End
[2016.11.11-00.58.23:307][339]LogWorld: ----SeamlessTravel finished in 0.72 seconds ------
[2016.11.11-00.58.23:307][339]LogGameMode: >> GameMode::HandleSeamlessTravelPlayer: LobbyPC_C_0 
[2016.11.11-00.58.23:308][339]LogGameMode: << GameMode::HandleSeamlessTravelPlayer: GameplayPC_C_0
[2016.11.11-00.58.23:308][339]LogGameMode:Display: Match State Changed from EnteringMap to WaitingToStart
[2016.11.11-00.58.23:308][339]LogGameState: Match State Changed from EnteringMap to WaitingToStart
[2016.11.11-00.58.23:308][339]LogGameMode:Display: Match State Changed from WaitingToStart to InProgress
[2016.11.11-00.58.23:308][339]LogOnline:Warning: STEAM: Can't start an online session (Game) in state InProgress
[2016.11.11-00.58.23:308][339]LogOnline:Warning: STEAM: Can't create more than one instance of Steam online subsystem!
[2016.11.11-00.58.23:308][339]LogOnline:Warning: STEAM: Can't create more than one instance of Steam online subsystem!
[2016.11.11-00.58.23:308][339]LogGameState: Match State Changed from WaitingToStart to InProgress
[2016.11.11-00.58.40:793][420]Closing by request
[2016.11.11-00.58.40:793][420]LogWindows: FPlatformMisc::RequestExit(0)
[2016.11.11-00.58.40:795][421]LogMoviePlayer: Shutting down movie player
[2016.11.11-00.58.41:371][421]LogNet: World NetDriver shutdown SteamNetDriver_0 [GameNetDriver]
[2016.11.11-00.58.41:371][421]LogNet: DestroyNamedNetDriver SteamNetDriver_0 [GameNetDriver]
[2016.11.11-00.58.41:371][421]LogExit: GameNetDriver SteamNetDriver_0 shut down
[2016.11.11-00.58.41:401][421]LogExit: Preparing to exit.
[2016.11.11-00.58.41:972][421]LogExit: Game engine shut down
[2016.11.11-00.58.42:060][421]LogObj: Freed 0b from 0 cluster array pools.
[2016.11.11-00.58.42:060][421]LogExit: Object subsystem successfully closed.
[2016.11.11-00.58.42:076][421]LogD3D11RHI: Shutdown
[2016.11.11-00.58.42:076][421]LogD3D11RHI: CleanupD3DDevice
[2016.11.11-00.58.42:489][421]LogD3D11RHI: ~FD3D11DynamicRHI
[2016.11.11-00.58.42:498][421]LogModuleManager: Shutting down and abandoning module SequenceRecorderSections (120)
[2016.11.11-00.58.42:498][421]LogModuleManager: Shutting down and abandoning module SequenceRecorder (119)
[2016.11.11-00.58.42:498][421]LogModuleManager: Shutting down and abandoning module AutomationController (118)
[2016.11.11-00.58.42:498][421]LogModuleManager: Shutting down and abandoning module AutomationWorker (117)
[2016.11.11-00.58.42:498][421]LogModuleManager: Shutting down and abandoning module GameplayDebugger (116)
[2016.11.11-00.58.42:498][421]LogModuleManager: Shutting down and abandoning module AITestSuite (115)
[2016.11.11-00.58.42:498][421]LogModuleManager: Shutting down and abandoning module AIModule (114)
[2016.11.11-00.58.42:498][421]LogModuleManager: Shutting down and abandoning module WmfMediaFactory (113)
[2016.11.11-00.58.42:498][421]LogModuleManager: Shutting down and abandoning module AvfMediaFactory (112)
[2016.11.11-00.58.42:498][421]LogModuleManager: Shutting down and abandoning module Media (111)
[2016.11.11-00.58.42:498][421]LogModuleManager: Shutting down and abandoning module AndroidMediaFactory (110)
[2016.11.11-00.58.42:498][421]LogModuleManager: Shutting down and abandoning module CharacterAI (109)
[2016.11.11-00.58.42:498][421]LogModuleManager: Shutting down and abandoning module SessionServices (108)
[2016.11.11-00.58.42:498][421]LogModuleManager: Shutting down and abandoning module MovieSceneCapture (107)
[2016.11.11-00.58.42:498][421]LogModuleManager: Shutting down and abandoning module Niagara (106)
[2016.11.11-00.58.42:498][421]LogModuleManager: Shutting down and abandoning module StreamingPauseRendering (105)
[2016.11.11-00.58.42:498][421]LogModuleManager: Shutting down and abandoning module PortalServices (104)
[2016.11.11-00.58.42:498][421]LogModuleManager: Shutting down and abandoning module PortalRpc (103)
[2016.11.11-00.58.42:498][421]LogModuleManager: Shutting down and abandoning module MessagingRpc (102)
[2016.11.11-00.58.42:498][421]LogModuleManager: Shutting down and abandoning module ProfilerService (101)
[2016.11.11-00.58.42:579][421]LogModuleManager: Shutting down and abandoning module TaskGraph (100)
[2016.11.11-00.58.42:579][421]LogModuleManager: Shutting down and abandoning module SlateRemote (99)
[2016.11.11-00.58.42:579][421]LogModuleManager: Shutting down and abandoning module SteamVRController (98)
[2016.11.11-00.58.42:579][421]LogModuleManager: Shutting down and abandoning module SteamVR (97)
[2016.11.11-00.58.42:579][421]LogModuleManager: Shutting down and abandoning module ProceduralMeshComponent (96)
[2016.11.11-00.58.42:579][421]LogModuleManager: Shutting down and abandoning module OculusLibrary (95)
[2016.11.11-00.58.42:579][421]LogModuleManager: Shutting down and abandoning module OculusInput (94)
[2016.11.11-00.58.42:579][421]LogModuleManager: Shutting down and abandoning module CustomMeshComponent (93)
[2016.11.11-00.58.42:579][421]LogModuleManager: Shutting down and abandoning module CableComponent (92)
[2016.11.11-00.58.42:579][421]LogModuleManager: Shutting down and abandoning module ArchVisCharacter (91)
[2016.11.11-00.58.42:579][421]LogModuleManager: Shutting down and abandoning module HTML5Networking (89)
[2016.11.11-00.58.42:579][421]LogModuleManager: Shutting down and abandoning module DesktopPlatform (88)
[2016.11.11-00.58.42:579][421]LogModuleManager: Shutting down and abandoning module DirectoryWatcher (87)
[2016.11.11-00.58.42:579][421]LogDirectoryWatcher: A directory notification for 'D:/Wifun_작업문서 이정상/MyOwnUnrealProjects/TPS_LJS/Binaries/Win64' was aborted.
[2016.11.11-00.58.42:579][421]LogModuleManager: Shutting down and abandoning module HotReload (86)
[2016.11.11-00.58.42:579][421]LogModuleManager: Shutting down and abandoning module VisualStudioSourceCodeAccess (85)
[2016.11.11-00.58.42:579][421]LogModuleManager: Shutting down and abandoning module UObjectPlugin (84)
[2016.11.11-00.58.42:579][421]LogModuleManager: Shutting down and abandoning module SubversionSourceControl (83)
[2016.11.11-00.58.42:579][421]LogModuleManager: Shutting down and abandoning module SourceControl (82)
[2016.11.11-00.58.42:580][421]LogModuleManager: Shutting down and abandoning module PerforceSourceControl (81)
[2016.11.11-00.58.42:580][421]LogModuleManager: Shutting down and abandoning module UdpMessaging (80)
[2016.11.11-00.58.42:680][421]LogModuleManager: Shutting down and abandoning module TcpMessaging (79)
[2016.11.11-00.58.42:817][421]LogModuleManager: Shutting down and abandoning module LightPropagationVolumeRuntime (78)
[2016.11.11-00.58.42:817][421]LogModuleManager: Shutting down and abandoning module Paper2D (77)
[2016.11.11-00.58.42:817][421]LogModuleManager: Shutting down and abandoning module WindowsMoviePlayer (76)
[2016.11.11-00.58.42:817][421]LogModuleManager: Shutting down and abandoning module WmfMedia (75)
[2016.11.11-00.58.42:818][421]LogModuleManager: Shutting down and abandoning module MediaAssets (74)
[2016.11.11-00.58.42:818][421]LogModuleManager: Shutting down and abandoning module GameLiveStreaming (73)
[2016.11.11-00.58.42:818][421]LogModuleManager: Shutting down and abandoning mo