Log file open, 11/17/16 10:46:04
LogInit:Display: Running engine for game: TPS_LJS
LogPlatformFile: Not using cached read wrapper
LogInit:Display: RandInit(912136391) SRandInit(912136391).
LogTaskGraph: Started task graph with 5 named threads and 8 total threads with 1 sets of task threads.
LogStats: Stats thread started at 0.084157
LogPluginManager: Loaded Plugin Paper2D, From C:/Program Files/Epic Games/4.13/Engine/Plugins/2D/Paper2D/Paper2D.uplugin
LogPluginManager: Loaded Plugin LightPropagationVolume, From C:/Program Files/Epic Games/4.13/Engine/Plugins/Blendables/LightPropagationVolume/LightPropagationVolume.uplugin
LogPluginManager: Loaded Plugin BlankPlugin, From C:/Program Files/Epic Games/4.13/Engine/Plugins/Developer/BlankPlugin/BlankPlugin.uplugin
LogPluginManager: Loaded Plugin CodeLiteSourceCodeAccess, From C:/Program Files/Epic Games/4.13/Engine/Plugins/Developer/CodeLiteSourceCodeAccess/CodeLiteSourceCodeAccess.uplugin
LogPluginManager: Loaded Plugin GitSourceControl, From C:/Program Files/Epic Games/4.13/Engine/Plugins/Developer/GitSourceControl/GitSourceControl.uplugin
LogPluginManager: Loaded Plugin KDevelopSourceCodeAccess, From C:/Program Files/Epic Games/4.13/Engine/Plugins/Developer/KDevelopSourceCodeAccess/KDevelopSourceCodeAccess.uplugin
LogPluginManager: Loaded Plugin NullSourceCodeAccess, From C:/Program Files/Epic Games/4.13/Engine/Plugins/Developer/NullSourceCodeAccess/NullSourceCodeAccess.uplugin
LogPluginManager: Loaded Plugin OneSkyLocalizationService, From C:/Program Files/Epic Games/4.13/Engine/Plugins/Developer/OneSkyLocalizationService/OneSkyLocalizationService.uplugin
LogPluginManager: Loaded Plugin PerforceSourceControl, From C:/Program Files/Epic Games/4.13/Engine/Plugins/Developer/PerforceSourceControl/PerforceSourceControl.uplugin
LogPluginManager: Loaded Plugin SubversionSourceControl, From C:/Program Files/Epic Games/4.13/Engine/Plugins/Developer/SubversionSourceControl/SubversionSourceControl.uplugin
LogPluginManager: Loaded Plugin UObjectPlugin, From C:/Program Files/Epic Games/4.13/Engine/Plugins/Developer/UObjectPlugin/UObjectPlugin.uplugin
LogPluginManager: Loaded Plugin VisualStudioSourceCodeAccess, From C:/Program Files/Epic Games/4.13/Engine/Plugins/Developer/VisualStudioSourceCodeAccess/VisualStudioSourceCodeAccess.uplugin
LogPluginManager: Loaded Plugin XCodeSourceCodeAccess, From C:/Program Files/Epic Games/4.13/Engine/Plugins/Developer/XCodeSourceCodeAccess/XCodeSourceCodeAccess.uplugin
LogPluginManager: Loaded Plugin EpicSurvey, From C:/Program Files/Epic Games/4.13/Engine/Plugins/Editor/EpicSurvey/EpicSurvey.uplugin
LogPluginManager: Loaded Plugin MacGraphicsSwitching, From C:/Program Files/Epic Games/4.13/Engine/Plugins/Editor/MacGraphicsSwitching/MacGraphicsSwitching.uplugin
LogPluginManager: Loaded Plugin MobileLauncherProfileWizard, From C:/Program Files/Epic Games/4.13/Engine/Plugins/Editor/MobileLauncherProfileWizard/MobileLauncherProfileWizard.uplugin
LogPluginManager: Loaded Plugin PluginBrowser, From C:/Program Files/Epic Games/4.13/Engine/Plugins/Editor/PluginBrowser/PluginBrowser.uplugin
LogPluginManager: Loaded Plugin SpeedTreeImporter, From C:/Program Files/Epic Games/4.13/Engine/Plugins/Editor/SpeedTreeImporter/SpeedTreeImporter.uplugin
LogPluginManager: Loaded Plugin SuperSearchEditor, From C:/Program Files/Epic Games/4.13/Engine/Plugins/Editor/SuperSearchEditor/SuperSearchEditor.uplugin
LogPluginManager: Loaded Plugin AlembicImporter, From C:/Program Files/Epic Games/4.13/Engine/Plugins/Experimental/AlembicImporter/AlembicImporter.uplugin
LogPluginManager: Loaded Plugin BlueprintStats, From C:/Program Files/Epic Games/4.13/Engine/Plugins/Experimental/BlueprintStats/BlueprintStats.uplugin
LogPluginManager: Loaded Plugin CharacterAI, From C:/Program Files/Epic Games/4.13/Engine/Plugins/Experimental/CharacterAI/CharacterAI.uplugin
LogPluginManager: Loaded Plugin CodeEditor, From C:/Program Files/Epic Games/4.13/Engine/Plugins/Experimental/CodeEditor/CodeEditor.uplugin
LogPluginManager: Loaded Plugin CodeView, From C:/Program Files/Epic Games/4.13/Engine/Plugins/Experimental/CodeView/CodeView.uplugin
LogPluginManager: Loaded Plugin HTML5Networking, From C:/Program Files/Epic Games/4.13/Engine/Plugins/Experimental/HTML5Networking/HTML5Networking.uplugin
LogPluginManager: Loaded Plugin LiveEditor, From C:/Program Files/Epic Games/4.13/Engine/Plugins/Experimental/LiveEditor/LiveEditor.uplugin
LogPluginManager: Loaded Plugin OSVR, From C:/Program Files/Epic Games/4.13/Engine/Plugins/Experimental/OSVR/OSVR.uplugin
LogPluginManager: Loaded Plugin Phya, From C:/Program Files/Epic Games/4.13/Engine/Plugins/Experimental/Phya/Phya.uplugin
LogPluginManager: Loaded Plugin SignificanceManager, From C:/Program Files/Epic Games/4.13/Engine/Plugins/Experimental/SignificanceManager/SignificanceManager.uplugin
LogPluginManager: Loaded Plugin SimpleHMD, From C:/Program Files/Epic Games/4.13/Engine/Plugins/Experimental/SimpleHMD/SimpleHMD.uplugin
LogPluginManager: Loaded Plugin StereoPanorama, From C:/Program Files/Epic Games/4.13/Engine/Plugins/Experimental/StereoPanorama/StereoPanorama.uplugin
LogPluginManager: Loaded Plugin StructBox, From C:/Program Files/Epic Games/4.13/Engine/Plugins/Experimental/StructBox/StructBox.uplugin
LogPluginManager: Loaded Plugin AndroidMedia, From C:/Program Files/Epic Games/4.13/Engine/Plugins/Media/AndroidMedia/AndroidMedia.uplugin
LogPluginManager: Loaded Plugin AvfMedia, From C:/Program Files/Epic Games/4.13/Engine/Plugins/Media/AvfMedia/AvfMedia.uplugin
LogPluginManager: Loaded Plugin MediaPlayerEditor, From C:/Program Files/Epic Games/4.13/Engine/Plugins/Media/MediaPlayerEditor/MediaPlayerEditor.uplugin
LogPluginManager: Loaded Plugin WmfMedia, From C:/Program Files/Epic Games/4.13/Engine/Plugins/Media/WmfMedia/WmfMedia.uplugin
LogPluginManager: Loaded Plugin MessagingDebugger, From C:/Program Files/Epic Games/4.13/Engine/Plugins/Messaging/MessagingDebugger/MessagingDebugger.uplugin
LogPluginManager: Loaded Plugin TcpMessaging, From C:/Program Files/Epic Games/4.13/Engine/Plugins/Messaging/TcpMessaging/TcpMessaging.uplugin
LogPluginManager: Loaded Plugin UdpMessaging, From C:/Program Files/Epic Games/4.13/Engine/Plugins/Messaging/UdpMessaging/UdpMessaging.uplugin
LogPluginManager: Loaded Plugin LevelSequenceEditor, From C:/Program Files/Epic Games/4.13/Engine/Plugins/MovieScene/LevelSequenceEditor/LevelSequenceEditor.uplugin
LogPluginManager: Loaded Plugin MatineeToLevelSequence, From C:/Program Files/Epic Games/4.13/Engine/Plugins/MovieScene/MatineeToLevelSequence/MatineeToLevelSequence.uplugin
LogPluginManager: Loaded Plugin NetcodeUnitTest, From C:/Program Files/Epic Games/4.13/Engine/Plugins/NetcodeUnitTest/NetcodeUnitTest/NetcodeUnitTest.uplugin
LogPluginManager: Loaded Plugin NUTUnrealEngine4, From C:/Program Files/Epic Games/4.13/Engine/Plugins/NetcodeUnitTest/NUTUnrealEngine4/NUTUnrealEngine4.uplugin
LogPluginManager: Loaded Plugin OnlineSubsystemGooglePlay, From C:/Program Files/Epic Games/4.13/Engine/Plugins/Online/Android/OnlineSubsystemGooglePlay/OnlineSubsystemGooglePlay.uplugin
LogPluginManager: Loaded Plugin OnlineSubsystemIOS, From C:/Program Files/Epic Games/4.13/Engine/Plugins/Online/IOS/OnlineSubsystemIOS/OnlineSubsystemIOS.uplugin
LogPluginManager: Loaded Plugin OnlineFramework, From C:/Program Files/Epic Games/4.13/Engine/Plugins/Online/OnlineFramework/OnlineFramework.uplugin
LogPluginManager: Loaded Plugin OnlineSubsystem, From C:/Program Files/Epic Games/4.13/Engine/Plugins/Online/OnlineSubsystem/OnlineSubsystem.uplugin
LogPluginManager: Loaded Plugin OnlineSubsystemAmazon, From C:/Program Files/Epic Games/4.13/Engine/Plugins/Online/OnlineSubsystemAmazon/OnlineSubsystemAmazon.uplugin
LogPluginManager: Loaded Plugin OnlineSubsystemFacebook, From C:/Program Files/Epic Games/4.13/Engine/Plugins/Online/OnlineSubsystemFacebook/OnlineSubsystemFacebook.uplugin
LogPluginManager: Loaded Plugin OnlineSubsystemNull, From C:/Program Files/Epic Games/4.13/Engine/Plugins/Online/OnlineSubsystemNull/OnlineSubsystemNull.uplugin
LogPluginManager: Loaded Plugin OnlineSubsystemOculus, From C:/Program Files/Epic Games/4.13/Engine/Plugins/Online/OnlineSubsystemOculus/OnlineSubsystemOculus.uplugin
LogPluginManager: Loaded Plugin OnlineSubsystemSteam, From C:/Program Files/Epic Games/4.13/Engine/Plugins/Online/OnlineSubsystemSteam/OnlineSubsystemSteam.uplugin
LogPluginManager: Loaded Plugin OnlineSubsystemUtils, From C:/Program Files/Epic Games/4.13/Engine/Plugins/Online/OnlineSubsystemUtils/OnlineSubsystemUtils.uplugin
LogPluginManager: Loaded Plugin IOSTapJoy, From C:/Program Files/Epic Games/4.13/Engine/Plugins/Runtime/Advertising/IOSTapJoy/IOSTapJoy.uplugin
LogPluginManager: Loaded Plugin AnalyticsBlueprintLibrary, From C:/Program Files/Epic Games/4.13/Engine/Plugins/Runtime/Analytics/AnalyticsBlueprintLibrary/AnalyticsBlueprintLibrary.uplugin
LogPluginManager: Loaded Plugin AnalyticsMulticast, From C:/Program Files/Epic Games/4.13/Engine/Plugins/Runtime/Analytics/AnalyticsMulticast/AnalyticsMulticast.uplugin
LogPluginManager: Loaded Plugin Apsalar, From C:/Program Files/Epic Games/4.13/Engine/Plugins/Runtime/Analytics/Apsalar/Apsalar.uplugin
LogPluginManager: Loaded Plugin FileLogging, From C:/Program Files/Epic Games/4.13/Engine/Plugins/Runtime/Analytics/FileLogging/FileLogging.uplugin
LogPluginManager: Loaded Plugin Flurry, From C:/Program Files/Epic Games/4.13/Engine/Plugins/Runtime/Analytics/Flurry/Flurry.uplugin
LogPluginManager: Loaded Plugin AndroidDeviceProfileSelector, From C:/Program Files/Epic Games/4.13/Engine/Plugins/Runtime/AndroidDeviceProfileSelector/AndroidDeviceProfileSelector.uplugin
LogPluginManager: Loaded Plugin AndroidMoviePlayer, From C:/Program Files/Epic Games/4.13/Engine/Plugins/Runtime/AndroidMoviePlayer/AndroidMoviePlayer.uplugin
LogPluginManager: Loaded Plugin AppleMoviePlayer, From C:/Program Files/Epic Games/4.13/Engine/Plugins/Runtime/AppleMoviePlayer/AppleMoviePlayer.uplugin
LogPluginManager: Loaded Plugin ArchVisCharacter, From C:/Program Files/Epic Games/4.13/Engine/Plugins/Runtime/ArchVisCharacter/ArchVisCharacter.uplugin
LogPluginManager: Loaded Plugin CableComponent, From C:/Program Files/Epic Games/4.13/Engine/Plugins/Runtime/CableComponent/CableComponent.uplugin
LogPluginManager: Loaded Plugin CustomMeshComponent, From C:/Program Files/Epic Games/4.13/Engine/Plugins/Runtime/CustomMeshComponent/CustomMeshComponent.uplugin
LogPluginManager: Loaded Plugin ExampleDeviceProfileSelector, From C:/Program Files/Epic Games/4.13/Engine/Plugins/Runtime/ExampleDeviceProfileSelector/ExampleDeviceProfileSelector.uplugin
LogPluginManager: Loaded Plugin GearVR, From C:/Program Files/Epic Games/4.13/Engine/Plugins/Runtime/GearVR/GearVR.uplugin
LogPluginManager: Loaded Plugin GoogleVRController, From C:/Program Files/Epic Games/4.13/Engine/Plugins/Runtime/GoogleVR/GoogleVRController/GoogleVRController.uplugin
LogPluginManager: Loaded Plugin GoogleVRHMD, From C:/Program Files/Epic Games/4.13/Engine/Plugins/Runtime/GoogleVR/GoogleVRHMD/GoogleVRHMD.uplugin
LogPluginManager: Loaded Plugin IOSDeviceProfileSelector, From C:/Program Files/Epic Games/4.13/Engine/Plugins/Runtime/IOSDeviceProfileSelector/IOSDeviceProfileSelector.uplugin
LogPluginManager: Loaded Plugin LeapMotion, From C:/Program Files/Epic Games/4.13/Engine/Plugins/Runtime/LeapMotion/LeapMotion.uplugin
LogPluginManager: Loaded Plugin LinuxDeviceProfileSelector, From C:/Program Files/Epic Games/4.13/Engine/Plugins/Runtime/LinuxDeviceProfileSelector/LinuxDeviceProfileSelector.uplugin
LogPluginManager: Loaded Plugin LiveEditorListenServer, From C:/Program Files/Epic Games/4.13/Engine/Plugins/Runtime/LiveEditorListenServer/LiveEditorListenServer.uplugin
LogPluginManager: Loaded Plugin OculusAudio, From C:/Program Files/Epic Games/4.13/Engine/Plugins/Runtime/OculusAudio/OculusAudio.uplugin
LogPluginManager: Loaded Plugin OculusInput, From C:/Program Files/Epic Games/4.13/Engine/Plugins/Runtime/OculusInput/OculusInput.uplugin
LogPluginManager: Loaded Plugin OculusLibrary, From C:/Program Files/Epic Games/4.13/Engine/Plugins/Runtime/OculusLibrary/OculusLibrary.uplugin
LogPluginManager: Loaded Plugin OculusRift, From C:/Program Files/Epic Games/4.13/Engine/Plugins/Runtime/OculusRift/OculusRift.uplugin
LogPluginManager: Loaded Plugin Oodle, From C:/Program Files/Epic Games/4.13/Engine/Plugins/Runtime/PacketHandlers/CompressionComponents/Oodle/Oodle.uplugin
LogPluginManager: Loaded Plugin ProceduralMeshComponent, From C:/Program Files/Epic Games/4.13/Engine/Plugins/Runtime/ProceduralMeshComponent/ProceduralMeshComponent.uplugin
LogPluginManager: Loaded Plugin SoundMod, From C:/Program Files/Epic Games/4.13/Engine/Plugins/Runtime/SoundMod/SoundMod.uplugin
LogPluginManager: Loaded Plugin SoundVisualizations, From C:/Program Files/Epic Games/4.13/Engine/Plugins/Runtime/SoundVisualizations/SoundVisualizations.uplugin
LogPluginManager: Loaded Plugin SteamController, From C:/Program Files/Epic Games/4.13/Engine/Plugins/Runtime/Steam/SteamController/SteamController.uplugin
LogPluginManager: Loaded Plugin SteamVR, From C:/Program Files/Epic Games/4.13/Engine/Plugins/Runtime/Steam/SteamVR/SteamVR.uplugin
LogPluginManager: Loaded Plugin WebBrowserWidget, From C:/Program Files/Epic Games/4.13/Engine/Plugins/Runtime/WebBrowserWidget/WebBrowserWidget.uplugin
LogPluginManager: Loaded Plugin WindowsDeviceProfileSelector, From C:/Program Files/Epic Games/4.13/Engine/Plugins/Runtime/WindowsDeviceProfileSelector/WindowsDeviceProfileSelector.uplugin
LogPluginManager: Loaded Plugin WindowsMoviePlayer, From C:/Program Files/Epic Games/4.13/Engine/Plugins/Runtime/WindowsMoviePlayer/WindowsMoviePlayer.uplugin
LogPluginManager: Loaded Plugin ScriptPlugin, From C:/Program Files/Epic Games/4.13/Engine/Plugins/ScriptPlugin/ScriptPlugin.uplugin
LogPluginManager: Loaded Plugin SlateRemote, From C:/Program Files/Epic Games/4.13/Engine/Plugins/Slate/SlateRemote/SlateRemote.uplugin
LogInit: Using libcurl 7.47.1
LogInit:  - built for x86_64-pc-win32
LogInit:  - supports SSL with WinSSL
LogInit:  - other features:
LogInit:      CURL_VERSION_SSL
LogInit:      CURL_VERSION_IPV6
LogInit:      CURL_VERSION_ASYNCHDNS
LogInit:      CURL_VERSION_LARGEFILE
LogInit:      CURL_VERSION_IDN
LogInit:  CurlRequestOptions (configurable via config and command line):
LogInit:  - bVerifyPeer = false  - Libcurl will NOT verify peer certificate
LogInit:  - bUseHttpProxy = false  - Libcurl will NOT use HTTP proxy
LogInit:  - bDontReuseConnections = false  - Libcurl will reuse connections
LogInit:  - CertBundlePath = nullptr  - Libcurl will use whatever was configured at build time.
LogOnline:Display: STEAM: Loading Steam SDK 1.32
LogOnline:Warning: STEAM: Failed to initialize Steam, this could be due to a Steam server and client running on the same machine. Try running with -NOSTEAM on the cmdline to disable.
LogOnline:Display: STEAM: OnlineSubsystemSteam::Shutdown()
LogOnline:Warning: STEAM: Steam API failed to initialize!
LogOnline:Display: STEAM: OnlineSubsystemSteam::Shutdown()
LogInit: WinSock: version 1.1 (2.2), MaxSocks=32767, MaxUdp=65467
LogVoice:Warning: Failed to initialize voice interface
LogInit: Build: ++UE4+Release-4.13-CL-3172292
LogInit: Engine Version: 4.13.2-3172292+++UE4+Release-4.13
LogInit: Compatible Engine Version: 4.13.0-3106830+++UE4+Release-4.13
LogInit: Net CL: 3172292
LogDevObjectVersion: Number of dev versions registered: 13
LogDevObjectVersion:   Dev-Blueprints (B0D832E4-1F89-4F0D-ACCF-7EB736FD4AA2): 5
LogDevObjectVersion:   Dev-Build (E1C64328-A22C-4D53-A36C-8E866417BD8C): 0
LogDevObjectVersion:   Dev-Core (375EC13C-06E4-48FB-B500-84F0262A717E): 1
LogDevObjectVersion:   Dev-Editor (E4B068ED-F494-42E9-A231-DA0B2E46BB41): 6
LogDevObjectVersion:   Dev-Framework (CFFC743F-43B0-4480-9391-14DF171D2073): 12
LogDevObjectVersion:   Dev-Mobile (B02B49B5-BB20-44E9-A304-32B752E40360): 0
LogDevObjectVersion:   Dev-Networking (A4E4105C-59A1-49B5-A7C5-40C4547EDFEE): 0
LogDevObjectVersion:   Dev-Online (39C831C9-5AE6-47DC-9A44-9C173E1C8E7C): 0
LogDevObjectVersion:   Dev-Physics (78F01B33-EBEA-4F98-B9B4-84EACCB95AA2): 0
LogDevObjectVersion:   Dev-Platform (6631380F-2D4D-43E0-8009-CF276956A95A): 0
LogDevObjectVersion:   Dev-Rendering (12F88B9F-8875-4AFC-A67C-D90C383ABD29): 4
LogDevObjectVersion:   Dev-Sequencer (7B5AE74C-D270-4C10-A958-57980B212A5A): 0
LogDevObjectVersion:   Dev-VR (D7296918-1DD6-4BDD-9DE2-64A83CC13884): 0
LogInit: Compiled (64-bit): Oct 24 2016 14:29:06
LogInit: Compiled with Visual C++: 19.00.23026.00
LogInit: Build Configuration: Development
LogInit: Branch Name: ++UE4+Release-4.13
LogInit: Command line:  -game
LogInit: Base directory: C:/Program Files/Epic Games/4.13/Engine/Binaries/Win64/
LogInit: Installed Engine Build: 1
LogInit: Presizing for max 8388607 objects, including 0 objects not considered by GC, pre-allocating 0 bytes for permanent pool.
LogInit: Object subsystem initialized
[2016.11.17-01.46.04:683][  0]LogInit: Selected Device Profile: [Windows]
[2016.11.17-01.46.04:683][  0]LogInit: Applying CVar settings loaded from the selected device profile: [Windows]
[2016.11.17-01.46.04:691][  0]LogInit: Computer: EMPRISE-PC1
[2016.11.17-01.46.04:691][  0]LogInit: User: emprise
[2016.11.17-01.46.04:691][  0]LogInit: CPU Page size=65536, Cores=4
[2016.11.17-01.46.04:691][  0]LogInit: High frequency timer resolution =3.515664 MHz
[2016.11.17-01.46.04:692][  0]LogMemory: Memory total: Physical=16.0GB (16GB approx)
[2016.11.17-01.46.04:692][  0]LogMemory: Platform Memory Stats for Windows
[2016.11.17-01.46.04:692][  0]LogMemory: Process Physical Memory: 299.68 MB used, 299.68 MB peak
[2016.11.17-01.46.04:692][  0]LogMemory: Process Virtual Memory: 282.65 MB used, 282.65 MB peak
[2016.11.17-01.46.04:692][  0]LogMemory: Physical Memory: 11012.11 MB used, 16334.92 MB total
[2016.11.17-01.46.04:692][  0]LogMemory: Virtual Memory: 713.14 MB used, 8388608.00 MB total
[2016.11.17-01.46.04:913][  0]LogInit: Overriding culture en w/ editor configuration.
[2016.11.17-01.46.05:370][  0]LogD3D11RHI: D3D11 adapters:
[2016.11.17-01.46.05:508][  0]LogD3D11RHI:    0. 'NVIDIA GeForce GTX 750' (Feature Level 11_0)
[2016.11.17-01.46.05:508][  0]LogD3D11RHI:       972/0/3072 MB DedicatedVideo/DedicatedSystem/SharedSystem, Outputs:2, VendorId:0x10de
[2016.11.17-01.46.05:508][  0]LogD3D11RHI: Chosen D3D11 Adapter: 0
[2016.11.17-01.46.05:514][  0]LogD3D11RHI: Creating new Direct3DDevice
[2016.11.17-01.46.05:515][  0]LogD3D11RHI:     GPU DeviceId: 0x1381 (for the marketing name, search the web for "GPU Device Id")
[2016.11.17-01.46.05:515][  0]LogWindows: EnumDisplayDevices:
[2016.11.17-01.46.05:515][  0]LogWindows:    0. 'NVIDIA GeForce GTX 750' (P:1 D:1)
[2016.11.17-01.46.05:516][  0]LogWindows:    1. 'NVIDIA GeForce GTX 750' (P:0 D:1)
[2016.11.17-01.46.05:516][  0]LogWindows:    2. 'NVIDIA GeForce GTX 750' (P:0 D:0)
[2016.11.17-01.46.05:516][  0]LogWindows:    3. 'NVIDIA GeForce GTX 750' (P:0 D:0)
[2016.11.17-01.46.05:517][  0]LogWindows:    4. 'RDPDD Chained DD' (P:0 D:0)
[2016.11.17-01.46.05:517][  0]LogWindows:    5. 'RDP Encoder Mirror Driver' (P:0 D:0)
[2016.11.17-01.46.05:517][  0]LogWindows:    6. 'RDP Reflector Display Driver' (P:0 D:0)
[2016.11.17-01.46.05:517][  0]LogWindows: DebugString: GetVideoDriverDetailsInvalid PrimaryIsNotTheChoosenAdapter GetVideoDriverDetailsInvalid PrimaryIsNotTheChoosenAdapter GetVideoDriverDetailsInvalid PrimaryIsNotTheChoosenAdapter FoundDriverCount:4 
[2016.11.17-01.46.05:517][  0]LogD3D11RHI:     Adapter Name: NVIDIA GeForce GTX 750
[2016.11.17-01.46.05:517][  0]LogD3D11RHI:   Driver Version: 368.81 (internal:10.18.13.6881, unified:368.81)
[2016.11.17-01.46.05:517][  0]LogD3D11RHI:      Driver Date: 7-10-2016
[2016.11.17-01.46.05:517][  0]LogRHI: Texture pool is 680 MB (70% of 972 MB)
[2016.11.17-01.46.05:646][  0]LogD3D11RHI: Async texture creation enabled
[2016.11.17-01.46.05:665][  0]LogD3D11RHI: GPU Timing Frequency: 1000.000000 (Debug: 2 3)
[2016.11.17-01.46.05:665][  0]LogShaderCompilers: Guid format shader working directory is 3 characters bigger than the processId version (D:/Wifun_작업문서 이정상/MyOwnUnrealProjects/TPS_LJS/Intermediate/Shaders/WorkingDirectory/4908/).
[2016.11.17-01.46.05:665][  0]LogShaderCompilers: Cleaned the shader compiler working directory 'C:/Users/EMPRISE/AppData/Local/Temp/UnrealShaderWorkingDir/AF4BFA9841DB91AD2ECD4781B2B7A2EE/'.
[2016.11.17-01.46.05:665][  0]LogShaderCompilers:Display: Using Local Shader Compiler.
[2016.11.17-01.46.07:834][  0]LogTemp:Display: Loaded TP WindowsClientTargetPlatform
[2016.11.17-01.46.07:845][  0]LogTemp:Display: Loaded TP WindowsNoEditorTargetPlatform
[2016.11.17-01.46.07:856][  0]LogTemp:Display: Loaded TP WindowsServerTargetPlatform
[2016.11.17-01.46.07:867][  0]LogTemp:Display: Loaded TP WindowsTargetPlatform
[2016.11.17-01.46.07:867][  0]LogTargetPlatformManager:Display: Building Assets For Windows
[2016.11.17-01.46.08:131][  0]LogDerivedDataCache:Display: Max Cache Size: 512 MB
[2016.11.17-01.46.08:192][  0]LogDerivedDataCache: Loaded boot cache 0.06s 62MB C:/Users/EMPRISE/AppData/Local/UnrealEngine/4.13/DerivedDataCache/Boot.ddc.
[2016.11.17-01.46.08:193][  0]LogDerivedDataCache:Display: Loaded Boot cache: C:/Users/EMPRISE/AppData/Local/UnrealEngine/4.13/DerivedDataCache/Boot.ddc
[2016.11.17-01.46.08:193][  0]LogDerivedDataCache: FDerivedDataBackendGraph:  Pak pak cache file D:/Wifun_작업문서 이정상/MyOwnUnrealProjects/TPS_LJS/DerivedDataCache/DDC.ddp not found, will not use a pak cache.
[2016.11.17-01.46.08:193][  0]LogDerivedDataCache: Unable to find inner node Pak for hierarchical cache Hierarchy.
[2016.11.17-01.46.08:193][  0]LogDerivedDataCache: FDerivedDataBackendGraph:  CompressedPak pak cache file D:/Wifun_작업문서 이정상/MyOwnUnrealProjects/TPS_LJS/DerivedDataCache/Compressed.ddp not found, will not use a pak cache.
[2016.11.17-01.46.08:193][  0]LogDerivedDataCache: Unable to find inner node CompressedPak for hierarchical cache Hierarchy.
[2016.11.17-01.46.08:208][  0]LogDerivedDataCache:Display: Pak cache opened for reading ../../../Engine/DerivedDataCache/Compressed.ddp.
[2016.11.17-01.46.08:221][  0]LogDerivedDataCache: Using Local data cache path C:/Users/EMPRISE/AppData/Local/UnrealEngine/Common/DerivedDataCache: Writable
[2016.11.17-01.46.08:583][  0]LogAssetRegistry: FAssetRegistry took 0.0001 seconds to start up
[2016.11.17-01.46.08:595][  0]LogPackageLocalizationCache: Processed 3 localized package path(s) for 1 prioritized culture(s) in 0.011861 seconds
[2016.11.17-01.46.08:613][  0]LogInit: Selected Device Profile: [Windows]
[2016.11.17-01.46.08:618][  0]LogMaterial: Uniform references updated for custom material expression Custom.
[2016.11.17-01.46.08:618][  0]LogContentStreaming: Texture pool size is 1000.00 MB
[2016.11.17-01.46.08:759][  0]LogMeshUtilities: No automatic mesh reduction module available
[2016.11.17-01.46.08:759][  0]LogMeshUtilities: No automatic mesh merging module available
[2016.11.17-01.46.08:759][  0]LogMeshUtilities: No distributed automatic mesh merging module available
[2016.11.17-01.46.09:043][  0]LogNetVersion: GetLocalNetworkVersion: CL: 3106830, ProjectName: tps_ljs, ProjectVersion: , EngineNetworkVersion: 1, GameNetworkVersion: 0, NetworkChecksum: 3890732095
[2016.11.17-01.46.10:046][  0]LogSlate: SlateFontCache - WITH_FREETYPE: 1, WITH_HARFBUZZ: 1
[2016.11.17-01.46.10:046][  0]LogSlate: SlateFontCache - WITH_FREETYPE: 1, WITH_HARFBUZZ: 1
[2016.11.17-01.46.10:182][  0]LogMoviePlayer: Initializing movie player
[2016.11.17-01.46.10:308][  0]LogWindowsMoviePlayer: Unable to load movie: D:/Wifun_작업문서 이정상/MyOwnUnrealProjects/TPS_LJS/Content/Movies/Default_Startup.mp4
[2016.11.17-01.46.10:518][  0]SourceControl: Info Source control is disabled
[2016.11.17-01.46.10:518][  0]SourceControl: Info Source control is disabled
[2016.11.17-01.46.10:541][  0]SourceControl: Info Source control is disabled
[2016.11.17-01.46.10:907][  0]LogUObjectArray: 32663 objects as part of root set at end of initial load.
[2016.11.17-01.46.10:907][  0]LogUObjectAllocator: 7458632 out of 0 bytes used by permanent object pool.
[2016.11.17-01.46.10:907][  0]LogUObjectArray: CloseDisregardForGC: 0/0 objects in disregard for GC pool
[2016.11.17-01.46.10:975][  0]LogEngine: Initializing Engine...
[2016.11.17-01.46.10:976][  0]LogHMD: Failed to initialize OpenVR with code 110
[2016.11.17-01.46.11:126][  0]LogInit: XAudio2 using '스피커(2- Realtek High Definition Audio)' : 2 channels at 48 kHz using 32 bits per sample (channel mask 0x3)
[2016.11.17-01.46.11:138][  0]LogInit: FAudioDevice initialized.
[2016.11.17-01.46.11:172][  0]LogDerivedDataCache: Saved boot cache 0.03s 62MB C:/Users/EMPRISE/AppData/Local/UnrealEngine/4.13/DerivedDataCache/Boot.ddc.
[2016.11.17-01.46.11:176][  0]LogInit: Texture streaming: Enabled
[2016.11.17-01.46.11:578][  0]LogInit:Display: Game Engine Initialized.
[2016.11.17-01.46.11:672][  0]LogInit:Display: Starting Game.
[2016.11.17-01.46.11:672][  0]LogNet: Browse: /Game/SteamMultiplayer/SteamMaps/MainMenu?Name=Player
[2016.11.17-01.46.11:672][  0]LogLoad: LoadMap: /Game/SteamMultiplayer/SteamMaps/MainMenu?Name=Player
[2016.11.17-01.46.11:693][  0]LogMemory: Platform Memory Stats for Windows
[2016.11.17-01.46.11:693][  0]LogMemory: Process Physical Memory: 690.91 MB used, 706.59 MB peak
[2016.11.17-01.46.11:693][  0]LogMemory: Process Virtual Memory: 776.11 MB used, 776.12 MB peak
[2016.11.17-01.46.11:693][  0]LogMemory: Physical Memory: 11517.52 MB used, 16334.92 MB total
[2016.11.17-01.46.11:693][  0]LogMemory: Virtual Memory: 1427.90 MB used, 8388608.00 MB total
[2016.11.17-01.46.11:693][  0]LogMemory: 
[2016.11.17-01.46.11:693][  0]Allocator Stats for TBB: (not implemented)
[2016.11.17-01.46.11:763][  0]LogAIModule: Creating AISystem for world MainMenu
[2016.11.17-01.46.11:968][  0]LogWorld: Game class is 'ThirdPersonGameMode_C'
[2016.11.17-01.46.11:969][  0]LogWorld: Bringing World /Game/SteamMultiplayer/SteamMaps/MainMenu.MainMenu up for play (max tick rate 0) at 2016.11.17-10.46.11
[2016.11.17-01.46.11:969][  0]LogWorld: Bringing up level for play took: 0.000476
[2016.11.17-01.46.11:970][  0]LogGameMode: Warning - PATHS NOT DEFINED or NO PLAYERSTART with positive rating
[2016.11.17-01.46.11:970][  0]LogGameMode:Display: Match State Changed from EnteringMap to WaitingToStart
[2016.11.17-01.46.11:970][  0]LogGameState: Match State Changed from EnteringMap to WaitingToStart
[2016.11.17-01.46.11:970][  0]LogGameMode:Display: Match State Changed from WaitingToStart to InProgress
[2016.11.17-01.46.11:973][  0]LogGameState: Match State Changed from WaitingToStart to InProgress
[2016.11.17-01.46.11:973][  0]LogLoad: Took 0.301141 seconds to LoadMap(/Game/SteamMultiplayer/SteamMaps/MainMenu)
[2016.11.17-01.46.12:227][  0]LogLoad: (Engine Initialization) Total time: 9.77 seconds
[2016.11.17-01.46.12:227][  0]LogLoad: (Engine Initialization) Total Blueprint compile time: 0.20 seconds
[2016.11.17-01.46.12:227][  0]LogExternalProfiler: Found external profiler: VSPerf
[2016.11.17-01.46.12:227][  0]LogExternalProfiler: Using external profiler: VSPerf
[2016.11.17-01.46.12:244][  0]LogOcInput: OculusInput pre-init called
[2016.11.17-01.46.12:299][  0]LogRenderer: Reallocating scene render targets to support 128x128 (Frame:1).
[2016.11.17-01.46.12:447][  1]LogRenderer: Reallocating scene render targets to support 1400x876 (Frame:2).
[2016.11.17-01.46.23:358][569]LogNetVersion: GetLocalNetworkVersion: CL: 3106830, ProjectName: tps_ljs, ProjectVersion: 1.0.0.0, EngineNetworkVersion: 1, GameNetworkVersion: 0, NetworkChecksum: 4027345
[2016.11.17-01.46.23:366][569]LogInit: WinSock: I am emprise-PC1 (10.10.64.6:0)
[2016.11.17-01.46.23:618][569]LogPackageName: SearchForPackageOnDisk took   0.135s to resolve Lobby.umap.
[2016.11.17-01.46.23:618][569]LogGameMode:Display: Match State Changed from InProgress to LeavingMap
[2016.11.17-01.46.23:618][569]LogGameState: Match State Changed from InProgress to LeavingMap
[2016.11.17-01.46.23:747][569]LogPackageName: SearchForPackageOnDisk took   0.128s to resolve Lobby.umap.
[2016.11.17-01.46.23:747][569]LogNet: Browse: /Game/SteamMultiplayer/SteamMaps/Lobby?listen
[2016.11.17-01.46.23:747][569]LogLoad: LoadMap: /Game/SteamMultiplayer/SteamMaps/Lobby?listen
[2016.11.17-01.46.23:764][569]LogMemory: Platform Memory Stats for Windows
[2016.11.17-01.46.23:764][569]LogMemory: Process Physical Memory: 737.74 MB used, 737.74 MB peak
[2016.11.17-01.46.23:764][569]LogMemory: Process Virtual Memory: 972.49 MB used, 988.57 MB peak
[2016.11.17-01.46.23:764][569]LogMemory: Physical Memory: 11633.50 MB used, 16334.92 MB total
[2016.11.17-01.46.23:764][569]LogMemory: Virtual Memory: 1622.17 MB used, 8388608.00 MB total
[2016.11.17-01.46.23:764][569]LogMemory: 
[2016.11.17-01.46.23:764][569]Allocator Stats for TBB: (not implemented)
[2016.11.17-01.46.24:326][569]LogAIModule: Creating AISystem for world Lobby
[2016.11.17-01.46.24:326][569]LogWorld: Game class is 'LobbyGM_C'
[2016.11.17-01.46.24:358][569]LogOnline:Warning: STEAM: Failed to initialize Steam, this could be due to a Steam server and client running on the same machine. Try running with -NOSTEAM on the cmdline to disable.
[2016.11.17-01.46.24:358][569]LogOnline:Display: STEAM: OnlineSubsystemSteam::Shutdown()
[2016.11.17-01.46.24:359][569]LogOnline:Warning: STEAM: Steam API failed to initialize!
[2016.11.17-01.46.24:359][569]LogOnline:Display: STEAM: OnlineSubsystemSteam::Shutdown()
[2016.11.17-01.46.24:359][569]LogInit: WinSock: Socket queue 131072 / 131072
[2016.11.17-01.46.24:359][569]PacketHandlerLog: Loaded PacketHandler component: Engine.EngineHandlerComponentFactory (StatelessConnectHandlerComponent)
[2016.11.17-01.46.24:359][569]LogNet: GameNetDriver IpNetDriver_0 IpNetDriver listening on port 7777
[2016.11.17-01.46.24:361][569]LogWorld: Bringing World /Game/SteamMultiplayer/SteamMaps/Lobby.Lobby up for play (max tick rate 0) at 2016.11.17-10.46.24
[2016.11.17-01.46.24:361][569]LogWorld: Bringing up level for play took: 0.001504
[2016.11.17-01.46.24:370][569]LogGameMode:Display: Match State Changed from EnteringMap to WaitingToStart
[2016.11.17-01.46.24:370][569]LogGameState: Match State Changed from EnteringMap to WaitingToStart
[2016.11.17-01.46.24:370][569]LogGameMode:Display: Match State Changed from WaitingToStart to InProgress
[2016.11.17-01.46.24:370][569]LogOnline:Warning: NULL: Can't start an online session (Game) in state InProgress
[2016.11.17-01.46.24:380][569]LogVoice:Warning: Failed to initialize voice interface
[2016.11.17-01.46.24:380][569]LogGameState: Match State Changed from WaitingToStart to InProgress
[2016.11.17-01.46.24:380][569]LogLoad: Took 0.632330 seconds to LoadMap(/Game/SteamMultiplayer/SteamMaps/Lobby)
[2016.11.17-01.46.30:175][826]PIE:Warning: Warning This widget does not support focus.  If this is a UserWidget, you should set bIsFocusable to true.
[2016.11.17-01.46.49:290][672]LogPackageName: SearchForPackageOnDisk took   0.148s to resolve MainMenu.umap.
[2016.11.17-01.46.49:291][672]LogGameMode:Display: Match State Changed from InProgress to LeavingMap
[2016.11.17-01.46.49:291][672]LogGameState: Match State Changed from InProgress to LeavingMap
[2016.11.17-01.46.49:416][672]LogPackageName: SearchForPackageOnDisk took   0.125s to resolve MainMenu.umap.
[2016.11.17-01.46.49:416][672]LogNet: Browse: /Game/SteamMultiplayer/SteamMaps/MainMenu
[2016.11.17-01.46.49:416][672]LogLoad: LoadMap: /Game/SteamMultiplayer/SteamMaps/MainMenu
[2016.11.17-01.46.49:416][672]LogNet: World NetDriver shutdown IpNetDriver_0 [GameNetDriver]
[2016.11.17-01.46.49:416][672]LogNet: DestroyNamedNetDriver IpNetDriver_0 [GameNetDriver]
[2016.11.17-01.46.49:416][672]LogExit: GameNetDriver IpNetDriver_0 shut down
[2016.11.17-01.46.49:417][672]LogScriptCore:Warning: Script Msg: DestroySession - Invalid player state
[2016.11.17-01.46.49:417][672]LogScriptCore:Warning: 
[2016.11.17-01.46.49:452][672]LogMemory: Platform Memory Stats for Windows
[2016.11.17-01.46.49:452][672]LogMemory: Process Physical Memory: 801.60 MB used, 835.84 MB peak
[2016.11.17-01.46.49:452][672]LogMemory: Process Virtual Memory: 1073.61 MB used, 1153.65 MB peak
[2016.11.17-01.46.49:452][672]LogMemory: Physical Memory: 11668.38 MB used, 16334.92 MB total
[2016.11.17-01.46.49:452][672]LogMemory: Virtual Memory: 1732.67 MB used, 8388608.00 MB total
[2016.11.17-01.46.49:452][672]LogMemory: 
[2016.11.17-01.46.49:452][672]Allocator Stats for TBB: (not implemented)
[2016.11.17-01.46.49:461][672]LogAIModule: Creating AISystem for world MainMenu
[2016.11.17-01.46.49:550][672]LogWorld: Game class is 'ThirdPersonGameMode_C'
[2016.11.17-01.46.49:551][672]LogWorld: Bringing World /Game/SteamMultiplayer/SteamMaps/MainMenu.MainMenu up for play (max tick rate 0) at 2016.11.17-10.46.49
[2016.11.17-01.46.49:551][672]LogWorld: Bringing up level for play took: 0.000404
[2016.11.17-01.46.49:552][672]LogGameMode: Warning - PATHS NOT DEFINED or NO PLAYERSTART with positive rating
[2016.11.17-01.46.49:552][672]LogGameMode:Display: Match State Changed from EnteringMap to WaitingToStart
[2016.11.17-01.46.49:552][672]LogGameState: Match State Changed from EnteringMap to WaitingToStart
[2016.11.17-01.46.49:552][672]LogGameMode:Display: Match State Changed from WaitingToStart to InProgress
[2016.11.17-01.46.49:553][672]LogGameState: Match State Changed from WaitingToStart to InProgress
[2016.11.17-01.46.49:553][672]LogLoad: Took 0.137827 seconds to LoadMap(/Game/SteamMultiplayer/SteamMaps/MainMenu)
[2016.11.17-01.46.54:323][907]LogPackageName: SearchForPackageOnDisk took   0.130s to resolve Lobby.umap.
[2016.11.17-01.46.54:324][907]LogGameMode:Display: Match State Changed from InProgress to LeavingMap
[2016.11.17-01.46.54:324][907]LogGameState: Match State Changed from InProgress to LeavingMap
[2016.11.17-01.46.54:447][907]LogPackageName: SearchForPackageOnDisk took   0.123s to resolve Lobby.umap.
[2016.11.17-01.46.54:447][907]LogNet: Browse: /Game/SteamMultiplayer/SteamMaps/Lobby?listen
[2016.11.17-01.46.54:447][907]LogLoad: LoadMap: /Game/SteamMultiplayer/SteamMaps/Lobby?listen
[2016.11.17-01.46.54:464][907]LogMemory: Platform Memory Stats for Windows
[2016.11.17-01.46.54:464][907]LogMemory: Process Physical Memory: 821.20 MB used, 835.84 MB peak
[2016.11.17-01.46.54:464][907]LogMemory: Process Virtual Memory: 1036.79 MB used, 1153.65 MB peak
[2016.11.17-01.46.54:464][907]LogMemory: Physical Memory: 11685.20 MB used, 16334.92 MB total
[2016.11.17-01.46.54:464][907]LogMemory: Virtual Memory: 1695.17 MB used, 8388608.00 MB total
[2016.11.17-01.46.54:464][907]LogMemory: 
[2016.11.17-01.46.54:464][907]Allocator Stats for TBB: (not implemented)
[2016.11.17-01.46.54:989][907]LogAIModule: Creating AISystem for world Lobby
[2016.11.17-01.46.54:990][907]LogWorld: Game class is 'LobbyGM_C'
[2016.11.17-01.46.55:085][907]LogOnline:Warning: STEAM: Failed to initialize Steam, this could be due to a Steam server and client running on the same machine. Try running with -NOSTEAM on the cmdline to disable.
[2016.11.17-01.46.55:085][907]LogOnline:Display: STEAM: OnlineSubsystemSteam::Shutdown()
[2016.11.17-01.46.55:085][907]LogOnline:Warning: STEAM: Steam API failed to initialize!
[2016.11.17-01.46.55:085][907]LogOnline:Display: STEAM: OnlineSubsystemSteam::Shutdown()
[2016.11.17-01.46.55:086][907]LogInit: WinSock: Socket queue 131072 / 131072
[2016.11.17-01.46.55:086][907]PacketHandlerLog: Loaded PacketHandler component: Engine.EngineHandlerComponentFactory (StatelessConnectHandlerComponent)
[2016.11.17-01.46.55:086][907]LogNet: GameNetDriver IpNetDriver_1 IpNetDriver listening on port 7777
[2016.11.17-01.46.55:088][907]LogWorld: Bringing World /Game/SteamMultiplayer/SteamMaps/Lobby.Lobby up for play (max tick rate 0) at 2016.11.17-10.46.55
[2016.11.17-01.46.55:088][907]LogWorld: Bringing up level for play took: 0.001222
[2016.11.17-01.46.55:096][907]LogGameMode:Display: Match State Changed from EnteringMap to WaitingToStart
[2016.11.17-01.46.55:096][907]LogGameState: Match State Changed from EnteringMap to WaitingToStart
[2016.11.17-01.46.55:096][907]LogGameMode:Display: Match State Changed from WaitingToStart to InProgress
[2016.11.17-01.46.55:096][907]LogOnline:Warning: NULL: Can't start an online session (Game) in state InProgress
[2016.11.17-01.46.55:096][907]LogGameState: Match State Changed from WaitingToStart to InProgress
[2016.11.17-01.46.55:096][907]LogLoad: Took 0.648951 seconds to LoadMap(/Game/SteamMultiplayer/SteamMaps/Lobby)
[2016.11.17-01.47.17:602][866]LogPackageName: SearchForPackageOnDisk took   0.134s to resolve MainMenu.umap.
[2016.11.17-01.47.17:602][866]LogGameMode:Display: Match State Changed from InProgress to LeavingMap
[2016.11.17-01.47.17:602][866]LogGameState: Match State Changed from InProgress to LeavingMap
[2016.11.17-01.47.17:728][866]LogPackageName: SearchForPackageOnDisk took   0.126s to resolve MainMenu.umap.
[2016.11.17-01.47.17:728][866]LogNet: Browse: /Game/SteamMultiplayer/SteamMaps/MainMenu
[2016.11.17-01.47.17:728][866]LogLoad: LoadMap: /Game/SteamMultiplayer/SteamMaps/MainMenu
[2016.11.17-01.47.17:728][866]LogNet: World NetDriver shutdown IpNetDriver_1 [GameNetDriver]
[2016.11.17-01.47.17:728][866]LogNet: DestroyNamedNetDriver IpNetDriver_1 [GameNetDriver]
[2016.11.17-01.47.17:729][866]LogExit: GameNetDriver IpNetDriver_1 shut down
[2016.11.17-01.47.17:729][866]LogScriptCore:Warning: Script Msg: DestroySession - Invalid player state
[2016.11.17-01.47.17:729][866]LogScriptCore:Warning: 
[2016.11.17-01.47.17:765][866]LogMemory: Platform Memory Stats for Windows
[2016.11.17-01.47.17:766][866]LogMemory: Process Physical Memory: 854.41 MB used, 898.55 MB peak
[2016.11.17-01.47.17:766][866]LogMemory: Process Virtual Memory: 1092.84 MB used, 1189.47 MB peak
[2016.11.17-01.47.17:766][866]LogMemory: Physical Memory: 11701.88 MB used, 16334.92 MB total
[2016.11.17-01.47.17:766][866]LogMemory: Virtual Memory: 1741.48 MB used, 8388608.00 MB total
[2016.11.17-01.47.17:766][866]LogMemory: 
[2016.11.17-01.47.17:766][866]Allocator Stats for TBB: (not implemented)
[2016.11.17-01.47.17:775][866]LogAIModule: Creating AISystem for world MainMenu
[2016.11.17-01.47.17:863][866]LogWorld: Game class is 'ThirdPersonGameMode_C'
[2016.11.17-01.47.17:864][866]LogWorld: Bringing World /Game/SteamMultiplayer/SteamMaps/MainMenu.MainMenu up for play (max tick rate 0) at 2016.11.17-10.47.17
[2016.11.17-01.47.17:864][866]LogWorld: Bringing up level for play took: 0.000449
[2016.11.17-01.47.17:864][866]LogGameMode: Warning - PATHS NOT DEFINED or NO PLAYERSTART with positive rating
[2016.11.17-01.47.17:864][866]LogGameMode:Display: Match State Changed from EnteringMap to WaitingToStart
[2016.11.17-01.47.17:864][866]LogGameState: Match State Changed from EnteringMap to WaitingToStart
[2016.11.17-01.47.17:864][866]LogGameMode:Display: Match State Changed from WaitingToStart to InProgress
[2016.11.17-01.47.17:866][866]LogGameState: Match State Changed from WaitingToStart to InProgress
[2016.11.17-01.47.17:866][866]LogLoad: Took 0.137390 seconds to LoadMap(/Game/SteamMultiplayer/SteamMaps/MainMenu)
[2016.11.17-01.47.21:867][ 60]LogPackageName: SearchForPackageOnDisk took   0.124s to resolve Lobby.umap.
[2016.11.17-01.47.21:867][ 60]LogGameMode:Display: Match State Changed from InProgress to LeavingMap
[2016.11.17-01.47.21:867][ 60]LogGameState: Match State Changed from InProgress to LeavingMap
[2016.11.17-01.47.21:989][ 60]LogPackageName: SearchForPackageOnDisk took   0.121s to resolve Lobby.umap.
[2016.11.17-01.47.21:989][ 60]LogNet: Browse: /Game/SteamMultiplayer/SteamMaps/Lobby?listen
[2016.11.17-01.47.21:989][ 60]LogLoad: LoadMap: /Game/SteamMultiplayer/SteamMaps/Lobby?listen
[2016.11.17-01.47.22:005][ 60]LogMemory: Platform Memory Stats for Windows
[2016.11.17-01.47.22:005][ 60]LogMemory: Process Physical Memory: 851.48 MB used, 898.55 MB peak
[2016.11.17-01.47.22:005][ 60]LogMemory: Process Virtual Memory: 1050.80 MB used, 1189.47 MB peak
[2016.11.17-01.47.22:005][ 60]LogMemory: Physical Memory: 11698.41 MB used, 16334.92 MB total
[2016.11.17-01.47.22:005][ 60]LogMemory: Virtual Memory: 1699.54 MB used, 8388608.00 MB total
[2016.11.17-01.47.22:005][ 60]LogMemory: 
[2016.11.17-01.47.22:005][ 60]Allocator Stats for TBB: (not implemented)
[2016.11.17-01.47.22:541][ 60]LogAIModule: Creating AISystem for world Lobby
[2016.11.17-01.47.22:541][ 60]LogWorld: Game class is 'LobbyGM_C'
[2016.11.17-01.47.22:575][ 60]LogOnline:Warning: STEAM: Failed to initialize Steam, this could be due to a Steam server and client running on the same machine. Try running with -NOSTEAM on the cmdline to disable.
[2016.11.17-01.47.22:575][ 60]LogOnline:Display: STEAM: OnlineSubsystemSteam::Shutdown()
[2016.11.17-01.47.22:575][ 60]LogOnline:Warning: STEAM: Steam API failed to initialize!
[2016.11.17-01.47.22:575][ 60]LogOnline:Display: STEAM: OnlineSubsystemSteam::Shutdown()
[2016.11.17-01.47.22:576][ 60]LogInit: WinSock: Socket queue 131072 / 131072
[2016.11.17-01.47.22:576][ 60]PacketHandlerLog: Loaded PacketHandler component: Engine.EngineHandlerComponentFactory (StatelessConnectHandlerComponent)
[2016.11.17-01.47.22:576][ 60]LogNet: GameNetDriver IpNetDriver_2 IpNetDriver listening on port 7777
[2016.11.17-01.47.22:578][ 60]LogWorld: Bringing World /Game/SteamMultiplayer/SteamMaps/Lobby.Lobby up for play (max tick rate 0) at 2016.11.17-10.47.22
[2016.11.17-01.47.22:578][ 60]LogWorld: Bringing up level for play took: 0.001074
[2016.11.17-01.47.22:586][ 60]LogGameMode:Display: Match State Changed from EnteringMap to WaitingToStart
[2016.11.17-01.47.22:586][ 60]LogGameState: Match State Changed from EnteringMap to WaitingToStart
[2016.11.17-01.47.22:586][ 60]LogGameMode:Display: Match State Changed from WaitingToStart to InProgress
[2016.11.17-01.47.22:586][ 60]LogOnline:Warning: NULL: Can't start an online session (Game) in state InProgress
[2016.11.17-01.47.22:587][ 60]LogGameState: Match State Changed from WaitingToStart to InProgress
[2016.11.17-01.47.22:587][ 60]LogLoad: Took 0.597962 seconds to LoadMap(/Game/SteamMultiplayer/SteamMaps/Lobby)
[2016.11.17-01.47.31:350][430]LogPackageName: SearchForPackageOnDisk took   0.133s to resolve MainMenu.umap.
[2016.11.17-01.47.31:351][430]LogGameMode:Display: Match State Changed from InProgress to LeavingMap
[2016.11.17-01.47.31:351][430]LogGameState: Match State Changed from InProgress to LeavingMap
[2016.11.17-01.47.31:476][430]LogPackageName: SearchForPackageOnDisk took   0.125s to resolve MainMenu.umap.
[2016.11.17-01.47.31:476][430]LogNet: Browse: /Game/SteamMultiplayer/SteamMaps/MainMenu
[2016.11.17-01.47.31:476][430]LogLoad: LoadMap: /Game/SteamMultiplayer/SteamMaps/MainMenu
[2016.11.17-01.47.31:476][430]LogNet: World NetDriver shutdown IpNetDriver_2 [GameNetDriver]
[2016.11.17-01.47.31:476][430]LogNet: DestroyNamedNetDriver IpNetDriver_2 [GameNetDriver]
[2016.11.17-01.47.31:476][430]LogExit: GameNetDriver IpNetDriver_2 shut down
[2016.11.17-01.47.31:477][430]LogScriptCore:Warning: Script Msg: DestroySession - Invalid player state
[2016.11.17-01.47.31:477][430]LogScriptCore:Warning: 
[2016.11.17-01.47.31:512][430]LogMemory: Platform Memory Stats for Windows
[2016.11.17-01.47.31:512][430]LogMemory: Process Physical Memory: 876.09 MB used, 905.11 MB peak
[2016.11.17-01.47.31:513][430]LogMemory: Process Virtual Memory: 1124.46 MB used, 1206.83 MB peak
[2016.11.17-01.47.31:513][430]LogMemory: Physical Memory: 11745.43 MB used, 16334.92 MB total
[2016.11.17-01.47.31:513][430]LogMemory: Virtual Memory: 1773.04 MB used, 8388608.00 MB total
[2016.11.17-01.47.31:513][430]LogMemory: 
[2016.11.17-01.47.31:513][430]Allocator Stats for TBB: (not implemented)
[2016.11.17-01.47.31:522][430]LogAIModule: Creating AISystem for world MainMenu
[2016.11.17-01.47.31:611][430]LogWorld: Game class is 'ThirdPersonGameMode_C'
[2016.11.17-01.47.31:612][430]LogWorld: Bringing World /Game/SteamMultiplayer/SteamMaps/MainMenu.MainMenu up for play (max tick rate 0) at 2016.11.17-10.47.31
[2016.11.17-01.47.31:612][430]LogWorld: Bringing up level for play took: 0.000402
[2016.11.17-01.47.31:613][430]LogGameMode: Warning - PATHS NOT DEFINED or NO PLAYERSTART with positive rating
[2016.11.17-01.47.31:613][430]LogGameMode:Display: Match State Changed from EnteringMap to WaitingToStart
[2016.11.17-01.47.31:613][430]LogGameState: Match State Changed from EnteringMap to WaitingToStart
[2016.11.17-01.47.31:613][430]LogGameMode:Display: Match State Changed from WaitingToStart to InProgress
[2016.11.17-01.47.31:614][430]LogGameState: Match State Changed from WaitingToStart to InProgress
[2016.11.17-01.47.31:614][430]LogLoad: Took 0.138494 seconds to LoadMap(/Game/SteamMultiplayer/SteamMaps/MainMenu)
[2016.11.17-01.47.37:255][703]LogPackageName: SearchForPackageOnDisk took   0.132s to resolve Lobby.umap.
[2016.11.17-01.47.37:255][703]LogGameMode:Display: Match State Changed from InProgress to LeavingMap
[2016.11.17-01.47.37:255][703]LogGameState: Match State Changed from InProgress to LeavingMap
[2016.11.17-01.47.37:378][703]LogPackageName: SearchForPackageOnDisk took   0.122s to resolve Lobby.umap.
[2016.11.17-01.47.37:378][703]LogNet: Browse: /Game/SteamMultiplayer/SteamMaps/Lobby?listen
[2016.11.17-01.47.37:378][703]LogLoad: LoadMap: /Game/SteamMultiplayer/SteamMaps/Lobby?listen
[2016.11.17-01.47.37:394][703]LogMemory: Platform Memory Stats for Windows
[2016.11.17-01.47.37:394][703]LogMemory: Process Physical Memory: 883.38 MB used, 905.11 MB peak
[2016.11.17-01.47.37:394][703]LogMemory: Process Virtual Memory: 1087.89 MB used, 1206.83 MB peak
[2016.11.17-01.47.37:394][703]LogMemory: Physical Memory: 11728.64 MB used, 16334.92 MB total
[2016.11.17-01.47.37:394][703]LogMemory: Virtual Memory: 1736.54 MB used, 8388608.00 MB total
[2016.11.17-01.47.37:394][703]LogMemory: 
[2016.11.17-01.47.37:394][703]Allocator Stats for TBB: (not implemented)
[2016.11.17-01.47.37:920][703]LogAIModule: Creating AISystem for world Lobby
[2016.11.17-01.47.37:920][703]LogWorld: Game class is 'LobbyGM_C'
[2016.11.17-01.47.38:012][703]LogOnline:Warning: STEAM: Failed to initialize Steam, this could be due to a Steam server and client running on the same machine. Try running with -NOSTEAM on the cmdline to disable.
[2016.11.17-01.47.38:012][703]LogOnline:Display: STEAM: OnlineSubsystemSteam::Shutdown()
[2016.11.17-01.47.38:013][703]LogOnline:Warning: STEAM: Steam API failed to initialize!
[2016.11.17-01.47.38:013][703]LogOnline:Display: STEAM: OnlineSubsystemSteam::Shutdown()
[2016.11.17-01.47.38:013][703]LogInit: WinSock: Socket queue 131072 / 131072
[2016.11.17-01.47.38:014][703]PacketHandlerLog: Loaded PacketHandler component: Engine.EngineHandlerComponentFactory (StatelessConnectHandlerComponent)
[2016.11.17-01.47.38:014][703]LogNet: GameNetDriver IpNetDriver_3 IpNetDriver listening on port 7777
[2016.11.17-01.47.38:015][703]LogWorld: Bringing World /Game/SteamMultiplayer/SteamMaps/Lobby.Lobby up for play (max tick rate 0) at 2016.11.17-10.47.38
[2016.11.17-01.47.38:016][703]LogWorld: Bringing up level for play took: 0.001087
[2016.11.17-01.47.38:024][703]LogGameMode:Display: Match State Changed from EnteringMap to WaitingToStart
[2016.11.17-01.47.38:024][703]LogGameState: Match State Changed from EnteringMap to WaitingToStart
[2016.11.17-01.47.38:024][703]LogGameMode:Display: Match State Changed from WaitingToStart to InProgress
[2016.11.17-01.47.38:024][703]LogOnline:Warning: NULL: Can't start an online session (Game) in state InProgress
[2016.11.17-01.47.38:024][703]LogGameState: Match State Changed from WaitingToStart to InProgress
[2016.11.17-01.47.38:024][703]LogLoad: Took 0.646612 seconds to LoadMap(/Game/SteamMultiplayer/SteamMaps/Lobby)
[2016.11.17-01.47.45:849][ 32]LogScriptCore:Warning: Script Msg: DestroySession - Invalid player state
[2016.11.17-01.47.45:849][ 32]LogScriptCore:Warning: 
[2016.11.17-01.47.45:850][ 32]LogEngine: All Windows Closed
[2016.11.17-01.47.45:850][ 32]LogWindows: FPlatformMisc::RequestExit(0)
[2016.11.17-01.47.45:850][ 33]LogMoviePlayer: Shutting down movie player
[2016.11.17-01.47.45:987][ 33]LogNet: World NetDriver shutdown IpNetDriver_3 [GameNetDriver]
[2016.11.17-01.47.45:987][ 33]LogNet: DestroyNamedNetDriver IpNetDriver_3 [GameNetDriver]
[2016.11.17-01.47.45:987][ 33]LogExit: GameNetDriver IpNetDriver_3 shut down
[2016.11.17-01.47.46:006][ 33]LogExit: Preparing to exit.
[2016.11.17-01.47.46:081][ 33]LogExit: Game engine shut down
[2016.11.17-01.47.46:176][ 33]LogObj: Freed 0b from 0 cluster array pools.
[2016.11.17-01.47.46:176][ 33]LogExit: Object subsystem successfully closed.
[2016.11.17-01.47.46:193][ 33]LogD3D11RHI: Shutdown
[2016.11.17-01.47.46:193][ 33]LogD3D11RHI: CleanupD3DDevice
[2016.11.17-01.47.46:235][ 33]LogD3D11RHI: ~FD3D11DynamicRHI
[2016.11.17-01.47.46:243][ 33]LogModuleManager: Shutting down and abandoning module SequenceRecorderSections (121)
[2016.11.17-01.47.46:243][ 33]LogModuleManager: Shutting down and abandoning module SequenceRecorder (120)
[2016.11.17-01.47.46:243][ 33]LogModuleManager: Shutting down and abandoning module AutomationController (119)
[2016.11.17-01.47.46:243][ 33]LogModuleManager: Shutting down and abandoning module AutomationWorker (118)
[2016.11.17-01.47.46:243][ 33]LogModuleManager: Shutting down and abandoning module GameplayDebugger (117)
[2016.11.17-01.47.46:243][ 33]LogModuleManager: Shutting down and abandoning module AITestSuite (116)
[2016.11.17-01.47.46:243][ 33]LogModuleManager: Shutting down and abandoning module AIModule (115)
[2016.11.17-01.47.46:243][ 33]LogModuleManager: Shutting down and abandoning module WmfMediaFactory (114)
[2016.11.17-01.47.46:243][ 33]LogModuleManager: Shutting down and abandoning module AvfMediaFactory (113)
[2016.11.17-01.47.46:243][ 33]LogModuleManager: Shutting down and abandoning module Media (112)
[2016.11.17-01.47.46:243][ 33]LogModuleManager: Shutting down and abandoning module AndroidMediaFactory (111)
[2016.11.17-01.47.46:243][ 33]LogModuleManager: Shutting down and abandoning module CharacterAI (110)
[2016.11.17-01.47.46:243][ 33]LogModuleManager: Shutting down and abandoning module SessionServices (109)
[2016.11.17-01.47.46:243][ 33]LogModuleManager: Shutting down and abandoning module MovieSceneCapture (108)
[2016.11.17-01.47.46:243][ 33]LogModuleManager: Shutting down and abandoning module Niagara (107)
[2016.11.17-01.47.46:243][ 33]LogModuleManager: Shutting down and abandoning module StreamingPauseRendering (106)
[2016.11.17-01.47.46:243][ 33]LogModuleManager: Shutting down and abandoning module PortalServices (105)
[2016.11.17-01.47.46:243][ 33]LogModuleManager: Shutting down and abandoning module PortalRpc (104)
[2016.11.17-01.47.46:243][ 33]LogModuleManager: Shutting down and abandoning module MessagingRpc (103)
[2016.11.17-01.47.46:243][ 33]LogModuleManager: Shutting down and abandoning module ProfilerService (102)
[2016.11.17-01.47.46:446][ 33]LogModuleManager: Shutting down and abandoning module TaskGraph (101)
[2016.11.17-01.47.46:446][ 33]LogModuleManager: Shutting down and abandoning module SlateRemote (100)
[2016.11.17-01.47.46:446][ 33]LogModuleManager: Shutting down and abandoning module SteamVRController (99)
[2016.11.17-01.47.46:446][ 33]LogModuleManager: Shutting down and abandoning module SteamVR (98)
[2016.11.17-01.47.46:446][ 33]LogModuleManager: Shutting down and abandoning module ProceduralMeshComponent (97)
[2016.11.17-01.47.46:446][ 33]LogModuleManager: Shutting down and abandoning module OculusLibrary (96)
[2016.11.17-01.47.46:446][ 33]LogModuleManager: Shutting down and abandoning module OculusInput (95)
[2016.11.17-01.47.46:446][ 33]LogModuleManager: Shutting down and abandoning module CustomMeshComponent (94)
[2016.11.17-01.47.46:446][ 33]LogModuleManager: Shutting down and abandoning module CableComponent (93)
[2016.11.17-01.47.46:446][ 33]LogModuleManager: Shutting down and abandoning module ArchVisCharacter (92)
[2016.11.17-01.47.46:446][ 33]LogModuleManager: Shutting down and abandoning module HTML5Networking (91)
[2016.11.17-01.47.46:446][ 33]LogModuleManager: Shutting down and abandoning module DesktopPlatform (90)
[2016.11.17-01.47.46:446][ 33]LogModuleManager: Shutting down and abandoning module DirectoryWatcher (89)
[2016.11.17-01.47.46:446][ 33]LogDirectoryWatcher: A directory notification for 'D:/Wifun_작업문서 이정상/MyOwnUnrealProjects/TPS_LJS/Binaries/Win64' was aborted.
[2016.11.17-01.47.46:446][ 33]LogModuleManager: Shutting down and abandoning module HotReload (88)
[2016.11.17-01.47.46:446][ 33]LogModuleManager: Shutting down and abandoning module VisualStudioSourceCodeAccess (87)
[2016.11.17-01.47.46:446][ 33]LogModuleManager: Shutting down and abandoning module UObjectPlugin (86)
[2016.11.17-01.47.46:446][ 33]LogModuleManager: Shutting down and abandoning module SubversionSourceControl (85)
[2016.11.17-01.47.46:446][ 33]LogModuleManager: Shutting down and abandoning module SourceControl (84)
[2016.11.17-01.47.46:447][ 33]LogModuleManager: Shutting down and abandoning module PerforceSourceControl (83)
[2016.11.17-01.47.46:447][ 33]LogModuleManager: Shutting down and abandoning module UdpMessaging (82)
[2016.11.17-01.47.46:447][ 33]LogModuleManager: Shutting down and abandoning module TcpMessaging (81)
[2016.11.17-01.47.46:447][ 33]LogModuleManager: Shutting down and abandoning module LightPropagationVolumeRuntime (80)
[2016.11.17-01.47.46:447][ 33]LogModuleManager: Shutting down and abandoning module Paper2D (79)
[2016.11.17-01.47.46:447][ 33]LogModuleManager: Shutting down and abandoning module WindowsMoviePlayer (78)
[2016.11.17-01.47.46:447][ 33]LogModuleManager: Shutting down and abandoning module WmfMedia (77)
[2016.11.17-01.47.46:447][ 33]LogModuleManager: Shutting down and abandoning module MediaAssets (76)
[2016.11.17-01.47.46:447][ 33]LogModuleManager: Shutting down and abandoning module GameLiveStreaming (75)
[2016.11.17-01.47.46:447][ 33]LogModuleManager: Shutting down and abandoning module GameplayTagsEditor (74)
[2016.11.17-01.47.46:447][ 33]LogModuleManager: Shutting down and abandoning module VREditor (73)
[2016.11.17-01.47.46:447][ 33]LogModuleManager: Shutting down and abandoning module GameplayTasksEditor (72)
[2016.11.17-01.47.46:447][ 33]LogModuleManager: Shutting down and abandoning module PropertyEditor (71)
[2016.11.17-01.47.46:447][ 33]LogModuleManager: Shutting down and abandoning module BehaviorTreeEditor (70)
[2016.11.17-01.47.46:447][ 33]LogModuleManager: Shutting down and abandoning module FunctionalTesting (69)
[2016.11.17-01.47.46:447][ 33]LogModuleManager: Shutting down and abandoning module CollisionAnalyzer (68)
[2016.11.17-01.47.46:447][ 33]LogModuleManager: Shutting down and abandoning module Sequencer (67)
[2016.11.17-01.47.46:447][ 33]LogModuleManager: Shutting down and abandoning module WorkspaceMenuStructure (66)
[2016.11.17-01.47.46:447][ 33]LogModuleManager: Shutting down and abandoning module MessageLog (65)
[2016.11.17-01.47.46:447][ 33]LogModuleManager: Shutting down and abandoning module AssetTools (64)
[2016.11.17-01.47.46:447][ 33]LogModuleManager: Shutting down and abandoning module UMGEditor (63)
[2016.11.17-01.47.46:447][ 33]LogModuleManager: Shutting down and abandoning module UMG (62)
[2016.11.17-01.47.46:447][ 33]LogModuleManager: Shutting down and abandoning module SlateReflector (61)
[2016.11.17-01.47.46:447][ 33]LogModuleManager: Shutting down and abandoning module Slate (60)
[2016.11.17-01.47.46:447][ 33]LogModuleManager: Shutting down and abandoning module EditorStyle (59)
[2016.11.17-01.47.46:449][ 33]LogModuleManager: Shutting down and abandoning module Messaging (58)
[2016.11.17-01.47.46:449][ 33]LogModuleManager: Shutting down and abandoning module SourceCodeAccess (57)
[2016.11.17-01.47.46:449][ 33]LogModuleManager: Shutting down and abandoning module HeadMountedDisplay (56)
[2016.11.17-01.47.46:449][ 33]LogModuleManager: Shutting down and abandoning module XAudio2 (55)
[2016.11.17-01.47.46:449][ 33]LogModuleManager: Shutting down and abandoning module Networking (54)
[2016.11.17-01.47.46:449][ 33]LogModuleManager: Shutting down and abandoning module Core (53)
[2016.11.17-01.47.46:449][ 33]LogModuleManager: Shutting down and abandoning module KismetCompiler (52)
[2016.11.17-01.47.46:449][ 33]LogModuleManager: Shutting down and abandoning module PhysXFormats (51)
[2016.11.17-01.47.46:449][ 33]LogModuleManager: Shutting down and abandoning module MeshUtilities (50)
[2016.11.17-01.47.46:449][ 33]LogModuleManager: Shutting down and abandoning module AssetRegistry (49)
[2016.11.17-01.47.46:449][ 33]LogModuleManager: Shutting down and abandoning module DerivedDataCache (48)
[2016.11.17-01.47.46:721][ 33]LogDerivedDataCache: Shutdown
[2016.11.17-01.47.46:721][ 33]LogModuleManager: Shutting down and abandoning module VulkanShaderFormat (47)
[2016.11.17-01.47.46:721][ 33]LogModuleManager: Shutting down and abandoning module ShaderFormatOpenGL (46)
[2016.11.17-01.47.46:721][ 33]LogModuleManager: Shutting down and abandoning module ShaderFormatD3D (45)
[2016.11.17-01.47.46:721][ 33]LogModuleManager: Shutting down and abandoning module MetalShaderFormat (44)
[2016.11.17-01.47.46:721][ 33]LogModuleManager: Shutting down and abandoning module TextureFormatUncompressed (43)
[2016.11.17-01.47.46:721][ 33]LogModuleManager: Shutting down and abandoning module TextureFormatPVR (42)
[2016.11.17-01.47.46:721][ 33]LogModuleManager: Shutting down and abandoning module TextureFormatDXT (41)
[2016.11.17-01.47.46:721][ 33]LogModuleManager: Shutting down and abandoning module TextureFormatIntelISPCTexComp (40)
[2016.11.17-01.47.46:721][ 33]LogModuleManager: Shutting down and abandoning module ImageWrapper (39)
[2016.11.17-01.47.46:721][ 33]LogModuleManager: Shutting down and abandoning module TextureFormatASTC (38)
[2016.11.17-01.47.46:721][ 33]LogModuleManager: Shutting down and abandoning module TextureFormatAndroid (37)
[2016.11.17-01.47.46:721][ 33]LogModuleManager: Shutting down and abandoning module AudioFormatOpus (36)
[2016.11.17-01.47.46:721][ 33]LogModuleManager: Shutting down and abandoning module AudioFormatOgg (35)
[2016.11.17-01.47.46:722][ 33]LogModuleManager: Shutting down and abandoning module AudioFormatADPCM (34)
[2016.11.17-01.47.46:722][ 33]LogModuleManager: Shutting down and abandoning module WindowsTargetPlatform (33)
[2016.11.17-01.47.46:722][ 33]LogModuleManager: Shutting down and abandoning module WindowsServerTargetPlatform (32)
[2016.11.17-01.47.46:722][ 33]LogModuleManager: Shutting down and abandoning module WindowsNoEditorTargetPlatform (31)
[2016.11.17-01.47.46:722][ 33]LogModuleManager: Shutting down and abandoning module WindowsClientTargetPlatform (30)
[2016.11.17-01.47.46:722][ 33]LogModuleManager: Shutting down and abandoning module TargetPlatform (29)
[2016.11.17-01.47.46:722][ 33]LogModuleManager: Shutting down and abandoning module InputCore (28)
[2016.11.17-01.47.46:722][ 33]LogModuleManager: Shutting down and abandoning module Settings (27)
[2016.11.17-01.47.46:722][ 33]LogModuleManager: Shutting down and abandoning module OculusRift (26)
[2016.11.17-01.47.46:722][ 33]LogModuleManager: Shutting down and abandoning module GearVR (25)
[2016.11.17-01.47.46:722][ 33]LogModuleManager: Shutting down and abandoning module ExampleDeviceProfileSelector (24)
[2016.11.17-01.47.46:722][ 33]LogModuleManager: Shutting down and abandoning module OnlineBlueprintSupport (23)
[2016.11.17-01.47.46:722][ 33]LogModuleManager: Shutting down and abandoning module Voice (21)
[2016.11.17-01.47.46:722][ 33]LogModuleManager: Shutting down and abandoning module OnlineSubsystem (17)
[2016.11.17-01.47.46:722][ 33]LogOnline:Display: NULL: FOnlineSubsystemNull::Shutdown()
[2016.11.17-01.47.46:722][ 33]LogOnline:Display: NULL: FOnlineSubsystemNull::Shutdown()
[2016.11.17-01.47.46:722][ 33]LogOnline:Display: Unloading online subsystem: STEAM
[2016.11.17-01.47.46:722][ 33]LogOnline:Display: Unloading online subsystem: NULL
[2016.11.17-01.47.46:722][ 33]LogModuleManager: Shutting down and abandoning module HTTP (16)
[2016.11.17-01.47.46:735][ 33]LogModuleManager: Shutting down and abandoning module XMPP (15)
[2016.11.17-01.47.46:735][ 33]LogModuleManager: Shutting down and abandoning module TextureCompressor (14)
[2016.11.17-01.47.46:735][ 33]LogModuleManager: Shutting down and abandoning module ShaderCore (13)
[2016.11.17-01.47.46:735][ 33]LogModuleManager: Shutting down and abandoning module Landscape (12)
[2016.11.17-01.47.46:735][ 33]LogModuleManager: Shutting down and abandoning module SlateRHIRenderer (11)
[2016.11.17-01.47.46:736][ 33]LogModuleManager: Shutting down and abandoning module OpenGLDrv (10)
[2016.11.17-01.47.46:736][ 33]LogModuleManager: Shutting down and abandoning module D3D11RHI (9)
[2016.11.17-01.47.46:736][ 33]LogModuleManager: Shutting down and abandoning module AnimGraphRuntime (8)
[2016.11.17-01.47.46:736][ 33]LogModuleManager: Shutting down and abandoning module Renderer (7)
[2016.11.17-01.47.46:736][ 33]LogModuleManager: Shutting down and abandoning module Engine (6)
[2016.11.17-01.47.46:736][ 33]LogModuleManager: Shutting down and abandoning module CoreUObject (5)
[2016.11.17-01.47.46:736][ 33]LogModuleManager: Shutting down and abandoning module NetworkFile (4)
[2016.11.17-01.47.46:736][ 33]LogModuleManager: Shutting down and abandoning module StreamingFile (3)
[2016.11.17-01.47.46:736][ 33]LogModuleManager: Shutting down and abandoning module SandboxFile (2)
[2016.11.17-01.47.46:736][ 33]LogModuleManager: Shutting down and abandoning module PakFile (1)
[2016.11.17-01.47.46:737][ 33]LogExit: Exiting.
[2016.11.17-01.47.46:739][ 33]Log file closed, 11/17/16 10:47:46
