Log file open, 10/17/16 16:27:11
LogInit:Display: Running engine for game: TPS_LJS
LogPlatformFile: Not using cached read wrapper
LogInit:Display: RandInit(394744323) SRandInit(394744323).
LogTaskGraph: Started task graph with 5 named threads and 8 total threads with 1 sets of task threads.
LogStats: Stats thread started at 0.092749
LogPluginManager: Loaded Plugin Paper2D, From C:/Program Files/Epic Games/4.13/Engine/Plugins/2D/Paper2D/Paper2D.uplugin
LogPluginManager: Loaded Plugin LightPropagationVolume, From C:/Program Files/Epic Games/4.13/Engine/Plugins/Blendables/LightPropagationVolume/LightPropagationVolume.uplugin
LogPluginManager: Loaded Plugin BlankPlugin, From C:/Program Files/Epic Games/4.13/Engine/Plugins/Developer/BlankPlugin/BlankPlugin.uplugin
LogPluginManager: Loaded Plugin CodeLiteSourceCodeAccess, From C:/Program Files/Epic Games/4.13/Engine/Plugins/Developer/CodeLiteSourceCodeAccess/CodeLiteSourceCodeAccess.uplugin
LogPluginManager: Loaded Plugin GitSourceControl, From C:/Program Files/Epic Games/4.13/Engine/Plugins/Developer/GitSourceControl/GitSourceControl.uplugin
LogPluginManager: Loaded Plugin KDevelopSourceCodeAccess, From C:/Program Files/Epic Games/4.13/Engine/Plugins/Developer/KDevelopSourceCodeAccess/KDevelopSourceCodeAccess.uplugin
LogPluginManager: Loaded Plugin NullSourceCodeAccess, From C:/Program Files/Epic Games/4.13/Engine/Plugins/Developer/NullSourceCodeAccess/NullSourceCodeAccess.uplugin
LogPluginManager: Loaded Plugin OneSkyLocalizationService, From C:/Program Files/Epic Games/4.13/Engine/Plugins/Developer/OneSkyLocalizationService/OneSkyLocalizationService.uplugin
LogPluginManager: Loaded Plugin PerforceSourceControl, From C:/Program Files/Epic Games/4.13/Engine/Plugins/Developer/PerforceSourceControl/PerforceSourceControl.uplugin
LogPluginManager: Loaded Plugin SubversionSourceControl, From C:/Program Files/Epic Games/4.13/Engine/Plugins/Developer/SubversionSourceControl/SubversionSourceControl.uplugin
LogPluginManager: Loaded Plugin UObjectPlugin, From C:/Program Files/Epic Games/4.13/Engine/Plugins/Developer/UObjectPlugin/UObjectPlugin.uplugin
LogPluginManager: Loaded Plugin VisualStudioSourceCodeAccess, From C:/Program Files/Epic Games/4.13/Engine/Plugins/Developer/VisualStudioSourceCodeAccess/VisualStudioSourceCodeAccess.uplugin
LogPluginManager: Loaded Plugin XCodeSourceCodeAccess, From C:/Program Files/Epic Games/4.13/Engine/Plugins/Developer/XCodeSourceCodeAccess/XCodeSourceCodeAccess.uplugin
LogPluginManager: Loaded Plugin EpicSurvey, From C:/Program Files/Epic Games/4.13/Engine/Plugins/Editor/EpicSurvey/EpicSurvey.uplugin
LogPluginManager: Loaded Plugin MacGraphicsSwitching, From C:/Program Files/Epic Games/4.13/Engine/Plugins/Editor/MacGraphicsSwitching/MacGraphicsSwitching.uplugin
LogPluginManager: Loaded Plugin MobileLauncherProfileWizard, From C:/Program Files/Epic Games/4.13/Engine/Plugins/Editor/MobileLauncherProfileWizard/MobileLauncherProfileWizard.uplugin
LogPluginManager: Loaded Plugin PluginBrowser, From C:/Program Files/Epic Games/4.13/Engine/Plugins/Editor/PluginBrowser/PluginBrowser.uplugin
LogPluginManager: Loaded Plugin SpeedTreeImporter, From C:/Program Files/Epic Games/4.13/Engine/Plugins/Editor/SpeedTreeImporter/SpeedTreeImporter.uplugin
LogPluginManager: Loaded Plugin SuperSearchEditor, From C:/Program Files/Epic Games/4.13/Engine/Plugins/Editor/SuperSearchEditor/SuperSearchEditor.uplugin
LogPluginManager: Loaded Plugin AlembicImporter, From C:/Program Files/Epic Games/4.13/Engine/Plugins/Experimental/AlembicImporter/AlembicImporter.uplugin
LogPluginManager: Loaded Plugin BlueprintStats, From C:/Program Files/Epic Games/4.13/Engine/Plugins/Experimental/BlueprintStats/BlueprintStats.uplugin
LogPluginManager: Loaded Plugin CharacterAI, From C:/Program Files/Epic Games/4.13/Engine/Plugins/Experimental/CharacterAI/CharacterAI.uplugin
LogPluginManager: Loaded Plugin CodeEditor, From C:/Program Files/Epic Games/4.13/Engine/Plugins/Experimental/CodeEditor/CodeEditor.uplugin
LogPluginManager: Loaded Plugin CodeView, From C:/Program Files/Epic Games/4.13/Engine/Plugins/Experimental/CodeView/CodeView.uplugin
LogPluginManager: Loaded Plugin HTML5Networking, From C:/Program Files/Epic Games/4.13/Engine/Plugins/Experimental/HTML5Networking/HTML5Networking.uplugin
LogPluginManager: Loaded Plugin LiveEditor, From C:/Program Files/Epic Games/4.13/Engine/Plugins/Experimental/LiveEditor/LiveEditor.uplugin
LogPluginManager: Loaded Plugin OSVR, From C:/Program Files/Epic Games/4.13/Engine/Plugins/Experimental/OSVR/OSVR.uplugin
LogPluginManager: Loaded Plugin Phya, From C:/Program Files/Epic Games/4.13/Engine/Plugins/Experimental/Phya/Phya.uplugin
LogPluginManager: Loaded Plugin SignificanceManager, From C:/Program Files/Epic Games/4.13/Engine/Plugins/Experimental/SignificanceManager/SignificanceManager.uplugin
LogPluginManager: Loaded Plugin SimpleHMD, From C:/Program Files/Epic Games/4.13/Engine/Plugins/Experimental/SimpleHMD/SimpleHMD.uplugin
LogPluginManager: Loaded Plugin StereoPanorama, From C:/Program Files/Epic Games/4.13/Engine/Plugins/Experimental/StereoPanorama/StereoPanorama.uplugin
LogPluginManager: Loaded Plugin StructBox, From C:/Program Files/Epic Games/4.13/Engine/Plugins/Experimental/StructBox/StructBox.uplugin
LogPluginManager: Loaded Plugin AndroidMedia, From C:/Program Files/Epic Games/4.13/Engine/Plugins/Media/AndroidMedia/AndroidMedia.uplugin
LogPluginManager: Loaded Plugin AvfMedia, From C:/Program Files/Epic Games/4.13/Engine/Plugins/Media/AvfMedia/AvfMedia.uplugin
LogPluginManager: Loaded Plugin MediaPlayerEditor, From C:/Program Files/Epic Games/4.13/Engine/Plugins/Media/MediaPlayerEditor/MediaPlayerEditor.uplugin
LogPluginManager: Loaded Plugin WmfMedia, From C:/Program Files/Epic Games/4.13/Engine/Plugins/Media/WmfMedia/WmfMedia.uplugin
LogPluginManager: Loaded Plugin MessagingDebugger, From C:/Program Files/Epic Games/4.13/Engine/Plugins/Messaging/MessagingDebugger/MessagingDebugger.uplugin
LogPluginManager: Loaded Plugin TcpMessaging, From C:/Program Files/Epic Games/4.13/Engine/Plugins/Messaging/TcpMessaging/TcpMessaging.uplugin
LogPluginManager: Loaded Plugin UdpMessaging, From C:/Program Files/Epic Games/4.13/Engine/Plugins/Messaging/UdpMessaging/UdpMessaging.uplugin
LogPluginManager: Loaded Plugin LevelSequenceEditor, From C:/Program Files/Epic Games/4.13/Engine/Plugins/MovieScene/LevelSequenceEditor/LevelSequenceEditor.uplugin
LogPluginManager: Loaded Plugin MatineeToLevelSequence, From C:/Program Files/Epic Games/4.13/Engine/Plugins/MovieScene/MatineeToLevelSequence/MatineeToLevelSequence.uplugin
LogPluginManager: Loaded Plugin NetcodeUnitTest, From C:/Program Files/Epic Games/4.13/Engine/Plugins/NetcodeUnitTest/NetcodeUnitTest/NetcodeUnitTest.uplugin
LogPluginManager: Loaded Plugin NUTUnrealEngine4, From C:/Program Files/Epic Games/4.13/Engine/Plugins/NetcodeUnitTest/NUTUnrealEngine4/NUTUnrealEngine4.uplugin
LogPluginManager: Loaded Plugin OnlineSubsystemGooglePlay, From C:/Program Files/Epic Games/4.13/Engine/Plugins/Online/Android/OnlineSubsystemGooglePlay/OnlineSubsystemGooglePlay.uplugin
LogPluginManager: Loaded Plugin OnlineSubsystemIOS, From C:/Program Files/Epic Games/4.13/Engine/Plugins/Online/IOS/OnlineSubsystemIOS/OnlineSubsystemIOS.uplugin
LogPluginManager: Loaded Plugin OnlineFramework, From C:/Program Files/Epic Games/4.13/Engine/Plugins/Online/OnlineFramework/OnlineFramework.uplugin
LogPluginManager: Loaded Plugin OnlineSubsystem, From C:/Program Files/Epic Games/4.13/Engine/Plugins/Online/OnlineSubsystem/OnlineSubsystem.uplugin
LogPluginManager: Loaded Plugin OnlineSubsystemAmazon, From C:/Program Files/Epic Games/4.13/Engine/Plugins/Online/OnlineSubsystemAmazon/OnlineSubsystemAmazon.uplugin
LogPluginManager: Loaded Plugin OnlineSubsystemFacebook, From C:/Program Files/Epic Games/4.13/Engine/Plugins/Online/OnlineSubsystemFacebook/OnlineSubsystemFacebook.uplugin
LogPluginManager: Loaded Plugin OnlineSubsystemNull, From C:/Program Files/Epic Games/4.13/Engine/Plugins/Online/OnlineSubsystemNull/OnlineSubsystemNull.uplugin
LogPluginManager: Loaded Plugin OnlineSubsystemOculus, From C:/Program Files/Epic Games/4.13/Engine/Plugins/Online/OnlineSubsystemOculus/OnlineSubsystemOculus.uplugin
LogPluginManager: Loaded Plugin OnlineSubsystemSteam, From C:/Program Files/Epic Games/4.13/Engine/Plugins/Online/OnlineSubsystemSteam/OnlineSubsystemSteam.uplugin
LogPluginManager: Loaded Plugin OnlineSubsystemUtils, From C:/Program Files/Epic Games/4.13/Engine/Plugins/Online/OnlineSubsystemUtils/OnlineSubsystemUtils.uplugin
LogPluginManager: Loaded Plugin IOSTapJoy, From C:/Program Files/Epic Games/4.13/Engine/Plugins/Runtime/Advertising/IOSTapJoy/IOSTapJoy.uplugin
LogPluginManager: Loaded Plugin AnalyticsBlueprintLibrary, From C:/Program Files/Epic Games/4.13/Engine/Plugins/Runtime/Analytics/AnalyticsBlueprintLibrary/AnalyticsBlueprintLibrary.uplugin
LogPluginManager: Loaded Plugin AnalyticsMulticast, From C:/Program Files/Epic Games/4.13/Engine/Plugins/Runtime/Analytics/AnalyticsMulticast/AnalyticsMulticast.uplugin
LogPluginManager: Loaded Plugin Apsalar, From C:/Program Files/Epic Games/4.13/Engine/Plugins/Runtime/Analytics/Apsalar/Apsalar.uplugin
LogPluginManager: Loaded Plugin FileLogging, From C:/Program Files/Epic Games/4.13/Engine/Plugins/Runtime/Analytics/FileLogging/FileLogging.uplugin
LogPluginManager: Loaded Plugin Flurry, From C:/Program Files/Epic Games/4.13/Engine/Plugins/Runtime/Analytics/Flurry/Flurry.uplugin
LogPluginManager: Loaded Plugin AndroidDeviceProfileSelector, From C:/Program Files/Epic Games/4.13/Engine/Plugins/Runtime/AndroidDeviceProfileSelector/AndroidDeviceProfileSelector.uplugin
LogPluginManager: Loaded Plugin AndroidMoviePlayer, From C:/Program Files/Epic Games/4.13/Engine/Plugins/Runtime/AndroidMoviePlayer/AndroidMoviePlayer.uplugin
LogPluginManager: Loaded Plugin AppleMoviePlayer, From C:/Program Files/Epic Games/4.13/Engine/Plugins/Runtime/AppleMoviePlayer/AppleMoviePlayer.uplugin
LogPluginManager: Loaded Plugin ArchVisCharacter, From C:/Program Files/Epic Games/4.13/Engine/Plugins/Runtime/ArchVisCharacter/ArchVisCharacter.uplugin
LogPluginManager: Loaded Plugin CableComponent, From C:/Program Files/Epic Games/4.13/Engine/Plugins/Runtime/CableComponent/CableComponent.uplugin
LogPluginManager: Loaded Plugin CustomMeshComponent, From C:/Program Files/Epic Games/4.13/Engine/Plugins/Runtime/CustomMeshComponent/CustomMeshComponent.uplugin
LogPluginManager: Loaded Plugin ExampleDeviceProfileSelector, From C:/Program Files/Epic Games/4.13/Engine/Plugins/Runtime/ExampleDeviceProfileSelector/ExampleDeviceProfileSelector.uplugin
LogPluginManager: Loaded Plugin GearVR, From C:/Program Files/Epic Games/4.13/Engine/Plugins/Runtime/GearVR/GearVR.uplugin
LogPluginManager: Loaded Plugin GoogleVRController, From C:/Program Files/Epic Games/4.13/Engine/Plugins/Runtime/GoogleVR/GoogleVRController/GoogleVRController.uplugin
LogPluginManager: Loaded Plugin GoogleVRHMD, From C:/Program Files/Epic Games/4.13/Engine/Plugins/Runtime/GoogleVR/GoogleVRHMD/GoogleVRHMD.uplugin
LogPluginManager: Loaded Plugin IOSDeviceProfileSelector, From C:/Program Files/Epic Games/4.13/Engine/Plugins/Runtime/IOSDeviceProfileSelector/IOSDeviceProfileSelector.uplugin
LogPluginManager: Loaded Plugin LeapMotion, From C:/Program Files/Epic Games/4.13/Engine/Plugins/Runtime/LeapMotion/LeapMotion.uplugin
LogPluginManager: Loaded Plugin LinuxDeviceProfileSelector, From C:/Program Files/Epic Games/4.13/Engine/Plugins/Runtime/LinuxDeviceProfileSelector/LinuxDeviceProfileSelector.uplugin
LogPluginManager: Loaded Plugin LiveEditorListenServer, From C:/Program Files/Epic Games/4.13/Engine/Plugins/Runtime/LiveEditorListenServer/LiveEditorListenServer.uplugin
LogPluginManager: Loaded Plugin OculusAudio, From C:/Program Files/Epic Games/4.13/Engine/Plugins/Runtime/OculusAudio/OculusAudio.uplugin
LogPluginManager: Loaded Plugin OculusInput, From C:/Program Files/Epic Games/4.13/Engine/Plugins/Runtime/OculusInput/OculusInput.uplugin
LogPluginManager: Loaded Plugin OculusLibrary, From C:/Program Files/Epic Games/4.13/Engine/Plugins/Runtime/OculusLibrary/OculusLibrary.uplugin
LogPluginManager: Loaded Plugin OculusRift, From C:/Program Files/Epic Games/4.13/Engine/Plugins/Runtime/OculusRift/OculusRift.uplugin
LogPluginManager: Loaded Plugin Oodle, From C:/Program Files/Epic Games/4.13/Engine/Plugins/Runtime/PacketHandlers/CompressionComponents/Oodle/Oodle.uplugin
LogPluginManager: Loaded Plugin ProceduralMeshComponent, From C:/Program Files/Epic Games/4.13/Engine/Plugins/Runtime/ProceduralMeshComponent/ProceduralMeshComponent.uplugin
LogPluginManager: Loaded Plugin SoundMod, From C:/Program Files/Epic Games/4.13/Engine/Plugins/Runtime/SoundMod/SoundMod.uplugin
LogPluginManager: Loaded Plugin SoundVisualizations, From C:/Program Files/Epic Games/4.13/Engine/Plugins/Runtime/SoundVisualizations/SoundVisualizations.uplugin
LogPluginManager: Loaded Plugin SteamController, From C:/Program Files/Epic Games/4.13/Engine/Plugins/Runtime/Steam/SteamController/SteamController.uplugin
LogPluginManager: Loaded Plugin SteamVR, From C:/Program Files/Epic Games/4.13/Engine/Plugins/Runtime/Steam/SteamVR/SteamVR.uplugin
LogPluginManager: Loaded Plugin WebBrowserWidget, From C:/Program Files/Epic Games/4.13/Engine/Plugins/Runtime/WebBrowserWidget/WebBrowserWidget.uplugin
LogPluginManager: Loaded Plugin WindowsDeviceProfileSelector, From C:/Program Files/Epic Games/4.13/Engine/Plugins/Runtime/WindowsDeviceProfileSelector/WindowsDeviceProfileSelector.uplugin
LogPluginManager: Loaded Plugin WindowsMoviePlayer, From C:/Program Files/Epic Games/4.13/Engine/Plugins/Runtime/WindowsMoviePlayer/WindowsMoviePlayer.uplugin
LogPluginManager: Loaded Plugin ScriptPlugin, From C:/Program Files/Epic Games/4.13/Engine/Plugins/ScriptPlugin/ScriptPlugin.uplugin
LogPluginManager: Loaded Plugin SlateRemote, From C:/Program Files/Epic Games/4.13/Engine/Plugins/Slate/SlateRemote/SlateRemote.uplugin
LogInit: Using libcurl 7.47.1
LogInit:  - built for x86_64-pc-win32
LogInit:  - supports SSL with WinSSL
LogInit:  - other features:
LogInit:      CURL_VERSION_SSL
LogInit:      CURL_VERSION_IPV6
LogInit:      CURL_VERSION_ASYNCHDNS
LogInit:      CURL_VERSION_LARGEFILE
LogInit:      CURL_VERSION_IDN
LogInit:  CurlRequestOptions (configurable via config and command line):
LogInit:  - bVerifyPeer = false  - Libcurl will NOT verify peer certificate
LogInit:  - bUseHttpProxy = false  - Libcurl will NOT use HTTP proxy
LogInit:  - bDontReuseConnections = false  - Libcurl will reuse connections
LogInit:  - CertBundlePath = nullptr  - Libcurl will use whatever was configured at build time.
LogInit: Build: ++UE4+Release-4.13-CL-3142249
LogInit: Engine Version: 4.13.1-3142249+++UE4+Release-4.13
LogInit: Compatible Engine Version: 4.13.0-3106830+++UE4+Release-4.13
LogInit: Net CL: 3142249
LogDevObjectVersion: Number of dev versions registered: 13
LogDevObjectVersion:   Dev-Blueprints (B0D832E4-1F89-4F0D-ACCF-7EB736FD4AA2): 5
LogDevObjectVersion:   Dev-Build (E1C64328-A22C-4D53-A36C-8E866417BD8C): 0
LogDevObjectVersion:   Dev-Core (375EC13C-06E4-48FB-B500-84F0262A717E): 1
LogDevObjectVersion:   Dev-Editor (E4B068ED-F494-42E9-A231-DA0B2E46BB41): 6
LogDevObjectVersion:   Dev-Framework (CFFC743F-43B0-4480-9391-14DF171D2073): 12
LogDevObjectVersion:   Dev-Mobile (B02B49B5-BB20-44E9-A304-32B752E40360): 0
LogDevObjectVersion:   Dev-Networking (A4E4105C-59A1-49B5-A7C5-40C4547EDFEE): 0
LogDevObjectVersion:   Dev-Online (39C831C9-5AE6-47DC-9A44-9C173E1C8E7C): 0
LogDevObjectVersion:   Dev-Physics (78F01B33-EBEA-4F98-B9B4-84EACCB95AA2): 0
LogDevObjectVersion:   Dev-Platform (6631380F-2D4D-43E0-8009-CF276956A95A): 0
LogDevObjectVersion:   Dev-Rendering (12F88B9F-8875-4AFC-A67C-D90C383ABD29): 4
LogDevObjectVersion:   Dev-Sequencer (7B5AE74C-D270-4C10-A958-57980B212A5A): 0
LogDevObjectVersion:   Dev-VR (D7296918-1DD6-4BDD-9DE2-64A83CC13884): 0
LogInit: Compiled (64-bit): Sep 28 2016 02:12:12
LogInit: Compiled with Visual C++: 19.00.23026.00
LogInit: Build Configuration: Development
LogInit: Branch Name: ++UE4+Release-4.13
LogInit: Command line:  
LogInit: Base directory: C:/Program Files/Epic Games/4.13/Engine/Binaries/Win64/
LogInit: Installed Engine Build: 1
LogInit: Presizing for max 8388607 objects, including 0 objects not considered by GC, pre-allocating 0 bytes for permanent pool.
LogInit: Object subsystem initialized
[2016.10.17-07.27.11:759][  0]LogInit: Selected Device Profile: [Windows]
[2016.10.17-07.27.11:759][  0]LogInit: Applying CVar settings loaded from the selected device profile: [Windows]
[2016.10.17-07.27.11:767][  0]LogInit: Computer: EMPRISE-PC1
[2016.10.17-07.27.11:767][  0]LogInit: User: emprise
[2016.10.17-07.27.11:767][  0]LogInit: CPU Page size=65536, Cores=4
[2016.10.17-07.27.11:767][  0]LogInit: High frequency timer resolution =3.515664 MHz
[2016.10.17-07.27.11:767][  0]LogMemory: Memory total: Physical=16.0GB (16GB approx)
[2016.10.17-07.27.11:767][  0]LogMemory: Platform Memory Stats for Windows
[2016.10.17-07.27.11:767][  0]LogMemory: Process Physical Memory: 259.18 MB used, 259.18 MB peak
[2016.10.17-07.27.11:767][  0]LogMemory: Process Virtual Memory: 262.57 MB used, 262.57 MB peak
[2016.10.17-07.27.11:767][  0]LogMemory: Physical Memory: 4914.38 MB used, 16334.92 MB total
[2016.10.17-07.27.11:767][  0]LogMemory: Virtual Memory: 593.67 MB used, 8388608.00 MB total
[2016.10.17-07.27.12:004][  0]LogTextLocalizationManager: No specific translations for ('ko-KR') exist, so ('ko') translations will be used.
[2016.10.17-07.27.12:037][  0]LogTextLocalizationManager:Warning: Loaded localization resources contain conflicting entries for (Namespace:UObjectToolTips, Key:AnimNode_AssetPlayerBase:bIgnoreForRelevancyTest):
Localization Resource: (C:/Program Files/Epic Games/4.13/Engine/Content/Localization/EditorTutorials/ko/EditorTutorials.locres) Source String Hash: (319969718) Localized String: (True 면, 스테이트에서 최고 가중치 애니메이션을 찾는 "Relevant anim" 노드는 이 노드를 
무시합니다.)
Localization Resource: (C:/Program Files/Epic Games/4.13/Engine/Content/Localization/Engine/ko/Engine.locres) Source String Hash: (319969718) Localized String: (True 면 스테이트 내 최고 웨이팅된 애니메이션을 찾는 "Relevant anim" 노드가 무시됩니다.
 )
[2016.10.17-07.27.12:038][  0]LogTextLocalizationManager:Warning: Loaded localization resources contain conflicting entries for (Namespace:UObjectToolTips, Key:AnimNode_AssetPlayerBase:BlendWeight):
Localization Resource: (C:/Program Files/Epic Games/4.13/Engine/Content/Localization/EditorTutorials/ko/EditorTutorials.locres) Source String Hash: (-1232800293) Localized String: (이 노드에 마지막 걸린 블렌드웨이트 입니다.)
Localization Resource: (C:/Program Files/Epic Games/4.13/Engine/Content/Localization/Engine/ko/Engine.locres) Source String Hash: (-1232800293) Localized String: (이 노드에 대해 마지막 접한 블렌드 웨이트)
[2016.10.17-07.27.12:749][  0]LogD3D11RHI: D3D11 adapters:
[2016.10.17-07.27.12:920][  0]LogD3D11RHI:    0. 'NVIDIA GeForce GTX 750' (Feature Level 11_0)
[2016.10.17-07.27.12:920][  0]LogD3D11RHI:       972/0/3072 MB DedicatedVideo/DedicatedSystem/SharedSystem, Outputs:2, VendorId:0x10de
[2016.10.17-07.27.12:920][  0]LogD3D11RHI: Chosen D3D11 Adapter: 0
[2016.10.17-07.27.12:928][  0]LogD3D11RHI: Creating new Direct3DDevice
[2016.10.17-07.27.12:929][  0]LogD3D11RHI:     GPU DeviceId: 0x1381 (for the marketing name, search the web for "GPU Device Id")
[2016.10.17-07.27.12:929][  0]LogWindows: EnumDisplayDevices:
[2016.10.17-07.27.12:929][  0]LogWindows:    0. 'NVIDIA GeForce GTX 750' (P:1 D:1)
[2016.10.17-07.27.12:929][  0]LogWindows:    1. 'NVIDIA GeForce GTX 750' (P:0 D:1)
[2016.10.17-07.27.12:930][  0]LogWindows:    2. 'NVIDIA GeForce GTX 750' (P:0 D:0)
[2016.10.17-07.27.12:930][  0]LogWindows:    3. 'NVIDIA GeForce GTX 750' (P:0 D:0)
[2016.10.17-07.27.12:931][  0]LogWindows:    4. 'RDPDD Chained DD' (P:0 D:0)
[2016.10.17-07.27.12:931][  0]LogWindows:    5. 'RDP Encoder Mirror Driver' (P:0 D:0)
[2016.10.17-07.27.12:931][  0]LogWindows:    6. 'RDP Reflector Display Driver' (P:0 D:0)
[2016.10.17-07.27.12:931][  0]LogWindows: DebugString: GetVideoDriverDetailsInvalid PrimaryIsNotTheChoosenAdapter GetVideoDriverDetailsInvalid PrimaryIsNotTheChoosenAdapter GetVideoDriverDetailsInvalid PrimaryIsNotTheChoosenAdapter FoundDriverCount:4 
[2016.10.17-07.27.12:931][  0]LogD3D11RHI:     Adapter Name: NVIDIA GeForce GTX 750
[2016.10.17-07.27.12:931][  0]LogD3D11RHI:   Driver Version: 368.81 (internal:10.18.13.6881, unified:368.81)
[2016.10.17-07.27.12:931][  0]LogD3D11RHI:      Driver Date: 7-10-2016
[2016.10.17-07.27.12:931][  0]LogRHI: Texture pool is 680 MB (70% of 972 MB)
[2016.10.17-07.27.13:067][  0]LogD3D11RHI: Async texture creation enabled
[2016.10.17-07.27.13:081][  0]LogD3D11RHI: GPU Timing Frequency: 1000.000000 (Debug: 2 2)
[2016.10.17-07.27.13:081][  0]LogShaderCompilers: Guid format shader working directory is 3 characters bigger than the processId version (D:/Wifun_작업문서 이정상/MyOwnUnrealProjects/TPS_LJS/Intermediate/Shaders/WorkingDirectory/7972/).
[2016.10.17-07.27.13:082][  0]LogShaderCompilers: Cleaned the shader compiler working directory 'C:/Users/EMPRISE/AppData/Local/Temp/UnrealShaderWorkingDir/27B52C444DB6869B99D25582F8251B6C/'.
[2016.10.17-07.27.13:082][  0]LogShaderCompilers:Display: Using Local Shader Compiler.
[2016.10.17-07.27.15:193][  0]LogTemp:Display: Loaded TP AllDesktopTargetPlatform
[2016.10.17-07.27.15:204][  0]LogTemp:Display: Loaded TP WindowsClientTargetPlatform
[2016.10.17-07.27.15:218][  0]LogTemp:Display: Loaded TP WindowsNoEditorTargetPlatform
[2016.10.17-07.27.15:230][  0]LogTemp:Display: Loaded TP WindowsServerTargetPlatform
[2016.10.17-07.27.15:243][  0]LogTemp:Display: Loaded TP WindowsTargetPlatform
[2016.10.17-07.27.15:254][  0]LogTemp:Display: Loaded TP AndroidTargetPlatform
[2016.10.17-07.27.15:267][  0]LogTemp:Display: Loaded TP Android_ASTCTargetPlatform
[2016.10.17-07.27.15:279][  0]LogTemp:Display: Loaded TP Android_ATCTargetPlatform
[2016.10.17-07.27.15:291][  0]LogTemp:Display: Loaded TP Android_DXTTargetPlatform
[2016.10.17-07.27.15:303][  0]LogTemp:Display: Loaded TP Android_ETC1TargetPlatform
[2016.10.17-07.27.15:316][  0]LogTemp:Display: Loaded TP Android_ETC2TargetPlatform
[2016.10.17-07.27.15:341][  0]LogTemp:Display: Loaded TP Android_MultiTargetPlatform
[2016.10.17-07.27.15:341][  0]LogTemp:Display: Loaded TP Android_PVRTCTargetPlatform
[2016.10.17-07.27.15:348][  0]LogTemp:Display: Loaded TP HTML5TargetPlatform
[2016.10.17-07.27.15:385][  0]LogTemp:Display: Loaded TP IOSTargetPlatform
[2016.10.17-07.27.15:396][  0]LogTemp:Display: Loaded TP TVOSTargetPlatform
[2016.10.17-07.27.15:408][  0]LogTemp:Display: Loaded TP LinuxClientTargetPlatform
[2016.10.17-07.27.15:419][  0]LogTemp:Display: Loaded TP LinuxNoEditorTargetPlatform
[2016.10.17-07.27.15:431][  0]LogTemp:Display: Loaded TP LinuxServerTargetPlatform
[2016.10.17-07.27.15:444][  0]LogTemp:Display: Loaded TP LinuxTargetPlatform
[2016.10.17-07.27.15:444][  0]LogTargetPlatformManager:Display: Building Assets For Windows
[2016.10.17-07.27.15:744][  0]LogDerivedDataCache:Display: Max Cache Size: 512 MB
[2016.10.17-07.27.15:980][  0]LogDerivedDataCache: Loaded boot cache 0.24s 451MB C:/Users/EMPRISE/AppData/Local/UnrealEngine/4.13/DerivedDataCache/Boot.ddc.
[2016.10.17-07.27.15:980][  0]LogDerivedDataCache:Display: Loaded Boot cache: C:/Users/EMPRISE/AppData/Local/UnrealEngine/4.13/DerivedDataCache/Boot.ddc
[2016.10.17-07.27.15:980][  0]LogDerivedDataCache: FDerivedDataBackendGraph:  Pak pak cache file D:/Wifun_작업문서 이정상/MyOwnUnrealProjects/TPS_LJS/DerivedDataCache/DDC.ddp not found, will not use a pak cache.
[2016.10.17-07.27.15:980][  0]LogDerivedDataCache: Unable to find inner node Pak for hierarchical cache Hierarchy.
[2016.10.17-07.27.15:980][  0]LogDerivedDataCache: FDerivedDataBackendGraph:  CompressedPak pak cache file D:/Wifun_작업문서 이정상/MyOwnUnrealProjects/TPS_LJS/DerivedDataCache/Compressed.ddp not found, will not use a pak cache.
[2016.10.17-07.27.15:980][  0]LogDerivedDataCache: Unable to find inner node CompressedPak for hierarchical cache Hierarchy.
[2016.10.17-07.27.15:997][  0]LogDerivedDataCache:Display: Pak cache opened for reading ../../../Engine/DerivedDataCache/Compressed.ddp.
[2016.10.17-07.27.16:010][  0]LogDerivedDataCache: Using Local data cache path C:/Users/EMPRISE/AppData/Local/UnrealEngine/Common/DerivedDataCache: Writable
[2016.10.17-07.27.16:335][  0]LogInit: Selected Device Profile: [Windows]
[2016.10.17-07.27.16:336][  0]LogMaterial: Uniform references updated for custom material expression Custom.
[2016.10.17-07.27.16:338][  0]LogContentStreaming: Texture pool size is 0.00 MB
[2016.10.17-07.27.16:544][  0]LogMeshUtilities: No automatic mesh reduction module available
[2016.10.17-07.27.16:544][  0]LogMeshUtilities: No automatic mesh merging module available
[2016.10.17-07.27.16:544][  0]LogMeshUtilities: No distributed automatic mesh merging module available
[2016.10.17-07.27.16:874][  0]LogNetVersion: GetLocalNetworkVersion: CL: 3106830, ProjectName: tps_ljs, ProjectVersion: , EngineNetworkVersion: 1, GameNetworkVersion: 0, NetworkChecksum: 2076057956
[2016.10.17-07.27.16:919][  0]LogAssetRegistry: FAssetRegistry took 0.0200 seconds to start up
[2016.10.17-07.27.16:954][  0]LogPackageLocalizationCache: Processed 3 localized package path(s) for 2 prioritized culture(s) in 0.026648 seconds
[2016.10.17-07.27.16:960][  0]LogUObjectArray: 29778 objects as part of root set at end of initial load.
[2016.10.17-07.27.16:960][  0]LogUObjectAllocator: 6125456 out of 0 bytes used by permanent object pool.
[2016.10.17-07.27.16:960][  0]LogUObjectArray: CloseDisregardForGC: 0/0 objects in disregard for GC pool
[2016.10.17-07.27.17:038][  0]LogInit: WinSock: version 1.1 (2.2), MaxSocks=32767, MaxUdp=65467
[2016.10.17-07.27.18:098][  0]LogSlate: SlateFontCache - WITH_FREETYPE: 1, WITH_HARFBUZZ: 1
[2016.10.17-07.27.18:098][  0]LogSlate: SlateFontCache - WITH_FREETYPE: 1, WITH_HARFBUZZ: 1
[2016.10.17-07.27.19:147][  0]LogTcpMessaging: Initializing TcpMessaging bridge
[2016.10.17-07.27.19:180][  0]LogUdpMessaging: Initializing bridge on interface 0.0.0.0:0 to multicast group 230.0.0.1:6666.
[2016.10.17-07.27.19:691][  0]SourceControl: 정보 소스 콘트롤이 꺼졌습니다.
[2016.10.17-07.27.19:692][  0]SourceControl: 정보 소스 콘트롤이 꺼졌습니다.
[2016.10.17-07.27.19:747][  0]SourceControl: 정보 소스 콘트롤이 꺼졌습니다.
[2016.10.17-07.27.19:774][  0]SourceControl: 정보 소스 콘트롤이 꺼졌습니다.
[2016.10.17-07.27.20:534][  0]LogEngine: Initializing Engine...
[2016.10.17-07.27.20:535][  0]LogHMD: Failed to initialize OpenVR with code 110
[2016.10.17-07.27.20:731][  0]LogAIModule: Creating AISystem for world Untitled
[2016.10.17-07.27.20:775][  0]LogInit: XAudio2 using '스피커(2- Realtek High Definition Audio)' : 2 channels at 48 kHz using 32 bits per sample (channel mask 0x3)
[2016.10.17-07.27.20:790][  0]LogInit: FAudioDevice initialized.
[2016.10.17-07.27.20:882][  0]LogDerivedDataCache: Saved boot cache 0.09s 90MB C:/Users/EMPRISE/AppData/Local/UnrealEngine/4.13/DerivedDataCache/Boot.ddc.
[2016.10.17-07.27.20:891][  0]LogInit: Texture streaming: Enabled
[2016.10.17-07.27.20:955][  0]LogInit: Transaction tracking system initialized
[2016.10.17-07.27.21:181][  0]BlueprintLog: New page: 에디터 로드
[2016.10.17-07.27.21:688][  0]LocalizationService: 정보 현지화 서비스가 비활성화되었습니다.
[2016.10.17-07.27.21:958][  0]LogConsoleResponse:Display: 
[2016.10.17-07.27.22:081][  0]LogCook:Display: Max memory allowance for cook 16384mb min free memory 0mb
[2016.10.17-07.27.22:081][  0]LogCook:Display: Mobile HDR setting 1
[2016.10.17-07.27.22:346][  0]LogFileCache: Scanning file cache for directory 'D:/Wifun_작업문서 이정상/MyOwnUnrealProjects/TPS_LJS/Content/' took 0.02s
[2016.10.17-07.27.22:469][  0]SourceControl: 정보 소스 콘트롤이 꺼졌습니다.
[2016.10.17-07.27.22:469][  0]Cmd: MAP LOAD FILE="D:/Wifun_작업문서 이정상/MyOwnUnrealProjects/TPS_LJS/Content/ThirdPersonBP/Maps/ThirdPersonExampleMap.umap" TEMPLATE=0 SHOWPROGRESS=1 FEATURELEVEL=3
[2016.10.17-07.27.22:470][  0]LightingResults: New page: 라이팅 빌드
[2016.10.17-07.27.22:481][  0]MapCheck: New page: 맵 체크
[2016.10.17-07.27.22:481][  0]LightingResults: New page: 라이팅 빌드
[2016.10.17-07.27.22:875][  0]LogAIModule: Creating AISystem for world ThirdPersonExampleMap
[2016.10.17-07.27.22:887][  0]LogEditorServer: Finished looking for orphan Actors (0.000 secs)
[2016.10.17-07.27.22:887][  0]Cmd: MAP CHECKDEP NOCLEARLOG
[2016.10.17-07.27.22:972][  0]MapCheck: 정보 맵 체크 완료: 오류 0 회, 경고 0 회, 소요 시간 84.434ms.
[2016.10.17-07.27.22:972][  0]LogFileHelpers: Loading map 'ThirdPersonExampleMap' took 0.503
[2016.10.17-07.27.23:102][  0]LogCollectionManager: Loaded 0 collections in 0.001500 seconds
[2016.10.17-07.27.23:144][  0]LogFileCache: Scanning file cache for directory 'D:/Wifun_작업문서 이정상/MyOwnUnrealProjects/TPS_LJS/Saved/Collections/' took 0.01s
[2016.10.17-07.27.23:144][  0]LogFileCache: Scanning file cache for directory 'D:/Wifun_작업문서 이정상/MyOwnUnrealProjects/TPS_LJS/Content/Developers/emprise/Collections/' took 0.00s
[2016.10.17-07.27.23:144][  0]LogFileCache: Scanning file cache for directory 'D:/Wifun_작업문서 이정상/MyOwnUnrealProjects/TPS_LJS/Content/Collections/' took 0.01s
[2016.10.17-07.27.23:144][  0]LogCollectionManager: Rebuilt the GUID cache for 0 collections in 0.000002 seconds
[2016.10.17-07.27.23:153][  0]LogContentBrowser: Native class hierarchy populated in 0.0094 seconds. Added 2141 classes and 415 folders.
[2016.10.17-07.27.23:164][  0]LogStats: UGameplayTagsManager::ConstructGameplayTagTree: Construct from data asset -  0.000 s
[2016.10.17-07.27.23:164][  0]LogStats: UGameplayTagsManager::ConstructGameplayTagTree: GameplayTagTreeChangedEvent.Broadcast -  0.000 s
[2016.10.17-07.27.23:165][  0]LogContentBrowser: Native class hierarchy updated for 'GameplayTags' in 0.0011 seconds. Added 12 classes and 0 folders.
[2016.10.17-07.27.23:183][  0]LogContentBrowser: Native class hierarchy updated for 'WidgetCarousel' in 0.0007 seconds. Added 0 classes and 0 folders.
[2016.10.17-07.27.23:268][  0]LogContentBrowser: Native class hierarchy updated for 'AddContentDialog' in 0.0007 seconds. Added 0 classes and 0 folders.
[2016.10.17-07.27.23:296][  0]LogContentBrowser: Native class hierarchy updated for 'SceneOutliner' in 0.0016 seconds. Added 1 classes and 2 folders.
[2016.10.17-07.27.23:316][  0]LogCrashTracker: Crashtracker disabled due to settings.
[2016.10.17-07.27.23:320][  0]LogUObjectGlobals:Warning: 'Class 없음.' 오브젝트를 찾는 데 실패했습니다.
[2016.10.17-07.27.23:359][  0]LogContentBrowser: Native class hierarchy updated for 'HierarchicalLODOutliner' in 0.0007 seconds. Added 1 classes and 2 folders.
[2016.10.17-07.27.23:359][  0]LogLoad: (Engine Initialization) Total time: 13.60 seconds
[2016.10.17-07.27.23:359][  0]LogLoad: (Engine Initialization) Total Blueprint compile time: 0.13 seconds
[2016.10.17-07.27.23:359][  0]LogExternalProfiler: Found external profiler: VSPerf
[2016.10.17-07.27.23:359][  0]LogExternalProfiler: Using external profiler: VSPerf
[2016.10.17-07.27.23:698][  0]LogOcInput: OculusInput pre-init called
[2016.10.17-07.27.23:720][  0]LogContentStreaming: Texture pool size now 1000 MB
[2016.10.17-07.27.23:877][  0]LogRenderer: Reallocating scene render targets to support 1208x652 (Frame:2).
[2016.10.17-07.27.24:035][  1]LogAssetRegistry: Asset discovery search completed in 7.1368 seconds
[2016.10.17-07.27.24:035][  1]LogCollectionManager: Rebuilt the object cache for 0 collections in 0.000001 seconds (found 0 objects)
[2016.10.17-07.27.24:035][  1]LogCollectionManager: Fixed up redirectors for 0 collections in 0.000018 seconds (updated 0 objects)
[2016.10.17-07.34.26:972][988]LogSavePackage: Save=3.47ms
[2016.10.17-07.34.26:972][988]LogSavePackage: Moving 'D:/Wifun_작업문서 이정상/MyOwnUnrealProjects/TPS_LJS/Saved/GameInfoInstance317AEAAB468B80D79F881F9A09A867A0.tmp' to 'D:/Wifun_작업문서 이정상/MyOwnUnrealProjects/TPS_LJS/Content/SteamMultiplayer/SteamBluprints/AllLevels/GameInfoInstance.uasset'
[2016.10.17-07.34.26:977][988]LogSavePackage:Display: Finished SavePackage D:/Wifun_작업문서 이정상/MyOwnUnrealProjects/TPS_LJS/Content/SteamMultiplayer/SteamBluprints/AllLevels/GameInfoInstance.uasset
[2016.10.17-07.34.26:992][988]LogSavePackage: Save=2.77ms
[2016.10.17-07.34.26:992][988]LogSavePackage: Moving 'D:/Wifun_작업문서 이정상/MyOwnUnrealProjects/TPS_LJS/Saved/PlayerInfoF381386A47F7A43F2456768FCF40778A.tmp' to 'D:/Wifun_작업문서 이정상/MyOwnUnrealProjects/TPS_LJS/Content/SteamMultiplayer/SteamBluprints/AllLevels/PlayerInfo.uasset'
[2016.10.17-07.34.26:998][988]LogSavePackage:Display: Finished SavePackage D:/Wifun_작업문서 이정상/MyOwnUnrealProjects/TPS_LJS/Content/SteamMultiplayer/SteamBluprints/AllLevels/PlayerInfo.uasset
[2016.10.17-07.34.27:008][988]LogSavePackage: Save=3.03ms
[2016.10.17-07.34.27:008][988]LogSavePackage: Moving 'D:/Wifun_작업문서 이정상/MyOwnUnrealProjects/TPS_LJS/Saved/PlayerSaveGameFDAB46204FFE772B87B590AF5FC393B7.tmp' to 'D:/Wifun_작업문서 이정상/MyOwnUnrealProjects/TPS_LJS/Content/SteamMultiplayer/SteamBluprints/AllLevels/PlayerSaveGame.uasset'
[2016.10.17-07.34.27:011][988]LogSavePackage:Display: Finished SavePackage D:/Wifun_작업문서 이정상/MyOwnUnrealProjects/TPS_LJS/Content/SteamMultiplayer/SteamBluprints/AllLevels/PlayerSaveGame.uasset
[2016.10.17-07.34.54:917][252]LogMetaData: Removing '/Game/SteamMultiplayer/SteamBluprints/Characters/0_Base.SKEL_0_Base_C' ref from Metadata '/Game/SteamMultiplayer/SteamBluprints/Characters/ThirdPersonCharacter.PackageMetaData'
[2016.10.17-07.34.54:917][252]LogMetaData: Removing '/Game/SteamMultiplayer/SteamBluprints/Characters/0_Base.0_Base_C' ref from Metadata '/Game/SteamMultiplayer/SteamBluprints/Characters/ThirdPersonCharacter.PackageMetaData'
[2016.10.17-07.34.55:034][252]LogSavePackage: Save=33.70ms
[2016.10.17-07.34.55:034][252]LogSavePackage: Moving 'D:/Wifun_작업문서 이정상/MyOwnUnrealProjects/TPS_LJS/Saved/0_BaseC87671B5466B9618ECE851A63C83759E.tmp' to 'D:/Wifun_작업문서 이정상/MyOwnUnrealProjects/TPS_LJS/Content/SteamMultiplayer/SteamBluprints/Characters/0_Base.uasset'
[2016.10.17-07.34.55:037][252]LogSavePackage:Display: Finished SavePackage D:/Wifun_작업문서 이정상/MyOwnUnrealProjects/TPS_LJS/Content/SteamMultiplayer/SteamBluprints/Characters/0_Base.uasset
[2016.10.17-07.34.58:641][457]LogContentBrowser: Native class hierarchy updated for 'BlueprintGraph' in 0.0011 seconds. Added 112 classes and 0 folders.
[2016.10.17-07.35.15:941][299]LogRenderer: Reallocating scene render targets to support 1528x1020 (Frame:20291).
[2016.10.17-07.35.33:146][114]LogTexture:Display: 텍스처 빌드중: T_CharM_Base_D (DXT1)
[2016.10.17-07.35.33:449][114]LogTexture:Display: 텍스처 빌드중: T_CharM_Base_N (BC5)
[2016.10.17-07.35.33:540][114]LogTexture:Display: 텍스처 빌드중: T_CharM_Base_M (AutoDXT)
[2016.10.17-07.35.33:617][114]LogMaterial: Missing cached shader map for material M_CharM_Base, compiling. 
[2016.10.17-07.35.33:669][114]LogAnimation:Warning: AnimBP ThirdPerson_AnimBP_C is incompatible with skeleton SK_Mannequin_Skeleton, removing AnimBP from actor.
[2016.10.17-07.35.33:669][114]LogAnimation:Warning: AnimBP ThirdPerson_AnimBP_C is incompatible with skeleton SK_Mannequin_Skeleton, removing AnimBP from actor.
[2016.10.17-07.35.33:670][114]LogAnimation:Warning: AnimBP ThirdPerson_AnimBP_C is incompatible with skeleton SK_Mannequin_Skeleton, removing AnimBP from actor.
[2016.10.17-07.35.33:670][114]LogAnimation:Warning: AnimBP ThirdPerson_AnimBP_C is incompatible with skeleton SK_Mannequin_Skeleton, removing AnimBP from actor.
[2016.10.17-07.35.50:513][242]BlueprintLog: New page: 0_Base 컴파일
[2016.10.17-07.35.51:531][295]LogSavePackage: Save=31.01ms
[2016.10.17-07.35.51:531][295]LogSavePackage: Moving 'D:/Wifun_작업문서 이정상/MyOwnUnrealProjects/TPS_LJS/Saved/0_BaseFD0A0C3B4B1D0F2CAE6A048C90973393.tmp' to 'D:/Wifun_작업문서 이정상/MyOwnUnrealProjects/TPS_LJS/Content/SteamMultiplayer/SteamBluprints/Characters/0_Base.uasset'
[2016.10.17-07.35.51:534][295]LogSavePackage:Display: Finished SavePackage D:/Wifun_작업문서 이정상/MyOwnUnrealProjects/TPS_LJS/Content/SteamMultiplayer/SteamBluprints/Characters/0_Base.uasset
[2016.10.17-07.37.28:495][317]LogSavePackage: Save=18.98ms
[2016.10.17-07.37.28:495][317]LogSavePackage: Moving 'D:/Wifun_작업문서 이정상/MyOwnUnrealProjects/TPS_LJS/Saved/BarbarousD3F6655C4A61A54EDF12AA957F47219C.tmp' to 'D:/Wifun_작업문서 이정상/MyOwnUnrealProjects/TPS_LJS/Content/SteamMultiplayer/SteamBluprints/Characters/Barbarous.uasset'
[2016.10.17-07.37.28:498][317]LogSavePackage:Display: Finished SavePackage D:/Wifun_작업문서 이정상/MyOwnUnrealProjects/TPS_LJS/Content/SteamMultiplayer/SteamBluprints/Characters/Barbarous.uasset
[2016.10.17-07.37.28:558][317]LogSavePackage: Save=18.69ms
[2016.10.17-07.37.28:558][317]LogSavePackage: Moving 'D:/Wifun_작업문서 이정상/MyOwnUnrealProjects/TPS_LJS/Saved/Forge9BFC82D6408C4A95B176BC9A692FF5E2.tmp' to 'D:/Wifun_작업문서 이정상/MyOwnUnrealProjects/TPS_LJS/Content/SteamMultiplayer/SteamBluprints/Characters/Forge.uasset'
[2016.10.17-07.37.28:561][317]LogSavePackage:Display: Finished SavePackage D:/Wifun_작업문서 이정상/MyOwnUnrealProjects/TPS_LJS/Content/SteamMultiplayer/SteamBluprints/Characters/Forge.uasset
[2016.10.17-07.37.28:631][317]LogSavePackage: Save=18.08ms
[2016.10.17-07.37.28:631][317]LogSavePackage: Moving 'D:/Wifun_작업문서 이정상/MyOwnUnrealProjects/TPS_LJS/Saved/Frosty326A79254C741A7EEEFA39A93EF82D73.tmp' to 'D:/Wifun_작업문서 이정상/MyOwnUnrealProjects/TPS_LJS/Content/SteamMultiplayer/SteamBluprints/Characters/Frosty.uasset'
[2016.10.17-07.37.28:634][317]LogSavePackage:Display: Finished SavePackage D:/Wifun_작업문서 이정상/MyOwnUnrealProjects/TPS_LJS/Content/SteamMultiplayer/SteamBluprints/Characters/Frosty.uasset
[2016.10.17-07.37.28:695][317]LogSavePackage: Save=18.86ms
[2016.10.17-07.37.28:695][317]LogSavePackage: Moving 'D:/Wifun_작업문서 이정상/MyOwnUnrealProjects/TPS_LJS/Saved/NaturalBB4444CC46C007BFF5A614AA26AF3785.tmp' to 'D:/Wifun_작업문서 이정상/MyOwnUnrealProjects/TPS_LJS/Content/SteamMultiplayer/SteamBluprints/Characters/Natural.uasset'
[2016.10.17-07.37.28:698][317]LogSavePackage:Display: Finished SavePackage D:/Wifun_작업문서 이정상/MyOwnUnrealProjects/TPS_LJS/Content/SteamMultiplayer/SteamBluprints/Characters/Natural.uasset
[2016.10.17-07.37.28:755][317]LogSavePackage: Save=19.42ms
[2016.10.17-07.37.28:755][317]LogSavePackage: Moving 'D:/Wifun_작업문서 이정상/MyOwnUnrealProjects/TPS_LJS/Saved/PitBBF56244448ADFD8D5D50B8707FB0FC8.tmp' to 'D:/Wifun_작업문서 이정상/MyOwnUnrealProjects/TPS_LJS/Content/SteamMultiplayer/SteamBluprints/Characters/Pit.uasset'
[2016.10.17-07.37.28:758][317]LogSavePackage:Display: Finished SavePackage D:/Wifun_작업문서 이정상/MyOwnUnrealProjects/TPS_LJS/Content/SteamMultiplayer/SteamBluprints/Characters/Pit.uasset
[2016.10.17-07.37.28:811][317]LogSavePackage: Save=18.16ms
[2016.10.17-07.37.28:811][317]LogSavePackage: Moving 'D:/Wifun_작업문서 이정상/MyOwnUnrealProjects/TPS_LJS/Saved/RoboE8A37FBD4F4E5CE47A222E9158F453CD.tmp' to 'D:/Wifun_작업문서 이정상/MyOwnUnrealProjects/TPS_LJS/Content/SteamMultiplayer/SteamBluprints/Characters/Robo.uasset'
[2016.10.17-07.37.28:814][317]LogSavePackage:Display: Finished SavePackage D:/Wifun_작업문서 이정상/MyOwnUnrealProjects/TPS_LJS/Content/SteamMultiplayer/SteamBluprints/Characters/Robo.uasset
[2016.10.17-07.37.28:822][317]LogSavePackage: Save=1.29ms
[2016.10.17-07.37.28:822][317]LogSavePackage: Moving 'D:/Wifun_작업문서 이정상/MyOwnUnrealProjects/TPS_LJS/Saved/ThirdPersonCharacterD7ADF4D94692DCF3C45647812A99A883.tmp' to 'D:/Wifun_작업문서 이정상/MyOwnUnrealProjects/TPS_LJS/Content/SteamMultiplayer/SteamBluprints/Characters/ThirdPersonCharacter.uasset'
[2016.10.17-07.37.28:825][317]LogSavePackage:Display: Finished SavePackage D:/Wifun_작업문서 이정상/MyOwnUnrealProjects/TPS_LJS/Content/SteamMultiplayer/SteamBluprints/Characters/ThirdPersonCharacter.uasset
[2016.10.17-07.37.28:884][317]LogSavePackage: Save=19.47ms
[2016.10.17-07.37.28:884][317]LogSavePackage: Moving 'D:/Wifun_작업문서 이정상/MyOwnUnrealProjects/TPS_LJS/Saved/Tusk9DC5BDED4AE32306536C969062D1C9FF.tmp' to 'D:/Wifun_작업문서 이정상/MyOwnUnrealProjects/TPS_LJS/Content/SteamMultiplayer/SteamBluprints/Characters/Tusk.uasset'
[2016.10.17-07.37.28:887][317]LogSavePackage:Display: Finished SavePackage D:/Wifun_작업문서 이정상/MyOwnUnrealProjects/TPS_LJS/Content/SteamMultiplayer/SteamBluprints/Characters/Tusk.uasset
[2016.10.17-07.37.28:941][317]LogSavePackage: Save=18.81ms
[2016.10.17-07.37.28:941][317]LogSavePackage: Moving 'D:/Wifun_작업문서 이정상/MyOwnUnrealProjects/TPS_LJS/Saved/WarriorDC2E8607415D0EBBDBD7FF8E614AC1CE.tmp' to 'D:/Wifun_작업문서 이정상/MyOwnUnrealProjects/TPS_LJS/Content/SteamMultiplayer/SteamBluprints/Characters/Warrior.uasset'
[2016.10.17-07.37.28:943][317]LogSavePackage:Display: Finished SavePackage D:/Wifun_작업문서 이정상/MyOwnUnrealProjects/TPS_LJS/Content/SteamMultiplayer/SteamBluprints/Characters/Warrior.uasset
[2016.10.17-07.38.17:943][946]LogMetaData: Removing '/Game/SteamMultiplayer/SteamBluprints/Lobby/LobbyGM.SKEL_LobbyGM_C' ref from Metadata '/Game/SteamMultiplayer/SteamBluprints/Lobby/GameplayGM.PackageMetaData'
[2016.10.17-07.38.17:943][946]LogMetaData: Removing '/Game/SteamMultiplayer/SteamBluprints/Lobby/LobbyGM.LobbyGM_C' ref from Metadata '/Game/SteamMultiplayer/SteamBluprints/Lobby/GameplayGM.PackageMetaData'
[2016.10.17-07.38.18:011][946]LogSavePackage: Save=6.43ms
[2016.10.17-07.38.18:011][946]LogSavePackage: Moving 'D:/Wifun_작업문서 이정상/MyOwnUnrealProjects/TPS_LJS/Saved/LobbyGM2BF104C94BCD0A30E45C9E843FB77AAA.tmp' to 'D:/Wifun_작업문서 이정상/MyOwnUnrealProjects/TPS_LJS/Content/SteamMultiplayer/SteamBluprints/Lobby/LobbyGM.uasset'
[2016.10.17-07.38.18:014][946]LogSavePackage:Display: Finished SavePackage D:/Wifun_작업문서 이정상/MyOwnUnrealProjects/TPS_LJS/Content/SteamMultiplayer/SteamBluprints/Lobby/LobbyGM.uasset
[2016.10.17-07.38.24:170][446]LogMetaData: Removing '/Game/SteamMultiplayer/SteamBluprints/Lobby/LobbyPC.SKEL_LobbyPC_C' ref from Metadata '/Game/SteamMultiplayer/SteamBluprints/Lobby/GameplayPC.PackageMetaData'
[2016.10.17-07.38.24:170][446]LogMetaData: Removing '/Game/SteamMultiplayer/SteamBluprints/Lobby/LobbyPC.LobbyPC_C' ref from Metadata '/Game/SteamMultiplayer/SteamBluprints/Lobby/GameplayPC.PackageMetaData'
[2016.10.17-07.38.24:201][446]LogSavePackage: Save=5.94ms
[2016.10.17-07.38.24:201][446]LogSavePackage: Moving 'D:/Wifun_작업문서 이정상/MyOwnUnrealProjects/TPS_LJS/Saved/LobbyPC7D8694BE4068A31A162CD3BABFA56FEA.tmp' to 'D:/Wifun_작업문서 이정상/MyOwnUnrealProjects/TPS_LJS/Content/SteamMultiplayer/SteamBluprints/Lobby/LobbyPC.uasset'
[2016.10.17-07.38.24:204][446]LogSavePackage:Display: Finished SavePackage D:/Wifun_작업문서 이정상/MyOwnUnrealProjects/TPS_LJS/Content/SteamMultiplayer/SteamBluprints/Lobby/LobbyPC.uasset
[2016.10.17-07.38.48:439][445]LogFileHelpers: Editor autosave (incl. sublevels) for '/Game/ThirdPersonBP/Maps/ThirdPersonExampleMap' took 0.009
[2016.10.17-07.38.48:448][445]OBJ SavePackage: Generating thumbnails for [0] asset(s) in package [/Game/SteamMultiplayer/SteamBluprints/Gameplay/GameplayGM] ([1] browsable assets)...
[2016.10.17-07.38.48:448][445]OBJ SavePackage: Finished generating thumbnails for package [/Game/SteamMultiplayer/SteamBluprints/Gameplay/GameplayGM]
[2016.10.17-07.38.48:457][445]LogSavePackage: Save=6.32ms
[2016.10.17-07.38.48:457][445]LogSavePackage: Moving 'D:/Wifun_작업문서 이정상/MyOwnUnrealProjects/TPS_LJS/Saved/GameplayGM_Auto18441A72E4CA7012976BCFA8D55DC7F43.tmp' to 'D:/Wifun_작업문서 이정상/MyOwnUnrealProjects/TPS_LJS/Saved/Autosaves/Game/SteamMultiplayer/SteamBluprints/Gameplay/GameplayGM_Auto1.uasset'
[2016.10.17-07.38.48:458][445]LogSavePackage:Display: Finished SavePackage D:/Wifun_작업문서 이정상/MyOwnUnrealProjects/TPS_LJS/Saved/Autosaves/Game/SteamMultiplayer/SteamBluprints/Gameplay/GameplayGM_Auto1.uasset
[2016.10.17-07.38.48:460][445]OBJ SavePackage: Generating thumbnails for [0] asset(s) in package [/Game/SteamMultiplayer/SteamBluprints/Gameplay/GameplayPC] ([1] browsable assets)...
[2016.10.17-07.38.48:460][445]OBJ SavePackage: Finished generating thumbnails for package [/Game/SteamMultiplayer/SteamBluprints/Gameplay/GameplayPC]
[2016.10.17-07.38.48:468][445]LogSavePackage: Save=5.96ms
[2016.10.17-07.38.48:468][445]LogSavePackage: Moving 'D:/Wifun_작업문서 이정상/MyOwnUnrealProjects/TPS_LJS/Saved/GameplayPC_Auto12C646899428CD90FBEA53293E0BFB258.tmp' to 'D:/Wifun_작업문서 이정상/MyOwnUnrealProjects/TPS_LJS/Saved/Autosaves/Game/SteamMultiplayer/SteamBluprints/Gameplay/GameplayPC_Auto1.uasset'
[2016.10.17-07.38.48:469][445]LogSavePackage:Display: Finished SavePackage D:/Wifun_작업문서 이정상/MyOwnUnrealProjects/TPS_LJS/Saved/Autosaves/Game/SteamMultiplayer/SteamBluprints/Gameplay/GameplayPC_Auto1.uasset
[2016.10.17-07.38.48:473][445]LogSavePackage: Save=1.34ms
[2016.10.17-07.38.48:473][445]LogSavePackage: Moving 'D:/Wifun_작업문서 이정상/MyOwnUnrealProjects/TPS_LJS/Saved/GameplayGM_Auto1AD5F01D149F8CE738871EBAE84B30120.tmp' to 'D:/Wifun_작업문서 이정상/MyOwnUnrealProjects/TPS_LJS/Saved/Autosaves/Game/SteamMultiplayer/SteamBluprints/Lobby/GameplayGM_Auto1.uasset'
[2016.10.17-07.38.48:475][445]LogSavePackage:Display: Finished SavePackage D:/Wifun_작업문서 이정상/MyOwnUnrealProjects/TPS_LJS/Saved/Autosaves/Game/SteamMultiplayer/SteamBluprints/Lobby/GameplayGM_Auto1.uasset
[2016.10.17-07.38.48:479][445]LogSavePackage: Save=1.26ms
[2016.10.17-07.38.48:479][445]LogSavePackage: Moving 'D:/Wifun_작업문서 이정상/MyOwnUnrealProjects/TPS_LJS/Saved/GameplayPC_Auto1A9D1DC3E4C6E7E53ACE0D7AD552B822B.tmp' to 'D:/Wifun_작업문서 이정상/MyOwnUnrealProjects/TPS_LJS/Saved/Autosaves/Game/SteamMultiplayer/SteamBluprints/Lobby/GameplayPC_Auto1.uasset'
[2016.10.17-07.38.48:481][445]LogSavePackage:Display: Finished SavePackage D:/Wifun_작업문서 이정상/MyOwnUnrealProjects/TPS_LJS/Saved/Autosaves/Game/SteamMultiplayer/SteamBluprints/Lobby/GameplayPC_Auto1.uasset
[2016.10.17-07.38.48:481][445]LogFileHelpers: Auto-saving content packages took 0.041
[2016.10.17-07.38.59:306][337]LogEditorViewport: Clicking on Actor (LMB): TextRenderActor (TemplateLabel)
[2016.10.17-07.39.24:930][132]LogEditorViewport: Clicking on Actor (LMB): StaticMeshActor (Floor)
[2016.10.17-07.39.25:622][177]LogEditorViewport: Clicking on Actor (LMB): ThirdPersonCharacter_C (ThirdPersonCharacter)
[2016.10.17-07.39.27:384][276]Cmd: DELETE
[2016.10.17-07.39.27:384][276]Cmd: ACTOR DELETE
[2016.10.17-07.39.27:384][276]LogEditorActor: Deleted Actor: ThirdPersonCharacter_C
[2016.10.17-07.39.27:432][276]LogEditorActor: Deleted 1 Actors (0.048 secs)
[2016.10.17-07.39.29:559][454]LogEditorViewport: Clicking on Actor (LMB): PlayerStart (NetworkPlayerStart)
[2016.10.17-07.39.50:490][172]LogEditorViewport: Clicking on Actor (LMB): StaticMeshActor (Floor)
[2016.10.17-07.39.52:369][307]LogEditorViewport: Clicking on Actor (LMB): PlayerStart (NetworkPlayerStart)
[2016.10.17-07.39.53:897][423]LogNavigationPoint: PostEditMove Clear paths rebuilt
[2016.10.17-07.39.54:466][468]LogNavigationPoint: PostEditMove Clear paths rebuilt
[2016.10.17-07.39.55:479][549]LogNavigationPoint: PostEditMove Clear paths rebuilt
[2016.10.17-07.39.56:437][626]LogNavigationPoint: PostEditMove Clear paths rebuilt
[2016.10.17-07.39.57:439][708]LogEditorViewport: Clicking on Actor (LMB): PlayerStart (NetworkPlayerStart2)
[2016.10.17-07.40.03:383][176]LogEditorViewport: Clicking on Actor (LMB): PlayerStart (NetworkPlayerStart)
[2016.10.17-07.40.08:705][585]LogNavigationPoint: PostEditMove Clear paths rebuilt
[2016.10.17-07.40.08:705][585]LogNavigationPoint: PostEditMove Clear paths rebuilt
[2016.10.17-07.40.08:705][585]LogNavigationPoint: PostEditMove Clear paths rebuilt
[2016.10.17-07.40.11:380][803]LogNavigationPoint: PostEditMove Clear paths rebuilt
[2016.10.17-07.40.11:381][803]LogNavigationPoint: PostEditMove Clear paths rebuilt
[2016.10.17-07.40.11:381][803]LogNavigationPoint: PostEditMove Clear paths rebuilt
[2016.10.17-07.40.13:215][947]LogEditorViewport: Clicking on Actor (LMB): StaticMeshActor (Floor)
[2016.10.17-07.40.13:821][988]LogEditorViewport: Clicking on Actor (LMB): PlayerStart (NetworkPlayerStart3)
[2016.10.17-07.40.17:413][279]LogEditorViewport: Clicking on Actor (LMB): StaticMeshActor (Floor)
[2016.10.17-07.40.18:448][353]LogEditorViewport: Clicking on Actor (LMB): PlayerStart (NetworkPlayerStart6)
[2016.10.17-07.40.21:272][576]LogNavigationPoint: PostEditMove Clear paths rebuilt
[2016.10.17-07.40.21:272][576]LogNavigationPoint: PostEditMove Clear paths rebuilt
[2016.10.17-07.40.22:135][645]LogNavigationPoint: PostEditMove Clear paths rebuilt
[2016.10.17-07.40.22:136][645]LogNavigationPoint: PostEditMove Clear paths rebuilt
[2016.10.17-07.40.25:017][866]LogEditorViewport: Clicking on Actor (LMB): StaticMeshActor (Floor)
[2016.10.17-07.40.26:405][952]LogEditorViewport: Clicking on Actor (LMB): PlayerStart (NetworkPlayerStart8)
[2016.10.17-07.40.28:156][ 92]LogNavigationPoint: PostEditMove Clear paths rebuilt
[2016.10.17-07.40.29:212][176]LogEditorViewport: Clicking on Actor (LMB): PlayerStart (NetworkPlayerStart7)
[2016.10.17-07.40.31:288][344]LogNavigationPoint: PostEditMove Clear paths rebuilt
[2016.10.17-07.40.41:171][308]LogNavigationPoint: PostEditMove Clear paths rebuilt
[2016.10.17-07.40.41:171][308]LogNavigationPoint: PostEditMove Clear paths rebuilt
[2016.10.17-07.40.41:171][308]LogNavigationPoint: PostEditMove Clear paths rebuilt
[2016.10.17-07.40.41:171][308]LogNavigationPoint: PostEditMove Clear paths rebuilt
[2016.10.17-07.40.41:171][308]LogNavigationPoint: PostEditMove Clear paths rebuilt
[2016.10.17-07.40.41:171][308]LogNavigationPoint: PostEditMove Clear paths rebuilt
[2016.10.17-07.40.41:171][308]LogNavigationPoint: PostEditMove Clear paths rebuilt
[2016.10.17-07.40.41:171][308]LogNavigationPoint: PostEditMove Clear paths rebuilt
[2016.10.17-07.40.42:323][445]LogNavigationPoint: PostEditMove Clear paths rebuilt
[2016.10.17-07.40.42:324][445]LogNavigationPoint: PostEditMove Clear paths rebuilt
[2016.10.17-07.40.42:324][445]LogNavigationPoint: PostEditMove Clear paths rebuilt
[2016.10.17-07.40.42:324][445]LogNavigationPoint: PostEditMove Clear paths rebuilt
[2016.10.17-07.40.42:324][445]LogNavigationPoint: PostEditMove Clear paths rebuilt
[2016.10.17-07.40.42:324][445]LogNavigationPoint: PostEditMove Clear paths rebuilt
[2016.10.17-07.40.42:324][445]LogNavigationPoint: PostEditMove Clear paths rebuilt
[2016.10.17-07.40.42:324][445]LogNavigationPoint: PostEditMove Clear paths rebuilt
[2016.10.17-07.40.59:414][ 43]LogSpawn:Warning: UWorld::DestroyActor: World has no context! World: Arena01, Actor: /Game/SteamMultiplayer/SteamMaps/Arena01.Arena01:PersistentLevel.ThirdPersonExampleMap_C_0
[2016.10.17-07.40.59:470][ 43]LogAIModule: Creating AISystem for world Arena01
[2016.10.17-07.40.59:495][ 43]LogSpawn:Warning: UWorld::DestroyActor: World has no context! World: Arena01, Actor: /Game/SteamMultiplayer/SteamMaps/Arena01.Arena01:PersistentLevel.Arena01_C_0
[2016.10.17-07.40.59:735][ 43]LogSavePackage: Save=240.52ms
[2016.10.17-07.40.59:735][ 43]LogSavePackage: Moving 'D:/Wifun_작업문서 이정상/MyOwnUnrealProjects/TPS_LJS/Saved/Arena019BADBEE84AFF42DD43DB8BBB43E194BF.tmp' to 'D:/Wifun_작업문서 이정상/MyOwnUnrealProjects/TPS_LJS/Content/SteamMultiplayer/SteamMaps/Arena01.umap'
[2016.10.17-07.40.59:738][ 43]LogSavePackage:Display: Finished SavePackage D:/Wifun_작업문서 이정상/MyOwnUnrealProjects/TPS_LJS/Content/SteamMultiplayer/SteamMaps/Arena01.umap
[2016.10.17-07.40.59:746][ 43]LogFileHelpers: Saving map 'Arena01' took 0.777
[2016.10.17-07.40.59:747][ 43]Cmd: MAP LOAD FILE="D:/Wifun_작업문서 이정상/MyOwnUnrealProjects/TPS_LJS/Content/SteamMultiplayer/SteamMaps/Arena01.umap" TEMPLATE=0 SHOWPROGRESS=1 FEATURELEVEL=3
[2016.10.17-07.40.59:775][ 43]LightingResults: New page: 라이팅 빌드
[2016.10.17-07.40.59:777][ 43]LoadErrors: New page: 맵 로드중: Arena01.umap
[2016.10.17-07.40.59:784][ 43]MapCheck: New page: 맵 체크
[2016.10.17-07.40.59:784][ 43]LightingResults: New page: 라이팅 빌드
[2016.10.17-07.40.59:809][ 43]LogEditorServer: Finished looking for orphan Actors (0.000 secs)
[2016.10.17-07.40.59:832][ 43]Cmd: MAP CHECKDEP NOCLEARLOG
[2016.10.17-07.40.59:928][ 43]MapCheck: 정보 맵 체크 완료: 오류 0 회, 경고 0 회, 소요 시간 95.549ms.
[2016.10.17-07.40.59:928][ 43]LogFileHelpers: Loading map 'Arena01' took 0.181
[2016.10.17-07.41.03:486][333]LogEditorViewport: Clicking on Actor (LMB): TextRenderActor (TemplateLabel)
[2016.10.17-07.41.34:021][731]LogSpawn:Warning: UWorld::DestroyActor: World has no context! World: Arena02, Actor: /Game/SteamMultiplayer/SteamMaps/Arena02.Arena02:PersistentLevel.Arena01_C_1
[2016.10.17-07.41.34:079][731]LogAIModule: Creating AISystem for world Arena02
[2016.10.17-07.41.34:107][731]LogSpawn:Warning: UWorld::DestroyActor: World has no context! World: Arena02, Actor: /Game/SteamMultiplayer/SteamMaps/Arena02.Arena02:PersistentLevel.Arena02_C_0
[2016.10.17-07.41.34:378][731]LogSavePackage: Save=272.48ms
[2016.10.17-07.41.34:378][731]LogSavePackage: Moving 'D:/Wifun_작업문서 이정상/MyOwnUnrealProjects/TPS_LJS/Saved/Arena02ABD0F54A481AA88E85E08F9C2DB36FDA.tmp' to 'D:/Wifun_작업문서 이정상/MyOwnUnrealProjects/TPS_LJS/Content/SteamMultiplayer/SteamMaps/Arena02.umap'
[2016.10.17-07.41.34:381][731]LogSavePackage:Display: Finished SavePackage D:/Wifun_작업문서 이정상/MyOwnUnrealProjects/TPS_LJS/Content/SteamMultiplayer/SteamMaps/Arena02.umap
[2016.10.17-07.41.34:387][731]LogFileHelpers: Saving map 'Arena02' took 0.833
[2016.10.17-07.41.34:388][731]Cmd: MAP LOAD FILE="D:/Wifun_작업문서 이정상/MyOwnUnrealProjects/TPS_LJS/Content/SteamMultiplayer/SteamMaps/Arena02.umap" TEMPLATE=0 SHOWPROGRESS=1 FEATURELEVEL=3
[2016.10.17-07.41.34:400][731]LightingResults: New page: 라이팅 빌드
[2016.10.17-07.41.34:402][731]LoadErrors: New page: 맵 로드중: Arena02.umap
[2016.10.17-07.41.34:403][731]MapCheck: New page: 맵 체크
[2016.10.17-07.41.34:403][731]LightingResults: New page: 라이팅 빌드
[2016.10.17-07.41.34:428][731]LogEditorServer: Finished looking for orphan Actors (0.000 secs)
[2016.10.17-07.41.34:442][731]Cmd: MAP CHECKDEP NOCLEARLOG
[2016.10.17-07.41.34:533][731]MapCheck: 정보 맵 체크 완료: 오류 0 회, 경고 0 회, 소요 시간 91.008ms.
[2016.10.17-07.41.34:533][731]LogFileHelpers: Loading map 'Arena02' took 0.147
[2016.10.17-07.41.46:439][386]LogSavePackage: Save=8.03ms
[2016.10.17-07.41.46:439][386]LogSavePackage: Moving 'D:/Wifun_작업문서 이정상/MyOwnUnrealProjects/TPS_LJS/Saved/GameplayGMAEE6D74E408744BEBED26FB925AFDA7D.tmp' to 'D:/Wifun_작업문서 이정상/MyOwnUnrealProjects/TPS_LJS/Content/SteamMultiplayer/SteamBluprints/Gameplay/GameplayGM.uasset'
[2016.10.17-07.41.46:443][386]LogSavePackage:Display: Finished SavePackage D:/Wifun_작업문서 이정상/MyOwnUnrealProjects/TPS_LJS/Content/SteamMultiplayer/SteamBluprints/Gameplay/GameplayGM.uasset
[2016.10.17-07.41.46:455][386]LogSavePackage: Save=7.16ms
[2016.10.17-07.41.46:455][386]LogSavePackage: Moving 'D:/Wifun_작업문서 이정상/MyOwnUnrealProjects/TPS_LJS/Saved/GameplayPC2130733047BE43F202B9B285757C62D2.tmp' to 'D:/Wifun_작업문서 이정상/MyOwnUnrealProjects/TPS_LJS/Content/SteamMultiplayer/SteamBluprints/Gameplay/GameplayPC.uasset'
[2016.10.17-07.41.46:458][386]LogSavePackage:Display: Finished SavePackage D:/Wifun_작업문서 이정상/MyOwnUnrealProjects/TPS_LJS/Content/SteamMultiplayer/SteamBluprints/Gameplay/GameplayPC.uasset
[2016.10.17-07.41.46:465][386]LogSavePackage: Save=1.59ms
[2016.10.17-07.41.46:465][386]LogSavePackage: Moving 'D:/Wifun_작업문서 이정상/MyOwnUnrealProjects/TPS_LJS/Saved/GameplayGM00D84FEF49D25554E222BFBA956E0AAA.tmp' to 'D:/Wifun_작업문서 이정상/MyOwnUnrealProjects/TPS_LJS/Content/SteamMultiplayer/SteamBluprints/Lobby/GameplayGM.uasset'
[2016.10.17-07.41.46:468][386]LogSavePackage:Display: Finished SavePackage D:/Wifun_작업문서 이정상/MyOwnUnrealProjects/TPS_LJS/Content/SteamMultiplayer/SteamBluprints/Lobby/GameplayGM.uasset
[2016.10.17-07.41.46:474][386]LogSavePackage: Save=1.49ms
[2016.10.17-07.41.46:474][386]LogSavePackage: Moving 'D:/Wifun_작업문서 이정상/MyOwnUnrealProjects/TPS_LJS/Saved/GameplayPC1741489840C013FA74398F8AC30ADDFB.tmp' to 'D:/Wifun_작업문서 이정상/MyOwnUnrealProjects/TPS_LJS/Content/SteamMultiplayer/SteamBluprints/Lobby/GameplayPC.uasset'
[2016.10.17-07.41.46:477][386]LogSavePackage:Display: Finished SavePackage D:/Wifun_작업문서 이정상/MyOwnUnrealProjects/TPS_LJS/Content/SteamMultiplayer/SteamBluprints/Lobby/GameplayPC.uasset
[2016.10.17-07.41.46:833][386]LogSavePackage: Save=238.92ms
[2016.10.17-07.41.46:833][386]LogSavePackage: Moving 'D:/Wifun_작업문서 이정상/MyOwnUnrealProjects/TPS_LJS/Saved/Arena023DB589B2403AAFD2D688A4A6ED48C19E.tmp' to 'D:/Wifun_작업문서 이정상/MyOwnUnrealProjects/TPS_LJS/Content/SteamMultiplayer/SteamMaps/Arena02.umap'
[2016.10.17-07.41.46:837][386]LogSavePackage:Display: Finished SavePackage D:/Wifun_작업문서 이정상/MyOwnUnrealProjects/TPS_LJS/Content/SteamMultiplayer/SteamMaps/Arena02.umap
[2016.10.17-07.41.46:849][386]LogFileHelpers: Saving map 'Arena02' took 0.366
[2016.10.17-07.42.03:593][712]Cmd: MAP LOAD FILE="../../../Engine/Content/Maps/Templates/Template_Default.umap" TEMPLATE=1 SHOWPROGRESS=1 FEATURELEVEL=3
[2016.10.17-07.42.03:639][712]LightingResults: New page: 라이팅 빌드
[2016.10.17-07.42.03:640][712]LoadErrors: New page: 맵 로드중: Template_Default.umap
[2016.10.17-07.42.03:640][712]MapCheck: New page: 맵 체크
[2016.10.17-07.42.03:640][712]LightingResults: New page: 라이팅 빌드
[2016.10.17-07.42.03:684][712]LogAIModule: Creating AISystem for world Untitled_1
[2016.10.17-07.42.03:690][712]LogEditorServer: Finished looking for orphan Actors (0.000 secs)
[2016.10.17-07.42.03:697][712]Cmd: MAP CHECKDEP NOCLEARLOG
[2016.10.17-07.42.03:792][712]MapCheck: 정보 맵 체크 완료: 오류 0 회, 경고 0 회, 소요 시간 95.11ms.
[2016.10.17-07.42.03:792][712]LogFileHelpers: Loading map 'Template_Default' took 0.201
[2016.10.17-07.42.14:313][385]LogSavePackage: Save=19.61ms
[2016.10.17-07.42.14:313][385]LogSavePackage: Moving 'D:/Wifun_작업문서 이정상/MyOwnUnrealProjects/TPS_LJS/Saved/Lobby5186737F4B1F781C110E639DA6C514EA.tmp' to 'D:/Wifun_작업문서 이정상/MyOwnUnrealProjects/TPS_LJS/Content/SteamMultiplayer/SteamMaps/Lobby.umap'
[2016.10.17-07.42.14:315][385]LogSavePackage:Display: Finished SavePackage D:/Wifun_작업문서 이정상/MyOwnUnrealProjects/TPS_LJS/Content/SteamMultiplayer/SteamMaps/Lobby.umap
[2016.10.17-07.42.14:330][385]LogFileHelpers: Saving map 'Lobby' took 0.523
[2016.10.17-07.42.14:331][385]Cmd: MAP LOAD FILE="D:/Wifun_작업문서 이정상/MyOwnUnrealProjects/TPS_LJS/Content/SteamMultiplayer/SteamMaps/Lobby.umap" TEMPLATE=0 SHOWPROGRESS=1 FEATURELEVEL=3
[2016.10.17-07.42.14:347][385]LightingResults: New page: 라이팅 빌드
[2016.10.17-07.42.14:348][385]LoadErrors: New page: 맵 로드중: Lobby.umap
[2016.10.17-07.42.14:349][385]MapCheck: New page: 맵 체크
[2016.10.17-07.42.14:349][385]LightingResults: New page: 라이팅 빌드
[2016.10.17-07.42.14:386][385]LogAIModule: Creating AISystem for world Lobby
[2016.10.17-07.42.14:389][385]LogEditorServer: Finished looking for orphan Actors (0.000 secs)
[2016.10.17-07.42.14:404][385]Cmd: MAP CHECKDEP NOCLEARLOG
[2016.10.17-07.42.14:500][385]MapCheck: 정보 맵 체크 완료: 오류 0 회, 경고 0 회, 소요 시간 96.449ms.
[2016.10.17-07.42.14:500][385]LogFileHelpers: Loading map 'Lobby' took 0.170
[2016.10.17-07.42.23:607][249]LightingResults: New page: 라이팅 빌드
[2016.10.17-07.42.23:607][249]MapCheck: New page: 맵 체크
[2016.10.17-07.42.23:607][249]LightingResults: New page: 라이팅 빌드
[2016.10.17-07.42.23:623][249]LogAIModule: Creating AISystem for world Untitled
[2016.10.17-07.42.23:625][249]LoadErrors: New page: 새 맵
[2016.10.17-07.42.35:347][687]LogSavePackage: Save=7.53ms
[2016.10.17-07.42.35:347][687]LogSavePackage: Moving 'D:/Wifun_작업문서 이정상/MyOwnUnrealProjects/TPS_LJS/Saved/TravelMapB25F72D441604FBCE8AD42A04D7B6284.tmp' to 'D:/Wifun_작업문서 이정상/MyOwnUnrealProjects/TPS_LJS/Content/SteamMultiplayer/SteamMaps/TravelMap.umap'
[2016.10.17-07.42.35:348][687]LogSavePackage:Display: Finished SavePackage D:/Wifun_작업문서 이정상/MyOwnUnrealProjects/TPS_LJS/Content/SteamMultiplayer/SteamMaps/TravelMap.umap
[2016.10.17-07.42.35:364][687]LogFileHelpers: Saving map 'TravelMap' took 0.245
[2016.10.17-07.42.35:365][687]Cmd: MAP LOAD FILE="D:/Wifun_작업문서 이정상/MyOwnUnrealProjects/TPS_LJS/Content/SteamMultiplayer/SteamMaps/TravelMap.umap" TEMPLATE=0 SHOWPROGRESS=1 FEATURELEVEL=3
[2016.10.17-07.42.35:380][687]LightingResults: New page: 라이팅 빌드
[2016.10.17-07.42.35:382][687]LoadErrors: New page: 맵 로드중: TravelMap.umap
[2016.10.17-07.42.35:387][687]MapCheck: New page: 맵 체크
[2016.10.17-07.42.35:387][687]LightingResults: New page: 라이팅 빌드
[2016.10.17-07.42.35:403][687]LogAIModule: Creating AISystem for world TravelMap
[2016.10.17-07.42.35:406][687]LogEditorServer: Finished looking for orphan Actors (0.000 secs)
[2016.10.17-07.42.35:420][687]Cmd: MAP CHECKDEP NOCLEARLOG
[2016.10.17-07.42.35:513][687]MapCheck: 정보 맵 체크 완료: 오류 0 회, 경고 0 회, 소요 시간 92.281ms.
[2016.10.17-07.42.35:513][687]LogFileHelpers: Loading map 'TravelMap' took 0.149
[2016.10.17-07.42.47:574][411]LogAIModule: Creating AISystem for world MainMenu
[2016.10.17-07.42.47:598][411]LogSavePackage: Save=6.30ms
[2016.10.17-07.42.47:598][411]LogSavePackage: Moving 'D:/Wifun_작업문서 이정상/MyOwnUnrealProjects/TPS_LJS/Saved/MainMenu6AD98C214DBFF6903988B88D3D55A808.tmp' to 'D:/Wifun_작업문서 이정상/MyOwnUnrealProjects/TPS_LJS/Content/SteamMultiplayer/SteamMaps/MainMenu.umap'
[2016.10.17-07.42.47:601][411]LogSavePackage:Display: Finished SavePackage D:/Wifun_작업문서 이정상/MyOwnUnrealProjects/TPS_LJS/Content/SteamMultiplayer/SteamMaps/MainMenu.umap
[2016.10.17-07.42.47:606][411]LogFileHelpers: Saving map 'MainMenu' took 0.203
[2016.10.17-07.42.47:607][411]Cmd: MAP LOAD FILE="D:/Wifun_작업문서 이정상/MyOwnUnrealProjects/TPS_LJS/Content/SteamMultiplayer/SteamMaps/MainMenu.umap" TEMPLATE=0 SHOWPROGRESS=1 FEATURELEVEL=3
[2016.10.17-07.42.47:637][411]LightingResults: New page: 라이팅 빌드
[2016.10.17-07.42.47:639][411]LoadErrors: New page: 맵 로드중: MainMenu.umap
[2016.10.17-07.42.47:639][411]MapCheck: New page: 맵 체크
[2016.10.17-07.42.47:639][411]LightingResults: New page: 라이팅 빌드
[2016.10.17-07.42.47:658][411]LogEditorServer: Finished looking for orphan Actors (0.000 secs)
[2016.10.17-07.42.47:672][411]Cmd: MAP CHECKDEP NOCLEARLOG
[2016.10.17-07.42.47:802][411]MapCheck: 정보 맵 체크 완료: 오류 0 회, 경고 0 회, 소요 시간 130.662ms.
[2016.10.17-07.42.47:802][411]LogFileHelpers: Loading map 'MainMenu' took 0.197
[2016.10.17-07.44.09:567][  6]Cmd: OBJ SAVEPACKAGE PACKAGE="/Game/SteamMultiplayer/SteamUI/AllLevels/ChatText" FILE="D:/Wifun_작업문서 이정상/MyOwnUnrealProjects/TPS_LJS/Content/SteamMultiplayer/SteamUI/AllLevels/ChatText.uasset" SILENT=true
[2016.10.17-07.44.09:573][  6]LogSavePackage: Save=3.66ms
[2016.10.17-07.44.09:573][  6]LogSavePackage: Moving 'D:/Wifun_작업문서 이정상/MyOwnUnrealProjects/TPS_LJS/Saved/ChatText39077727462725FAE3500D8ACA7ED991.tmp' to 'D:/Wifun_작업문서 이정상/MyOwnUnrealProjects/TPS_LJS/Content/SteamMultiplayer/SteamUI/AllLevels/ChatText.uasset'
[2016.10.17-07.44.09:576][  6]LogSavePackage:Display: Finished SavePackage D:/Wifun_작업문서 이정상/MyOwnUnrealProjects/TPS_LJS/Content/SteamMultiplayer/SteamUI/AllLevels/ChatText.uasset
[2016.10.17-07.44.09:604][  6]LogSavePackage: Save=3.54ms
[2016.10.17-07.44.09:604][  6]LogSavePackage: Moving 'D:/Wifun_작업문서 이정상/MyOwnUnrealProjects/TPS_LJS/Saved/ChatWindow494B5D144FF8B129B0DF1B9A645C5438.tmp' to 'D:/Wifun_작업문서 이정상/MyOwnUnrealProjects/TPS_LJS/Content/SteamMultiplayer/SteamUI/AllLevels/ChatWindow.uasset'
[2016.10.17-07.44.09:607][  6]LogSavePackage:Display: Finished SavePackage D:/Wifun_작업문서 이정상/MyOwnUnrealProjects/TPS_LJS/Content/SteamMultiplayer/SteamUI/AllLevels/ChatWindow.uasset
[2016.10.17-07.44.09:615][  6]LogSavePackage: Save=3.76ms
[2016.10.17-07.44.09:615][  6]LogSavePackage: Moving 'D:/Wifun_작업문서 이정상/MyOwnUnrealProjects/TPS_LJS/Saved/GameplayChat0F9841664E2B01CB7B5F0CBEF19F1494.tmp' to 'D:/Wifun_작업문서 이정상/MyOwnUnrealProjects/TPS_LJS/Content/SteamMultiplayer/SteamUI/AllLevels/GameplayChat.uasset'
[2016.10.17-07.44.09:619][  6]LogSavePackage:Display: Finished SavePackage D:/Wifun_작업문서 이정상/MyOwnUnrealProjects/TPS_LJS/Content/SteamMultiplayer/SteamUI/AllLevels/GameplayChat.uasset
[2016.10.17-07.44.09:626][  6]LogSavePackage: Save=3.61ms
[2016.10.17-07.44.09:626][  6]LogSavePackage: Moving 'D:/Wifun_작업문서 이정상/MyOwnUnrealProjects/TPS_LJS/Saved/LoadingScreen70DADA7A4EA9EFB17558258D32ED31B9.tmp' to 'D:/Wifun_작업문서 이정상/MyOwnUnrealProjects/TPS_LJS/Content/SteamMultiplayer/SteamUI/AllLevels/LoadingScreen.uasset'
[2016.10.17-07.44.09:629][  6]LogSavePackage:Display: Finished SavePackage D:/Wifun_작업문서 이정상/MyOwnUnrealProjects/TPS_LJS/Content/SteamMultiplayer/SteamUI/AllLevels/LoadingScreen.uasset
[2016.10.17-07.52.42:105][450]LogFileHelpers: Editor autosave (incl. sublevels) for '/Game/SteamMultiplayer/SteamMaps/MainMenu' took 0.013
[2016.10.17-07.52.42:108][450]OBJ SavePackage: Generating thumbnails for [0] asset(s) in package [/Game/SteamMultiplayer/SteamUI/Lobby/CharacterSelect] ([1] browsable assets)...
[2016.10.17-07.52.42:108][450]OBJ SavePackage: Finished generating thumbnails for package [/Game/SteamMultiplayer/SteamUI/Lobby/CharacterSelect]
[2016.10.17-07.52.42:116][450]LogSavePackage: Save=4.90ms
[2016.10.17-07.52.42:116][450]LogSavePackage: Moving 'D:/Wifun_작업문서 이정상/MyOwnUnrealProjects/TPS_LJS/Saved/CharacterSelect_Auto2272F16364F9D2C389CB33F8678547050.tmp' to 'D:/Wifun_작업문서 이정상/MyOwnUnrealProjects/TPS_LJS/Saved/Autosaves/Game/SteamMultiplayer/SteamUI/Lobby/CharacterSelect_Auto2.uasset'
[2016.10.17-07.52.42:118][450]LogSavePackage:Display: Finished SavePackage D:/Wifun_작업문서 이정상/MyOwnUnrealProjects/TPS_LJS/Saved/Autosaves/Game/SteamMultiplayer/SteamUI/Lobby/CharacterSelect_Auto2.uasset
[2016.10.17-07.52.42:119][450]OBJ SavePackage: Generating thumbnails for [0] asset(s) in package [/Game/SteamMultiplayer/SteamUI/Lobby/ConnectedPlayer] ([1] browsable assets)...
[2016.10.17-07.52.42:119][450]OBJ SavePackage: Finished generating thumbnails for package [/Game/SteamMultiplayer/SteamUI/Lobby/ConnectedPlayer]
[2016.10.17-07.52.42:126][450]LogSavePackage: Save=4.50ms
[2016.10.17-07.52.42:126][450]LogSavePackage: Moving 'D:/Wifun_작업문서 이정상/MyOwnUnrealProjects/TPS_LJS/Saved/ConnectedPlayer_Auto2B74B0AE24E70B64FD57ACF8946A0A4ED.tmp' to 'D:/Wifun_작업문서 이정상/MyOwnUnrealProjects/TPS_LJS/Saved/Autosaves/Game/SteamMultiplayer/SteamUI/Lobby/ConnectedPlayer_Auto2.uasset'
[2016.10.17-07.52.42:128][450]LogSavePackage:Display: Finished SavePackage D:/Wifun_작업문서 이정상/MyOwnUnrealProjects/TPS_LJS/Saved/Autosaves/Game/SteamMultiplayer/SteamUI/Lobby/ConnectedPlayer_Auto2.uasset
[2016.10.17-07.52.42:130][450]OBJ SavePackage: Generating thumbnails for [0] asset(s) in package [/Game/SteamMultiplayer/SteamUI/Lobby/GameSettings] ([1] browsable assets)...
[2016.10.17-07.52.42:130][450]OBJ SavePackage: Finished generating thumbnails for package [/Game/SteamMultiplayer/SteamUI/Lobby/GameSettings]
[2016.10.17-07.52.42:151][450]LogSavePackage: Save=4.86ms
[2016.10.17-07.52.42:151][450]LogSavePackage: Moving 'D:/Wifun_작업문서 이정상/MyOwnUnrealProjects/TPS_LJS/Saved/GameSettings_Auto2D06CF17E4D45DFC2E434B2BFB6D7C76A.tmp' to 'D:/Wifun_작업문서 이정상/MyOwnUnrealProjects/TPS_LJS/Saved/Autosaves/Game/SteamMultiplayer/SteamUI/Lobby/GameSettings_Auto2.uasset'
[2016.10.17-07.52.42:153][450]LogSavePackage:Display: Finished SavePackage D:/Wifun_작업문서 이정상/MyOwnUnrealProjects/TPS_LJS/Saved/Autosaves/Game/SteamMultiplayer/SteamUI/Lobby/GameSettings_Auto2.uasset
[2016.10.17-07.52.42:155][450]OBJ SavePackage: Generating thumbnails for [0] asset(s) in package [/Game/SteamMultiplayer/SteamUI/Lobby/LobbyMenu] ([1] browsable assets)...
[2016.10.17-07.52.42:155][450]OBJ SavePackage: Finished generating thumbnails for package [/Game/SteamMultiplayer/SteamUI/Lobby/LobbyMenu]
[2016.10.17-07.52.42:162][450]LogSavePackage: Save=4.40ms
[2016.10.17-07.52.42:162][450]LogSavePackage: Moving 'D:/Wifun_작업문서 이정상/MyOwnUnrealProjects/TPS_LJS/Saved/LobbyMenu_Auto2435BEAD74C2181BE6E510BA31B0C5F81.tmp' to 'D:/Wifun_작업문서 이정상/MyOwnUnrealProjects/TPS_LJS/Saved/Autosaves/Game/SteamMultiplayer/SteamUI/Lobby/LobbyMenu_Auto2.uasset'
[2016.10.17-07.52.42:164][450]LogSavePackage:Display: Finished SavePackage D:/Wifun_작업문서 이정상/MyOwnUnrealProjects/TPS_LJS/Saved/Autosaves/Game/SteamMultiplayer/SteamUI/Lobby/LobbyMenu_Auto2.uasset
[2016.10.17-07.52.42:164][450]LogFileHelpers: Auto-saving content packages took 0.058
[2016.10.17-09.33.29:479][296]LogSavePackage: Save=6.11ms
[2016.10.17-09.33.29:479][296]LogSavePackage: Moving 'D:/Wifun_작업문서 이정상/MyOwnUnrealProjects/TPS_LJS/Saved/CharacterSelectE0D188814973BBDD6EA50882F127CA52.tmp' to 'D:/Wifun_작업문서 이정상/MyOwnUnrealProjects/TPS_LJS/Content/SteamMultiplayer/SteamUI/Lobby/CharacterSelect.uasset'
[2016.10.17-09.33.29:484][296]LogSavePackage:Display: Finished SavePackage D:/Wifun_작업문서 이정상/MyOwnUnrealProjects/TPS_LJS/Content/SteamMultiplayer/SteamUI/Lobby/CharacterSelect.uasset
[2016.10.17-09.33.29:492][296]LogSavePackage: Save=3.47ms
[2016.10.17-09.33.29:492][296]LogSavePackage: Moving 'D:/Wifun_작업문서 이정상/MyOwnUnrealProjects/TPS_LJS/Saved/ConnectedPlayer895EBBC74EECE2F175AAAD98F92CFC97.tmp' to 'D:/Wifun_작업문서 이정상/MyOwnUnrealProjects/TPS_LJS/Content/SteamMultiplayer/SteamUI/Lobby/ConnectedPlayer.uasset'
[2016.10.17-09.33.29:495][296]LogSavePackage:Display: Finished SavePackage D:/Wifun_작업문서 이정상/MyOwnUnrealProjects/TPS_LJS/Content/SteamMultiplayer/SteamUI/Lobby/ConnectedPlayer.uasset
[2016.10.17-09.33.29:497][296]Cmd: OBJ SAVEPACKAGE PACKAGE="/Game/SteamMultiplayer/SteamUI/Lobby/GameSettings" FILE="D:/Wifun_작업문서 이정상/MyOwnUnrealProjects/TPS_LJS/Content/SteamMultiplayer/SteamUI/Lobby/GameSettings.uasset" SILENT=true
[2016.10.17-09.33.29:503][296]LogSavePackage: Save=3.42ms
[2016.10.17-09.33.29:503][296]LogSavePackage: Moving 'D:/Wifun_작업문서 이정상/MyOwnUnrealProjects/TPS_LJS/Saved/GameSettings9E1E6E004C410C474433B28BB1DDDE20.tmp' to 'D:/Wifun_작업문서 이정상/MyOwnUnrealProjects/TPS_LJS/Content/SteamMultiplayer/SteamUI/Lobby/GameSettings.uasset'
[2016.10.17-09.33.29:506][296]LogSavePackage:Display: Finished SavePackage D:/Wifun_작업문서 이정상/MyOwnUnrealProjects/TPS_LJS/Content/SteamMultiplayer/SteamUI/Lobby/GameSettings.uasset
[2016.10.17-09.33.29:508][296]Cmd: OBJ SAVEPACKAGE PACKAGE="/Game/SteamMultiplayer/SteamUI/Lobby/LobbyMenu" FILE="D:/Wifun_작업문서 이정상/MyOwnUnrealProjects/TPS_LJS/Content/SteamMultiplayer/SteamUI/Lobby/LobbyMenu.uasset" SILENT=true
[2016.10.17-09.33.29:513][296]LogSavePackage: Save=3.26ms
[2016.10.17-09.33.29:513][296]LogSavePackage: Moving 'D:/Wifun_작업문서 이정상/MyOwnUnrealProjects/TPS_LJS/Saved/LobbyMenuC58EAA4546C5750AB42B81B9B35691B0.tmp' to 'D:/Wifun_작업문서 이정상/MyOwnUnrealProjects/TPS_LJS/Content/SteamMultiplayer/SteamUI/Lobby/LobbyMenu.uasset'
[2016.10.17-09.33.29:516][296]LogSavePackage:Display: Finished SavePackage D:/Wifun_작업문서 이정상/MyOwnUnrealProjects/TPS_LJS/Content/SteamMultiplayer/SteamUI/Lobby/LobbyMenu.uasset
[2016.10.17-09.33.29:703][297]Cmd: QUIT_EDITOR
[2016.10.17-09.33.29:745][297]LogExit: Preparing to exit.
[2016.10.17-09.33.30:892][297]LogExit: Editor shut down
[2016.10.17-09.33.30:892][297]LogExit: Transaction tracking system shut down
[2016.10.17-09.33.31:043][297]LogObj: Freed 0b from 0 cluster array pools.
[2016.10.17-09.33.31:043][297]LogExit: Object subsystem successfully closed.
[2016.10.17-09.33.31:060][297]LogD3D11RHI: Shutdown
[2016.10.17-09.33.31:060][297]LogD3D11RHI: CleanupD3DDevice
[2016.10.17-09.33.31:171][297]LogD3D11RHI: ~FD3D11DynamicRHI
[2016.10.17-09.33.31:191][297]LogModuleManager: Shutting down and abandoning module NewLevelDialog (236)
[2016.10.17-09.33.31:191][297]LogModuleManager: Shutting down and abandoning module BlueprintGraph (235)
[2016.10.17-09.33.31:191][297]LogModuleManager: Shutting down and abandoning module BlueprintProfiler (234)
[2016.10.17-09.33.31:191][297]LogModuleManager: Shutting down and abandoning module HierarchicalLODOutliner (233)
[2016.10.17-09.33.31:192][297]LogModuleManager: Shutting down and abandoning module CrashTracker (232)
[2016.10.17-09.33.31:192][297]LogModuleManager: Shutting down and abandoning module SceneOutliner (231)
[2016.10.17-09.33.31:192][297]LogModuleManager: Shutting down and abandoning module WidgetCarousel (230)
[2016.10.17-09.33.31:192][297]LogModuleManager: Shutting down and abandoning module AddContentDialog (229)
[2016.10.17-09.33.31:192][297]LogDirectoryWatcher: A directory notification for 'C:/Program Files/Epic Games/4.13/FeaturePacks/' was aborted.
[2016.10.17-09.33.31:193][297]LogModuleManager: Shutting down and abandoning module GameplayTags (228)
[2016.10.17-09.33.31:193][297]LogModuleManager: Shutting down and abandoning module EditorWidgets (227)
[2016.10.17-09.33.31:193][297]LogModuleManager: Shutting down and abandoning module CollectionManager (226)
[2016.10.17-09.33.31:193][297]LogDirectoryWatcher: A directory notification for 'D:/Wifun_작업문서 이정상/MyOwnUnrealProjects/TPS_LJS/Content/Collections/' was aborted.
[2016.10.17-09.33.31:193][297]LogDirectoryWatcher: A directory notification for 'D:/Wifun_작업문서 이정상/MyOwnUnrealProjects/TPS_LJS/Content/Developers/emprise/Collections/' was aborted.
[2016.10.17-09.33.31:193][297]LogDirectoryWatcher: A directory notification for 'D:/Wifun_작업문서 이정상/MyOwnUnrealProjects/TPS_LJS/Saved/Collections/' was aborted.
[2016.10.17-09.33.31:193][297]LogModuleManager: Shutting down and abandoning module StatsViewer (225)
[2016.10.17-09.33.31:193][297]LogModuleManager: Shutting down and abandoning module FoliageEdit (224)
[2016.10.17-09.33.31:193][297]LogModuleManager: Shutting down and abandoning module LandscapeEditor (223)
[2016.10.17-09.33.31:193][297]LogModuleManager: Shutting down and abandoning module SceneDepthPickerMode (222)
[2016.10.17-09.33.31:193][297]LogModuleManager: Shutting down and abandoning module ActorPickerMode (221)
[2016.10.17-09.33.31:193][297]LogModuleManager: Shutting down and abandoning module GeometryMode (220)
[2016.10.17-09.33.31:193][297]LogModuleManager: Shutting down and abandoning module TextureAlignMode (219)
[2016.10.17-09.33.31:193][297]LogModuleManager: Shutting down and abandoning module BspMode (218)
[2016.10.17-09.33.31:193][297]LogModuleManager: Shutting down and abandoning module HardwareSurvey (217)
[2016.10.17-09.33.31:193][297]LogModuleManager: Shutting down and abandoning module SequenceRecorderSections (216)
[2016.10.17-09.33.31:193][297]LogModuleManager: Shutting down and abandoning module SequenceRecorder (215)
[2016.10.17-09.33.31:193][297]LogModuleManager: Shutting down and abandoning module AutomationWorker (214)
[2016.10.17-09.33.31:193][297]LogModuleManager: Shutting down and abandoning module MatineeToLevelSequence (213)
[2016.10.17-09.33.31:193][297]LogModuleManager: Shutting down and abandoning module PlacementMode (212)
[2016.10.17-09.33.31:193][297]LogModuleManager: Shutting down and abandoning module LevelSequenceEditor (211)
[2016.10.17-09.33.31:194][297]LogModuleManager: Shutting down and abandoning module WmfMediaFactory (210)
[2016.10.17-09.33.31:194][297]LogModuleManager: Shutting down and abandoning module WmfMediaEditor (209)
[2016.10.17-09.33.31:194][297]LogModuleManager: Shutting down and abandoning module AvfMediaFactory (208)
[2016.10.17-09.33.31:194][297]LogModuleManager: Shutting down and abandoning module AvfMediaEditor (207)
[2016.10.17-09.33.31:194][297]LogModuleManager: Shutting down and abandoning module Media (206)
[2016.10.17-09.33.31:194][297]LogModuleManager: Shutting down and abandoning module AndroidMediaFactory (205)
[2016.10.17-09.33.31:194][297]LogModuleManager: Shutting down and abandoning module AndroidMediaEditor (204)
[2016.10.17-09.33.31:194][297]LogModuleManager: Shutting down and abandoning module CharacterAI (203)
[2016.10.17-09.33.31:194][297]LogModuleManager: Shutting down and abandoning module SmartSnapping (202)
[2016.10.17-09.33.31:194][297]LogModuleManager: Shutting down and abandoning module SessionServices (201)
[2016.10.17-09.33.31:194][297]LogModuleManager: Shutting down and abandoning module ViewportSnapping (200)
[2016.10.17-09.33.31:194][297]LogModuleManager: Shutting down and abandoning module ViewportInteraction (199)
[2016.10.17-09.33.31:194][297]LogModuleManager: Shutting down and abandoning module LogVisualizer (198)
[2016.10.17-09.33.31:194][297]LogModuleManager: Shutting down and abandoning module GameProjectGeneration (197)
[2016.10.17-09.33.31:194][297]LogModuleManager: Shutting down and abandoning module IntroTutorials (196)
[2016.10.17-09.33.31:194][297]LogModuleManager: Shutting down and abandoning module EditorLiveStreaming (195)
[2016.10.17-09.33.31:194][297]LogModuleManager: Shutting down and abandoning module IOSPlatformEditor (194)
[2016.10.17-09.33.31:194][297]LogModuleManager: Shutting down and abandoning module HTML5PlatformEditor (193)
[2016.10.17-09.33.31:194][297]LogModuleManager: Shutting down and abandoning module AndroidDeviceDetection (192)
[2016.10.17-09.33.31:356][297]LogModuleManager: Shutting down and abandoning module AndroidPlatformEditor (191)
[2016.10.17-09.33.31:356][297]LogModuleManager: Shutting down and abandoning module IOSRuntimeSettings (190)
[2016.10.17-09.33.31:356][297]LogModuleManager: Shutting down and abandoning module AndroidRuntimeSettings (189)
[2016.10.17-09.33.31:356][297]LogModuleManager: Shutting down and abandoning module NiagaraEditor (188)
[2016.10.17-09.33.31:356][297]LogModuleManager: Shutting down and abandoning module MergeActors (187)
[2016.10.17-09.33.31:356][297]LogModuleManager: Shutting down and abandoning module SizeMap (186)
[2016.10.17-09.33.31:356][297]LogModuleManager: Shutting down and abandoning module TreeMap (185)
[2016.10.17-09.33.31:356][297]LogModuleManager: Shutting down and abandoning module ReferenceViewer (184)
[2016.10.17-09.33.31:356][297]LogModuleManager: Shutting down and abandoning module LocalizationService (183)
[2016.10.17-09.33.31:356][297]LogModuleManager: Shutting down and abandoning module LocalizationDashboard (182)
[2016.10.17-09.33.31:356][297]LogModuleManager: Shutting down and abandoning module HardwareTargeting (181)
[2016.10.17-09.33.31:356][297]LogModuleManager: Shutting down and abandoning module DeviceProfileEditor (180)
[2016.10.17-09.33.31:356][297]LogModuleManager: Shutting down and abandoning module UndoHistory (179)
[2016.10.17-09.33.31:356][297]LogModuleManager: Shutting down and abandoning module UserFeedback (178)
[2016.10.17-09.33.31:356][297]LogModuleManager: Shutting down and abandoning module XmlParser (177)
[2016.10.17-09.33.31:356][297]LogModuleManager: Shutting down and abandoning module Blutility (176)
[2016.10.17-09.33.31:356][297]LogModuleManager: Shutting down and abandoning module ProjectTargetPlatformEditor (175)
[2016.10.17-09.33.31:356][297]LogModuleManager: Shutting down and abandoning module ProjectSettingsViewer (174)
[2016.10.17-09.33.31:356][297]LogModuleManager: Shutting down and abandoning module InputBindingEditor (173)
[2016.10.17-09.33.31:357][297]LogModuleManager: Shutting down and abandoning module EditorSettingsViewer (172)
[2016.10.17-09.33.31:357][297]LogModuleManager: Shutting down and abandoning module SettingsEditor (171)
[2016.10.17-09.33.31:357][297]LogModuleManager: Shutting down and abandoning module ProjectLauncher (170)
[2016.10.17-09.33.31:357][297]LogModuleManager: Shutting down and abandoning module SessionFrontend (169)
[2016.10.17-09.33.31:357][297]LogModuleManager: Shutting down and abandoning module ProfilerClient (168)
[2016.10.17-09.33.31:357][297]LogModuleManager: Shutting down and abandoning module TargetDeviceServices (167)
[2016.10.17-09.33.31:357][297]LogModuleManager: Shutting down and abandoning module DeviceManager (166)
[2016.10.17-09.33.31:407][297]LogModuleManager: Shutting down and abandoning module AutomationController (165)
[2016.10.17-09.33.31:407][297]LogModuleManager: Shutting down and abandoning module AutomationWindow (164)
[2016.10.17-09.33.31:407][297]LogModuleManager: Shutting down and abandoning module Layers (163)
[2016.10.17-09.33.31:407][297]LogModuleManager: Shutting down and abandoning module ComponentVisualizers (162)
[2016.10.17-09.33.31:407][297]LogModuleManager: Shutting down and abandoning module DetailCustomizations (161)
[2016.10.17-09.33.31:407][297]LogModuleManager: Shutting down and abandoning module PackagesDialog (160)
[2016.10.17-09.33.31:407][297]LogModuleManager: Shutting down and abandoning module AnimGraph (159)
[2016.10.17-09.33.31:407][297]LogModuleManager: Shutting down and abandoning module Persona (158)
[2016.10.17-09.33.31:407][297]LogModuleManager: Shutting down and abandoning module Kismet (157)
[2016.10.17-09.33.31:411][297]LogModuleManager: Shutting down and abandoning module GraphEditor (156)
[2016.10.17-09.33.31:411][297]LogModuleManager: Shutting down and abandoning module ClassViewer (155)
[2016.10.17-09.33.31:412][297]LogModuleManager: Shutting down and abandoning module Toolbox (154)
[2016.10.17-09.33.31:412][297]LogModuleManager: Shutting down and abandoning module ModuleUI (153)
[2016.10.17-09.33.31:412][297]LogModuleManager: Shutting down and abandoning module MovieSceneTools (152)
[2016.10.17-09.33.31:413][297]LogModuleManager: Shutting down and abandoning module OutputLog (151)
[2016.10.17-09.33.31:413][297]LogModuleManager: Shutting down and abandoning module GammaUI (150)
[2016.10.17-09.33.31:413][297]LogModuleManager: Shutting down and abandoning module Documentation (149)
[2016.10.17-09.33.31:413][297]LogModuleManager: Shutting down and abandoning module Niagara (148)
[2016.10.17-09.33.31:413][297]LogModuleManager: Shutting down and abandoning module StreamingPauseRendering (147)
[2016.10.17-09.33.31:413][297]LogModuleManager: Shutting down and abandoning module AnalyticsET (146)
[2016.10.17-09.33.31:413][297]LogModuleManager: Shutting down and abandoning module PortalServices (145)
[2016.10.17-09.33.31:413][297]LogModuleManager: Shutting down and abandoning module PortalRpc (144)
[2016.10.17-09.33.31:413][297]LogModuleManager: Shutting down and abandoning module MessagingRpc (143)
[2016.10.17-09.33.31:413][297]LogModuleManager: Shutting down and abandoning module GameplayDebugger (142)
[2016.10.17-09.33.31:413][297]LogModuleManager: Shutting down and abandoning module AITestSuite (141)
[2016.10.17-09.33.31:413][297]LogModuleManager: Shutting down and abandoning module AIModule (140)
[2016.10.17-09.33.31:413][297]LogModuleManager: Shutting down and abandoning module ProfilerService (139)
[2016.10.17-09.33.31:574][297]LogModuleManager: Shutting down and abandoning module TaskGraph (138)
[2016.10.17-09.33.31:574][297]LogModuleManager: Shutting down and abandoning module SlateRemote (137)
[2016.10.17-09.33.31:574][297]LogModuleManager: Shutting down and abandoning module SteamVRController (136)
[2016.10.17-09.33.31:574][297]LogModuleManager: Shutting down and abandoning module SteamVR (135)
[2016.10.17-09.33.31:574][297]LogModuleManager: Shutting down and abandoning module ProceduralMeshComponentEditor (134)
[2016.10.17-09.33.31:574][297]LogModuleManager: Shutting down and abandoning module ProceduralMeshComponent (133)
[2016.10.17-09.33.31:574][297]LogModuleManager: Shutting down and abandoning module OculusLibrary (132)
[2016.10.17-09.33.31:574][297]LogModuleManager: Shutting down and abandoning module OculusInput (131)
[2016.10.17-09.33.31:574][297]LogModuleManager: Shutting down and abandoning module CustomMeshComponent (130)
[2016.10.17-09.33.31:574][297]LogModuleManager: Shutting down and abandoning module CableComponent (129)
[2016.10.17-09.33.31:574][297]LogModuleManager: Shutting down and abandoning module ArchVisCharacter (128)
[2016.10.17-09.33.31:574][297]LogModuleManager: Shutting down and abandoning module MediaPlayerEditor (126)
[2016.10.17-09.33.31:574][297]LogModuleManager: Shutting down and abandoning module HTML5Networking (125)
[2016.10.17-09.33.31:574][297]LogModuleManager: Shutting down and abandoning module GeometryCacheEd (124)
[2016.10.17-09.33.31:574][297]LogModuleManager: Shutting down and abandoning module GeometryCache (123)
[2016.10.17-09.33.31:574][297]LogModuleManager: Shutting down and abandoning module AlembicLibrary (122)
[2016.10.17-09.33.31:575][297]LogModuleManager: Shutting down and abandoning module AlembicImporter (121)
[2016.10.17-09.33.31:575][297]LogModuleManager: Shutting down and abandoning module SuperSearch (120)
[2016.10.17-09.33.31:575][297]LogModuleManager: Shutting down and abandoning module SuperSearchEditor (119)
[2016.10.17-09.33.31:575][297]LogModuleManager: Shutting down and abandoning module SpeedTreeImporter (118)
[2016.10.17-09.33.31:575][297]LogModuleManager: Shutting down and abandoning module PluginBrowser (117)
[2016.10.17-09.33.31:575][297]LogModuleManager: Shutting down and abandoning module MobileLauncherProfileWizard (116)
[2016.10.17-09.33.31:575][297]LogModuleManager: Shutting down and abandoning module EpicSurvey (115)
[2016.10.17-09.33.31:575][297]LogModuleManager: Shutting down and abandoning module DesktopPlatform (114)
[2016.10.17-09.33.31:575][297]LogModuleManager: Shutting down and abandoning module VisualStudioSourceCodeAccess (113)
[2016.10.17-09.33.31:575][297]LogModuleManager: Shutting down and abandoning module UObjectPlugin (112)
[2016.10.17-09.33.31:575][297]LogModuleManager: Shutting down and abandoning module SubversionSourceControl (111)
[2016.10.17-09.33.31:575][297]LogModuleManager: Shutting down and abandoning module PerforceSourceControl (110)
[2016.10.17-09.33.31:575][297]LogModuleManager: Shutting down and abandoning module SourceControl (109)
[2016.10.17-09.33.31:575][297]LogModuleManager: Shutting down and abandoning module GitSourceControl (108)
[2016.10.17-09.33.31:575][297]LogModuleManager: Shutting down and abandoning module LightPropagationVolumeEditor (107)
[2016.10.17-09.33.31:575][297]LogModuleManager: Shutting down and abandoning module PaperTiledImporter (106)
[2016.10.17-09.33.31:575][297]LogModuleManager: Shutting down and abandoning module PaperSpriteSheetImporter (105)
[2016.10.17-09.33.31:575][297]LogModuleManager: Shutting down and abandoning module MeshPaint (104)
[2016.10.17-09.33.31:575][297]LogModuleManager: Shutting down and abandoning module FbxAutomationBuilderModule (103)
[2016.10.17-09.33.31:575][297]LogModuleManager: Shutting down and abandoning module PixelInspectorModule (102)
[2016.10.17-09.33.31:575][297]LogModuleManager: Shutting down and abandoning module HotReload (101)
[2016.10.17-09.33.31:576][297]LogModuleManager: Shutting down and abandoning module MainFrame (100)
[2016.10.17-09.33.31:576][297]LogModuleManager: Shutting down and abandoning module LevelEditor (99)
[2016.10.17-09.33.31:577][297]LogModuleManager: Shutting down and abandoning module ContentBrowser (98)
[2016.10.17-09.33.31:578][297]LogModuleManager: Shutting down and abandoning module Paper2DEditor (97)
[2016.10.17-09.33.31:578][297]LogModuleManager: Shutting down and abandoning module UdpMessaging (96)
[2016.10.17-09.33.31:678][297]LogModuleManager: Shutting down and abandoning module TcpMessaging (95)
[2016.10.17-09.33.31:778][297]LogModuleManager: Shutting down and abandoning module LightPropagationVolumeRuntime (94)
[2016.10.17-09.33.31:778][297]LogModuleManager: Shutting down and abandoning module Paper2D (93)
[2016.10.17-09.33.31:778][297]LogModuleManager: Shutting down and abandoning module WindowsMoviePlayer (92)
[2016.10.17-09.33.31:778][297]LogModuleManager: Shutting down and abandoning module WmfMedia (91)
[2016.10.17-09.33.31:778][297]LogModuleManager: Shutting down and abandoning module MediaAssets (90)
[2016.10.17-09.33.31:778][297]LogModuleManager: Shutting down and abandoning module GameLiveStreaming (89)
[2016.10.17-09.33.31:778][297]LogModuleManager: Shutting down and abandoning module GameplayTagsEditor (88)
[2016.10.17-09.33.31:778][297]LogModuleManager: Shutting down and abandoning module VREditor (87)
[2016.10.17-09.33.31:778][297]LogModuleManager: Shutting down and abandoning module GameplayTasksEditor (86)
[2016.10.17-09.33.31:778][297]LogModuleManager: Shutting down and abandoning module PropertyEditor (85)
[2016.10.17-09.33.31:779][297]LogModuleManager: Shutting down and abandoning module BehaviorTreeEditor (84)
[2016.10.17-09.33.31:779][297]LogModuleManager: Shutting down and abandoning module FunctionalTesting (83)
[2016.10.17-09.33.31:779][297]LogModuleManager: Shutting down and abandoning module CollisionAnalyzer (82)
[2016.10.17-09.33.31:779][297]LogModuleManager: Shutting down and abandoning module Sequencer (81)
[2016.10.17-09.33.31:779][297]LogModuleManager: Shutting down and abandoning module WorkspaceMenuStructure (80)
[2016.10.17-09.33.31:779][297]LogModuleManager: Shutting down and abandoning module MessageLog (79)
[2016.10.17-09.33.31:779][297]LogModuleManager: Shutting down and abandoning module AssetTools (78)
[2016.10.17-09.33.31:779][297]LogModuleManager: Shutting down and abandoning module UMGEditor (77)
[2016.10.17-09.33.31:779][297]LogModuleManager: Shutting down and abandoning module UMG (76)
[2016.10.17-09.33.31:779][297]LogModuleManager: Shutting down and abandoning module SlateReflector (75)
[2016.10.17-09.33.31:779][297]LogModuleManager: Shutting down and abandoning module Slate (74)
[2016.10.17-09.33.31:779][297]LogModuleManager: Shutting down and abandoning module EditorStyle (73)
[2016.10.17-09.33.31:783][297]LogModuleManager: Shutting down and abandoning module SourceCodeAccess (72)
[2016.10.17-09.33.31:783][297]LogModuleManager: Shutting down and abandoning module HeadMountedDisplay (71)
[2016.10.17-09.33.31:783][297]LogModuleManager: Shutting down and abandoning module XAudio2 (70)
[2016.10.17-09.33.31:783][297]LogModuleManager: Shutting down and abandoning module Networking (68)
[2016.10.17-09.33.31:783][297]LogModuleManager: Shutting down and abandoning module Core (67)
[2016.10.17-09.33.31:783][297]LogModuleManager: Shutting down and abandoning module DirectoryWatcher (66)
[2016.10.17-09.33.31:783][297]LogDirectoryWatcher: A directory notification for '../../../Engine/Content/' was aborted.
[2016.10.17-09.33.31:783][297]LogDirectoryWatcher: A directory notification for 'D:/Wifun_작업문서 이정상/MyOwnUnrealProjects/TPS_LJS/Content/' was aborted.
[2016.10.17-09.33.31:783][297]LogDirectoryWatcher: A directory notification for '../../../Engine/Plugins/2D/Paper2D/Content/' was aborted.
[2016.10.17-09.33.31:783][297]LogModuleManager: Shutting down and abandoning module AssetRegistry (65)
[2016.10.17-09.33.31:965][297]LogModuleManager: Shutting down and abandoning module KismetCompiler (64)
[2016.10.17-09.33.31:965][297]LogModuleManager: Shutting down and abandoning module PhysXFormats (63)
[2016.10.17-09.33.31:965][297]LogModuleManager: Shutting down and abandoning module MeshUtilities (62)
[2016.10.17-09.33.31:965][297]LogModuleManager: Shutting down and abandoning module DerivedDataCache (61)
[2016.10.17-09.33.32:058][297]LogDerivedDataCache: Shutdown
[2016.10.17-09.33.32:058][297]LogModuleManager: Shutting down and abandoning module VulkanShaderFormat (60)
[2016.10.17-09.33.32:058][297]LogModuleManager: Shutting down and abandoning module ShaderFormatOpenGL (59)
[2016.10.17-09.33.32:058][297]LogModuleManager: Shutting down and abandoning module ShaderFormatD3D (58)
[2016.10.17-09.33.32:058][297]LogModuleManager: Shutting down and abandoning module MetalShaderFormat (57)
[2016.10.17-09.33.32:058][297]LogModuleManager: Shutting down and abandoning module TextureFormatUncompressed (56)
[2016.10.17-09.33.32:058][297]LogModuleManager: Shutting down and abandoning module TextureFormatPVR (55)
[2016.10.17-09.33.32:058][297]LogModuleManager: Shutting down and abandoning module TextureFormatDXT (54)
[2016.10.17-09.33.32:058][297]LogModuleManager: Shutting down and abandoning module TextureFormatIntelISPCTexComp (53)
[2016.10.17-09.33.32:058][297]LogModuleManager: Shutting down and abandoning module ImageWrapper (52)
[2016.10.17-09.33.32:058][297]LogModuleManager: Shutting down and abandoning module TextureFormatASTC (51)
[2016.10.17-09.33.32:058][297]LogModuleManager: Shutting down and abandoning module TextureFormatAndroid (50)
[2016.10.17-09.33.32:058][297]LogModuleManager: Shutting down and abandoning module AudioFormatOpus (49)
[2016.10.17-09.33.32:059][297]LogModuleManager: Shutting down and abandoning module AudioFormatOgg (48)
[2016.10.17-09.33.32:059][297]LogModuleManager: Shutting down and abandoning module AudioFormatADPCM (47)
[2016.10.17-09.33.32:059][297]LogModuleManager: Shutting down and abandoning module LinuxTargetPlatform (46)
[2016.10.17-09.33.32:059][297]LogModuleManager: Shutting down and abandoning module LinuxServerTargetPlatform (45)
[2016.10.17-09.33.32:059][297]LogModuleManager: Shutting down and abandoning module LinuxNoEditorTargetPlatform (44)
[2016.10.17-09.33.32:059][297]LogModuleManager: Shutting down and abandoning module LinuxClientTargetPlatform (43)
[2016.10.17-09.33.32:059][297]LogModuleManager: Shutting down and abandoning module TVOSTargetPlatform (42)
[2016.10.17-09.33.32:059][297]LogModuleManager: Shutting down and abandoning module Messaging (41)
[2016.10.17-09.33.32:059][297]LogModuleManager: Shutting down and abandoning module IOSTargetPlatform (40)
[2016.10.17-09.33.32:059][297]LogModuleManager: Shutting down and abandoning module HTML5TargetPlatform (39)
[2016.10.17-09.33.32:059][297]LogModuleManager: Shutting down and abandoning module Android_PVRTCTargetPlatform (38)
[2016.10.17-09.33.32:059][297]LogModuleManager: Shutting down and abandoning module Android_MultiTargetPlatform (37)
[2016.10.17-09.33.32:059][297]LogModuleManager: Shutting down and abandoning module Android_ETC2TargetPlatform (36)
[2016.10.17-09.33.32:059][297]LogModuleManager: Shutting down and abandoning module Android_ETC1TargetPlatform (35)
[2016.10.17-09.33.32:059][297]LogModuleManager: Shutting down and abandoning module Android_DXTTargetPlatform (34)
[2016.10.17-09.33.32:059][297]LogModuleManager: Shutting down and abandoning module Android_ATCTargetPlatform (33)
[2016.10.17-09.33.32:059][297]LogModuleManager: Shutting down and abandoning module Android_ASTCTargetPlatform (32)
[2016.10.17-09.33.32:059][297]LogModuleManager: Shutting down and abandoning module AndroidTargetPlatform (31)
[2016.10.17-09.33.32:059][297]LogModuleManager: Shutting down and abandoning module WindowsTargetPlatform (30)
[2016.10.17-09.33.32:059][297]LogModuleManager: Shutting down and abandoning module WindowsServerTargetPlatform (29)
[2016.10.17-09.33.32:059][297]LogModuleManager: Shutting down and abandoning module WindowsNoEditorTargetPlatform (28)
[2016.10.17-09.33.32:059][297]LogModuleManager: Shutting down and abandoning module WindowsClientTargetPlatform (27)
[2016.10.17-09.33.32:059][297]LogModuleManager: Shutting down and abandoning module AllDesktopTargetPlatform (26)
[2016.10.17-09.33.32:059][297]LogModuleManager: Shutting down and abandoning module TargetPlatform (25)
[2016.10.17-09.33.32:059][297]LogModuleManager: Shutting down and abandoning module InputCore (24)
[2016.10.17-09.33.32:059][297]LogModuleManager: Shutting down and abandoning module Settings (23)
[2016.10.17-09.33.32:059][297]LogModuleManager: Shutting down and abandoning module OculusRift (22)
[2016.10.17-09.33.32:059][297]LogModuleManager: Shutting down and abandoning module GearVR (21)
[2016.10.17-09.33.32:059][297]LogModuleManager: Shutting down and abandoning module ExampleDeviceProfileSelector (20)
[2016.10.17-09.33.32:059][297]LogModuleManager: Shutting down and abandoning module OnlineBlueprintSupport (19)
[2016.10.17-09.33.32:059][297]LogModuleManager: Shutting down and abandoning module OnlineSubsystem (17)
[2016.10.17-09.33.32:059][297]LogOnline:Display: Unloading online subsystem: NULL
[2016.10.17-09.33.32:059][297]LogModuleManager: Shutting down and abandoning module HTTP (16)
[2016.10.17-09.33.32:059][297]LogHttp:Display: Http module shutting down, but needs to wait on 1 outstanding Http requests:
[2016.10.17-09.33.32:059][297]LogHttp:Display: 	verb=[POST] url=[https://datarouter.ol.epicgames.com/datarouter/api/v1/public/data?SessionID=%7B6BAA9804-40B9-3882-CF70-46B5D9F47FAC%7D&AppID=UEEditor.Rocket.Release&AppVersion=4.13.1-3142249%2B%2B%2BUE4%2BRelease-4.13&UserID=56451cfd4fd9a27398ebd49db26bedc3%7C7735729cfacd45018d8e5ad7a2086512%7C64060e57-f965-405a-be8e-4b31e72bcb7e&AppEnvironment=datacollector-binary&UploadType=eteventstream] status=Processing
[2016.10.17-09.33.32:070][297]LogModuleManager: Shutting down and abandoning module XMPP (15)
[2016.10.17-09.33.32:070][297]LogModuleManager: Shutting down and abandoning module TextureCompressor (14)
[2016.10.17-09.33.32:070][297]LogModuleManager: Shutting down and abandoning module ShaderCore (13)
[2016.10.17-09.33.32:070][297]LogModuleManager: Shutting down and abandoning module Landscape (12)
[2016.10.17-09.33.32:070][297]LogModuleManager: Shutting down and abandoning module SlateRHIRenderer (11)
[2016.10.17-09.33.32:071][297]LogModuleManager: Shutting down and abandoning module OpenGLDrv (10)
[2016.10.17-09.33.32:071][297]LogModuleManager: Shutting down and abandoning module D3D11RHI (9)
[2016.10.17-09.33.32:071][297]LogModuleManager: Shutting down and abandoning module AnimGraphRuntime (8)
[2016.10.17-09.33.32:071][297]LogModuleManager: Shutting down and abandoning module Renderer (7)
[2016.10.17-09.33.32:071][297]LogModuleManager: Shutting down and abandoning module Engine (6)
[2016.10.17-09.33.32:071][297]LogModuleManager: Shutting down and abandoning module CoreUObject (5)
[2016.10.17-09.33.32:071][297]LogModuleManager: Shutting down and abandoning module NetworkFile (4)
[2016.10.17-09.33.32:071][297]LogModuleManager: Shutting down and abandoning module StreamingFile (3)
[2016.10.17-09.33.32:071][297]LogModuleManager: Shutting down and abandoning module SandboxFile (2)
[2016.10.17-09.33.32:071][297]LogModuleManager: Shutting down and abandoning module PakFile (1)
[2016.10.17-09.33.32:073][297]LogExit: Exiting.
[2016.10.17-09.33.32:079][297]Log file closed, 10/17/16 18:33:32
