Log file open, 11/04/16 09:44:51
LogInit:Display: Running engine for game: TPS_LJS
LogPlatformFile: Not using cached read wrapper
LogInit:Display: RandInit(-393149807) SRandInit(-393149807).
LogTaskGraph: Started task graph with 5 named threads and 8 total threads with 1 sets of task threads.
LogStats: Stats thread started at 0.111025
LogPluginManager: Loaded Plugin Paper2D, From C:/Program Files/Epic Games/4.13/Engine/Plugins/2D/Paper2D/Paper2D.uplugin
LogPluginManager: Loaded Plugin LightPropagationVolume, From C:/Program Files/Epic Games/4.13/Engine/Plugins/Blendables/LightPropagationVolume/LightPropagationVolume.uplugin
LogPluginManager: Loaded Plugin BlankPlugin, From C:/Program Files/Epic Games/4.13/Engine/Plugins/Developer/BlankPlugin/BlankPlugin.uplugin
LogPluginManager: Loaded Plugin CodeLiteSourceCodeAccess, From C:/Program Files/Epic Games/4.13/Engine/Plugins/Developer/CodeLiteSourceCodeAccess/CodeLiteSourceCodeAccess.uplugin
LogPluginManager: Loaded Plugin GitSourceControl, From C:/Program Files/Epic Games/4.13/Engine/Plugins/Developer/GitSourceControl/GitSourceControl.uplugin
LogPluginManager: Loaded Plugin KDevelopSourceCodeAccess, From C:/Program Files/Epic Games/4.13/Engine/Plugins/Developer/KDevelopSourceCodeAccess/KDevelopSourceCodeAccess.uplugin
LogPluginManager: Loaded Plugin NullSourceCodeAccess, From C:/Program Files/Epic Games/4.13/Engine/Plugins/Developer/NullSourceCodeAccess/NullSourceCodeAccess.uplugin
LogPluginManager: Loaded Plugin OneSkyLocalizationService, From C:/Program Files/Epic Games/4.13/Engine/Plugins/Developer/OneSkyLocalizationService/OneSkyLocalizationService.uplugin
LogPluginManager: Loaded Plugin PerforceSourceControl, From C:/Program Files/Epic Games/4.13/Engine/Plugins/Developer/PerforceSourceControl/PerforceSourceControl.uplugin
LogPluginManager: Loaded Plugin SubversionSourceControl, From C:/Program Files/Epic Games/4.13/Engine/Plugins/Developer/SubversionSourceControl/SubversionSourceControl.uplugin
LogPluginManager: Loaded Plugin UObjectPlugin, From C:/Program Files/Epic Games/4.13/Engine/Plugins/Developer/UObjectPlugin/UObjectPlugin.uplugin
LogPluginManager: Loaded Plugin VisualStudioSourceCodeAccess, From C:/Program Files/Epic Games/4.13/Engine/Plugins/Developer/VisualStudioSourceCodeAccess/VisualStudioSourceCodeAccess.uplugin
LogPluginManager: Loaded Plugin XCodeSourceCodeAccess, From C:/Program Files/Epic Games/4.13/Engine/Plugins/Developer/XCodeSourceCodeAccess/XCodeSourceCodeAccess.uplugin
LogPluginManager: Loaded Plugin EpicSurvey, From C:/Program Files/Epic Games/4.13/Engine/Plugins/Editor/EpicSurvey/EpicSurvey.uplugin
LogPluginManager: Loaded Plugin MacGraphicsSwitching, From C:/Program Files/Epic Games/4.13/Engine/Plugins/Editor/MacGraphicsSwitching/MacGraphicsSwitching.uplugin
LogPluginManager: Loaded Plugin MobileLauncherProfileWizard, From C:/Program Files/Epic Games/4.13/Engine/Plugins/Editor/MobileLauncherProfileWizard/MobileLauncherProfileWizard.uplugin
LogPluginManager: Loaded Plugin PluginBrowser, From C:/Program Files/Epic Games/4.13/Engine/Plugins/Editor/PluginBrowser/PluginBrowser.uplugin
LogPluginManager: Loaded Plugin SpeedTreeImporter, From C:/Program Files/Epic Games/4.13/Engine/Plugins/Editor/SpeedTreeImporter/SpeedTreeImporter.uplugin
LogPluginManager: Loaded Plugin SuperSearchEditor, From C:/Program Files/Epic Games/4.13/Engine/Plugins/Editor/SuperSearchEditor/SuperSearchEditor.uplugin
LogPluginManager: Loaded Plugin AlembicImporter, From C:/Program Files/Epic Games/4.13/Engine/Plugins/Experimental/AlembicImporter/AlembicImporter.uplugin
LogPluginManager: Loaded Plugin BlueprintStats, From C:/Program Files/Epic Games/4.13/Engine/Plugins/Experimental/BlueprintStats/BlueprintStats.uplugin
LogPluginManager: Loaded Plugin CharacterAI, From C:/Program Files/Epic Games/4.13/Engine/Plugins/Experimental/CharacterAI/CharacterAI.uplugin
LogPluginManager: Loaded Plugin CodeEditor, From C:/Program Files/Epic Games/4.13/Engine/Plugins/Experimental/CodeEditor/CodeEditor.uplugin
LogPluginManager: Loaded Plugin CodeView, From C:/Program Files/Epic Games/4.13/Engine/Plugins/Experimental/CodeView/CodeView.uplugin
LogPluginManager: Loaded Plugin HTML5Networking, From C:/Program Files/Epic Games/4.13/Engine/Plugins/Experimental/HTML5Networking/HTML5Networking.uplugin
LogPluginManager: Loaded Plugin LiveEditor, From C:/Program Files/Epic Games/4.13/Engine/Plugins/Experimental/LiveEditor/LiveEditor.uplugin
LogPluginManager: Loaded Plugin OSVR, From C:/Program Files/Epic Games/4.13/Engine/Plugins/Experimental/OSVR/OSVR.uplugin
LogPluginManager: Loaded Plugin Phya, From C:/Program Files/Epic Games/4.13/Engine/Plugins/Experimental/Phya/Phya.uplugin
LogPluginManager: Loaded Plugin SignificanceManager, From C:/Program Files/Epic Games/4.13/Engine/Plugins/Experimental/SignificanceManager/SignificanceManager.uplugin
LogPluginManager: Loaded Plugin SimpleHMD, From C:/Program Files/Epic Games/4.13/Engine/Plugins/Experimental/SimpleHMD/SimpleHMD.uplugin
LogPluginManager: Loaded Plugin StereoPanorama, From C:/Program Files/Epic Games/4.13/Engine/Plugins/Experimental/StereoPanorama/StereoPanorama.uplugin
LogPluginManager: Loaded Plugin StructBox, From C:/Program Files/Epic Games/4.13/Engine/Plugins/Experimental/StructBox/StructBox.uplugin
LogPluginManager: Loaded Plugin AndroidMedia, From C:/Program Files/Epic Games/4.13/Engine/Plugins/Media/AndroidMedia/AndroidMedia.uplugin
LogPluginManager: Loaded Plugin AvfMedia, From C:/Program Files/Epic Games/4.13/Engine/Plugins/Media/AvfMedia/AvfMedia.uplugin
LogPluginManager: Loaded Plugin MediaPlayerEditor, From C:/Program Files/Epic Games/4.13/Engine/Plugins/Media/MediaPlayerEditor/MediaPlayerEditor.uplugin
LogPluginManager: Loaded Plugin WmfMedia, From C:/Program Files/Epic Games/4.13/Engine/Plugins/Media/WmfMedia/WmfMedia.uplugin
LogPluginManager: Loaded Plugin MessagingDebugger, From C:/Program Files/Epic Games/4.13/Engine/Plugins/Messaging/MessagingDebugger/MessagingDebugger.uplugin
LogPluginManager: Loaded Plugin TcpMessaging, From C:/Program Files/Epic Games/4.13/Engine/Plugins/Messaging/TcpMessaging/TcpMessaging.uplugin
LogPluginManager: Loaded Plugin UdpMessaging, From C:/Program Files/Epic Games/4.13/Engine/Plugins/Messaging/UdpMessaging/UdpMessaging.uplugin
LogPluginManager: Loaded Plugin LevelSequenceEditor, From C:/Program Files/Epic Games/4.13/Engine/Plugins/MovieScene/LevelSequenceEditor/LevelSequenceEditor.uplugin
LogPluginManager: Loaded Plugin MatineeToLevelSequence, From C:/Program Files/Epic Games/4.13/Engine/Plugins/MovieScene/MatineeToLevelSequence/MatineeToLevelSequence.uplugin
LogPluginManager: Loaded Plugin NetcodeUnitTest, From C:/Program Files/Epic Games/4.13/Engine/Plugins/NetcodeUnitTest/NetcodeUnitTest/NetcodeUnitTest.uplugin
LogPluginManager: Loaded Plugin NUTUnrealEngine4, From C:/Program Files/Epic Games/4.13/Engine/Plugins/NetcodeUnitTest/NUTUnrealEngine4/NUTUnrealEngine4.uplugin
LogPluginManager: Loaded Plugin OnlineSubsystemGooglePlay, From C:/Program Files/Epic Games/4.13/Engine/Plugins/Online/Android/OnlineSubsystemGooglePlay/OnlineSubsystemGooglePlay.uplugin
LogPluginManager: Loaded Plugin OnlineSubsystemIOS, From C:/Program Files/Epic Games/4.13/Engine/Plugins/Online/IOS/OnlineSubsystemIOS/OnlineSubsystemIOS.uplugin
LogPluginManager: Loaded Plugin OnlineFramework, From C:/Program Files/Epic Games/4.13/Engine/Plugins/Online/OnlineFramework/OnlineFramework.uplugin
LogPluginManager: Loaded Plugin OnlineSubsystem, From C:/Program Files/Epic Games/4.13/Engine/Plugins/Online/OnlineSubsystem/OnlineSubsystem.uplugin
LogPluginManager: Loaded Plugin OnlineSubsystemAmazon, From C:/Program Files/Epic Games/4.13/Engine/Plugins/Online/OnlineSubsystemAmazon/OnlineSubsystemAmazon.uplugin
LogPluginManager: Loaded Plugin OnlineSubsystemFacebook, From C:/Program Files/Epic Games/4.13/Engine/Plugins/Online/OnlineSubsystemFacebook/OnlineSubsystemFacebook.uplugin
LogPluginManager: Loaded Plugin OnlineSubsystemNull, From C:/Program Files/Epic Games/4.13/Engine/Plugins/Online/OnlineSubsystemNull/OnlineSubsystemNull.uplugin
LogPluginManager: Loaded Plugin OnlineSubsystemOculus, From C:/Program Files/Epic Games/4.13/Engine/Plugins/Online/OnlineSubsystemOculus/OnlineSubsystemOculus.uplugin
LogPluginManager: Loaded Plugin OnlineSubsystemSteam, From C:/Program Files/Epic Games/4.13/Engine/Plugins/Online/OnlineSubsystemSteam/OnlineSubsystemSteam.uplugin
LogPluginManager: Loaded Plugin OnlineSubsystemUtils, From C:/Program Files/Epic Games/4.13/Engine/Plugins/Online/OnlineSubsystemUtils/OnlineSubsystemUtils.uplugin
LogPluginManager: Loaded Plugin IOSTapJoy, From C:/Program Files/Epic Games/4.13/Engine/Plugins/Runtime/Advertising/IOSTapJoy/IOSTapJoy.uplugin
LogPluginManager: Loaded Plugin AnalyticsBlueprintLibrary, From C:/Program Files/Epic Games/4.13/Engine/Plugins/Runtime/Analytics/AnalyticsBlueprintLibrary/AnalyticsBlueprintLibrary.uplugin
LogPluginManager: Loaded Plugin AnalyticsMulticast, From C:/Program Files/Epic Games/4.13/Engine/Plugins/Runtime/Analytics/AnalyticsMulticast/AnalyticsMulticast.uplugin
LogPluginManager: Loaded Plugin Apsalar, From C:/Program Files/Epic Games/4.13/Engine/Plugins/Runtime/Analytics/Apsalar/Apsalar.uplugin
LogPluginManager: Loaded Plugin FileLogging, From C:/Program Files/Epic Games/4.13/Engine/Plugins/Runtime/Analytics/FileLogging/FileLogging.uplugin
LogPluginManager: Loaded Plugin Flurry, From C:/Program Files/Epic Games/4.13/Engine/Plugins/Runtime/Analytics/Flurry/Flurry.uplugin
LogPluginManager: Loaded Plugin AndroidDeviceProfileSelector, From C:/Program Files/Epic Games/4.13/Engine/Plugins/Runtime/AndroidDeviceProfileSelector/AndroidDeviceProfileSelector.uplugin
LogPluginManager: Loaded Plugin AndroidMoviePlayer, From C:/Program Files/Epic Games/4.13/Engine/Plugins/Runtime/AndroidMoviePlayer/AndroidMoviePlayer.uplugin
LogPluginManager: Loaded Plugin AppleMoviePlayer, From C:/Program Files/Epic Games/4.13/Engine/Plugins/Runtime/AppleMoviePlayer/AppleMoviePlayer.uplugin
LogPluginManager: Loaded Plugin ArchVisCharacter, From C:/Program Files/Epic Games/4.13/Engine/Plugins/Runtime/ArchVisCharacter/ArchVisCharacter.uplugin
LogPluginManager: Loaded Plugin CableComponent, From C:/Program Files/Epic Games/4.13/Engine/Plugins/Runtime/CableComponent/CableComponent.uplugin
LogPluginManager: Loaded Plugin CustomMeshComponent, From C:/Program Files/Epic Games/4.13/Engine/Plugins/Runtime/CustomMeshComponent/CustomMeshComponent.uplugin
LogPluginManager: Loaded Plugin ExampleDeviceProfileSelector, From C:/Program Files/Epic Games/4.13/Engine/Plugins/Runtime/ExampleDeviceProfileSelector/ExampleDeviceProfileSelector.uplugin
LogPluginManager: Loaded Plugin GearVR, From C:/Program Files/Epic Games/4.13/Engine/Plugins/Runtime/GearVR/GearVR.uplugin
LogPluginManager: Loaded Plugin GoogleVRController, From C:/Program Files/Epic Games/4.13/Engine/Plugins/Runtime/GoogleVR/GoogleVRController/GoogleVRController.uplugin
LogPluginManager: Loaded Plugin GoogleVRHMD, From C:/Program Files/Epic Games/4.13/Engine/Plugins/Runtime/GoogleVR/GoogleVRHMD/GoogleVRHMD.uplugin
LogPluginManager: Loaded Plugin IOSDeviceProfileSelector, From C:/Program Files/Epic Games/4.13/Engine/Plugins/Runtime/IOSDeviceProfileSelector/IOSDeviceProfileSelector.uplugin
LogPluginManager: Loaded Plugin LeapMotion, From C:/Program Files/Epic Games/4.13/Engine/Plugins/Runtime/LeapMotion/LeapMotion.uplugin
LogPluginManager: Loaded Plugin LinuxDeviceProfileSelector, From C:/Program Files/Epic Games/4.13/Engine/Plugins/Runtime/LinuxDeviceProfileSelector/LinuxDeviceProfileSelector.uplugin
LogPluginManager: Loaded Plugin LiveEditorListenServer, From C:/Program Files/Epic Games/4.13/Engine/Plugins/Runtime/LiveEditorListenServer/LiveEditorListenServer.uplugin
LogPluginManager: Loaded Plugin OculusAudio, From C:/Program Files/Epic Games/4.13/Engine/Plugins/Runtime/OculusAudio/OculusAudio.uplugin
LogPluginManager: Loaded Plugin OculusInput, From C:/Program Files/Epic Games/4.13/Engine/Plugins/Runtime/OculusInput/OculusInput.uplugin
LogPluginManager: Loaded Plugin OculusLibrary, From C:/Program Files/Epic Games/4.13/Engine/Plugins/Runtime/OculusLibrary/OculusLibrary.uplugin
LogPluginManager: Loaded Plugin OculusRift, From C:/Program Files/Epic Games/4.13/Engine/Plugins/Runtime/OculusRift/OculusRift.uplugin
LogPluginManager: Loaded Plugin Oodle, From C:/Program Files/Epic Games/4.13/Engine/Plugins/Runtime/PacketHandlers/CompressionComponents/Oodle/Oodle.uplugin
LogPluginManager: Loaded Plugin ProceduralMeshComponent, From C:/Program Files/Epic Games/4.13/Engine/Plugins/Runtime/ProceduralMeshComponent/ProceduralMeshComponent.uplugin
LogPluginManager: Loaded Plugin SoundMod, From C:/Program Files/Epic Games/4.13/Engine/Plugins/Runtime/SoundMod/SoundMod.uplugin
LogPluginManager: Loaded Plugin SoundVisualizations, From C:/Program Files/Epic Games/4.13/Engine/Plugins/Runtime/SoundVisualizations/SoundVisualizations.uplugin
LogPluginManager: Loaded Plugin SteamController, From C:/Program Files/Epic Games/4.13/Engine/Plugins/Runtime/Steam/SteamController/SteamController.uplugin
LogPluginManager: Loaded Plugin SteamVR, From C:/Program Files/Epic Games/4.13/Engine/Plugins/Runtime/Steam/SteamVR/SteamVR.uplugin
LogPluginManager: Loaded Plugin WebBrowserWidget, From C:/Program Files/Epic Games/4.13/Engine/Plugins/Runtime/WebBrowserWidget/WebBrowserWidget.uplugin
LogPluginManager: Loaded Plugin WindowsDeviceProfileSelector, From C:/Program Files/Epic Games/4.13/Engine/Plugins/Runtime/WindowsDeviceProfileSelector/WindowsDeviceProfileSelector.uplugin
LogPluginManager: Loaded Plugin WindowsMoviePlayer, From C:/Program Files/Epic Games/4.13/Engine/Plugins/Runtime/WindowsMoviePlayer/WindowsMoviePlayer.uplugin
LogPluginManager: Loaded Plugin ScriptPlugin, From C:/Program Files/Epic Games/4.13/Engine/Plugins/ScriptPlugin/ScriptPlugin.uplugin
LogPluginManager: Loaded Plugin SlateRemote, From C:/Program Files/Epic Games/4.13/Engine/Plugins/Slate/SlateRemote/SlateRemote.uplugin
LogInit: Using libcurl 7.47.1
LogInit:  - built for x86_64-pc-win32
LogInit:  - supports SSL with WinSSL
LogInit:  - other features:
LogInit:      CURL_VERSION_SSL
LogInit:      CURL_VERSION_IPV6
LogInit:      CURL_VERSION_ASYNCHDNS
LogInit:      CURL_VERSION_LARGEFILE
LogInit:      CURL_VERSION_IDN
LogInit:  CurlRequestOptions (configurable via config and command line):
LogInit:  - bVerifyPeer = false  - Libcurl will NOT verify peer certificate
LogInit:  - bUseHttpProxy = false  - Libcurl will NOT use HTTP proxy
LogInit:  - bDontReuseConnections = false  - Libcurl will reuse connections
LogInit:  - CertBundlePath = nullptr  - Libcurl will use whatever was configured at build time.
LogOnline:Display: STEAM: Loading Steam SDK 1.32
LogOnline:Warning: STEAM: Steam API disabled!
LogOnline:Display: STEAM: OnlineSubsystemSteam::Shutdown()
LogInit: WinSock: version 1.1 (2.2), MaxSocks=32767, MaxUdp=65467
LogVoice:Warning: Failed to initialize voice interface
LogInit: Build: ++UE4+Release-4.13-CL-3172292
LogInit: Engine Version: 4.13.2-3172292+++UE4+Release-4.13
LogInit: Compatible Engine Version: 4.13.0-3106830+++UE4+Release-4.13
LogInit: Net CL: 3172292
LogDevObjectVersion: Number of dev versions registered: 13
LogDevObjectVersion:   Dev-Blueprints (B0D832E4-1F89-4F0D-ACCF-7EB736FD4AA2): 5
LogDevObjectVersion:   Dev-Build (E1C64328-A22C-4D53-A36C-8E866417BD8C): 0
LogDevObjectVersion:   Dev-Core (375EC13C-06E4-48FB-B500-84F0262A717E): 1
LogDevObjectVersion:   Dev-Editor (E4B068ED-F494-42E9-A231-DA0B2E46BB41): 6
LogDevObjectVersion:   Dev-Framework (CFFC743F-43B0-4480-9391-14DF171D2073): 12
LogDevObjectVersion:   Dev-Mobile (B02B49B5-BB20-44E9-A304-32B752E40360): 0
LogDevObjectVersion:   Dev-Networking (A4E4105C-59A1-49B5-A7C5-40C4547EDFEE): 0
LogDevObjectVersion:   Dev-Online (39C831C9-5AE6-47DC-9A44-9C173E1C8E7C): 0
LogDevObjectVersion:   Dev-Physics (78F01B33-EBEA-4F98-B9B4-84EACCB95AA2): 0
LogDevObjectVersion:   Dev-Platform (6631380F-2D4D-43E0-8009-CF276956A95A): 0
LogDevObjectVersion:   Dev-Rendering (12F88B9F-8875-4AFC-A67C-D90C383ABD29): 4
LogDevObjectVersion:   Dev-Sequencer (7B5AE74C-D270-4C10-A958-57980B212A5A): 0
LogDevObjectVersion:   Dev-VR (D7296918-1DD6-4BDD-9DE2-64A83CC13884): 0
LogInit: Compiled (64-bit): Oct 24 2016 14:29:06
LogInit: Compiled with Visual C++: 19.00.23026.00
LogInit: Build Configuration: Development
LogInit: Branch Name: ++UE4+Release-4.13
LogInit: Command line:  
LogInit: Base directory: C:/Program Files/Epic Games/4.13/Engine/Binaries/Win64/
LogInit: Installed Engine Build: 1
LogInit: Presizing for max 8388607 objects, including 0 objects not considered by GC, pre-allocating 0 bytes for permanent pool.
LogInit: Object subsystem initialized
[2016.11.04-00.44.52:103][  0]LogInit: Selected Device Profile: [Windows]
[2016.11.04-00.44.52:103][  0]LogInit: Applying CVar settings loaded from the selected device profile: [Windows]
[2016.11.04-00.44.52:116][  0]LogInit: Computer: EMPRISE-PC1
[2016.11.04-00.44.52:116][  0]LogInit: User: EMPRISE
[2016.11.04-00.44.52:116][  0]LogInit: CPU Page size=65536, Cores=4
[2016.11.04-00.44.52:116][  0]LogInit: High frequency timer resolution =3.515654 MHz
[2016.11.04-00.44.52:116][  0]LogMemory: Memory total: Physical=16.0GB (16GB approx)
[2016.11.04-00.44.52:116][  0]LogMemory: Platform Memory Stats for Windows
[2016.11.04-00.44.52:116][  0]LogMemory: Process Physical Memory: 261.86 MB used, 261.86 MB peak
[2016.11.04-00.44.52:116][  0]LogMemory: Process Virtual Memory: 263.05 MB used, 263.05 MB peak
[2016.11.04-00.44.52:116][  0]LogMemory: Physical Memory: 8087.83 MB used, 16334.92 MB total
[2016.11.04-00.44.52:116][  0]LogMemory: Virtual Memory: 602.19 MB used, 8388608.00 MB total
[2016.11.04-00.44.52:360][  0]LogInit: Overriding culture en w/ editor configuration.
[2016.11.04-00.44.53:386][  0]LogD3D11RHI: D3D11 adapters:
[2016.11.04-00.44.53:541][  0]LogD3D11RHI:    0. 'NVIDIA GeForce GTX 750' (Feature Level 11_0)
[2016.11.04-00.44.53:541][  0]LogD3D11RHI:       972/0/3072 MB DedicatedVideo/DedicatedSystem/SharedSystem, Outputs:2, VendorId:0x10de
[2016.11.04-00.44.53:541][  0]LogD3D11RHI: Chosen D3D11 Adapter: 0
[2016.11.04-00.44.53:547][  0]LogD3D11RHI: Creating new Direct3DDevice
[2016.11.04-00.44.53:547][  0]LogD3D11RHI:     GPU DeviceId: 0x1381 (for the marketing name, search the web for "GPU Device Id")
[2016.11.04-00.44.53:547][  0]LogWindows: EnumDisplayDevices:
[2016.11.04-00.44.53:547][  0]LogWindows:    0. 'NVIDIA GeForce GTX 750' (P:1 D:1)
[2016.11.04-00.44.53:548][  0]LogWindows:    1. 'NVIDIA GeForce GTX 750' (P:0 D:1)
[2016.11.04-00.44.53:548][  0]LogWindows:    2. 'NVIDIA GeForce GTX 750' (P:0 D:0)
[2016.11.04-00.44.53:548][  0]LogWindows:    3. 'NVIDIA GeForce GTX 750' (P:0 D:0)
[2016.11.04-00.44.53:549][  0]LogWindows:    4. 'RDPDD Chained DD' (P:0 D:0)
[2016.11.04-00.44.53:549][  0]LogWindows:    5. 'RDP Encoder Mirror Driver' (P:0 D:0)
[2016.11.04-00.44.53:549][  0]LogWindows:    6. 'RDP Reflector Display Driver' (P:0 D:0)
[2016.11.04-00.44.53:549][  0]LogWindows: DebugString: GetVideoDriverDetailsInvalid PrimaryIsNotTheChoosenAdapter GetVideoDriverDetailsInvalid PrimaryIsNotTheChoosenAdapter GetVideoDriverDetailsInvalid PrimaryIsNotTheChoosenAdapter FoundDriverCount:4 
[2016.11.04-00.44.53:549][  0]LogD3D11RHI:     Adapter Name: NVIDIA GeForce GTX 750
[2016.11.04-00.44.53:549][  0]LogD3D11RHI:   Driver Version: 368.81 (internal:10.18.13.6881, unified:368.81)
[2016.11.04-00.44.53:549][  0]LogD3D11RHI:      Driver Date: 7-10-2016
[2016.11.04-00.44.53:549][  0]LogRHI: Texture pool is 680 MB (70% of 972 MB)
[2016.11.04-00.44.53:674][  0]LogD3D11RHI: Async texture creation enabled
[2016.11.04-00.44.53:688][  0]LogD3D11RHI: GPU Timing Frequency: 1000.000000 (Debug: 2 2)
[2016.11.04-00.44.53:688][  0]LogShaderCompilers: Guid format shader working directory is 2 characters bigger than the processId version (D:/Wifun_작업문서 이정상/MyOwnUnrealProjects/TPS_LJS/Intermediate/Shaders/WorkingDirectory/10160/).
[2016.11.04-00.44.53:688][  0]LogShaderCompilers: Cleaned the shader compiler working directory 'C:/Users/EMPRISE/AppData/Local/Temp/UnrealShaderWorkingDir/FC07581240FC96DF19951F9C42EE1631/'.
[2016.11.04-00.44.53:689][  0]LogShaderCompilers:Display: Using Local Shader Compiler.
[2016.11.04-00.44.55:736][  0]LogTemp:Display: Loaded TP AllDesktopTargetPlatform
[2016.11.04-00.44.55:749][  0]LogTemp:Display: Loaded TP WindowsClientTargetPlatform
[2016.11.04-00.44.55:761][  0]LogTemp:Display: Loaded TP WindowsNoEditorTargetPlatform
[2016.11.04-00.44.55:772][  0]LogTemp:Display: Loaded TP WindowsServerTargetPlatform
[2016.11.04-00.44.55:785][  0]LogTemp:Display: Loaded TP WindowsTargetPlatform
[2016.11.04-00.44.55:798][  0]LogTemp:Display: Loaded TP AndroidTargetPlatform
[2016.11.04-00.44.55:809][  0]LogTemp:Display: Loaded TP Android_ASTCTargetPlatform
[2016.11.04-00.44.55:826][  0]LogTemp:Display: Loaded TP Android_ATCTargetPlatform
[2016.11.04-00.44.55:838][  0]LogTemp:Display: Loaded TP Android_DXTTargetPlatform
[2016.11.04-00.44.55:849][  0]LogTemp:Display: Loaded TP Android_ETC1TargetPlatform
[2016.11.04-00.44.55:861][  0]LogTemp:Display: Loaded TP Android_ETC2TargetPlatform
[2016.11.04-00.44.55:885][  0]LogTemp:Display: Loaded TP Android_MultiTargetPlatform
[2016.11.04-00.44.55:885][  0]LogTemp:Display: Loaded TP Android_PVRTCTargetPlatform
[2016.11.04-00.44.55:891][  0]LogTemp:Display: Loaded TP HTML5TargetPlatform
[2016.11.04-00.44.55:940][  0]LogTemp:Display: Loaded TP IOSTargetPlatform
[2016.11.04-00.44.55:951][  0]LogTemp:Display: Loaded TP TVOSTargetPlatform
[2016.11.04-00.44.55:974][  0]LogTemp:Display: Loaded TP LinuxClientTargetPlatform
[2016.11.04-00.44.55:985][  0]LogTemp:Display: Loaded TP LinuxNoEditorTargetPlatform
[2016.11.04-00.44.55:996][  0]LogTemp:Display: Loaded TP LinuxServerTargetPlatform
[2016.11.04-00.44.56:021][  0]LogTemp:Display: Loaded TP LinuxTargetPlatform
[2016.11.04-00.44.56:021][  0]LogTargetPlatformManager:Display: Building Assets For Windows
[2016.11.04-00.44.56:343][  0]LogDerivedDataCache:Display: Max Cache Size: 512 MB
[2016.11.04-00.44.56:556][  0]LogDerivedDataCache: Loaded boot cache 0.21s 67MB C:/Users/EMPRISE/AppData/Local/UnrealEngine/4.13/DerivedDataCache/Boot.ddc.
[2016.11.04-00.44.56:557][  0]LogDerivedDataCache:Display: Loaded Boot cache: C:/Users/EMPRISE/AppData/Local/UnrealEngine/4.13/DerivedDataCache/Boot.ddc
[2016.11.04-00.44.56:557][  0]LogDerivedDataCache: FDerivedDataBackendGraph:  Pak pak cache file D:/Wifun_작업문서 이정상/MyOwnUnrealProjects/TPS_LJS/DerivedDataCache/DDC.ddp not found, will not use a pak cache.
[2016.11.04-00.44.56:557][  0]LogDerivedDataCache: Unable to find inner node Pak for hierarchical cache Hierarchy.
[2016.11.04-00.44.56:557][  0]LogDerivedDataCache: FDerivedDataBackendGraph:  CompressedPak pak cache file D:/Wifun_작업문서 이정상/MyOwnUnrealProjects/TPS_LJS/DerivedDataCache/Compressed.ddp not found, will not use a pak cache.
[2016.11.04-00.44.56:557][  0]LogDerivedDataCache: Unable to find inner node CompressedPak for hierarchical cache Hierarchy.
[2016.11.04-00.44.56:574][  0]LogDerivedDataCache:Display: Pak cache opened for reading ../../../Engine/DerivedDataCache/Compressed.ddp.
[2016.11.04-00.44.56:606][  0]LogDerivedDataCache: Using Local data cache path C:/Users/EMPRISE/AppData/Local/UnrealEngine/Common/DerivedDataCache: Writable
[2016.11.04-00.44.57:079][  0]LogInit: Selected Device Profile: [Windows]
[2016.11.04-00.44.57:082][  0]LogMaterial: Uniform references updated for custom material expression Custom.
[2016.11.04-00.44.57:083][  0]LogContentStreaming: Texture pool size is 0.00 MB
[2016.11.04-00.44.57:245][  0]LogMeshUtilities: No automatic mesh reduction module available
[2016.11.04-00.44.57:245][  0]LogMeshUtilities: No automatic mesh merging module available
[2016.11.04-00.44.57:245][  0]LogMeshUtilities: No distributed automatic mesh merging module available
[2016.11.04-00.44.57:608][  0]LogNetVersion: GetLocalNetworkVersion: CL: 3106830, ProjectName: tps_ljs, ProjectVersion: , EngineNetworkVersion: 1, GameNetworkVersion: 0, NetworkChecksum: 3890732095
[2016.11.04-00.44.57:653][  0]LogAssetRegistry: FAssetRegistry took 0.0196 seconds to start up
[2016.11.04-00.44.57:770][  0]LogPackageLocalizationCache: Processed 3 localized package path(s) for 1 prioritized culture(s) in 0.111006 seconds
[2016.11.04-00.44.57:774][  0]LogUObjectArray: 29785 objects as part of root set at end of initial load.
[2016.11.04-00.44.57:774][  0]LogUObjectAllocator: 6339056 out of 0 bytes used by permanent object pool.
[2016.11.04-00.44.57:774][  0]LogUObjectArray: CloseDisregardForGC: 0/0 objects in disregard for GC pool
[2016.11.04-00.44.59:074][  0]LogSlate: SlateFontCache - WITH_FREETYPE: 1, WITH_HARFBUZZ: 1
[2016.11.04-00.44.59:074][  0]LogSlate: SlateFontCache - WITH_FREETYPE: 1, WITH_HARFBUZZ: 1
[2016.11.04-00.45.00:346][  0]LogTcpMessaging: Initializing TcpMessaging bridge
[2016.11.04-00.45.00:380][  0]LogUdpMessaging: Initializing bridge on interface 0.0.0.0:0 to multicast group 230.0.0.1:6666.
[2016.11.04-00.45.00:958][  0]SourceControl: Info Source control is disabled
[2016.11.04-00.45.00:958][  0]SourceControl: Info Source control is disabled
[2016.11.04-00.45.01:032][  0]SourceControl: Info Source control is disabled
[2016.11.04-00.45.01:086][  0]SourceControl: Info Source control is disabled
[2016.11.04-00.45.01:944][  0]LogEngine: Initializing Engine...
[2016.11.04-00.45.01:945][  0]LogHMD: Failed to initialize OpenVR with code 110
[2016.11.04-00.45.02:126][  0]LogAIModule: Creating AISystem for world Untitled
[2016.11.04-00.45.02:169][  0]LogInit: XAudio2 using '스피커(2- Realtek High Definition Audio)' : 2 channels at 48 kHz using 32 bits per sample (channel mask 0x3)
[2016.11.04-00.45.02:185][  0]LogInit: FAudioDevice initialized.
[2016.11.04-00.45.02:216][  0]LogDerivedDataCache: Saved boot cache 0.03s 67MB C:/Users/EMPRISE/AppData/Local/UnrealEngine/4.13/DerivedDataCache/Boot.ddc.
[2016.11.04-00.45.02:221][  0]LogInit: Texture streaming: Enabled
[2016.11.04-00.45.02:295][  0]LogInit: Transaction tracking system initialized
[2016.11.04-00.45.02:544][  0]BlueprintLog: New page: Editor Load
[2016.11.04-00.45.03:232][  0]LocalizationService: Info Localization service is disabled
[2016.11.04-00.45.03:648][  0]LogConsoleResponse:Display: 
[2016.11.04-00.45.03:894][  0]LogCook:Display: Max memory allowance for cook 16384mb min free memory 0mb
[2016.11.04-00.45.03:894][  0]LogCook:Display: Mobile HDR setting 1
[2016.11.04-00.45.04:493][  0]LogFileCache: Scanning file cache for directory 'D:/Wifun_작업문서 이정상/MyOwnUnrealProjects/TPS_LJS/Content/' took 0.02s
[2016.11.04-00.45.04:493][  0]SourceControl: Info Source control is disabled
[2016.11.04-00.45.04:493][  0]Cmd: MAP LOAD FILE="D:/Wifun_작업문서 이정상/MyOwnUnrealProjects/TPS_LJS/Content/SteamMultiplayer/SteamMaps/MainMenu.umap" TEMPLATE=0 SHOWPROGRESS=1 FEATURELEVEL=3
[2016.11.04-00.45.04:494][  0]LightingResults: New page: Lighting Build
[2016.11.04-00.45.04:504][  0]MapCheck: New page: Map Check
[2016.11.04-00.45.04:504][  0]LightingResults: New page: Lighting Build
[2016.11.04-00.45.06:186][  0]LogAIModule: Creating AISystem for world MainMenu
[2016.11.04-00.45.06:187][  0]LogEditorServer: Finished looking for orphan Actors (0.000 secs)
[2016.11.04-00.45.06:187][  0]Cmd: MAP CHECKDEP NOCLEARLOG
[2016.11.04-00.45.06:264][  0]MapCheck: Info Map check complete: 0 Error(s), 0 Warning(s), took 77.209ms to complete.
[2016.11.04-00.45.06:264][  0]LogFileHelpers: Loading map 'MainMenu' took 1.771
[2016.11.04-00.45.06:436][  0]LogCollectionManager: Loaded 1 collections in 0.003009 seconds
[2016.11.04-00.45.06:487][  0]LogFileCache: Scanning file cache for directory 'D:/Wifun_작업문서 이정상/MyOwnUnrealProjects/TPS_LJS/Saved/Collections/' took 0.01s
[2016.11.04-00.45.06:487][  0]LogFileCache: Scanning file cache for directory 'D:/Wifun_작업문서 이정상/MyOwnUnrealProjects/TPS_LJS/Content/Developers/EMPRISE/Collections/' took 0.01s
[2016.11.04-00.45.06:487][  0]LogFileCache: Scanning file cache for directory 'D:/Wifun_작업문서 이정상/MyOwnUnrealProjects/TPS_LJS/Content/Collections/' took 0.01s
[2016.11.04-00.45.06:487][  0]LogCollectionManager: Rebuilt the GUID cache for 1 collections in 0.000007 seconds
[2016.11.04-00.45.06:487][  0]LogCollectionManager: Rebuilt the hierarchy cache for 1 collections in 0.000000 seconds
[2016.11.04-00.45.06:494][  0]LogContentBrowser: Native class hierarchy populated in 0.0073 seconds. Added 2143 classes and 418 folders.
[2016.11.04-00.45.06:505][  0]LogStats: UGameplayTagsManager::ConstructGameplayTagTree: Construct from data asset -  0.000 s
[2016.11.04-00.45.06:505][  0]LogStats: UGameplayTagsManager::ConstructGameplayTagTree: GameplayTagTreeChangedEvent.Broadcast -  0.000 s
[2016.11.04-00.45.06:506][  0]LogContentBrowser: Native class hierarchy updated for 'GameplayTags' in 0.0007 seconds. Added 12 classes and 0 folders.
[2016.11.04-00.45.06:525][  0]LogContentBrowser: Native class hierarchy updated for 'WidgetCarousel' in 0.0007 seconds. Added 0 classes and 0 folders.
[2016.11.04-00.45.06:688][  0]LogContentBrowser: Native class hierarchy updated for 'AddContentDialog' in 0.0006 seconds. Added 0 classes and 0 folders.
[2016.11.04-00.45.06:721][  0]LogContentBrowser: Native class hierarchy updated for 'SceneOutliner' in 0.0009 seconds. Added 1 classes and 2 folders.
[2016.11.04-00.45.06:792][  0]LogCrashTracker: Crashtracker disabled due to settings.
[2016.11.04-00.45.06:796][  0]LogUObjectGlobals:Warning: Failed to find object 'Class None.'
[2016.11.04-00.45.06:841][  0]LogContentBrowser: Native class hierarchy updated for 'HierarchicalLODOutliner' in 0.0008 seconds. Added 1 classes and 2 folders.
[2016.11.04-00.45.06:842][  0]LogLoad: (Engine Initialization) Total time: 17.63 seconds
[2016.11.04-00.45.06:842][  0]LogLoad: (Engine Initialization) Total Blueprint compile time: 0.23 seconds
[2016.11.04-00.45.06:842][  0]LogExternalProfiler: Found external profiler: VSPerf
[2016.11.04-00.45.06:842][  0]LogExternalProfiler: Using external profiler: VSPerf
[2016.11.04-00.45.06:856][  0]LogOcInput: OculusInput pre-init called
[2016.11.04-00.45.06:876][  0]LogContentStreaming: Texture pool size now 1000 MB
[2016.11.04-00.45.07:053][  0]LogRenderer: Reallocating scene render targets to support 1208x652 (Frame:2).
[2016.11.04-00.45.07:103][  1]LogAssetRegistry: Asset discovery search completed in 9.4700 seconds
[2016.11.04-00.45.07:103][  1]LogCollectionManager: Rebuilt the object cache for 1 collections in 0.000009 seconds (found 0 objects)
[2016.11.04-00.45.07:103][  1]LogCollectionManager: Fixed up redirectors for 1 collections in 0.000026 seconds (updated 0 objects)
[2016.11.04-00.45.21:154][598]LogSavePackage: Save=62.15ms
[2016.11.04-00.45.21:154][598]LogSavePackage: Moving 'D:/Wifun_작업문서 이정상/MyOwnUnrealProjects/TPS_LJS/Saved/UEDPCMainMenuDF03DE4D42BEEA9A8FDF168FAAF6CAF3.tmp' to 'D:/Wifun_작업문서 이정상/MyOwnUnrealProjects/TPS_LJS/Saved/Autosaves/Game/SteamMultiplayer/SteamMaps/UEDPCMainMenu.umap'
[2016.11.04-00.45.21:189][598]LogSavePackage:Display: Finished SavePackage D:/Wifun_작업문서 이정상/MyOwnUnrealProjects/TPS_LJS/Saved/Autosaves/Game/SteamMultiplayer/SteamMaps/UEDPCMainMenu.umap
[2016.11.04-00.45.21:198][598]LogEditorTransaction: Undo Spawn Play From Here Start
[2016.11.04-00.45.36:771][350]LogSavePackage: Save=42.92ms
[2016.11.04-00.45.36:771][350]LogSavePackage: Moving 'D:/Wifun_작업문서 이정상/MyOwnUnrealProjects/TPS_LJS/Saved/UEDPCMainMenu79ECB8FE4E73278C8566CE8CA3C508D2.tmp' to 'D:/Wifun_작업문서 이정상/MyOwnUnrealProjects/TPS_LJS/Saved/Autosaves/Game/SteamMultiplayer/SteamMaps/UEDPCMainMenu.umap'
[2016.11.04-00.45.36:774][350]LogSavePackage:Display: Finished SavePackage D:/Wifun_작업문서 이정상/MyOwnUnrealProjects/TPS_LJS/Saved/Autosaves/Game/SteamMultiplayer/SteamMaps/UEDPCMainMenu.umap
[2016.11.04-00.45.36:777][350]LogEditorTransaction: Undo Spawn Play From Here Start
[2016.11.04-00.45.59:681][380]UATHelper: Packaging (Windows (64-bit)): Running AutomationTool...
[2016.11.04-00.46.00:698][499]UATHelper: Packaging (Windows (64-bit)): Automation.ParseCommandLine: Parsing command line: -ScriptsForProject="D:/Wifun_작업문서 이정상/MyOwnUnrealProjects/TPS_LJS/TPS_LJS.uproject" BuildCookRun -nocompile -nocompileeditor -installed -nop4 -project="D:/Wifun_작업문서 이정상/MyOwnUnrealProjects/TPS_LJS/TPS_LJS
[2016.11.04-00.46.00:698][499]UATHelper: Packaging (Windows (64-bit)): .uproject" -cook -stage -archive -archivedirectory=C:/Users/EMPRISE/Desktop/tpspack -package -clientconfig=Shipping -ue4exe=UE4Editor-Cmd.exe -pak -prereqs -nodebuginfo -targetplatform=Win64 -build -CrashReporter -utf8output
[2016.11.04-00.46.00:698][499]UATHelper: Packaging (Windows (64-bit)): Automation.Process: Setting up command environment.
[2016.11.04-00.46.00:728][501]UATHelper: Packaging (Windows (64-bit)): WindowsPlatform.get_Compiler: WARNING: Visual C++ 2015 toolchain does not appear to be correctly installed. Please verify that "Common Tools for Visual C++ 2015" was selected when installing Visual Studio 2015.
[2016.11.04-00.46.01:140][533]UATHelper: Packaging (Windows (64-bit)): BuildCookRun.SetupParams: Setting up ProjectParams for D:\Wifun_작업문서 이정상\MyOwnUnrealProjects\TPS_LJS\TPS_LJS.uproject
[2016.11.04-00.46.02:045][601]UATHelper: Packaging (Windows (64-bit)): Project.Build: ********** BUILD COMMAND STARTED **********
[2016.11.04-00.46.02:080][603]UATHelper: Packaging (Windows (64-bit)): CommandUtils.Run: Run: C:\Program Files\Epic Games\4.13\Engine\Binaries\DotNET\UnrealBuildTool.exe TPS_LJS Win64 Shipping -Project="D:\Wifun_작업문서 이정상\MyOwnUnrealProjects\TPS_LJS\TPS_LJS.uproject"  "D:\Wifun_작업문서 이정상\MyOwnUnrealProjects\TPS_LJS\TPS_LJS.upro
[2016.11.04-00.46.02:080][603]UATHelper: Packaging (Windows (64-bit)): ject"  -remoteini="D:\Wifun_작업문서 이정상\MyOwnUnrealProjects\TPS_LJS" -noxge -generatemanifest -NoHotReload
[2016.11.04-00.46.04:116][833]UATHelper: Packaging (Windows (64-bit)): UnrealBuildTool: Visual C++ 2015 toolchain does not appear to be correctly installed. Please verify that "Common Tools for Visual C++ 2015" was selected when installing Visual Studio 2015.
[2016.11.04-00.46.04:487][875]UATHelper: Packaging (Windows (64-bit)): CommandUtils.Run: Run: Took 2.417s to run UnrealBuildTool.exe, ExitCode=0
[2016.11.04-00.46.04:514][878]UATHelper: Packaging (Windows (64-bit)): CommandUtils.Run: Run: C:\Program Files\Epic Games\4.13\Engine\Binaries\DotNET\UnrealBuildTool.exe TPS_LJS Win64 Shipping -Project="D:\Wifun_작업문서 이정상\MyOwnUnrealProjects\TPS_LJS\TPS_LJS.uproject"  "D:\Wifun_작업문서 이정상\MyOwnUnrealProjects\TPS_LJS\TPS_LJS.upro
[2016.11.04-00.46.04:515][878]UATHelper: Packaging (Windows (64-bit)): ject"  -remoteini="D:\Wifun_작업문서 이정상\MyOwnUnrealProjects\TPS_LJS" -noxge -NoHotReload -ignorejunk
[2016.11.04-00.46.05:727][ 17]UATHelper: Packaging (Windows (64-bit)): UnrealBuildTool: Creating makefile for TPS_LJS (no existing makefile)
[2016.11.04-00.46.06:095][ 59]UATHelper: Packaging (Windows (64-bit)): UnrealBuildTool: Performing full C++ include scan (no include cache file)
[2016.11.04-00.46.06:116][ 61]UATHelper: Packaging (Windows (64-bit)): UnrealBuildTool: Visual C++ 2015 toolchain does not appear to be correctly installed. Please verify that "Common Tools for Visual C++ 2015" was selected when installing Visual Studio 2015.
[2016.11.04-00.46.09:561][450]UATHelper: Packaging (Windows (64-bit)): UnrealBuildTool: ERROR: Windows SDK v8.1 must be installed in order to build this target.
[2016.11.04-00.46.09:671][462]UATHelper: Packaging (Windows (64-bit)): CommandUtils.Run: Run: Took 5.163s to run UnrealBuildTool.exe, ExitCode=5
[2016.11.04-00.46.09:698][465]UATHelper: Packaging (Windows (64-bit)): Program.Main: ERROR: AutomationTool terminated with exception: AutomationTool.CommandUtils+CommandFailedException: Command failed (Result:5): C:\Program Files\Epic Games\4.13\Engine\Binaries\DotNET\UnrealBuildTool.exe TPS_LJS Win64 Shipping -Project="D:\Wi
[2016.11.04-00.46.09:698][465]UATHelper: Packaging (Windows (64-bit)): fun_작업문서 이정상\MyOwnUnrealProjects\TPS_LJS\TPS_LJS.uproject"  "D:\Wifun_작업문서 이정상\MyOwnUnrealProjects\TPS_LJS\TPS_LJS.uproject"  -remoteini="D:\Wifun_작업문서 이정상\MyOwnUnrealProjects\TPS_LJS" -noxge -NoHotReload -ignorejunk. See logfile for details: 'UnrealBuildTool-2016.11.04-09.46.04.txt' 
[2016.11.04-00.46.09:698][465]UATHelper: Packaging (Windows (64-bit)):    위치: AutomationTool.CommandUtils.RunAndLog(String App, String CommandLine, String Logfile, Int32 MaxSuccessCode, String Input, ERunOptions Options, Dictionary`2 EnvVars, SpewFilterCallbackType SpewFilterCallback)
[2016.11.04-00.46.09:699][465]UATHelper: Packaging (Windows (64-bit)):    위치: AutomationTool.CommandUtils.RunAndLog(CommandEnvironment Env, String App, String CommandLine, String LogName, Int32 MaxSuccessCode, String Input, ERunOptions Options, Dictionary`2 EnvVars, SpewFilterCallbackType SpewFilterCallback)
[2016.11.04-00.46.09:699][465]UATHelper: Packaging (Windows (64-bit)):    위치: Aut