Log file open, 11/14/16 09:32:06
LogInit:Display: Running engine for game: TPS_LJS
LogPlatformFile: Not using cached read wrapper
LogInit:Display: RandInit(-714609935) SRandInit(-714609935).
LogTaskGraph: Started task graph with 5 named threads and 8 total threads with 1 sets of task threads.
LogStats: Stats thread started at 0.109096
LogPluginManager: Loaded Plugin Paper2D, From C:/Program Files/Epic Games/4.13/Engine/Plugins/2D/Paper2D/Paper2D.uplugin
LogPluginManager: Loaded Plugin LightPropagationVolume, From C:/Program Files/Epic Games/4.13/Engine/Plugins/Blendables/LightPropagationVolume/LightPropagationVolume.uplugin
LogPluginManager: Loaded Plugin BlankPlugin, From C:/Program Files/Epic Games/4.13/Engine/Plugins/Developer/BlankPlugin/BlankPlugin.uplugin
LogPluginManager: Loaded Plugin CodeLiteSourceCodeAccess, From C:/Program Files/Epic Games/4.13/Engine/Plugins/Developer/CodeLiteSourceCodeAccess/CodeLiteSourceCodeAccess.uplugin
LogPluginManager: Loaded Plugin GitSourceControl, From C:/Program Files/Epic Games/4.13/Engine/Plugins/Developer/GitSourceControl/GitSourceControl.uplugin
LogPluginManager: Loaded Plugin KDevelopSourceCodeAccess, From C:/Program Files/Epic Games/4.13/Engine/Plugins/Developer/KDevelopSourceCodeAccess/KDevelopSourceCodeAccess.uplugin
LogPluginManager: Loaded Plugin NullSourceCodeAccess, From C:/Program Files/Epic Games/4.13/Engine/Plugins/Developer/NullSourceCodeAccess/NullSourceCodeAccess.uplugin
LogPluginManager: Loaded Plugin OneSkyLocalizationService, From C:/Program Files/Epic Games/4.13/Engine/Plugins/Developer/OneSkyLocalizationService/OneSkyLocalizationService.uplugin
LogPluginManager: Loaded Plugin PerforceSourceControl, From C:/Program Files/Epic Games/4.13/Engine/Plugins/Developer/PerforceSourceControl/PerforceSourceControl.uplugin
LogPluginManager: Loaded Plugin SubversionSourceControl, From C:/Program Files/Epic Games/4.13/Engine/Plugins/Developer/SubversionSourceControl/SubversionSourceControl.uplugin
LogPluginManager: Loaded Plugin UObjectPlugin, From C:/Program Files/Epic Games/4.13/Engine/Plugins/Developer/UObjectPlugin/UObjectPlugin.uplugin
LogPluginManager: Loaded Plugin VisualStudioSourceCodeAccess, From C:/Program Files/Epic Games/4.13/Engine/Plugins/Developer/VisualStudioSourceCodeAccess/VisualStudioSourceCodeAccess.uplugin
LogPluginManager: Loaded Plugin XCodeSourceCodeAccess, From C:/Program Files/Epic Games/4.13/Engine/Plugins/Developer/XCodeSourceCodeAccess/XCodeSourceCodeAccess.uplugin
LogPluginManager: Loaded Plugin EpicSurvey, From C:/Program Files/Epic Games/4.13/Engine/Plugins/Editor/EpicSurvey/EpicSurvey.uplugin
LogPluginManager: Loaded Plugin MacGraphicsSwitching, From C:/Program Files/Epic Games/4.13/Engine/Plugins/Editor/MacGraphicsSwitching/MacGraphicsSwitching.uplugin
LogPluginManager: Loaded Plugin MobileLauncherProfileWizard, From C:/Program Files/Epic Games/4.13/Engine/Plugins/Editor/MobileLauncherProfileWizard/MobileLauncherProfileWizard.uplugin
LogPluginManager: Loaded Plugin PluginBrowser, From C:/Program Files/Epic Games/4.13/Engine/Plugins/Editor/PluginBrowser/PluginBrowser.uplugin
LogPluginManager: Loaded Plugin SpeedTreeImporter, From C:/Program Files/Epic Games/4.13/Engine/Plugins/Editor/SpeedTreeImporter/SpeedTreeImporter.uplugin
LogPluginManager: Loaded Plugin SuperSearchEditor, From C:/Program Files/Epic Games/4.13/Engine/Plugins/Editor/SuperSearchEditor/SuperSearchEditor.uplugin
LogPluginManager: Loaded Plugin AlembicImporter, From C:/Program Files/Epic Games/4.13/Engine/Plugins/Experimental/AlembicImporter/AlembicImporter.uplugin
LogPluginManager: Loaded Plugin BlueprintStats, From C:/Program Files/Epic Games/4.13/Engine/Plugins/Experimental/BlueprintStats/BlueprintStats.uplugin
LogPluginManager: Loaded Plugin CharacterAI, From C:/Program Files/Epic Games/4.13/Engine/Plugins/Experimental/CharacterAI/CharacterAI.uplugin
LogPluginManager: Loaded Plugin CodeEditor, From C:/Program Files/Epic Games/4.13/Engine/Plugins/Experimental/CodeEditor/CodeEditor.uplugin
LogPluginManager: Loaded Plugin CodeView, From C:/Program Files/Epic Games/4.13/Engine/Plugins/Experimental/CodeView/CodeView.uplugin
LogPluginManager: Loaded Plugin HTML5Networking, From C:/Program Files/Epic Games/4.13/Engine/Plugins/Experimental/HTML5Networking/HTML5Networking.uplugin
LogPluginManager: Loaded Plugin LiveEditor, From C:/Program Files/Epic Games/4.13/Engine/Plugins/Experimental/LiveEditor/LiveEditor.uplugin
LogPluginManager: Loaded Plugin OSVR, From C:/Program Files/Epic Games/4.13/Engine/Plugins/Experimental/OSVR/OSVR.uplugin
LogPluginManager: Loaded Plugin Phya, From C:/Program Files/Epic Games/4.13/Engine/Plugins/Experimental/Phya/Phya.uplugin
LogPluginManager: Loaded Plugin SignificanceManager, From C:/Program Files/Epic Games/4.13/Engine/Plugins/Experimental/SignificanceManager/SignificanceManager.uplugin
LogPluginManager: Loaded Plugin SimpleHMD, From C:/Program Files/Epic Games/4.13/Engine/Plugins/Experimental/SimpleHMD/SimpleHMD.uplugin
LogPluginManager: Loaded Plugin StereoPanorama, From C:/Program Files/Epic Games/4.13/Engine/Plugins/Experimental/StereoPanorama/StereoPanorama.uplugin
LogPluginManager: Loaded Plugin StructBox, From C:/Program Files/Epic Games/4.13/Engine/Plugins/Experimental/StructBox/StructBox.uplugin
LogPluginManager: Loaded Plugin AndroidMedia, From C:/Program Files/Epic Games/4.13/Engine/Plugins/Media/AndroidMedia/AndroidMedia.uplugin
LogPluginManager: Loaded Plugin AvfMedia, From C:/Program Files/Epic Games/4.13/Engine/Plugins/Media/AvfMedia/AvfMedia.uplugin
LogPluginManager: Loaded Plugin MediaPlayerEditor, From C:/Program Files/Epic Games/4.13/Engine/Plugins/Media/MediaPlayerEditor/MediaPlayerEditor.uplugin
LogPluginManager: Loaded Plugin WmfMedia, From C:/Program Files/Epic Games/4.13/Engine/Plugins/Media/WmfMedia/WmfMedia.uplugin
LogPluginManager: Loaded Plugin MessagingDebugger, From C:/Program Files/Epic Games/4.13/Engine/Plugins/Messaging/MessagingDebugger/MessagingDebugger.uplugin
LogPluginManager: Loaded Plugin TcpMessaging, From C:/Program Files/Epic Games/4.13/Engine/Plugins/Messaging/TcpMessaging/TcpMessaging.uplugin
LogPluginManager: Loaded Plugin UdpMessaging, From C:/Program Files/Epic Games/4.13/Engine/Plugins/Messaging/UdpMessaging/UdpMessaging.uplugin
LogPluginManager: Loaded Plugin LevelSequenceEditor, From C:/Program Files/Epic Games/4.13/Engine/Plugins/MovieScene/LevelSequenceEditor/LevelSequenceEditor.uplugin
LogPluginManager: Loaded Plugin MatineeToLevelSequence, From C:/Program Files/Epic Games/4.13/Engine/Plugins/MovieScene/MatineeToLevelSequence/MatineeToLevelSequence.uplugin
LogPluginManager: Loaded Plugin NetcodeUnitTest, From C:/Program Files/Epic Games/4.13/Engine/Plugins/NetcodeUnitTest/NetcodeUnitTest/NetcodeUnitTest.uplugin
LogPluginManager: Loaded Plugin NUTUnrealEngine4, From C:/Program Files/Epic Games/4.13/Engine/Plugins/NetcodeUnitTest/NUTUnrealEngine4/NUTUnrealEngine4.uplugin
LogPluginManager: Loaded Plugin OnlineSubsystemGooglePlay, From C:/Program Files/Epic Games/4.13/Engine/Plugins/Online/Android/OnlineSubsystemGooglePlay/OnlineSubsystemGooglePlay.uplugin
LogPluginManager: Loaded Plugin OnlineSubsystemIOS, From C:/Program Files/Epic Games/4.13/Engine/Plugins/Online/IOS/OnlineSubsystemIOS/OnlineSubsystemIOS.uplugin
LogPluginManager: Loaded Plugin OnlineFramework, From C:/Program Files/Epic Games/4.13/Engine/Plugins/Online/OnlineFramework/OnlineFramework.uplugin
LogPluginManager: Loaded Plugin OnlineSubsystem, From C:/Program Files/Epic Games/4.13/Engine/Plugins/Online/OnlineSubsystem/OnlineSubsystem.uplugin
LogPluginManager: Loaded Plugin OnlineSubsystemAmazon, From C:/Program Files/Epic Games/4.13/Engine/Plugins/Online/OnlineSubsystemAmazon/OnlineSubsystemAmazon.uplugin
LogPluginManager: Loaded Plugin OnlineSubsystemFacebook, From C:/Program Files/Epic Games/4.13/Engine/Plugins/Online/OnlineSubsystemFacebook/OnlineSubsystemFacebook.uplugin
LogPluginManager: Loaded Plugin OnlineSubsystemNull, From C:/Program Files/Epic Games/4.13/Engine/Plugins/Online/OnlineSubsystemNull/OnlineSubsystemNull.uplugin
LogPluginManager: Loaded Plugin OnlineSubsystemOculus, From C:/Program Files/Epic Games/4.13/Engine/Plugins/Online/OnlineSubsystemOculus/OnlineSubsystemOculus.uplugin
LogPluginManager: Loaded Plugin OnlineSubsystemSteam, From C:/Program Files/Epic Games/4.13/Engine/Plugins/Online/OnlineSubsystemSteam/OnlineSubsystemSteam.uplugin
LogPluginManager: Loaded Plugin OnlineSubsystemUtils, From C:/Program Files/Epic Games/4.13/Engine/Plugins/Online/OnlineSubsystemUtils/OnlineSubsystemUtils.uplugin
LogPluginManager: Loaded Plugin IOSTapJoy, From C:/Program Files/Epic Games/4.13/Engine/Plugins/Runtime/Advertising/IOSTapJoy/IOSTapJoy.uplugin
LogPluginManager: Loaded Plugin AnalyticsBlueprintLibrary, From C:/Program Files/Epic Games/4.13/Engine/Plugins/Runtime/Analytics/AnalyticsBlueprintLibrary/AnalyticsBlueprintLibrary.uplugin
LogPluginManager: Loaded Plugin AnalyticsMulticast, From C:/Program Files/Epic Games/4.13/Engine/Plugins/Runtime/Analytics/AnalyticsMulticast/AnalyticsMulticast.uplugin
LogPluginManager: Loaded Plugin Apsalar, From C:/Program Files/Epic Games/4.13/Engine/Plugins/Runtime/Analytics/Apsalar/Apsalar.uplugin
LogPluginManager: Loaded Plugin FileLogging, From C:/Program Files/Epic Games/4.13/Engine/Plugins/Runtime/Analytics/FileLogging/FileLogging.uplugin
LogPluginManager: Loaded Plugin Flurry, From C:/Program Files/Epic Games/4.13/Engine/Plugins/Runtime/Analytics/Flurry/Flurry.uplugin
LogPluginManager: Loaded Plugin AndroidDeviceProfileSelector, From C:/Program Files/Epic Games/4.13/Engine/Plugins/Runtime/AndroidDeviceProfileSelector/AndroidDeviceProfileSelector.uplugin
LogPluginManager: Loaded Plugin AndroidMoviePlayer, From C:/Program Files/Epic Games/4.13/Engine/Plugins/Runtime/AndroidMoviePlayer/AndroidMoviePlayer.uplugin
LogPluginManager: Loaded Plugin AppleMoviePlayer, From C:/Program Files/Epic Games/4.13/Engine/Plugins/Runtime/AppleMoviePlayer/AppleMoviePlayer.uplugin
LogPluginManager: Loaded Plugin ArchVisCharacter, From C:/Program Files/Epic Games/4.13/Engine/Plugins/Runtime/ArchVisCharacter/ArchVisCharacter.uplugin
LogPluginManager: Loaded Plugin CableComponent, From C:/Program Files/Epic Games/4.13/Engine/Plugins/Runtime/CableComponent/CableComponent.uplugin
LogPluginManager: Loaded Plugin CustomMeshComponent, From C:/Program Files/Epic Games/4.13/Engine/Plugins/Runtime/CustomMeshComponent/CustomMeshComponent.uplugin
LogPluginManager: Loaded Plugin ExampleDeviceProfileSelector, From C:/Program Files/Epic Games/4.13/Engine/Plugins/Runtime/ExampleDeviceProfileSelector/ExampleDeviceProfileSelector.uplugin
LogPluginManager: Loaded Plugin GearVR, From C:/Program Files/Epic Games/4.13/Engine/Plugins/Runtime/GearVR/GearVR.uplugin
LogPluginManager: Loaded Plugin GoogleVRController, From C:/Program Files/Epic Games/4.13/Engine/Plugins/Runtime/GoogleVR/GoogleVRController/GoogleVRController.uplugin
LogPluginManager: Loaded Plugin GoogleVRHMD, From C:/Program Files/Epic Games/4.13/Engine/Plugins/Runtime/GoogleVR/GoogleVRHMD/GoogleVRHMD.uplugin
LogPluginManager: Loaded Plugin IOSDeviceProfileSelector, From C:/Program Files/Epic Games/4.13/Engine/Plugins/Runtime/IOSDeviceProfileSelector/IOSDeviceProfileSelector.uplugin
LogPluginManager: Loaded Plugin LeapMotion, From C:/Program Files/Epic Games/4.13/Engine/Plugins/Runtime/LeapMotion/LeapMotion.uplugin
LogPluginManager: Loaded Plugin LinuxDeviceProfileSelector, From C:/Program Files/Epic Games/4.13/Engine/Plugins/Runtime/LinuxDeviceProfileSelector/LinuxDeviceProfileSelector.uplugin
LogPluginManager: Loaded Plugin LiveEditorListenServer, From C:/Program Files/Epic Games/4.13/Engine/Plugins/Runtime/LiveEditorListenServer/LiveEditorListenServer.uplugin
LogPluginManager: Loaded Plugin OculusAudio, From C:/Program Files/Epic Games/4.13/Engine/Plugins/Runtime/OculusAudio/OculusAudio.uplugin
LogPluginManager: Loaded Plugin OculusInput, From C:/Program Files/Epic Games/4.13/Engine/Plugins/Runtime/OculusInput/OculusInput.uplugin
LogPluginManager: Loaded Plugin OculusLibrary, From C:/Program Files/Epic Games/4.13/Engine/Plugins/Runtime/OculusLibrary/OculusLibrary.uplugin
LogPluginManager: Loaded Plugin OculusRift, From C:/Program Files/Epic Games/4.13/Engine/Plugins/Runtime/OculusRift/OculusRift.uplugin
LogPluginManager: Loaded Plugin Oodle, From C:/Program Files/Epic Games/4.13/Engine/Plugins/Runtime/PacketHandlers/CompressionComponents/Oodle/Oodle.uplugin
LogPluginManager: Loaded Plugin ProceduralMeshComponent, From C:/Program Files/Epic Games/4.13/Engine/Plugins/Runtime/ProceduralMeshComponent/ProceduralMeshComponent.uplugin
LogPluginManager: Loaded Plugin SoundMod, From C:/Program Files/Epic Games/4.13/Engine/Plugins/Runtime/SoundMod/SoundMod.uplugin
LogPluginManager: Loaded Plugin SoundVisualizations, From C:/Program Files/Epic Games/4.13/Engine/Plugins/Runtime/SoundVisualizations/SoundVisualizations.uplugin
LogPluginManager: Loaded Plugin SteamController, From C:/Program Files/Epic Games/4.13/Engine/Plugins/Runtime/Steam/SteamController/SteamController.uplugin
LogPluginManager: Loaded Plugin SteamVR, From C:/Program Files/Epic Games/4.13/Engine/Plugins/Runtime/Steam/SteamVR/SteamVR.uplugin
LogPluginManager: Loaded Plugin WebBrowserWidget, From C:/Program Files/Epic Games/4.13/Engine/Plugins/Runtime/WebBrowserWidget/WebBrowserWidget.uplugin
LogPluginManager: Loaded Plugin WindowsDeviceProfileSelector, From C:/Program Files/Epic Games/4.13/Engine/Plugins/Runtime/WindowsDeviceProfileSelector/WindowsDeviceProfileSelector.uplugin
LogPluginManager: Loaded Plugin WindowsMoviePlayer, From C:/Program Files/Epic Games/4.13/Engine/Plugins/Runtime/WindowsMoviePlayer/WindowsMoviePlayer.uplugin
LogPluginManager: Loaded Plugin ScriptPlugin, From C:/Program Files/Epic Games/4.13/Engine/Plugins/ScriptPlugin/ScriptPlugin.uplugin
LogPluginManager: Loaded Plugin SlateRemote, From C:/Program Files/Epic Games/4.13/Engine/Plugins/Slate/SlateRemote/SlateRemote.uplugin
LogInit: Using libcurl 7.47.1
LogInit:  - built for x86_64-pc-win32
LogInit:  - supports SSL with WinSSL
LogInit:  - other features:
LogInit:      CURL_VERSION_SSL
LogInit:      CURL_VERSION_IPV6
LogInit:      CURL_VERSION_ASYNCHDNS
LogInit:      CURL_VERSION_LARGEFILE
LogInit:      CURL_VERSION_IDN
LogInit:  CurlRequestOptions (configurable via config and command line):
LogInit:  - bVerifyPeer = false  - Libcurl will NOT verify peer certificate
LogInit:  - bUseHttpProxy = false  - Libcurl will NOT use HTTP proxy
LogInit:  - bDontReuseConnections = false  - Libcurl will reuse connections
LogInit:  - CertBundlePath = nullptr  - Libcurl will use whatever was configured at build time.
LogOnline:Display: STEAM: Loading Steam SDK 1.32
LogOnline:Warning: STEAM: Steam API disabled!
LogOnline:Display: STEAM: OnlineSubsystemSteam::Shutdown()
LogInit: WinSock: version 1.1 (2.2), MaxSocks=32767, MaxUdp=65467
LogVoice:Warning: Failed to initialize voice interface
LogInit: Build: ++UE4+Release-4.13-CL-3172292
LogInit: Engine Version: 4.13.2-3172292+++UE4+Release-4.13
LogInit: Compatible Engine Version: 4.13.0-3106830+++UE4+Release-4.13
LogInit: Net CL: 3172292
LogDevObjectVersion: Number of dev versions registered: 13
LogDevObjectVersion:   Dev-Blueprints (B0D832E4-1F89-4F0D-ACCF-7EB736FD4AA2): 5
LogDevObjectVersion:   Dev-Build (E1C64328-A22C-4D53-A36C-8E866417BD8C): 0
LogDevObjectVersion:   Dev-Core (375EC13C-06E4-48FB-B500-84F0262A717E): 1
LogDevObjectVersion:   Dev-Editor (E4B068ED-F494-42E9-A231-DA0B2E46BB41): 6
LogDevObjectVersion:   Dev-Framework (CFFC743F-43B0-4480-9391-14DF171D2073): 12
LogDevObjectVersion:   Dev-Mobile (B02B49B5-BB20-44E9-A304-32B752E40360): 0
LogDevObjectVersion:   Dev-Networking (A4E4105C-59A1-49B5-A7C5-40C4547EDFEE): 0
LogDevObjectVersion:   Dev-Online (39C831C9-5AE6-47DC-9A44-9C173E1C8E7C): 0
LogDevObjectVersion:   Dev-Physics (78F01B33-EBEA-4F98-B9B4-84EACCB95AA2): 0
LogDevObjectVersion:   Dev-Platform (6631380F-2D4D-43E0-8009-CF276956A95A): 0
LogDevObjectVersion:   Dev-Rendering (12F88B9F-8875-4AFC-A67C-D90C383ABD29): 4
LogDevObjectVersion:   Dev-Sequencer (7B5AE74C-D270-4C10-A958-57980B212A5A): 0
LogDevObjectVersion:   Dev-VR (D7296918-1DD6-4BDD-9DE2-64A83CC13884): 0
LogInit: Compiled (64-bit): Oct 24 2016 14:29:06
LogInit: Compiled with Visual C++: 19.00.23026.00
LogInit: Build Configuration: Development
LogInit: Branch Name: ++UE4+Release-4.13
LogInit: Command line:  
LogInit: Base directory: C:/Program Files/Epic Games/4.13/Engine/Binaries/Win64/
LogInit: Installed Engine Build: 1
LogInit: Presizing for max 8388607 objects, including 0 objects not considered by GC, pre-allocating 0 bytes for permanent pool.
LogInit: Object subsystem initialized
[2016.11.14-00.32.07:403][  0]LogInit: Selected Device Profile: [Windows]
[2016.11.14-00.32.07:403][  0]LogInit: Applying CVar settings loaded from the selected device profile: [Windows]
[2016.11.14-00.32.07:427][  0]LogInit: Computer: EMPRISE-PC1
[2016.11.14-00.32.07:427][  0]LogInit: User: EMPRISE
[2016.11.14-00.32.07:427][  0]LogInit: CPU Page size=65536, Cores=4
[2016.11.14-00.32.07:427][  0]LogInit: High frequency timer resolution =3.515673 MHz
[2016.11.14-00.32.07:428][  0]LogMemory: Memory total: Physical=16.0GB (16GB approx)
[2016.11.14-00.32.07:428][  0]LogMemory: Platform Memory Stats for Windows
[2016.11.14-00.32.07:428][  0]LogMemory: Process Physical Memory: 261.82 MB used, 261.82 MB peak
[2016.11.14-00.32.07:428][  0]LogMemory: Process Virtual Memory: 262.88 MB used, 262.88 MB peak
[2016.11.14-00.32.07:428][  0]LogMemory: Physical Memory: 8551.98 MB used, 16334.92 MB total
[2016.11.14-00.32.07:428][  0]LogMemory: Virtual Memory: 602.81 MB used, 8388608.00 MB total
[2016.11.14-00.32.07:684][  0]LogInit: Overriding culture en w/ editor configuration.
[2016.11.14-00.32.08:907][  0]LogD3D11RHI: D3D11 adapters:
[2016.11.14-00.32.09:068][  0]LogD3D11RHI:    0. 'NVIDIA GeForce GTX 750' (Feature Level 11_0)
[2016.11.14-00.32.09:068][  0]LogD3D11RHI:       972/0/3072 MB DedicatedVideo/DedicatedSystem/SharedSystem, Outputs:2, VendorId:0x10de
[2016.11.14-00.32.09:068][  0]LogD3D11RHI: Chosen D3D11 Adapter: 0
[2016.11.14-00.32.09:073][  0]LogD3D11RHI: Creating new Direct3DDevice
[2016.11.14-00.32.09:073][  0]LogD3D11RHI:     GPU DeviceId: 0x1381 (for the marketing name, search the web for "GPU Device Id")
[2016.11.14-00.32.09:073][  0]LogWindows: EnumDisplayDevices:
[2016.11.14-00.32.09:074][  0]LogWindows:    0. 'NVIDIA GeForce GTX 750' (P:1 D:1)
[2016.11.14-00.32.09:074][  0]LogWindows:    1. 'NVIDIA GeForce GTX 750' (P:0 D:1)
[2016.11.14-00.32.09:074][  0]LogWindows:    2. 'NVIDIA GeForce GTX 750' (P:0 D:0)
[2016.11.14-00.32.09:075][  0]LogWindows:    3. 'NVIDIA GeForce GTX 750' (P:0 D:0)
[2016.11.14-00.32.09:075][  0]LogWindows:    4. 'RDPDD Chained DD' (P:0 D:0)
[2016.11.14-00.32.09:075][  0]LogWindows:    5. 'RDP Encoder Mirror Driver' (P:0 D:0)
[2016.11.14-00.32.09:075][  0]LogWindows:    6. 'RDP Reflector Display Driver' (P:0 D:0)
[2016.11.14-00.32.09:075][  0]LogWindows: DebugString: GetVideoDriverDetailsInvalid PrimaryIsNotTheChoosenAdapter GetVideoDriverDetailsInvalid PrimaryIsNotTheChoosenAdapter GetVideoDriverDetailsInvalid PrimaryIsNotTheChoosenAdapter FoundDriverCount:4 
[2016.11.14-00.32.09:075][  0]LogD3D11RHI:     Adapter Name: NVIDIA GeForce GTX 750
[2016.11.14-00.32.09:076][  0]LogD3D11RHI:   Driver Version: 368.81 (internal:10.18.13.6881, unified:368.81)
[2016.11.14-00.32.09:076][  0]LogD3D11RHI:      Driver Date: 7-10-2016
[2016.11.14-00.32.09:076][  0]LogRHI: Texture pool is 680 MB (70% of 972 MB)
[2016.11.14-00.32.09:201][  0]LogD3D11RHI: Async texture creation enabled
[2016.11.14-00.32.09:215][  0]LogD3D11RHI: GPU Timing Frequency: 1000.000000 (Debug: 2 2)
[2016.11.14-00.32.09:215][  0]LogShaderCompilers: Guid format shader working directory is 3 characters bigger than the processId version (D:/Wifun_작업문서 이정상/MyOwnUnrealProjects/TPS_LJS/Intermediate/Shaders/WorkingDirectory/4264/).
[2016.11.14-00.32.09:216][  0]LogShaderCompilers: Cleaned the shader compiler working directory 'C:/Users/EMPRISE/AppData/Local/Temp/UnrealShaderWorkingDir/DA72341E4DD554038196DABF9447CF81/'.
[2016.11.14-00.32.09:216][  0]LogShaderCompilers:Display: Using Local Shader Compiler.
[2016.11.14-00.32.11:673][  0]LogTemp:Display: Loaded TP AllDesktopTargetPlatform
[2016.11.14-00.32.11:686][  0]LogTemp:Display: Loaded TP WindowsClientTargetPlatform
[2016.11.14-00.32.11:698][  0]LogTemp:Display: Loaded TP WindowsNoEditorTargetPlatform
[2016.11.14-00.32.11:710][  0]LogTemp:Display: Loaded TP WindowsServerTargetPlatform
[2016.11.14-00.32.11:727][  0]LogTemp:Display: Loaded TP WindowsTargetPlatform
[2016.11.14-00.32.11:741][  0]LogTemp:Display: Loaded TP AndroidTargetPlatform
[2016.11.14-00.32.11:755][  0]LogTemp:Display: Loaded TP Android_ASTCTargetPlatform
[2016.11.14-00.32.11:768][  0]LogTemp:Display: Loaded TP Android_ATCTargetPlatform
[2016.11.14-00.32.11:781][  0]LogTemp:Display: Loaded TP Android_DXTTargetPlatform
[2016.11.14-00.32.11:792][  0]LogTemp:Display: Loaded TP Android_ETC1TargetPlatform
[2016.11.14-00.32.11:804][  0]LogTemp:Display: Loaded TP Android_ETC2TargetPlatform
[2016.11.14-00.32.11:833][  0]LogTemp:Display: Loaded TP Android_MultiTargetPlatform
[2016.11.14-00.32.11:833][  0]LogTemp:Display: Loaded TP Android_PVRTCTargetPlatform
[2016.11.14-00.32.11:838][  0]LogTemp:Display: Loaded TP HTML5TargetPlatform
[2016.11.14-00.32.11:876][  0]LogTemp:Display: Loaded TP IOSTargetPlatform
[2016.11.14-00.32.11:885][  0]LogTemp:Display: Loaded TP TVOSTargetPlatform
[2016.11.14-00.32.11:906][  0]LogTemp:Display: Loaded TP LinuxClientTargetPlatform
[2016.11.14-00.32.11:917][  0]LogTemp:Display: Loaded TP LinuxNoEditorTargetPlatform
[2016.11.14-00.32.11:927][  0]LogTemp:Display: Loaded TP LinuxServerTargetPlatform
[2016.11.14-00.32.11:939][  0]LogTemp:Display: Loaded TP LinuxTargetPlatform
[2016.11.14-00.32.11:939][  0]LogTargetPlatformManager:Display: Building Assets For Windows
[2016.11.14-00.32.12:245][  0]LogDerivedDataCache:Display: Max Cache Size: 512 MB
[2016.11.14-00.32.12:427][  0]LogDerivedDataCache: Loaded boot cache 0.18s 62MB C:/Users/EMPRISE/AppData/Local/UnrealEngine/4.13/DerivedDataCache/Boot.ddc.
[2016.11.14-00.32.12:427][  0]LogDerivedDataCache:Display: Loaded Boot cache: C:/Users/EMPRISE/AppData/Local/UnrealEngine/4.13/DerivedDataCache/Boot.ddc
[2016.11.14-00.32.12:427][  0]LogDerivedDataCache: FDerivedDataBackendGraph:  Pak pak cache file D:/Wifun_작업문서 이정상/MyOwnUnrealProjects/TPS_LJS/DerivedDataCache/DDC.ddp not found, will not use a pak cache.
[2016.11.14-00.32.12:427][  0]LogDerivedDataCache: Unable to find inner node Pak for hierarchical cache Hierarchy.
[2016.11.14-00.32.12:427][  0]LogDerivedDataCache: FDerivedDataBackendGraph:  CompressedPak pak cache file D:/Wifun_작업문서 이정상/MyOwnUnrealProjects/TPS_LJS/DerivedDataCache/Compressed.ddp not found, will not use a pak cache.
[2016.11.14-00.32.12:427][  0]LogDerivedDataCache: Unable to find inner node CompressedPak for hierarchical cache Hierarchy.
[2016.11.14-00.32.12:445][  0]LogDerivedDataCache:Display: Pak cache opened for reading ../../../Engine/DerivedDataCache/Compressed.ddp.
[2016.11.14-00.32.12:458][  0]LogDerivedDataCache: Using Local data cache path C:/Users/EMPRISE/AppData/Local/UnrealEngine/Common/DerivedDataCache: Writable
[2016.11.14-00.32.13:070][  0]LogInit: Selected Device Profile: [Windows]
[2016.11.14-00.32.13:073][  0]LogMaterial: Uniform references updated for custom material expression Custom.
[2016.11.14-00.32.13:074][  0]LogContentStreaming: Texture pool size is 0.00 MB
[2016.11.14-00.32.13:271][  0]LogMeshUtilities: No automatic mesh reduction module available
[2016.11.14-00.32.13:271][  0]LogMeshUtilities: No automatic mesh merging module available
[2016.11.14-00.32.13:271][  0]LogMeshUtilities: No distributed automatic mesh merging module available
[2016.11.14-00.32.13:711][  0]LogNetVersion: GetLocalNetworkVersion: CL: 3106830, ProjectName: tps_ljs, ProjectVersion: , EngineNetworkVersion: 1, GameNetworkVersion: 0, NetworkChecksum: 3890732095
[2016.11.14-00.32.13:757][  0]LogAssetRegistry: FAssetRegistry took 0.0196 seconds to start up
[2016.11.14-00.32.13:939][  0]LogPackageLocalizationCache: Processed 3 localized package path(s) for 1 prioritized culture(s) in 0.176344 seconds
[2016.11.14-00.32.13:944][  0]LogUObjectArray: 29785 objects as part of root set at end of initial load.
[2016.11.14-00.32.13:944][  0]LogUObjectAllocator: 6339048 out of 0 bytes used by permanent object pool.
[2016.11.14-00.32.13:944][  0]LogUObjectArray: CloseDisregardForGC: 0/0 objects in disregard for GC pool
[2016.11.14-00.32.15:151][  0]LogSlate: SlateFontCache - WITH_FREETYPE: 1, WITH_HARFBUZZ: 1
[2016.11.14-00.32.15:151][  0]LogSlate: SlateFontCache - WITH_FREETYPE: 1, WITH_HARFBUZZ: 1
[2016.11.14-00.32.17:099][  0]LogTcpMessaging: Initializing TcpMessaging bridge
[2016.11.14-00.32.17:132][  0]LogUdpMessaging: Initializing bridge on interface 0.0.0.0:0 to multicast group 230.0.0.1:6666.
[2016.11.14-00.32.17:716][  0]SourceControl: Info Source control is disabled
[2016.11.14-00.32.17:716][  0]SourceControl: Info Source control is disabled
[2016.11.14-00.32.17:792][  0]SourceControl: Info Source control is disabled
[2016.11.14-00.32.17:819][  0]SourceControl: Info Source control is disabled
[2016.11.14-00.32.18:573][  0]LogEngine: Initializing Engine...
[2016.11.14-00.32.18:574][  0]LogHMD: Failed to initialize OpenVR with code 110
[2016.11.14-00.32.18:770][  0]LogAIModule: Creating AISystem for world Untitled
[2016.11.14-00.32.18:815][  0]LogInit: XAudio2 using '스피커(2- Realtek High Definition Audio)' : 2 channels at 48 kHz using 32 bits per sample (channel mask 0x3)
[2016.11.14-00.32.18:878][  0]LogInit: FAudioDevice initialized.
[2016.11.14-00.32.18:908][  0]LogDerivedDataCache: Saved boot cache 0.03s 62MB C:/Users/EMPRISE/AppData/Local/UnrealEngine/4.13/DerivedDataCache/Boot.ddc.
[2016.11.14-00.32.18:913][  0]LogInit: Texture streaming: Enabled
[2016.11.14-00.32.18:989][  0]LogInit: Transaction tracking system initialized
[2016.11.14-00.32.19:212][  0]BlueprintLog: New page: Editor Load
[2016.11.14-00.32.19:898][  0]LocalizationService: Info Localization service is disabled
[2016.11.14-00.32.20:304][  0]LogConsoleResponse:Display: 
[2016.11.14-00.32.20:514][  0]LogCook:Display: Max memory allowance for cook 16384mb min free memory 0mb
[2016.11.14-00.32.20:514][  0]LogCook:Display: Mobile HDR setting 1
[2016.11.14-00.32.21:095][  0]LogFileCache: Scanning file cache for directory 'D:/Wifun_작업문서 이정상/MyOwnUnrealProjects/TPS_LJS/Content/' took 0.02s
[2016.11.14-00.32.21:095][  0]SourceControl: Info Source control is disabled
[2016.11.14-00.32.21:095][  0]Cmd: MAP LOAD FILE="D:/Wifun_작업문서 이정상/MyOwnUnrealProjects/TPS_LJS/Content/SteamMultiplayer/SteamMaps/MainMenu.umap" TEMPLATE=0 SHOWPROGRESS=1 FEATURELEVEL=3
[2016.11.14-00.32.21:135][  0]LightingResults: New page: Lighting Build
[2016.11.14-00.32.21:146][  0]MapCheck: New page: Map Check
[2016.11.14-00.32.21:146][  0]LightingResults: New page: Lighting Build
[2016.11.14-00.32.23:612][  0]LogAIModule: Creating AISystem for world MainMenu
[2016.11.14-00.32.23:613][  0]LogEditorServer: Finished looking for orphan Actors (0.000 secs)
[2016.11.14-00.32.23:613][  0]Cmd: MAP CHECKDEP NOCLEARLOG
[2016.11.14-00.32.23:688][  0]MapCheck: Info Map check complete: 0 Error(s), 0 Warning(s), took 74.858ms to complete.
[2016.11.14-00.32.23:688][  0]LogFileHelpers: Loading map 'MainMenu' took 2.594
[2016.11.14-00.32.23:876][  0]LogCollectionManager: Loaded 1 collections in 0.053644 seconds
[2016.11.14-00.32.23:927][  0]LogFileCache: Scanning file cache for directory 'D:/Wifun_작업문서 이정상/MyOwnUnrealProjects/TPS_LJS/Saved/Collections/' took 0.01s
[2016.11.14-00.32.23:927][  0]LogFileCache: Scanning file cache for directory 'D:/Wifun_작업문서 이정상/MyOwnUnrealProjects/TPS_LJS/Content/Developers/EMPRISE/Collections/' took 0.01s
[2016.11.14-00.32.23:927][  0]LogFileCache: Scanning file cache for directory 'D:/Wifun_작업문서 이정상/MyOwnUnrealProjects/TPS_LJS/Content/Collections/' took 0.01s
[2016.11.14-00.32.23:927][  0]LogCollectionManager: Rebuilt the GUID cache for 1 collections in 0.000007 seconds
[2016.11.14-00.32.23:927][  0]LogCollectionManager: Rebuilt the hierarchy cache for 1 collections in 0.000000 seconds
[2016.11.14-00.32.23:935][  0]LogContentBrowser: Native class hierarchy populated in 0.0076 seconds. Added 2143 classes and 418 folders.
[2016.11.14-00.32.23:945][  0]LogStats: UGameplayTagsManager::ConstructGameplayTagTree: Construct from data asset -  0.000 s
[2016.11.14-00.32.23:945][  0]LogStats: UGameplayTagsManager::ConstructGameplayTagTree: GameplayTagTreeChangedEvent.Broadcast -  0.000 s
[2016.11.14-00.32.23:946][  0]LogContentBrowser: Native class hierarchy updated for 'GameplayTags' in 0.0007 seconds. Added 12 classes and 0 folders.
[2016.11.14-00.32.23:965][  0]LogContentBrowser: Native class hierarchy updated for 'WidgetCarousel' in 0.0007 seconds. Added 0 classes and 0 folders.
[2016.11.14-00.32.24:172][  0]LogContentBrowser: Native class hierarchy updated for 'AddContentDialog' in 0.0007 seconds. Added 0 classes and 0 folders.
[2016.11.14-00.32.24:203][  0]LogContentBrowser: Native class hierarchy updated for 'SceneOutliner' in 0.0007 seconds. Added 1 classes and 2 folders.
[2016.11.14-00.32.24:272][  0]LogCrashTracker: Crashtracker disabled due to settings.
[2016.11.14-00.32.24:277][  0]LogUObjectGlobals:Warning: Failed to find object 'Class None.'
[2016.11.14-00.32.24:322][  0]LogContentBrowser: Native class hierarchy updated for 'HierarchicalLODOutliner' in 0.0007 seconds. Added 1 classes and 2 folders.
[2016.11.14-00.32.24:323][  0]LogLoad: (Engine Initialization) Total time: 19.77 seconds
[2016.11.14-00.32.24:323][  0]LogLoad: (Engine Initialization) Total Blueprint compile time: 0.27 seconds
[2016.11.14-00.32.24:323][  0]LogExternalProfiler: Found external profiler: VSPerf
[2016.11.14-00.32.24:323][  0]LogExternalProfiler: Using external profiler: VSPerf
[2016.11.14-00.32.24:662][  0]LogOcInput: OculusInput pre-init called
[2016.11.14-00.32.24:681][  0]LogContentStreaming: Texture pool size now 1000 MB
[2016.11.14-00.32.24:835][  0]LogRenderer: Reallocating scene render targets to support 1208x652 (Frame:2).
[2016.11.14-00.32.25:003][  1]LogAssetRegistry: Asset discovery search completed in 11.2695 seconds
[2016.11.14-00.32.25:003][  1]LogCollectionManager: Rebuilt the object cache for 1 collections in 0.000011 seconds (found 0 objects)
[2016.11.14-00.32.25:003][  1]LogCollectionManager: Fixed up redirectors for 1 collections in 0.000025 seconds (updated 0 objects)
[2016.11.14-00.32.34:225][ 24]LogContentBrowser: Native class hierarchy updated for 'BlueprintGraph' in 0.0011 seconds. Added 112 classes and 0 folders.
[2016.11.14-00.33.15:973][712]LogBlueprintUserMessages: Early PlayInEditor Detection: Level '/Game/SteamMultiplayer/SteamMaps/MainMenu.MainMenu:PersistentLevel' has LevelScriptBlueprint '/Game/SteamMultiplayer/SteamMaps/MainMenu.MainMenu:PersistentLevel.MainMenu' with GeneratedClass '/Game/SteamMultiplayer/SteamMaps/MainMenu.MainMenu_C' with ClassGeneratedBy '/Game/SteamMultiplayer/SteamMaps/MainMenu.MainMenu:PersistentLevel.MainMenu'
[2016.11.14-00.33.15:973][712]LogPlayLevel: PlayLevel: No blueprints needed recompiling
[2016.11.14-00.33.15:987][712]PIE: New page: PIE session: MainMenu (Nov 14, 2016, 6:33:15 PM)
[2016.11.14-00.33.15:988][712]LogPlayLevel: Creating play world package: /Game/SteamMultiplayer/SteamMaps/UEDPIE_1_MainMenu
[2016.11.14-00.33.15:989][712]LogPlayLevel: PIE: StaticDuplicateObject took: (0.000843s)
[2016.11.14-00.33.15:989][712]LogAIModule: Creating AISystem for world MainMenu
[2016.11.14-00.33.15:990][712]LogPlayLevel: PIE: World Init took: (0.000730s)
[2016.11.14-00.33.15:990][712]LogPlayLevel: PIE: Created PIE world by copying editor world from /Game/SteamMultiplayer/SteamMaps/MainMenu.MainMenu to /Game/SteamMultiplayer/SteamMaps/UEDPIE_1_MainMenu.MainMenu (0.001796s)
[2016.11.14-00.33.16:033][712]LogInit: XAudio2 using '스피커(2- Realtek High Definition Audio)' : 2 channels at 48 kHz using 32 bits per sample (channel mask 0x3)
[2016.11.14-00.33.16:046][712]LogInit: FAudioDevice initialized.
[2016.11.14-00.33.16:541][712]LogWorld: Game class is 'ThirdPersonGameMode_C'
[2016.11.14-00.33.16:542][712]LogWorld: Bringing World /Game/SteamMultiplayer/SteamMaps/UEDPIE_1_MainMenu.MainMenu up for play (max tick rate 0) at 2016.11.14-09.33.16
[2016.11.14-00.33.16:543][712]LogWorld: Bringing up level for play took: 0.000864
[2016.11.14-00.33.16:554][712]LogVoice:Warning: Failed to initialize voice interface
[2016.11.14-00.33.16:554][712]LogGameMode: Warning - PATHS NOT DEFINED or NO PLAYERSTART with positive rating
[2016.11.14-00.33.16:565][712]LogContentBrowser: Native class hierarchy updated for 'MovieSceneCapture' in 0.0008 seconds. Added 11 classes and 0 folders.
[2016.11.14-00.33.16:565][712]LogInit: WinSock: Socket queue 131072 / 131072
[2016.11.14-00.33.16:566][712]LogInit: WinSock: I am emprise-PC1 (10.10.64.6:0)
[2016.11.14-00.33.16:566][712]PacketHandlerLog: Loaded PacketHandler component: Engine.EngineHandlerComponentFactory (StatelessConnectHandlerComponent)
[2016.11.14-00.33.16:566][712]LogNet: GameNetDriver IpNetDriver_0 IpNetDriver listening on port 7777
[2016.11.14-00.33.16:566][712]LogGameMode:Display: Match State Changed from EnteringMap to WaitingToStart
[2016.11.14-00.33.16:566][712]LogGameState: Match State Changed from EnteringMap to WaitingToStart
[2016.11.14-00.33.16:566][712]LogGameMode:Display: Match State Changed from WaitingToStart to InProgress
[2016.11.14-00.33.16:569][712]LogGameState: Match State Changed from WaitingToStart to InProgress
[2016.11.14-00.33.16:574][712]PIE: Info Play in editor start time for /Game/SteamMultiplayer/SteamMaps/UEDPIE_1_MainMenu 0.368
[2016.11.14-00.33.16:581][712]PIE: New page: PIE session: MainMenu (Nov 14, 2016, 6:33:16 PM)
[2016.11.14-00.33.16:635][712]LogNet: Browse: 127.0.0.1//Game/SteamMultiplayer/SteamMaps/MainMenu
[2016.11.14-00.33.16:635][712]LogInit: WinSock: Socket queue 32768 / 32768
[2016.11.14-00.33.16:636][712]PacketHandlerLog: Loaded PacketHandler component: Engine.EngineHandlerComponentFactory (StatelessConnectHandlerComponent)
[2016.11.14-00.33.16:636][712]LogNet: Game client on port 7777, rate 10000
[2016.11.14-00.33.16:636][712]LogNetVersion: GetLocalNetworkVersion: CL: 3106830, ProjectName: tps_ljs, ProjectVersion: 1.0.0.0, EngineNetworkVersion: 1, GameNetworkVersion: 0, NetworkChecksum: 4027345
[2016.11.14-00.33.16:636][712]LogNet: UPendingNetGame::InitNetDriver: Sending hello. [UNetConnection] RemoteAddr: 127.0.0.1:7777, Name: IpConnection_0, Driver: PendingNetDriver IpNetDriver_1, IsServer: NO, PC: NULL, Owner: NULL
[2016.11.14-00.33.16:641][712]PIE: Info Play in editor start time for /Game/SteamMultiplayer/SteamMaps/MainMenu 0.436
[2016.11.14-00.33.16:654][712]LogBlueprintUserMessages: Late PlayInEditor Detection: Level '/Game/SteamMultiplayer/SteamMaps/MainMenu.MainMenu:PersistentLevel' has LevelScriptBlueprint '/Game/SteamMultiplayer/SteamMaps/MainMenu.MainMenu:PersistentLevel.MainMenu' with GeneratedClass '/Game/SteamMultiplayer/SteamMaps/MainMenu.MainMenu_C' with ClassGeneratedBy '/Game/SteamMultiplayer/SteamMaps/MainMenu.MainMenu:PersistentLevel.MainMenu'
[2016.11.14-00.33.16:654][712]LogHandshake: SendConnectChallenge. Timestamp: 0.334226, Cookie: 107177025250161248150103255077106103051092110056108002130063
[2016.11.14-00.33.16:661][712]LogHandshake: SendChallengeResponse. Timestamp: 0.334226, Cookie: 107177025250161248150103255077106103051092110056108002130063
[2016.11.14-00.33.16:679][712]LogRenderer: Reallocating scene render targets to support 1292x756 (Frame:3).
[2016.11.14-00.33.16:744][713]LogNet: Server accepting post-challenge connection from: 127.0.0.1:63160
[2016.11.14-00.33.16:744][713]PacketHandlerLog: Loaded PacketHandler component: Engine.EngineHandlerComponentFactory (StatelessConnectHandlerComponent)
[2016.11.14-00.33.16:744][713]LogNet: NotifyAcceptedConnection: Name: MainMenu, TimeStamp: 11/14/16 09:33:16, [UNetConnection] RemoteAddr: 127.0.0.1:63160, Name: IpConnection_1, Driver: GameNetDriver IpNetDriver_0, IsServer: YES, PC: NULL, Owner: NULL
[2016.11.14-00.33.16:744][713]LogNet: AddClientConnection: Added client connection: [UNetConnection] RemoteAddr: 127.0.0.1:63160, Name: IpConnection_1, Driver: GameNetDriver IpNetDriver_0, IsServer: YES, PC: NULL, Owner: NULL
[2016.11.14-00.33.16:863][714]LogNet: NotifyAcceptingChannel Control 0 server World /Game/SteamMultiplayer/SteamMaps/UEDPIE_1_MainMenu.MainMenu: Accepted
[2016.11.14-00.33.16:863][714]LogNet: Remote platform little endian=1
[2016.11.14-00.33.16:863][714]LogNet: This platform little endian=1
[2016.11.14-00.33.16:874][714]LogVoice:Warning: Failed to initialize voice interface
[2016.11.14-00.33.16:881][715]LogNet: Login request: /Game/SteamMultiplayer/SteamMaps/MainMenu?Name=emprise-PC1-2AFE42AA48F7B3E9E18CA681B86AF419 userId: emprise-PC1-2AFE42AA48F7B3E9E18CA681B86AF419
[2016.11.14-00.33.16:882][715]LogNet: Welcomed by server (Level: /Game/SteamMultiplayer/SteamMaps/UEDPIE_1_MainMenu, Game: /Game/ThirdPersonBP/Blueprints/ThirdPersonGameMode.ThirdPersonGameMode_C)
[2016.11.14-00.33.16:882][715]LogLoad: LoadMap: 127.0.0.1//Game/SteamMultiplayer/SteamMaps/UEDPIE_1_MainMenu?game=/Game/ThirdPersonBP/Blueprints/ThirdPersonGameMode.ThirdPersonGameMode_C
[2016.11.14-00.33.16:911][715]Cmd: MEM
[2016.11.14-00.33.16:934][715]LogMemory: Platform Memory Stats for Windows
[2016.11.14-00.33.16:934][715]LogMemory: Process Physical Memory: 1239.30 MB used, 1239.30 MB peak
[2016.11.14-00.33.16:934][715]LogMemory: Process Virtual Memory: 2093.97 MB used, 2209.60 MB peak
[2016.11.14-00.33.16:934][715]LogMemory: Physical Memory: 9561.72 MB used, 16334.92 MB total
[2016.11.14-00.33.16:934][715]LogMemory: Virtual Memory: 2798.38 MB used, 8388608.00 MB total
[2016.11.14-00.33.16:934][715]LogMemory: 
[2016.11.14-00.33.16:934][715]Allocator Stats for TBB: (not implemented)
[2016.11.14-00.33.16:935][715]LogWorld: PIE: Copying PIE streaming level from /Game/SteamMultiplayer/SteamMaps/MainMenu.MainMenu to /Game/SteamMultiplayer/SteamMaps/UEDPIE_2_MainMenu.MainMenu. OwningWorld: <null>
[2016.11.14-00.33.16:936][715]LogAIModule: Creating AISystem for world MainMenu
[2016.11.14-00.33.16:937][715]LogWorld: Bringing World /Game/SteamMultiplayer/SteamMaps/UEDPIE_2_MainMenu.MainMenu up for play (max tick rate 0) at 2016.11.14-09.33.16
[2016.11.14-00.33.16:937][715]LogWorld: Bringing up level for play took: 0.000817
[2016.11.14-00.33.16:938][715]LogLoad: Took 0.055801 seconds to LoadMap(/Game/SteamMultiplayer/SteamMaps/UEDPIE_1_MainMenu)
[2016.11.14-00.33.16:952][716]LogNet: Client netspeed is 10000
[2016.11.14-00.33.16:952][716]LogNet: Join request: /Game/SteamMultiplayer/SteamMaps/MainMenu?Name=emprise-PC1-2AFE42AA48F7B3E9E18CA681B86AF419?SplitscreenCount=1
[2016.11.14-00.33.16:953][716]LogOnline:Warning: NULL: No game present to join for session (Game)
[2016.11.14-00.33.16:953][716]LogGameMode: Warning - PATHS NOT DEFINED or NO PLAYERSTART with positive rating
[2016.11.14-00.33.16:955][716]LogNet: Join succeeded: emprise-PC1-2AFE42AA
[2016.11.14-00.33.16:955][716]LogCharacterMovement:Warning: GetSimulationTimeStep() - Max iterations 8 hit while remaining time 0.591414 > MaxSimulationTimeStep (0.050) for 'ThirdPersonCharacter_C_1', movement 'Falling'
[2016.11.14-00.33.17:001][718]LogOnline:Warning: NULL: No game present to join for session (Game)
[2016.11.14-00.33.17:031][719]LogOnline:Warning: NULL: No game present to join for session (Game)
[2016.11.14-00.33.20:293][876]LogGameMode:Display: Match State Changed from InProgress to LeavingMap
[2016.11.14-00.33.20:293][876]LogGameState: Match State Changed from InProgress to LeavingMap
[2016.11.14-00.33.20:293][876]LogNet: Browse: /Game/SteamMultiplayer/SteamMaps/Lobby?listen
[2016.11.14-00.33.20:293][876]LogLoad: LoadMap: /Game/SteamMultiplayer/SteamMaps/Lobby?listen
[2016.11.14-00.33.20:293][876]LogNet: World NetDriver shutdown IpNetDriver_0 [GameNetDriver]
[2016.11.14-00.33.20:293][876]LogNet: DestroyNamedNetDriver IpNetDriver_0 [GameNetDriver]
[2016.11.14-00.33.20:294][876]LogNet: UNetConnection::Cleanup: Closing open connection. [UNetConnection] RemoteAddr: 127.0.0.1:63160, Name: IpConnection_1, Driver: GameNetDriver IpNetDriver_0, IsServer: YES, PC: PlayerController_1, Owner: PlayerController_1
[2016.11.14-00.33.20:294][876]LogNet: UNetConnection::Close: [UNetConnection] RemoteAddr: 127.0.0.1:63160, Name: IpConnection_1, Driver: GameNetDriver IpNetDriver_0, IsServer: YES, PC: PlayerController_1, Owner: PlayerController_1, Channels: 10, Time: 2016.11.14-00.33.20
[2016.11.14-00.33.20:294][876]LogNet: UChannel::Close: Sending CloseBunch. ChIndex == 0. Name: [UChannel] ChIndex: 0, Closing: 0 [UNetConnection] RemoteAddr: 127.0.0.1:63160, Name: IpConnection_1, Driver: GameNetDriver IpNetDriver_0, IsServer: YES, PC: PlayerController_1, Owner: PlayerController_1
[2016.11.14-00.33.20:294][876]LogExit: GameNetDriver IpNetDriver_0 shut down
[2016.11.14-00.33.20:328][876]Cmd: MEM
[2016.11.14-00.33.20:344][876]LogMemory: Platform Memory Stats for Windows
[2016.11.14-00.33.20:344][876]LogMemory: Process Physical Memory: 1230.98 MB used, 1244.25 MB peak
[2016.11.14-00.33.20:344][876]LogMemory: Process Virtual Memory: 2088.12 MB used, 2209.60 MB peak
[2016.11.14-00.33.20:344][876]LogMemory: Physical Memory: 9551.05 MB used, 16334.92 MB total
[2016.11.14-00.33.20:344][876]LogMemory: Virtual Memory: 2793.88 MB used, 8388608.00 MB total
[2016.11.14-00.33.20:344][876]LogMemory: 
[2016.11.14-00.33.20:344][876]Allocator Stats for TBB: (not implemented)
[2016.11.14-00.33.21:155][876]LogAIModule: Creating AISystem for world Lobby
[2016.11.14-00.33.21:155][876]LogWorld: Game class is 'LobbyGM_C'
[2016.11.14-00.33.21:156][876]LogInit: WinSock: Socket queue 131072 / 131072
[2016.11.14-00.33.21:156][876]PacketHandlerLog: Loaded PacketHandler component: Engine.EngineHandlerComponentFactory (StatelessConnectHandlerComponent)
[2016.11.14-00.33.21:156][876]LogNet: GameNetDriver IpNetDriver_2 IpNetDriver listening on port 7777
[2016.11.14-00.33.21:159][876]LogWorld: Bringing World /Game/SteamMultiplayer/SteamMaps/UEDPIE_1_Lobby.Lobby up for play (max tick rate 0) at 2016.11.14-09.33.21
[2016.11.14-00.33.21:160][876]LogWorld: Bringing up level for play took: 0.002396
[2016.11.14-00.33.21:184][876]LogGameMode:Display: Match State Changed from EnteringMap to WaitingToStart
[2016.11.14-00.33.21:184][876]LogGameState: Match State Changed from EnteringMap to WaitingToStart
[2016.11.14-00.33.21:184][876]LogGameMode:Display: Match State Changed from WaitingToStart to InProgress
[2016.11.14-00.33.21:184][876]LogOnline:Warning: NULL: Can't start an online session (Game) in state InProgress
[2016.11.14-00.33.21:185][876]LogGameState: Match State Changed from WaitingToStart to InProgress
[2016.11.14-00.33.21:185][876]LogLoad: Took 0.891584 seconds to LoadMap(/Game/SteamMultiplayer/SteamMaps/Lobby)
[2016.11.14-00.33.21:185][876]LogNet:Warning: Network Failure: GameNetDriver[FailureReceived]: Host closed the connection.
[2016.11.14-00.33.21:185][876]LogNet:Warning: Network Failure: GameNetDriver[FailureReceived]: Host closed the connection.
[2016.11.14-00.33.21:185][876]LogNet: NetworkFailure: FailureReceived, Error: 'Host closed the connection.'
[2016.11.14-00.33.21:185][876]LogNet: UNetConnection::Close: [UNetConnection] RemoteAddr: 127.0.0.1:7777, Name: IpConnection_0, Driver: GameNetDriver IpNetDriver_1, IsServer: NO, PC: PlayerController_1, Owner: PlayerController_1, Channels: 10, Time: 2016.11.14-00.33.21
[2016.11.14-00.33.21:185][876]LogNet: UChannel::Close: Sending CloseBunch. ChIndex == 0. Name: [UChannel] ChIndex: 0, Closing: 0 [UNetConnection] RemoteAddr: 127.0.0.1:7777, Name: IpConnection_0, Driver: GameNetDriver IpNetDriver_1, IsServer: NO, PC: PlayerController_1, Owner: PlayerController_1
[2016.11.14-00.33.21:186][876]LogNet:Warning: Network Failure: GameNetDriver[ConnectionLost]: Your connection to the host has been lost.
[2016.11.14-00.33.21:186][876]LogNet:Warning: Network Failure: GameNetDriver[ConnectionLost]: Your connection to the host has been lost.
[2016.11.14-00.33.21:186][876]LogNet: NetworkFailure: ConnectionLost, Error: 'Your connection to the host has been lost.'
[2016.11.14-00.33.21:206][877]LogNet: Browse: /Game/SteamMultiplayer/SteamMaps/MainMenu?closed
[2016.11.14-00.33.21:206][877]LogNet: Failed; returning to Entry
[2016.11.14-00.33.21:206][877]LogLoad: LoadMap: /Game/SteamMultiplayer/SteamMaps/MainMenu?closed
[2016.11.14-00.33.21:206][877]LogNet: World NetDriver shutdown IpNetDriver_1 [GameNetDriver]
[2016.11.14-00.33.21:206][877]LogNet: DestroyNamedNetDriver IpNetDriver_1 [GameNetDriver]
[2016.11.14-00.33.21:206][877]LogExit: GameNetDriver IpNetDriver_1 shut down
[2016.11.14-00.33.21:247][877]Cmd: MEM
[2016.11.14-00.33.21:263][877]LogMemory: Platform Memory Stats for Windows
[2016.11.14-00.33.21:263][877]LogMemory: Process Physical Memory: 1354.98 MB used, 1354.98 MB peak
[2016.11.14-00.33.21:263][877]LogMemory: Process Virtual Memory: 2280.29 MB used, 2284.71 MB peak
[2016.11.14-00.33.21:263][877]LogMemory: Physical Memory: 9687.37 MB used, 16334.92 MB total
[2016.11.14-00.33.21:263][877]LogMemory: Virtual Memory: 2988.63 MB used, 8388608.00 MB total
[2016.11.14-00.33.21:263][877]LogMemory: 
[2016.11.14-00.33.21:263][877]Allocator Stats for TBB: (not implemented)
[2016.11.14-00.33.21:263][877]LogPlayLevel: Creating play world package: /Game/SteamMultiplayer/SteamMaps/UEDPIE_2_MainMenu
[2016.11.14-00.33.21:265][877]LogPlayLevel: PIE: StaticDuplicateObject took: (0.001270s)
[2016.11.14-00.33.21:265][877]LogAIModule: Creating AISystem for world MainMenu
[2016.11.14-00.33.21:265][877]LogPlayLevel: PIE: World Init took: (0.000582s)
[2016.11.14-00.33.21:265][877]LogPlayLevel: PIE: Created PIE world by copying editor world from /Game/SteamMultiplayer/SteamMaps/MainMenu.MainMenu to /Game/SteamMultiplayer/SteamMaps/UEDPIE_2_MainMenu.MainMenu (0.002029s)
[2016.11.14-00.33.21:265][877]LogWorld: Game class is 'ThirdPersonGameMode_C'
[2016.11.14-00.33.21:267][877]LogWorld: Bringing World /Game/SteamMultiplayer/SteamMaps/UEDPIE_2_MainMenu.MainMenu up for play (max tick rate 0) at 2016.11.14-09.33.21
[2016.11.14-00.33.21:267][877]LogWorld: Bringing up level for play took: 0.000755
[2016.11.14-00.33.21:267][877]LogGameMode: Warning - PATHS NOT DEFINED or NO PLAYERSTART with positive rating
[2016.11.14-00.33.21:267][877]LogGameMode:Display: Match State Changed from EnteringMap to WaitingToStart
[2016.11.14-00.33.21:267][877]LogGameState: Match State Changed from EnteringMap to WaitingToStart
[2016.11.14-00.33.21:267][877]LogGameMode:Display: Match State Changed from WaitingToStart to InProgress
[2016.11.14-00.33.21:269][877]LogGameState: Match State Changed from WaitingToStart to InProgress
[2016.11.14-00.33.21:269][877]LogLoad: Took 0.063356 seconds to LoadMap(/Game/SteamMultiplayer/SteamMaps/UEDPIE_2_MainMenu)
[2016.11.14-00.33.29:976][269]LogBlueprintUserMessages: [GameInfoInstance_C_1] Show Loading Screen
[2016.11.14-00.33.29:976][269]LogBlueprintUserMessages: [GameInfoInstance_C_1] Join Session
[2016.11.14-00.33.29:978][269]LogGameMode:Display: Match State Changed from InProgress to LeavingMap
[2016.11.14-00.33.29:978][269]LogGameState: Match State Changed from InProgress to LeavingMap
[2016.11.14-00.33.29:978][269]LogNet: Browse: 10.10.64.6//Game/SteamMultiplayer/SteamMaps/MainMenu
[2016.11.14-00.33.29:978][269]LogInit: WinSock: Socket queue 32768 / 32768
[2016.11.14-00.33.29:979][269]PacketHandlerLog: Loaded PacketHandler component: Engine.EngineHandlerComponentFactory (StatelessConnectHandlerComponent)
[2016.11.14-00.33.29:979][269]LogNet: Game client on port 7777, rate 10000
[2016.11.14-00.33.29:979][269]LogNet: UPendingNetGame::InitNetDriver: Sending hello. [UNetConnection] RemoteAddr: 10.10.64.6:7777, Name: IpConnection_2, Driver: PendingNetDriver IpNetDriver_3, IsServer: NO, PC: NULL, Owner: NULL
[2016.11.14-00.33.29:997][270]LogHandshake: SendConnectChallenge. Timestamp: 9.727585, Cookie: 035027009109036214088142218238045066048015198178252052113212
[2016.11.14-00.33.29:998][270]LogHandshake: SendChallengeResponse. Timestamp: 9.727585, Cookie: 035027009109036214088142218238045066048015198178252052113212
[2016.11.14-00.33.30:022][271]LogNet: Server accepting post-challenge connection from: 10.10.64.6:62268
[2016.11.14-00.33.30:023][271]PacketHandlerLog: Loaded PacketHandler component: Engine.EngineHandlerComponentFactory (StatelessConnectHandlerComponent)
[2016.11.14-00.33.30:023][271]LogNet: NotifyAcceptedConnection: Name: Lobby, TimeStamp: 11/14/16 09:33:30, [UNetConnection] RemoteAddr: 10.10.64.6:62268, Name: IpConnection_3, Driver: GameNetDriver IpNetDriver_2, IsServer: YES, PC: NULL, Owner: NULL
[2016.11.14-00.33.30:023][271]LogNet: AddClientConnection: Added client connection: [UNetConnection] RemoteAddr: 10.10.64.6:62268, Name: IpConnection_3, Driver: GameNetDriver IpNetDriver_2, IsServer: YES, PC: NULL, Owner: NULL
[2016.11.14-00.33.30:224][280]LogNet: NotifyAcceptingChannel Control 0 server World /Game/SteamMultiplayer/SteamMaps/UEDPIE_1_Lobby.Lobby: Accepted
[2016.11.14-00.33.30:224][280]LogNet: Remote platform little endian=1
[2016.11.14-00.33.30:224][280]LogNet: This platform little endian=1
[2016.11.14-00.33.30:247][281]LogNet: Login request: /Game/SteamMultiplayer/SteamMaps/MainMenu?Name=emprise-PC1-2AFE42AA48F7B3E9E18CA681B86AF419 userId: emprise-PC1-2AFE42AA48F7B3E9E18CA681B86AF419
[2016.11.14-00.33.30:247][281]LogNet: Welcomed by server (Level: /Game/SteamMultiplayer/SteamMaps/UEDPIE_1_Lobby, Game: /Game/SteamMultiplayer/SteamBluprints/Lobby/LobbyGM.LobbyGM_C)
[2016.11.14-00.33.30:248][281]LogLoad: LoadMap: 10.10.64.6//Game/SteamMultiplayer/SteamMaps/UEDPIE_1_Lobby?game=/Game/SteamMultiplayer/SteamBluprints/Lobby/LobbyGM.LobbyGM_C
[2016.11.14-00.33.30:285][281]Cmd: MEM
[2016.11.14-00.33.30:302][281]LogMemory: Platform Memory Stats for Windows
[2016.11.14-00.33.30:302][281]LogMemory: Process Physical Memory: 1353.83 MB used, 1365.83 MB peak
[2016.11.14-00.33.30:302][281]LogMemory: Process Virtual Memory: 2225.07 MB used, 2284.71 MB peak
[2016.11.14-00.33.30:302][281]LogMemory: Physical Memory: 9636.64 MB used, 16334.92 MB total
[2016.11.14-00.33.30:302][281]LogMemory: Virtual Memory: 2940.40 MB used, 8388608.00 MB total
[2016.11.14-00.33.30:302][281]LogMemory: 
[2016.11.14-00.33.30:302][281]Allocator Stats for TBB: (not implemented)
[2016.11.14-00.33.30:415][281]LogAIModule: Creating AISystem for world Lobby
[2016.11.14-00.33.30:419][281]LogWorld: Bringing World /Game/SteamMultiplayer/SteamMaps/UEDPIE_2_Lobby.Lobby up for play (max tick rate 0) at 2016.11.14-09.33.30
[2016.11.14-00.33.30:419][281]LogWorld: Bringing up level for play took: 0.002349
[2016.11.14-00.33.30:419][281]LogLoad: Took 0.171505 seconds to LoadMap(/Game/SteamMultiplayer/SteamMaps/UEDPIE_1_Lobby)
[2016.11.14-00.33.30:429][282]LogNet: Client netspeed is 10000
[2016.11.14-00.33.30:429][282]LogNet: Join request: /Game/SteamMultiplayer/SteamMaps/MainMenu?Name=emprise-PC1-2AFE42AA48F7B3E9E18CA681B86AF419?SplitscreenCount=1
[2016.11.14-00.33.30:432][282]LogNet: Join succeeded: emprise-PC1-2AFE42AA
[2016.11.14-00.33.39:269][639]LogBlueprintUserMessages: Early EndPlayMap Detection: Level '/Game/SteamMultiplayer/SteamMaps/MainMenu.MainMenu:PersistentLevel' has LevelScriptBlueprint '/Game/SteamMultiplayer/SteamMaps/MainMenu.MainMenu:PersistentLevel.MainMenu' with GeneratedClass '/Game/SteamMultiplayer/SteamMaps/MainMenu.MainMenu_C' with ClassGeneratedBy '/Game/SteamMultiplayer/SteamMaps/MainMenu.MainMenu:PersistentLevel.MainMenu'
[2016.11.14-00.33.39:321][639]LogOnline:Display: NULL: FOnlineSubsystemNull::Shutdown()
[2016.11.14-00.33.39:321][639]LogScriptCore:Warning: Script Msg: DestroySession - Invalid player state
[2016.11.14-00.33.39:321][639]LogScriptCore:Warning: 
[2016.11.14-00.33.39:356][639]LogOnline:Display: NULL: FOnlineSubsystemNull::Shutdown()
[2016.11.14-00.33.39:356][639]LogPlayLevel:Display: Shutting down PIE online subsystems
[2016.11.14-00.33.39:357][639]LogBlueprintUserMessages: Late EndPlayMap Detection: Level '/Game/SteamMultiplayer/SteamMaps/MainMenu.MainMenu:PersistentLevel' has LevelScriptBlueprint '/Game/SteamMultiplayer/SteamMaps/MainMenu.MainMenu:PersistentLevel.MainMenu' with GeneratedClass '/Game/SteamMultiplayer/SteamMaps/MainMenu.MainMenu_C' with ClassGeneratedBy '/Game/SteamMultiplayer/SteamMaps/MainMenu.MainMenu:PersistentLevel.MainMenu'
[2016.11.14-00.33.39:373][639]LogNet: UChannel::CleanUp: ChIndex == 0. Closing connection. [UChannel] ChIndex: 0, Closing: 0 [UNetConnection] RemoteAddr: 10.10.64.6:62268, Name: IpConnection_3, Driver: GameNetDriver None, IsServer: YES, PC: None, Owner: None
[2016.11.14-00.33.39:373][639]LogNet: UNetConnection::Close: [UNetConnection] RemoteAddr: 10.10.64.6:62268, Name: IpConnection_3, Driver: GameNetDriver None, IsServer: YES, PC: None, Owner: None, Channels: 2, Time: 2016.11.14-00.33.39
[2016.11.14-00.33.39:373][639]LogNet: UChannel::Close: Sending CloseBunch. ChIndex == 0. Name: [UChannel] ChIndex: 0, Closing: 0 [UNetConnection] RemoteAddr: 10.10.64.6:62268, Name: IpConnection_3, Driver: GameNetDriver None, IsServer: YES, PC: None, Owner: None
[2016.11.14-00.33.39:374][639]LogNet: UChannel::CleanUp: ChIndex == 0. Closing connection. [UChannel] ChIndex: 0, Closing: 0 [UNetConnection] RemoteAddr: 10.10.64.6:7777, Name: IpConnection_2, Driver: GameNetDriver IpNetDriver_3, IsServer: NO, PC: None, Owner: None
[2016.11.14-00.33.39:374][639]LogNet: UNetConnection::Close: [UNetConnection] RemoteAddr: 10.10.64.6:7777, Name: IpConnection_2, Driver: GameNetDriver IpNetDriver_3, IsServer: NO, PC: None, Owner: None, Channels: 2, Time: 2016.11.14-00.33.39
[2016.11.14-00.33.39:374][639]LogNet: UChannel::Close: Sending CloseBunch. ChIndex == 0. Name: [UChannel] ChIndex: 0, Closing: 0 [UNetConnection] RemoteAddr: 10.10.64.6:7777, Name: IpConnection_2, Driver: GameNetDriver IpNetDriver_3, IsServer: NO, PC: None, Owner: None
[2016.11.14-00.33.39:376][639]LogExit: GameNetDriver None shut down
[2016.11.14-00.33.39:377][639]LogExit: GameNetDriver None shut down
[2016.11.14-00.33.39:386][640]LogPlayLevel:Display: Destroying online subsystem :Context_11
[2016.11.14-00.33.39:386][640]LogOnline:Display: NULL: FOnlineSubsystemNull::Shutdown()
[2016.11.14-00.33.39:386][640]LogPlayLevel:Display: Destroying online subsystem :Context_10
[2016.11.14-00.33.39:386][640]LogOnline:Display: NULL: FOnlineSubsystemNull::Shutdown()
[2016.11.14-00.34.38:919][  2]LogUObjectHash:Warning: Ambiguous search, could be CanvasPanel /Game/SteamMultiplayer/SteamUI/MainMenu/HostMenu.HostMenu:WidgetTree.CanvasPanel_0 or CanvasPanel /Game/SteamMultiplayer/SteamUI/MainMenu/MainMenu.MainMenu:WidgetTree.CanvasPanel_0
[2016.11.14-00.34.38:919][  2]LogUObjectHash:Warning: Ambiguous search, could be CanvasPanel /Game/SteamMultiplayer/SteamUI/MainMenu/HostMenu.HostMenu:WidgetTree.CanvasPanel_0 or CanvasPanel /Game/SteamMultiplayer/SteamUI/MainMenu/OptionsMenu.OptionsMenu:WidgetTree.CanvasPanel_0
[2016.11.14-00.34.38:919][  2]LogUObjectHash:Warning: Ambiguous search, could be CanvasPanel /Game/SteamMultiplayer/SteamUI/MainMenu/HostMenu.HostMenu:WidgetTree.CanvasPanel_0 or CanvasPanel /Game/SteamMultiplayer/SteamUI/MainMenu/ServerMenu.ServerMenu:WidgetTree.CanvasPanel_0
[2016.11.14-00.34.38:919][  2]LogUObjectHash:Warning: Ambiguous search, could be CanvasPanel /Game/SteamMultiplayer/SteamUI/MainMenu/HostMenu.HostMenu:WidgetTree.CanvasPanel_0 or CanvasPanel /Game/SteamMultiplayer/SteamUI/MainMenu/HostMenu.HostMenu_C:WidgetTree.CanvasPanel_0
[2016.11.14-00.34.38:919][  2]LogUObjectHash:Warning: Ambiguous search, could be CanvasPanel /Game/SteamMultiplayer/SteamUI/MainMenu/HostMenu.HostMenu:WidgetTree.CanvasPanel_0 or CanvasPanel /Game/SteamMultiplayer/SteamUI/MainMenu/MainMenu.MainMenu_C:WidgetTree.CanvasPanel_0
[2016.11.14-00.34.38:919][  2]LogUObjectHash:Warning: Ambiguous search, could be CanvasPanel /Game/SteamMultiplayer/SteamUI/MainMenu/HostMenu.HostMenu:WidgetTree.CanvasPanel_0 or CanvasPanel /Game/SteamMultiplayer/SteamUI/MainMenu/OptionsMenu.OptionsMenu_C:WidgetTree.CanvasPanel_0
[2016.11.14-00.34.38:919][  2]LogUObjectHash:Warning: Ambiguous search, could be CanvasPanel /Game/SteamMultiplayer/SteamUI/MainMenu/HostMenu.HostMenu:WidgetTree.CanvasPanel_0 or CanvasPanel /Game/SteamMultiplayer/SteamUI/MainMenu/ServerMenu.ServerMenu_C:WidgetTree.CanvasPanel_0
[2016.11.14-00.34.38:919][  2]LogUObjectHash:Warning: Ambiguous search, could be CanvasPanel /Game/SteamMultiplayer/SteamUI/MainMenu/HostMenu.HostMenu:WidgetTree.CanvasPanel_0 or CanvasPanel /Game/SteamMultiplayer/SteamUI/Lobby/GameSettings.GameSettings:WidgetTree.CanvasPanel_0
[2016.11.14-00.34.38:919][  2]LogUObjectHash:Warning: Ambiguous search, could be CanvasPanel /Game/SteamMultiplayer/SteamUI/MainMenu/HostMenu.HostMenu:WidgetTree.CanvasPanel_0 or CanvasPanel /Game/SteamMultiplayer/SteamUI/Lobby/LobbyMenu.LobbyMenu:WidgetTree.CanvasPanel_0
[2016.11.14-00.34.38:919][  2]LogUObjectHash:Warning: Ambiguous search, could be CanvasPanel /Game/SteamMultiplayer/SteamUI/MainMenu/HostMenu.HostMenu:WidgetTree.CanvasPanel_0 or CanvasPanel /Engine/Transient.World_10:OptionsMenu_C_1.WidgetTree.CanvasPanel_0
[2016.11.14-00.34.38:919][  2]LogUObjectHash:Warning: Ambiguous search, could be CanvasPanel /Game/SteamMultiplayer/SteamUI/MainMenu/HostMenu.HostMenu:WidgetTree.CanvasPanel_0 or CanvasPanel /Game/SteamMultiplayer/SteamUI/Lobby/GameSettings.GameSettings_C:WidgetTree.CanvasPanel_0
[2016.11.14-00.34.38:919][  2]LogUObjectHash:Warning: Ambiguous search, could be CanvasPanel /Game/SteamMultiplayer/SteamUI/MainMenu/HostMenu.HostMenu:WidgetTree.CanvasPanel_0 or CanvasPanel /Engine/Transient.World_12:GameSettings_C_0.WidgetTree.CanvasPanel_0
[2016.11.14-00.34.38:919][  2]LogUObjectHash:Warning: Ambiguous search, could be CanvasPanel /Game/SteamMultiplayer/SteamUI/MainMenu/HostMenu.HostMenu:WidgetTree.CanvasPanel_0 or CanvasPanel /Engine/Transient.World_10:OptionsMenu_C_0.WidgetTree.CanvasPanel_0
[2016.11.14-00.34.38:919][  2]LogUObjectHash:Warning: Ambiguous search, could be CanvasPanel /Game/SteamMultiplayer/SteamUI/MainMenu/HostMenu.HostMenu:WidgetTree.CanvasPanel_0 or CanvasPanel /Game/SteamMultiplayer/SteamUI/Lobby/LobbyMenu.LobbyMenu_C:WidgetTree.CanvasPanel_0
[2016.11.14-00.34.38:919][  2]LogUObjectHash:Warning: Ambiguous search, could be CanvasPanel /Game/SteamMultiplayer/SteamUI/MainMenu/HostMenu.HostMenu:WidgetTree.CanvasPanel_0 or CanvasPanel /Game/SteamMultiplayer/SteamUI/Lobby/LobbyMenu.LobbyMenu_C:WidgetTree.GameSettings.WidgetTree.CanvasPanel_0
[2016.11.14-00.34.38:919][  2]LogUObjectHash:Warning: Ambiguous search, could be CanvasPanel /Game/SteamMultiplayer/SteamUI/MainMenu/HostMenu.HostMenu:WidgetTree.CanvasPanel_0 or CanvasPanel /Engine/Transient.World_7:ServerMenu_C_8.WidgetTree.CanvasPanel_0
[2016.11.14-00.34.38:919][  2]LogUObjectHash:Warning: Ambiguous search, could be CanvasPanel /Game/SteamMultiplayer/SteamUI/MainMenu/HostMenu.HostMenu:WidgetTree.CanvasPanel_0 or CanvasPanel /Engine/Transient.World_2:LobbyMenu_C_9.WidgetTree.CanvasPanel_0
[2016.11.14-00.34.38:919][  2]LogUObjectHash:Warning: Ambiguous search, could be CanvasPanel /Game/SteamMultiplayer/SteamUI/MainMenu/HostMenu.HostMenu:WidgetTree.CanvasPanel_0 or CanvasPanel /Engine/Transient.World_2:LobbyMenu_C_9.WidgetTree.GameSettings.WidgetTree.CanvasPanel_0
[2016.11.14-00.34.38:919][  2]LogUObjectHash:Warning: Ambiguous search, could be CanvasPanel /Game/SteamMultiplayer/SteamUI/MainMenu/HostMenu.HostMenu:WidgetTree.CanvasPanel_0 or CanvasPanel /Engine/Transient.World_12:GameSettings_C_1.WidgetTree.CanvasPanel_0
[2016.11.14-00.34.38:919][  2]LogProperty:Warning: Illegal TEXT reference to a private object in external package (CanvasPanelSlot /Game/SteamMultiplayer/SteamUI/MainMenu/HostMenu.HostMenu:WidgetTree.CanvasPanel_0.CanvasPanelSlot_0) from referencer (Border /Engine/UMG/Editor/Transient.Border_0).  Import failed...
[2016.11.14-00.34.38:919][  2]LogProperty:Warning: ObjectProperty /Script/UMG.Widget:Slot: unresolved reference to 'CanvasPanelSlot'CanvasPanel_0.CanvasPanelSlot_0''
[2016.11.14-00.34.57:495][198]LogUObjectHash:Warning: Ambiguous search, could be CanvasPanel /Game/SteamMultiplayer/SteamUI/MainMenu/HostMenu.HostMenu:WidgetTree.CanvasPanel_0 or CanvasPanel /Game/SteamMultiplayer/SteamUI/MainMenu/MainMenu.MainMenu:WidgetTree.CanvasPanel_0
[2016.11.14-00.34.57:495][198]LogUObjectHash:Warning: Ambiguous search, could be CanvasPanel /Game/SteamMultiplayer/SteamUI/MainMenu/HostMenu.HostMenu:WidgetTree.CanvasPanel_0 or CanvasPanel /Game/SteamMultiplayer/SteamUI/MainMenu/OptionsMenu.OptionsMenu:WidgetTree.CanvasPanel_0
[2016.11.14-00.34.57:495][198]LogUObjectHash:Warning: Ambiguous search, could be CanvasPanel /Game/SteamMultiplayer/SteamUI/MainMenu/HostMenu.HostMenu:WidgetTree.CanvasPanel_0 or CanvasPanel /Game/SteamMultiplayer/SteamUI/MainMenu/ServerMenu.ServerMenu:WidgetTree.CanvasPanel_0
[2016.11.14-00.34.57:495][198]LogUObjectHash:Warning: Ambiguous search, could be CanvasPanel /Game/SteamMultiplayer/SteamUI/MainMenu/HostMenu.HostMenu:WidgetTree.CanvasPanel_0 or CanvasPanel /Game/SteamMultiplayer/SteamUI/MainMenu/HostMenu.HostMenu_C:WidgetTree.CanvasPanel_0
[2016.11.14-00.34.57:495][198]LogUObjectHash:Warning: Ambiguous search, could be CanvasPanel /Game/SteamMultiplayer/SteamUI/MainMenu/HostMenu.HostMenu:WidgetTree.CanvasPanel_0 or CanvasPanel /Game/SteamMultiplayer/SteamUI/MainMenu/MainMenu.MainMenu_C:WidgetTree.CanvasPanel_0
[2016.11.14-00.34.57:495][198]LogUObjectHash:Warning: Ambiguous search, could be CanvasPanel /Game/SteamMultiplayer/SteamUI/MainMenu/HostMenu.HostMenu:WidgetTree.CanvasPanel_0 or CanvasPanel /Game/SteamMultiplayer/SteamUI/MainMenu/OptionsMenu.OptionsMenu_C:WidgetTree.CanvasPanel_0
[2016.11.14-00.34.57:495][198]LogUObjectHash:Warning: Ambiguous search, could be CanvasPanel /Game/SteamMultiplayer/SteamUI/MainMenu/HostMenu.HostMenu:WidgetTree.CanvasPanel_0 or CanvasPanel /Game/SteamMultiplayer/SteamUI/MainMenu/ServerMenu.ServerMenu_C:WidgetTree.CanvasPanel_0
[2016.11.14-00.34.57:495][198]LogUObjectHash:Warning: Ambiguous search, could be CanvasPanel /Game/SteamMultiplayer/SteamUI/MainMenu/HostMenu.HostMenu:WidgetTree.CanvasPanel_0 or CanvasPanel /Game/SteamMultiplayer/SteamUI/Lobby/LobbyMenu.LobbyMenu:WidgetTree.CanvasPanel_0
[2016.11.14-00.34.57:495][198]LogUObjectHash:Warning: Ambiguous search, could be CanvasPanel /Game/SteamMultiplayer/SteamUI/MainMenu/HostMenu.HostMenu:WidgetTree.CanvasPanel_0 or CanvasPanel /Engine/Transient.World_12:GameSettings_C_2.WidgetTree.CanvasPanel_0
[2016.11.14-00.34.57:495][198]LogUObjectHash:Warning: Ambiguous search, could be CanvasPanel /Game/SteamMultiplayer/SteamUI/MainMenu/HostMenu.HostMenu:WidgetTree.CanvasPanel_0 or CanvasPanel /Engine/Transient.World_10:OptionsMenu_C_1.WidgetTree.CanvasPanel_0
[2016.11.14-00.34.57:495][198]LogUObjectHash:Warning: Ambiguous search, could be CanvasPanel /Game/SteamMultiplayer/SteamUI/MainMenu/HostMenu.HostMenu:WidgetTree.CanvasPanel_0 or CanvasPanel /Game/SteamMultiplayer/SteamUI/Lobby/GameSettings.GameSettings_C:WidgetTree.CanvasPanel_0
[2016.11.14-00.34.57:495][198]LogUObjectHash:Warning: Ambiguous search, could be CanvasPanel /Game/SteamMultiplayer/SteamUI/MainMenu/HostMenu.HostMenu:WidgetTree.CanvasPanel_0 or CanvasPanel /Engine/Transient.World_12:GameSettings_C_0.WidgetTree.CanvasPanel_0
[2016.11.14-00.34.57:495][198]LogUObjectHash:Warning: Ambiguous search, could be CanvasPanel /Game/SteamMultiplayer/SteamUI/MainMenu/HostMenu.HostMenu:WidgetTree.CanvasPanel_0 or CanvasPanel /Engine/Transient.World_10:OptionsMenu_C_0.WidgetTree.CanvasPanel_0
[2016.11.14-00.34.57:495][198]LogUObjectHash:Warning: Ambiguous search, could be CanvasPanel /Game/SteamMultiplayer/SteamUI/MainMenu/HostMenu.HostMenu:WidgetTree.CanvasPanel_0 or CanvasPanel /Game/SteamMultiplayer/SteamUI/Lobby/LobbyMenu.LobbyMenu_C:WidgetTree.CanvasPanel_0
[2016.11.14-00.34.57:495][198]LogUObjectHash:Warning: Ambiguous search, could be CanvasPanel /Game/SteamMultiplayer/SteamUI/MainMenu/HostMenu.HostMenu:WidgetTree.CanvasPanel_0 or CanvasPanel /Game/SteamMultiplayer/SteamUI/Lobby/LobbyMenu.LobbyMenu_C:WidgetTree.GameSettings.WidgetTree.CanvasPanel_0
[2016.11.14-00.34.57:495][198]LogUObjectHash:Warning: Ambiguous search, could be CanvasPanel /Game/SteamMultiplayer/SteamUI/MainMenu/HostMenu.HostMenu:WidgetTree.CanvasPanel_0 or CanvasPanel /Engine/Transient.World_7:ServerMenu_C_8.WidgetTree.CanvasPanel_0
[2016.11.14-00.34.57:495][198]LogUObjectHash:Warning: Ambiguous search, could be CanvasPanel /Game/SteamMultiplayer/SteamUI/MainMenu/HostMenu.HostMenu:WidgetTree.CanvasPanel_0 or CanvasPanel /Engine/Transient.World_2:LobbyMenu_C_9.WidgetTree.CanvasPanel_0
[2016.11.14-00.34.57:495][198]LogUObjectHash:Warning: Ambiguous search, could be CanvasPanel /Game/SteamMultiplayer/SteamUI/MainMenu/HostMenu.HostMenu:WidgetTree.CanvasPanel_0 or CanvasPanel /Engine/Transient.World_2:LobbyMenu_C_9.WidgetTree.GameSettings.WidgetTree.CanvasPanel_0
[2016.11.14-00.34.57:495][198]LogUObjectHash:Warning: Ambiguous search, could be CanvasPanel /Game/SteamMultiplayer/SteamUI/MainMenu/HostMenu.HostMenu:WidgetTree.CanvasPanel_0 or CanvasPanel /Engine/Transient.World_12:GameSettings_C_1.WidgetTree.CanvasPanel_0
[2016.11.14-00.34.57:495][198]LogProperty:Warning: Illegal TEXT reference to a private object in external package (CanvasPanelSlot /Game/SteamMultiplayer/SteamUI/MainMenu/HostMenu.HostMenu:WidgetTree.CanvasPanel_0.CanvasPanelSlot_0) from referencer (Border /Engine/UMG/Editor/Transient.Border_0).  Import failed...
[2016.11.14-00.34.57:495][198]LogProperty:Warning: ObjectProperty /Script/UMG.Widget:Slot: unresolved reference to 'CanvasPanelSlot'CanvasPanel_0.CanvasPanelSlot_0''
[2016.11.14-00.38.38:046][171]LogEditorTransaction: Undo Replace Widgets
[2016.11.14-00.40.26:055][778]LogUObjectHash:Warning: Ambiguous search, could be HorizontalBox /Game/SteamMultiplayer/SteamUI/Lobby/GameSettings.GameSettings:WidgetTree.HorizontalBox_6 or HorizontalBox /Engine/Transient.World_12:GameSettings_C_25.WidgetTree.HorizontalBox_6
[2016.11.14-00.40.26:055][778]LogProperty:Warning: Illegal TEXT reference to a private object in external package (HorizontalBoxSlot /Game/SteamMultiplayer/SteamUI/Lobby/GameSettings.GameSettings:WidgetTree.HorizontalBox_6.HorizontalBoxSlot_4) from referencer (VerticalBox /Engine/UMG/Editor/Transient.SelectMapWidget).  Import failed...
[2016.11.14-00.40.26:055][778]LogProperty:Warning: ObjectProperty /Script/UMG.Widget:Slot: unresolved reference to 'HorizontalBoxSlot'HorizontalBox_6.HorizontalBoxSlot_4''
[2016.11.14-00.44.21:700][490]Cmd: TRANSACTION UNDO
[2016.11.14-00.44.21:700][490]LogEditorTransaction: Undo Edit Vertical Alignment
[2016.11.14-00.44.22:319][540]Cmd: TRANSACTION UNDO
[2016.11.14-00.44.22:319][540]LogEditorTransaction: Undo Edit Horizontal Alignment
[2016.11.14-00.45.30:143][992]BlueprintLog: New page: Compile GameSettings
[2016.11.14-00.45.34:171][194]Cmd: OBJ SAVEPACKAGE PACKAGE="/Game/SteamMultiplayer/SteamUI/Lobby/GameSettings" FILE="D:/Wifun_작업문서 이정상/MyOwnUnrealProjects/TPS_LJS/Content/SteamMultiplayer/SteamUI/Lobby/GameSettings.uasset" SILENT=true
[2016.11.14-00.45.34:656][194]LogSavePackage: Save=45.10ms
[2016.11.14-00.45.34:656][194]LogSavePackage: Moving 'D:/Wifun_작업문서 이정상/MyOwnUnrealProjects/TPS_LJS/Saved/GameSettings33C9099A4A6B03FDBF7551B2B1B07A5E.tmp' to 'D:/Wifun_작업문서 이정상/MyOwnUnrealProjects/TPS_LJS/Content/SteamMultiplayer/SteamUI/Lobby/GameSettings.uasset'
[2016.11.14-00.45.34:660][194]LogSavePackage:Display: Finished SavePackage D:/Wifun_작업문서 이정상/MyOwnUnrealProjects/TPS_LJS/Content/SteamMultiplayer/SteamUI/Lobby/GameSettings.uasset
[2016.11.14-00.45.34:713][194]LogActorComponent: UnregisterComponent: (/Engine/Transient.EditorFloorComp) Not registered. Aborting.
[2016.11.14-00.45.35:027][195]Cmd: QUIT_EDITOR
[2016.11.14-00.45.35:130][195]LogExit: Preparing to exit.
[2016.11.14-00.45.36:183][195]LogExit: Editor shut down
[2016.11.14-00.45.36:183][195]LogExit: Transaction tracking system shut down
[2016.11.14-00.45.36:327][195]LogObj: Freed 0b from 0 cluster array pools.
[2016.11.14-00.45.36:327][195]LogExit: Object subsystem successfully closed.
[2016.11.14-00.45.36:338][195]LogD3D11RHI: Shutdown
[2016.11.14-00.45.36:338][195]LogD3D11RHI: CleanupD3DDevice
[2016.11.14-00.45.36:374][195]LogD3D11RHI: ~FD3D11DynamicRHI
[2016.11.14-00.45.36:391][195]LogModuleManager: Shutting down and abandoning module MovieSceneCapture (239)
[2016.11.14-00.45.36:391][195]LogModuleManager: Shutting down and abandoning module SequencerWidgets (238)
[2016.11.14-00.45.36:391][195]LogModuleManager: Shutting down and abandoning module BlueprintGraph (237)
[2016.11.14-00.45.36:391][195]LogModuleManager: Shutting down and abandoning module BlueprintProfiler (236)
[2016.11.14-00.45.36:391][195]LogModuleManager: Shutting down and abandoning module HierarchicalLODOutliner (235)
[2016.11.14-00.45.36:391][195]LogModuleManager: Shutting down and abandoning module CrashTracker (234)
[2016.11.14-00.45.36:391][195]LogModuleManager: Shutting down and abandoning module SceneOutliner (233)
[2016.11.14-00.45.36:391][195]LogModuleManager: Shutting down and abandoning module WidgetCarousel (232)
[2016.11.14-00.45.36:391][195]LogModuleManager: Shutting down and abandoning module AddContentDialog (231)
[2016.11.14-00.45.36:391][195]LogDirectoryWatcher: A directory notification for 'C:/Program Files/Epic Games/4.13/FeaturePacks/' was aborted.
[2016.11.14-00.45.36:392][195]LogModuleManager: Shutting down and abandoning module GameplayTags (230)
[2016.11.14-00.45.36:392][195]LogModuleManager: Shutting down and abandoning module EditorWidgets (229)
[2016.11.14-00.45.36:392][195]LogModuleManager: Shutting down and abandoning module CollectionManager (228)
[2016.11.14-00.45.36:392][195]LogDirectoryWatcher: A directory notification for 'D:/Wifun_작업문서 이정상/MyOwnUnrealProjects/TPS_LJS/Content/Collections/' was aborted.
[2016.11.14-00.45.36:392][195]LogDirectoryWatcher: A directory notification for 'D:/Wifun_작업문서 이정상/MyOwnUnrealProjects/TPS_LJS/Content/Developers/EMPRISE/Collections/' was aborted.
[2016.11.14-00.45.36:392][195]LogDirectoryWatcher: A directory notification for 'D:/Wifun_작업문서 이정상/MyOwnUnrealProjects/TPS_LJS/Saved/Collections/' was aborted.
[2016.11.14-00.45.36:392][195]LogModuleManager: Shutting down and abandoning module StatsViewer (227)
[2016.11.14-00.45.36:392][195]LogModuleManager: Shutting down and abandoning module FoliageEdit (226)
[2016.11.14-00.45.36:392][195]LogModuleManager: Shutting down and abandoning module LandscapeEditor (225)
[2016.11.14-00.45.36:392][195]LogModuleManager: Shutting down and abandoning module SceneDepthPickerMode (224)
[2016.11.14-00.45.36:392][195]LogModuleManager: Shutting down and abandoning module ActorPickerMode (223)
[2016.11.14-00.45.36:392][195]LogModuleManager: Shutting down and abandoning module GeometryMode (222)
[2016.11.14-00.45.36:392][195]LogModuleManager: Shutting down and abandoning module TextureAlignMode (221)
[2016.11.14-00.45.36:393][195]LogModuleManager: Shutting down and abandoning module BspMode (220)
[2016.11.14-00.45.36:393][195]LogModuleManager: Shutting down and abandoning module HardwareSurvey (219)
[2016.11.14-00.45.36:393][195]LogModuleManager: Shutting down and abandoning module SequenceRecorderSections (218)
[2016.11.14-00.45.36:393][195]LogModuleManager: Shutting down and abandoning module SequenceRecorder (217)
[2016.11.14-00.45.36:393][195]LogModuleManager: Shutting down and abandoning module AutomationWorker (216)
[2016.11.14-00.45.36:393][195]LogModuleManager: Shutting down and abandoning module MatineeToLevelSequence (215)
[2016.11.14-00.45.36:393][195]LogModuleManager: Shutting down and abandoning module PlacementMode (214)
[2016.11.14-00.45.36:393][195]LogModuleManager: Shutting down and abandoning module LevelSequenceEditor (213)
[2016.11.14-00.45.36:393][195]LogModuleManager: Shutting down and abandoning module WmfMediaFactory (212)
[2016.11.14-00.45.36:393][195]LogModuleManager: Shutting down and abandoning module WmfMediaEditor (211)
[2016.11.14-00.45.36:393][195]LogModuleManager: Shutting down and abandoning module AvfMediaFactory (210)
[2016.11.14-00.45.36:393][195]LogModuleManager: Shutting down and abandoning module AvfMediaEditor (209)
[2016.11.14-00.45.36:393][195]LogModuleManager: Shutting down and abandoning module Media (208)
[2016.11.14-00.45.36:393][195]LogModuleManager: Shutting down and abandoning module AndroidMediaFactory (207)
[2016.11.14-00.45.36:393][195]LogModuleManager: Shutting down and abandoning module AndroidMediaEditor (206)
[2016.11.14-00.45.36:393][195]LogModuleManager: Shutting down and abandoning module CharacterAI (205)
[2016.11.14-00.45.36:393][195]LogModuleManager: Shutting down and abandoning module SmartSnapping (204)
[2016.11.14-00.45.36:393][195]LogModuleManager: Shutting down and abandoning module SessionServices (203)
[2016.11.14-00.45.36:393][195]LogModuleManager: Shutting down and abandoning module ViewportSnapping (202)
[2016.11.14-00.45.36:393][195]LogModuleManager: Shutting down and abandoning module ViewportInteraction (201)
[2016.11.14-00.45.36:393][195]LogModuleManager: Shutting down and abandoning module LogVisualizer (200)
[2016.11.14-00.45.36:393][195]LogModuleManager: Shutting down and abandoning module GameProjectGeneration (199)
[2016.11.14-00.45.36:393][195]LogModuleManager: Shutting down and abandoning module IntroTutorials (198)
[2016.11.14-00.45.36:393][195]LogModuleManager: Shutting down and abandoning module EditorLiveStreaming (197)
[2016.11.14-00.45.36:393][195]LogModuleManager: Shutting down and abandoning module IOSPlatformEditor (196)
[2016.11.14-00.45.36:393][195]LogModuleManager: Shutting down and abandoning module HTML5PlatformEditor (195)
[2016.11.14-00.45.36:393][195]LogModuleManager: Shutting down and abandoning module AndroidDeviceDetection (194)
[2016.11.14-00.45.37:103][195]LogModuleManager: Shutting down and abandoning module AndroidPlatformEditor (193)
[2016.11.14-00.45.37:103][195]LogModuleManager: Shutting down and abandoning module IOSRuntimeSettings (192)
[2016.11.14-00.45.37:103][195]LogModuleManager: Shutting down and abandoning module AndroidRuntimeSettings (191)
[2016.11.14-00.45.37:103][195]LogModuleManager: Shutting down and abandoning module NiagaraEditor (190)
[2016.11.14-00.45.37:103][195]LogModuleManager: Shutting down and abandoning module MergeActors (189)
[2016.11.14-00.45.37:103][195]LogModuleManager: Shutting down and abandoning module SizeMap (188)
[2016.11.14-00.45.37:104][195]LogModuleManager: Shutting down and abandoning module TreeMap (187)
[2016.11.14-00.45.37:104][195]LogModuleManager: Shutting down and abandoning module ReferenceViewer (186)
[2016.11.14-00.45.37:104][195]LogModuleManager: Shutting down and abandoning module LocalizationService (185)
[2016.11.14-00.45.37:104][195]LogModuleManager: Shutting down and abandoning module LocalizationDashboard (184)
[2016.11.14-00.45.37:104][195]LogModuleManager: Shutting down and abandoning module HardwareTargeting (183)
[2016.11.14-00.45.37:104][195]LogModuleManager: Shutting down and abandoning module DeviceProfileEditor (182)
[2016.11.14-00.45.37:104][195]LogModuleManager: Shutting down and abandoning module UndoHistory (181)
[2016.11.14-00.45.37:104][195]LogModuleManager: Shutting down and abandoning module UserFeedback (180)
[2016.11.14-00.45.37:104][195]LogModuleManager: Shutting down and abandoning module XmlParser (179)
[2016.11.14-00.45.37:104][195]LogModuleManager: Shutting down and abandoning module Blutility (178)
[2016.11.14-00.45.37:104][195]LogModuleManager: Shutting down and abandoning module ProjectTargetPlatformEditor (177)
[2016.11.14-00.45.37:104][195]LogModuleManager: Shutting down and abandoning module ProjectSettingsViewer (176)
[2016.11.14-00.45.37:104][195]LogModuleManager: Shutting down and abandoning module InputBindingEditor (175)
[2016.11.14-00.45.37:104][195]LogModuleManager: Shutting down and abandoning module EditorSettingsViewer (174)
[2016.11.14-00.45.37:104][195]LogModuleManager: Shutting down and abandoning module SettingsEditor (173)
[2016.11.14-00.45.37:105][195]LogModuleManager: Shutting down and abandoning module ProjectLauncher (172)
[2016.11.14-00.45.37:105][195]LogModuleManager: Shutting down and abandoning module SessionFrontend (171)
[2016.11.14-00.45.37:105][195]LogModuleManager: Shutting down and abandoning module ProfilerClient (170)
[2016.11.14-00.45.37:105][195]LogModuleManager: Shutting down and abandoning module TargetDeviceServices (169)
[2016.11.14-00.45.37:105][195]LogModuleManager: Shutting down and abandoning module DeviceManager (168)
[2016.11.14-00.45.37:155][195]LogModuleManager: Shutting down and abandoning module AutomationController (167)
[2016.11.14-00.45.37:155][195]LogModuleManager: Shutting down and abandoning module AutomationWindow (166)
[2016.11.14-00.45.37:155][195]LogModuleManager: Shutting down and abandoning module Layers (165)
[2016.11.14-00.45.37:155][195]LogModuleManager: Shutting down and abandoning module ComponentVisualizers (164)
[2016.11.14-00.45.37:155][195]LogModuleManager: Shutting down and abandoning module DetailCustomizations (163)
[2016.11.14-00.45.37:155][195]LogModuleManager: Shutting down and abandoning module PackagesDialog (162)
[2016.11.14-00.45.37:155][195]LogModuleManager: Shutting down and abandoning module AnimGraph (161)
[2016.11.14-00.45.37:155][195]LogModuleManager: Shutting down and abandoning module Persona (160)
[2016.11.14-00.45.37:155][195]LogModuleManager: Shutting down and abandoning module Kismet (159)
[2016.11.14-00.45.37:168][195]LogModuleManager: Shutting down and abandoning module GraphEditor (158)
[2016.11.14-00.45.37:168][195]LogModuleManager: Shutting down and abandoning module ClassViewer (157)
[2016.11.14-00.45.37:168][195]LogModuleManager: Shutting down and abandoning module Toolbox (156)
[2016.11.14-00.45.37:168][195]LogModuleManager: Shutting down and abandoning module ModuleUI (155)
[2016.11.14-00.45.37:168][195]LogModuleManager: Shutting down and abandoning module MovieSceneTools (154)
[2016.11.14-00.45.37:168][195]LogModuleManager: Shutting down and abandoning module OutputLog (153)
[2016.11.14-00.45.37:168][195]LogModuleManager: Shutting down and abandoning module GammaUI (152)
[2016.11.14-00.45.37:168][195]LogModuleManager: Shutting down and abandoning module Documentation (151)
[2016.11.14-00.45.37:168][195]LogModuleManager: Shutting down and abandoning module Niagara (150)
[2016.11.14-00.45.37:168][195]LogModuleManager: Shutting down and abandoning module StreamingPauseRendering (149)
[2016.11.14-00.45.37:168][195]LogModuleManager: Shutting down and abandoning module AnalyticsET (148)
[2016.11.14-00.45.37:168][195]LogModuleManager: Shutting down and abandoning module PortalServices (147)
[2016.11.14-00.45.37:168][195]LogModuleManager: Shutting down and abandoning module PortalRpc (146)
[2016.11.14-00.45.37:168][195]LogModuleManager: Shutting down and abandoning module MessagingRpc (145)
[2016.11.14-00.45.37:168][195]LogModuleManager: Shutting down and abandoning module GameplayDebugger (144)
[2016.11.14-00.45.37:168][195]LogModuleManager: Shutting down and abandoning module AITestSuite (143)
[2016.11.14-00.45.37:168][195]LogModuleManager: Shutting down and abandoning module AIModule (142)
[2016.11.14-00.45.37:168][195]LogModuleManager: Shutting down and abandoning module ProfilerService (141)
[2016.11.14-00.45.37:271][195]LogModuleManager: Shutting down and abandoning module TaskGraph (140)
[2016.11.14-00.45.37:271][195]LogModuleManager: Shutting down and abandoning module SlateRemote (139)
[2016.11.14-00.45.37:271][195]LogModuleManager: Shutting down and abandoning module SteamVRController (138)
[2016.11.14-00.45.37:271][195]LogModuleManager: Shutting down and abandoning module SteamVR (137)
[2016.11.14-00.45.37:271][195]LogModuleManager: Shutting down and abandoning module ProceduralMeshComponentEditor (136)
[2016.11.14-00.45.37:271][195]LogModuleManager: Shutting down and abandoning module ProceduralMeshComponent (135)
[2016.11.14-00.45.37:271][195]LogModuleManager: Shutting down and abandoning module OculusLibrary (134)
[2016.11.14-00.45.37:271][195]LogModuleManager: Shutting down and abandoning module OculusInput (133)
[2016.11.14-00.45.37:271][195]LogModuleManager: Shutting down and abandoning module CustomMeshComponent (132)
[2016.11.14-00.45.37:271][195]LogModuleManager: Shutting down and abandoning module CableComponent (131)
[2016.11.14-00.45.37:271][195]LogModuleManager: Shutting down and abandoning module ArchVisCharacter (130)
[2016.11.14-00.45.37:271][195]LogModuleManager: Shutting down and abandoning module MediaPlayerEditor (129)
[2016.11.14-00.45.37:272][195]LogModuleManager: Shutting down and abandoning module HTML5Networking (128)
[2016.11.14-00.45.37:272][195]LogModuleManager: Shutting down and abandoning module GeometryCacheEd (127)
[2016.11.14-00.45.37:272][195]LogModuleManager: Shutting down and abandoning module GeometryCache (126)
[2016.11.14-00.45.37:272][195]LogModuleManager: Shutting down and abandoning module AlembicLibrary (125)
[2016.11.14-00.45.37:272][195]LogModuleManager: Shutting down and abandoning module AlembicImporter (124)
[2016.11.14-00.45.37:272][195]LogModuleManager: Shutting down and abandoning module SuperSearch (123)
[2016.11.14-00.45.37:272][195]LogModuleManager: Shutting down and abandoning module SuperSearchEditor (122)
[2016.11.14-00.45.37:272][195]LogModuleManager: Shutting down and abandoning module SpeedTreeImporter (121)
[2016.11.14-00.45.37:272][195]LogModuleManager: Shutting down and abandoning module PluginBrowser (120)
[2016.11.14-00.45.37:272][195]LogModuleManager: Shutting down and abandoning module MobileLauncherProfileWizard (119)
[2016.11.14-00.45.37:272][195]LogModuleManager: Shutting down and abandoning module EpicSurvey (118)
[2016.11.14-00.45.37:272][195]LogModuleManager: Shutting down and abandoning module DesktopPlatform (117)
[2016.11.14-00.45.37:272][195]LogModuleManager: Shutting down and abandoning module VisualStudioSourceCodeAccess (116)
[2016.11.14-00.45.37:273][195]LogModuleManager: Shutting down and abandoning module UObjectPlugin (115)
[2016.11.14-00.45.37:273][195]LogModuleManager: Shutting down and abandoning module SubversionSourceControl (114)
[2016.11.14-00.45.37:273][195]LogModuleManager: Shutting down and abandoning module PerforceSourceControl (113)
[2016.11.14-00.45.37:273][195]LogModuleManager: Shutting down and abandoning module SourceControl (112)
[2016.11.14-00.45.37:273][195]LogModuleManager: Shutting down and abandoning module GitSourceControl (111)
[2016.11.14-00.45.37:273][195]LogModuleManager: Shutting down and abandoning module LightPropagationVolumeEditor (110)
[2016.11.14-00.45.37:273][195]LogModuleManager: Shutting down and abandoning module PaperTiledImporter (109)
[2016.11.14-00.45.37:273][195]LogModuleManager: Shutting down and abandoning module PaperSpriteSheetImporter (108)
[2016.11.14-00.45.37:273][195]LogModuleManager: Shutting down and abandoning module MeshPaint (107)
[2016.11.14-00.45.37:273][195]LogModuleManager: Shutting down and abandoning module FbxAutomationBuilderModule (106)
[2016.11.14-00.45.37:273][195]LogModuleManager: Shutting down and abandoning module PixelInspectorModule (105)
[2016.11.14-00.45.37:273][195]LogModuleManager: Shutting down and abandoning module HotReload (104)
[2016.11.14-00.45.37:273][195]LogDirectoryWatcher: A directory notification for 'D:/Wifun_작업문서 이정상/MyOwnUnrealProjects/TPS_LJS/Binaries/Win64' was aborted.
[2016.11.14-00.45.37:277][195]LogModuleManager: Shutting down and abandoning module MainFrame (103)
[2016.11.14-00.45.37:277][195]LogModuleManager: Shutting down and abandoning module LevelEditor (102)
[2016.11.14-00.45.37:279][195]LogModuleManager: Shutting down and abandoning module ContentBrowser (101)
[2016.11.14-00.45.37:282][195]LogModuleManager: Shutting down and abandoning module Paper2DEditor (100)
[2016.11.14-00.45.37:282][195]LogModuleManager: Shutting down and abandoning module UdpMessaging (99)
[2016.11.14-00.45.37:382][195]LogModuleManager: Shutting down and abandoning module TcpMessaging (98)
[2016.11.14-00.45.37:482][195]LogModuleManager: Shutting down and abandoning module LightPropagationVolumeRuntime (97)
[2016.11.14-00.45.37:482][195]LogModuleManager: Shutting down and abandoning module Paper2D (96)
[2016.11.14-00.45.37:482][195]LogModuleManager: Shutting down and abandoning module WindowsMoviePlayer (95)
[2016.11.14-00.45.37:482][195]LogModuleManager: Shutting down and abandoning module WmfMedia (94)
[2016.11.14-00.45.37:483][195]LogModuleManager: Shutting down and abandoning module MediaAssets (93)
[2016.11.14-00.45.37:483][195]LogModuleManager: Shutting down and abandoning module GameLiveStreaming (92)
[2016.11.14-00.45.37:483][195]LogModuleManager: Shutting down and abandoning module GameplayTagsEditor (91)
[2016.11.14-00.45.37:484][195]LogModuleManager: Shutting down and abandoning module VREditor (90)
[2016.11.14-00.45.37:484][195]LogModuleManager: Shutting down and abandoning module GameplayTasksEditor (89)
[2016.11.14-00.45.37:484][195]LogModuleManager: Shutting down and abandoning module PropertyEditor (88)
[2016.11.14-00.45.37:484][195]LogModuleManager: Shutting down and abandoning module BehaviorTreeEditor (87)
[2016.11.14-00.45.37:484][195]LogModuleManager: Shutting down and abandoning module FunctionalTesting (86)
[2016.11.14-00.45.37:484][195]LogModuleManager: Shutting down and abandoning module CollisionAnalyzer (85)
[2016.11.14-00.45.37:484][195]LogModuleManager: Shutting down and abandoning module Sequencer (84)
[2016.11.14-00.45.37:484][195]LogModuleManager: Shutting down and abandoning module WorkspaceMenuStructure (83)
[2016.11.14-00.45.37:484][195]LogModuleManager: Shutting down and abandoning module MessageLog (82)
[2016.11.14-00.45.37:484][195]LogModuleManager: Shutting down and abandoning module AssetTools (81)
[2016.11.14-00.45.37:485][195]LogModuleManager: Shutting down and abandoning module UMGEditor (80)
[2016.11.14-00.45.37:485][195]LogModuleManager: Shutting down and abandoning module UMG (79)
[2016.11.14-00.45.37:485][195]LogModuleManager: Shutting down and abandoning module SlateReflector (78)
[2016.11.14-00.45.37:485][195]LogModuleManager: Shutting down and abandoning module Slate (77)
[2016.11.14-00.45.37:485][195]LogModuleManager: Shutting down and abandoning module EditorStyle (76)
[2016.11.14-00.45.37:495][195]LogModuleManager: Shutting down and abandoning module SourceCodeAccess (75)
[2016.11.14-00.45.37:495][195]LogModuleManager: Shutting down and abandoning module HeadMountedDisplay (74)
[2016.11.14-00.45.37:495][195]LogModuleManager: Shutting down and abandoning module XAudio2 (73)
[2016.11.14-00.45.37:495][195]LogModuleManager: Shutting down and abandoning module Networking (72)
[2016.11.14-00.45.37:495][195]LogModuleManager: Shutting down and abandoning module Core (71)
[2016.11.14-00.45.37:495][195]LogModuleManager: Shutting down and abandoning module DirectoryWatcher (70)
[2016.11.14-00.45.37:495][195]LogDirectoryWatcher: A directory notification for '../../../Engine/Content/' was aborted.
[2016.11.14-00.45.37:495][195]LogDirectoryWatcher: A directory notification for 'D:/Wifun_작업문서 이정상/MyOwnUnrealProjects/TPS_LJS/Content/' was aborted.
[2016.11.14-00.45.37:496][195]LogDirectoryWatcher: A directory notification for '../../../Engine/Plugins/2D/Paper2D/Content/' was aborted.
[2016.11.14-00.45.37:496][195]LogModuleManager: Shutting down and abandoning module AssetRegistry (69)
[2016.11.14-00.45.37:597][195]LogModuleManager: Shutting down and abandoning module KismetCompiler (68)
[2016.11.14-00.45.37:597][195]LogModuleManager: Shutting down and abandoning module PhysXFormats (67)
[2016.11.14-00.45.37:597][195]LogModuleManager: Shutting down and abandoning module MeshUtilities (66)
[2016.11.14-00.45.37:597][195]LogModuleManager: Shutting down and abandoning module DerivedDataCache (65)
[2016.11.14-00.45.37:684][195]LogDerivedDataCache: Shutdown
[2016.11.14-00.45.37:684][195]LogModuleManager: Shutting down and abandoning module VulkanShaderFormat (64)
[2016.11.14-00.45.37:684][195]LogModuleManager: Shutting down and abandoning module ShaderFormatOpenGL (63)
[2016.11.14-00.45.37:684][195]LogModuleManager: Shutting down and abandoning module ShaderFormatD3D (62)
[2016.11.14-00.45.37:684][195]LogModuleManager: Shutting down and abandoning module MetalShaderFormat (61)
[2016.11.14-00.45.37:684][195]LogModuleManager: Shutting down and abandoning module TextureFormatUncompressed (60)
[2016.11.14-00.45.37:684][195]LogModuleManager: Shutting down and abandoning module TextureFormatPVR (59)
[2016.11.14-00.45.37:684][195]LogModuleManager: Shutting down and abandoning module TextureFormatDXT (58)
[2016.11.14-00.45.37:684][195]LogModuleManager: Shutting down and abandoning module TextureFormatIntelISPCTexComp (57)
[2016.11.14-00.45.37:684][195]LogModuleManager: Shutting down and abandoning module ImageWrapper (56)
[2016.11.14-00.45.37:684][195]LogModuleManager: Shutting down and abandoning module TextureFormatASTC (55)
[2016.11.14-00.45.37:684][195]LogModuleManager: Shutting down and abandoning module TextureFormatAndroid (54)
[2016.11.14-00.45.37:684][195]LogModuleManager: Shutting down and abandoning module AudioFormatOpus (53)
[2016.11.14-00.45.37:684][195]LogModuleManager: Shutting down and abandoning module AudioFormatOgg (52)
[2016.11.14-00.45.37:684][195]LogModuleManager: Shutting down and abandoning module AudioFormatADPCM (51)
[2016.11.14-00.45.37:684][195]LogModuleManager: Shutting down and abandoning module LinuxTargetPlatform (50)
[2016.11.14-00.45.37:684][195]LogModuleManager: Shutting down and abandoning module LinuxServerTargetPlatform (49)
[2016.11.14-00.45.37:684][195]LogModuleManager: Shutting down and abandoning module LinuxNoEditorTargetPlatform (48)
[2016.11.14-00.45.37:684][195]LogModuleManager: Shutting down and abandoning module LinuxClientTargetPlatform (47)
[2016.11.14-00.45.37:684][195]LogModuleManager: Shutting down and abandoning module TVOSTargetPlatform (46)
[2016.11.14-00.45.37:684][195]LogModuleManager: Shutting down and abandoning module Messaging (45)
[2016.11.14-00.45.37:684][195]LogModuleManager: Shutting down and abandoning module IOSTargetPlatform (44)
[2016.11.14-00.45.37:684][195]LogModuleManager: Shutting down and abandoning module HTML5TargetPlatform (43)
[2016.11.14-00.45.37:684][195]LogModuleManager: Shutting down and abandoning module Android_PVRTCTargetPlatform (42)
[2016.11.14-00.45.37:684][195]LogModuleManager: Shutting down and abandoning module Android_MultiTargetPlatform (41)
[2016.11.14-00.45.37:684][195]LogModuleManager: Shutting down and abandoning module Android_ETC2TargetPlatform (40)
[2016.11.14-00.45.37:684][195]LogModuleManager: Shutting down and abandoning module Android_ETC1TargetPlatform (39)
[2016.11.14-00.45.37:685][195]LogModuleManager: Shutting down and abandoning module Android_DXTTargetPlatform (38)
[2016.11.14-00.45.37:685][195]LogModuleManager: Shutting down and abandoning module Android_ATCTargetPlatform (37)
[2016.11.14-00.45.37:685][195]LogModuleManager: Shutting down and abandoning module Android_ASTCTargetPlatform (36)
[2016.11.14-00.45.37:685][195]LogModuleManager: Shutting down and abandoning module AndroidTargetPlatform (35)
[2016.11.14-00.45.37:685][195]LogModuleManager: Shutting down and abandoning module WindowsTargetPlatform (34)
[2016.11.14-00.45.37:685][195]LogModuleManager: Shutting down and abandoning module WindowsServerTargetPlatform (33)
[2016.11.14-00.45.37:685][195]LogModuleManager: Shutting down and abandoning module WindowsNoEditorTargetPlatform (32)
[2016.11.14-00.45.37:685][195]LogModuleManager: Shutting down and abandoning module WindowsClientTargetPlatform (31)
[2016.11.14-00.45.37:685][195]LogModuleManager: Shutting down and abandoning module AllDesktopTargetPlatform (30)
[2016.11.14-00.45.37:685][195]LogModuleManager: Shutting down and abandoning module TargetPlatform (29)
[2016.11.14-00.45.37:685][195]LogModuleManager: Shutting down and abandoning module InputCore (28)
[2016.11.14-00.45.37:685][195]LogModuleManager: Shutting down and abandoning module Settings (27)
[2016.11.14-00.45.37:685][195]LogModuleManager: Shutting down and abandoning module OculusRift (26)
[2016.11.14-00.45.37:685][195]LogModuleManager: Shutting down and abandoning module GearVR (25)
[2016.11.14-00.45.37:685][195]LogModuleManager: Shutting down and abandoning module ExampleDeviceProfileSelector (24)
[2016.11.14-00.45.37:685][195]LogModuleManager: Shutting down and abandoning module OnlineBlueprintSupport (23)
[2016.11.14-00.45.37:685][195]LogModuleManager: Shutting down and abandoning module Voice (21)
[2016.11.14-00.45.37:685][195]LogModuleManager: Shutting down and abandoning module OnlineSubsystem (17)
[2016.11.14-00.45.37:685][195]LogOnline:Display: NULL: FOnlineSubsystemNull::Shutdown()
[2016.11.14-00.45.37:685][195]LogOnline:Display: Unloading online subsystem: STEAM
[2016.11.14-00.45.37:685][195]LogOnline:Display: Unloading online subsystem: NULL
[2016.11.14-00.45.37:685][195]LogModuleManager: Shutting down and abandoning module HTTP (16)
[2016.11.14-00.45.37:685][195]LogHttp:Display: Http module shutting down, but needs to wait on 1 outstanding Http requests:
[2016.11.14-00.45.37:685][195]LogHttp:Display: 	verb=[POST] url=[https://datarouter.ol.epicgames.com/datarouter/api/v1/public/data?SessionID=%7B035D7F17-49EE-BE31-EFB5-F29EB41E539D%7D&AppID=UEEditor.Rocket.Release&AppVersion=4.13.2-3172292%2B%2B%2BUE4%2BRelease-4.13&UserID=56451cfd4fd9a27398ebd49db26bedc3%7C7735729cfacd45018d8e5ad7a2086512%7C64060e57-f965-405a-be8e-4b31e72bcb7e&AppEnvironment=datacollector-binary&UploadType=eteventstream] status=Processing
[2016.11.14-00.45.37:714][195]LogModuleManager: Shutting down and abandoning module XMPP (15)
[2016.11.14-00.45.37:714][195]LogModuleManager: Shutting down and abandoning module TextureCompressor (14)
[2016.11.14-00.45.37:714][195]LogModuleManager: Shutting down and abandoning module ShaderCore (13)
[2016.11.14-00.45.37:714][195]LogModuleManager: Shutting down and abandoning module Landscape (12)
[2016.11.14-00.45.37:714][195]LogModuleManager: Shutting down and abandoning module SlateRHIRenderer (11)
[2016.11.14-00.45.37:716][195]LogModuleManager: Shutting down and abandoning module OpenGLDrv (10)
[2016.11.14-00.45.37:716][195]LogModuleManager: Shutting down and abandoning module D3D11RHI (9)
[2016.11.14-00.45.37:716][195]LogModuleManager: Shutting down and abandoning module AnimGraphRuntime (8)
[2016.11.14-00.45.37:716][195]LogModuleManager: Shutting down and abandoning module Renderer (7)
[2016.11.14-00.45.37:716][195]LogModuleManager: Shutting down and abandoning module Engine (6)
[2016.11.14-00.45.37:716][195]LogModuleManager: Shutting down and abandoning module CoreUObject (5)
[2016.11.14-00.45.37:716][195]LogModuleManager: Shutting down and abandoning module NetworkFile (4)
[2016.11.14-00.45.37:716][195]LogModuleManager: Shutting down and abandoning module StreamingFile (3)
[2016.11.14-00.45.37:716][195]LogModuleManager: Shutting down and abandoning module SandboxFile (2)
[2016.11.14-00.45.37:716][195]LogModuleManager: Shutting down and abandoning module PakFile (1)
[2016.11.14-00.45.37:717][195]LogExit: Exiting.
[2016.11.14-00.45.37:719][195]Log file closed, 11/14/16 09:45:37
