Log file open, 11/15/16 09:54:01
LogInit:Display: Running engine for game: TPS_LJS
LogPlatformFile: Not using cached read wrapper
LogInit:Display: RandInit(608952292) SRandInit(608952292).
LogTaskGraph: Started task graph with 5 named threads and 8 total threads with 1 sets of task threads.
LogStats: Stats thread started at 0.094576
LogPluginManager: Loaded Plugin Paper2D, From C:/Program Files/Epic Games/4.13/Engine/Plugins/2D/Paper2D/Paper2D.uplugin
LogPluginManager: Loaded Plugin LightPropagationVolume, From C:/Program Files/Epic Games/4.13/Engine/Plugins/Blendables/LightPropagationVolume/LightPropagationVolume.uplugin
LogPluginManager: Loaded Plugin BlankPlugin, From C:/Program Files/Epic Games/4.13/Engine/Plugins/Developer/BlankPlugin/BlankPlugin.uplugin
LogPluginManager: Loaded Plugin CodeLiteSourceCodeAccess, From C:/Program Files/Epic Games/4.13/Engine/Plugins/Developer/CodeLiteSourceCodeAccess/CodeLiteSourceCodeAccess.uplugin
LogPluginManager: Loaded Plugin GitSourceControl, From C:/Program Files/Epic Games/4.13/Engine/Plugins/Developer/GitSourceControl/GitSourceControl.uplugin
LogPluginManager: Loaded Plugin KDevelopSourceCodeAccess, From C:/Program Files/Epic Games/4.13/Engine/Plugins/Developer/KDevelopSourceCodeAccess/KDevelopSourceCodeAccess.uplugin
LogPluginManager: Loaded Plugin NullSourceCodeAccess, From C:/Program Files/Epic Games/4.13/Engine/Plugins/Developer/NullSourceCodeAccess/NullSourceCodeAccess.uplugin
LogPluginManager: Loaded Plugin OneSkyLocalizationService, From C:/Program Files/Epic Games/4.13/Engine/Plugins/Developer/OneSkyLocalizationService/OneSkyLocalizationService.uplugin
LogPluginManager: Loaded Plugin PerforceSourceControl, From C:/Program Files/Epic Games/4.13/Engine/Plugins/Developer/PerforceSourceControl/PerforceSourceControl.uplugin
LogPluginManager: Loaded Plugin SubversionSourceControl, From C:/Program Files/Epic Games/4.13/Engine/Plugins/Developer/SubversionSourceControl/SubversionSourceControl.uplugin
LogPluginManager: Loaded Plugin UObjectPlugin, From C:/Program Files/Epic Games/4.13/Engine/Plugins/Developer/UObjectPlugin/UObjectPlugin.uplugin
LogPluginManager: Loaded Plugin VisualStudioSourceCodeAccess, From C:/Program Files/Epic Games/4.13/Engine/Plugins/Developer/VisualStudioSourceCodeAccess/VisualStudioSourceCodeAccess.uplugin
LogPluginManager: Loaded Plugin XCodeSourceCodeAccess, From C:/Program Files/Epic Games/4.13/Engine/Plugins/Developer/XCodeSourceCodeAccess/XCodeSourceCodeAccess.uplugin
LogPluginManager: Loaded Plugin EpicSurvey, From C:/Program Files/Epic Games/4.13/Engine/Plugins/Editor/EpicSurvey/EpicSurvey.uplugin
LogPluginManager: Loaded Plugin MacGraphicsSwitching, From C:/Program Files/Epic Games/4.13/Engine/Plugins/Editor/MacGraphicsSwitching/MacGraphicsSwitching.uplugin
LogPluginManager: Loaded Plugin MobileLauncherProfileWizard, From C:/Program Files/Epic Games/4.13/Engine/Plugins/Editor/MobileLauncherProfileWizard/MobileLauncherProfileWizard.uplugin
LogPluginManager: Loaded Plugin PluginBrowser, From C:/Program Files/Epic Games/4.13/Engine/Plugins/Editor/PluginBrowser/PluginBrowser.uplugin
LogPluginManager: Loaded Plugin SpeedTreeImporter, From C:/Program Files/Epic Games/4.13/Engine/Plugins/Editor/SpeedTreeImporter/SpeedTreeImporter.uplugin
LogPluginManager: Loaded Plugin SuperSearchEditor, From C:/Program Files/Epic Games/4.13/Engine/Plugins/Editor/SuperSearchEditor/SuperSearchEditor.uplugin
LogPluginManager: Loaded Plugin AlembicImporter, From C:/Program Files/Epic Games/4.13/Engine/Plugins/Experimental/AlembicImporter/AlembicImporter.uplugin
LogPluginManager: Loaded Plugin BlueprintStats, From C:/Program Files/Epic Games/4.13/Engine/Plugins/Experimental/BlueprintStats/BlueprintStats.uplugin
LogPluginManager: Loaded Plugin CharacterAI, From C:/Program Files/Epic Games/4.13/Engine/Plugins/Experimental/CharacterAI/CharacterAI.uplugin
LogPluginManager: Loaded Plugin CodeEditor, From C:/Program Files/Epic Games/4.13/Engine/Plugins/Experimental/CodeEditor/CodeEditor.uplugin
LogPluginManager: Loaded Plugin CodeView, From C:/Program Files/Epic Games/4.13/Engine/Plugins/Experimental/CodeView/CodeView.uplugin
LogPluginManager: Loaded Plugin HTML5Networking, From C:/Program Files/Epic Games/4.13/Engine/Plugins/Experimental/HTML5Networking/HTML5Networking.uplugin
LogPluginManager: Loaded Plugin LiveEditor, From C:/Program Files/Epic Games/4.13/Engine/Plugins/Experimental/LiveEditor/LiveEditor.uplugin
LogPluginManager: Loaded Plugin OSVR, From C:/Program Files/Epic Games/4.13/Engine/Plugins/Experimental/OSVR/OSVR.uplugin
LogPluginManager: Loaded Plugin Phya, From C:/Program Files/Epic Games/4.13/Engine/Plugins/Experimental/Phya/Phya.uplugin
LogPluginManager: Loaded Plugin SignificanceManager, From C:/Program Files/Epic Games/4.13/Engine/Plugins/Experimental/SignificanceManager/SignificanceManager.uplugin
LogPluginManager: Loaded Plugin SimpleHMD, From C:/Program Files/Epic Games/4.13/Engine/Plugins/Experimental/SimpleHMD/SimpleHMD.uplugin
LogPluginManager: Loaded Plugin StereoPanorama, From C:/Program Files/Epic Games/4.13/Engine/Plugins/Experimental/StereoPanorama/StereoPanorama.uplugin
LogPluginManager: Loaded Plugin StructBox, From C:/Program Files/Epic Games/4.13/Engine/Plugins/Experimental/StructBox/StructBox.uplugin
LogPluginManager: Loaded Plugin AndroidMedia, From C:/Program Files/Epic Games/4.13/Engine/Plugins/Media/AndroidMedia/AndroidMedia.uplugin
LogPluginManager: Loaded Plugin AvfMedia, From C:/Program Files/Epic Games/4.13/Engine/Plugins/Media/AvfMedia/AvfMedia.uplugin
LogPluginManager: Loaded Plugin MediaPlayerEditor, From C:/Program Files/Epic Games/4.13/Engine/Plugins/Media/MediaPlayerEditor/MediaPlayerEditor.uplugin
LogPluginManager: Loaded Plugin WmfMedia, From C:/Program Files/Epic Games/4.13/Engine/Plugins/Media/WmfMedia/WmfMedia.uplugin
LogPluginManager: Loaded Plugin MessagingDebugger, From C:/Program Files/Epic Games/4.13/Engine/Plugins/Messaging/MessagingDebugger/MessagingDebugger.uplugin
LogPluginManager: Loaded Plugin TcpMessaging, From C:/Program Files/Epic Games/4.13/Engine/Plugins/Messaging/TcpMessaging/TcpMessaging.uplugin
LogPluginManager: Loaded Plugin UdpMessaging, From C:/Program Files/Epic Games/4.13/Engine/Plugins/Messaging/UdpMessaging/UdpMessaging.uplugin
LogPluginManager: Loaded Plugin LevelSequenceEditor, From C:/Program Files/Epic Games/4.13/Engine/Plugins/MovieScene/LevelSequenceEditor/LevelSequenceEditor.uplugin
LogPluginManager: Loaded Plugin MatineeToLevelSequence, From C:/Program Files/Epic Games/4.13/Engine/Plugins/MovieScene/MatineeToLevelSequence/MatineeToLevelSequence.uplugin
LogPluginManager: Loaded Plugin NetcodeUnitTest, From C:/Program Files/Epic Games/4.13/Engine/Plugins/NetcodeUnitTest/NetcodeUnitTest/NetcodeUnitTest.uplugin
LogPluginManager: Loaded Plugin NUTUnrealEngine4, From C:/Program Files/Epic Games/4.13/Engine/Plugins/NetcodeUnitTest/NUTUnrealEngine4/NUTUnrealEngine4.uplugin
LogPluginManager: Loaded Plugin OnlineSubsystemGooglePlay, From C:/Program Files/Epic Games/4.13/Engine/Plugins/Online/Android/OnlineSubsystemGooglePlay/OnlineSubsystemGooglePlay.uplugin
LogPluginManager: Loaded Plugin OnlineSubsystemIOS, From C:/Program Files/Epic Games/4.13/Engine/Plugins/Online/IOS/OnlineSubsystemIOS/OnlineSubsystemIOS.uplugin
LogPluginManager: Loaded Plugin OnlineFramework, From C:/Program Files/Epic Games/4.13/Engine/Plugins/Online/OnlineFramework/OnlineFramework.uplugin
LogPluginManager: Loaded Plugin OnlineSubsystem, From C:/Program Files/Epic Games/4.13/Engine/Plugins/Online/OnlineSubsystem/OnlineSubsystem.uplugin
LogPluginManager: Loaded Plugin OnlineSubsystemAmazon, From C:/Program Files/Epic Games/4.13/Engine/Plugins/Online/OnlineSubsystemAmazon/OnlineSubsystemAmazon.uplugin
LogPluginManager: Loaded Plugin OnlineSubsystemFacebook, From C:/Program Files/Epic Games/4.13/Engine/Plugins/Online/OnlineSubsystemFacebook/OnlineSubsystemFacebook.uplugin
LogPluginManager: Loaded Plugin OnlineSubsystemNull, From C:/Program Files/Epic Games/4.13/Engine/Plugins/Online/OnlineSubsystemNull/OnlineSubsystemNull.uplugin
LogPluginManager: Loaded Plugin OnlineSubsystemOculus, From C:/Program Files/Epic Games/4.13/Engine/Plugins/Online/OnlineSubsystemOculus/OnlineSubsystemOculus.uplugin
LogPluginManager: Loaded Plugin OnlineSubsystemSteam, From C:/Program Files/Epic Games/4.13/Engine/Plugins/Online/OnlineSubsystemSteam/OnlineSubsystemSteam.uplugin
LogPluginManager: Loaded Plugin OnlineSubsystemUtils, From C:/Program Files/Epic Games/4.13/Engine/Plugins/Online/OnlineSubsystemUtils/OnlineSubsystemUtils.uplugin
LogPluginManager: Loaded Plugin IOSTapJoy, From C:/Program Files/Epic Games/4.13/Engine/Plugins/Runtime/Advertising/IOSTapJoy/IOSTapJoy.uplugin
LogPluginManager: Loaded Plugin AnalyticsBlueprintLibrary, From C:/Program Files/Epic Games/4.13/Engine/Plugins/Runtime/Analytics/AnalyticsBlueprintLibrary/AnalyticsBlueprintLibrary.uplugin
LogPluginManager: Loaded Plugin AnalyticsMulticast, From C:/Program Files/Epic Games/4.13/Engine/Plugins/Runtime/Analytics/AnalyticsMulticast/AnalyticsMulticast.uplugin
LogPluginManager: Loaded Plugin Apsalar, From C:/Program Files/Epic Games/4.13/Engine/Plugins/Runtime/Analytics/Apsalar/Apsalar.uplugin
LogPluginManager: Loaded Plugin FileLogging, From C:/Program Files/Epic Games/4.13/Engine/Plugins/Runtime/Analytics/FileLogging/FileLogging.uplugin
LogPluginManager: Loaded Plugin Flurry, From C:/Program Files/Epic Games/4.13/Engine/Plugins/Runtime/Analytics/Flurry/Flurry.uplugin
LogPluginManager: Loaded Plugin AndroidDeviceProfileSelector, From C:/Program Files/Epic Games/4.13/Engine/Plugins/Runtime/AndroidDeviceProfileSelector/AndroidDeviceProfileSelector.uplugin
LogPluginManager: Loaded Plugin AndroidMoviePlayer, From C:/Program Files/Epic Games/4.13/Engine/Plugins/Runtime/AndroidMoviePlayer/AndroidMoviePlayer.uplugin
LogPluginManager: Loaded Plugin AppleMoviePlayer, From C:/Program Files/Epic Games/4.13/Engine/Plugins/Runtime/AppleMoviePlayer/AppleMoviePlayer.uplugin
LogPluginManager: Loaded Plugin ArchVisCharacter, From C:/Program Files/Epic Games/4.13/Engine/Plugins/Runtime/ArchVisCharacter/ArchVisCharacter.uplugin
LogPluginManager: Loaded Plugin CableComponent, From C:/Program Files/Epic Games/4.13/Engine/Plugins/Runtime/CableComponent/CableComponent.uplugin
LogPluginManager: Loaded Plugin CustomMeshComponent, From C:/Program Files/Epic Games/4.13/Engine/Plugins/Runtime/CustomMeshComponent/CustomMeshComponent.uplugin
LogPluginManager: Loaded Plugin ExampleDeviceProfileSelector, From C:/Program Files/Epic Games/4.13/Engine/Plugins/Runtime/ExampleDeviceProfileSelector/ExampleDeviceProfileSelector.uplugin
LogPluginManager: Loaded Plugin GearVR, From C:/Program Files/Epic Games/4.13/Engine/Plugins/Runtime/GearVR/GearVR.uplugin
LogPluginManager: Loaded Plugin GoogleVRController, From C:/Program Files/Epic Games/4.13/Engine/Plugins/Runtime/GoogleVR/GoogleVRController/GoogleVRController.uplugin
LogPluginManager: Loaded Plugin GoogleVRHMD, From C:/Program Files/Epic Games/4.13/Engine/Plugins/Runtime/GoogleVR/GoogleVRHMD/GoogleVRHMD.uplugin
LogPluginManager: Loaded Plugin IOSDeviceProfileSelector, From C:/Program Files/Epic Games/4.13/Engine/Plugins/Runtime/IOSDeviceProfileSelector/IOSDeviceProfileSelector.uplugin
LogPluginManager: Loaded Plugin LeapMotion, From C:/Program Files/Epic Games/4.13/Engine/Plugins/Runtime/LeapMotion/LeapMotion.uplugin
LogPluginManager: Loaded Plugin LinuxDeviceProfileSelector, From C:/Program Files/Epic Games/4.13/Engine/Plugins/Runtime/LinuxDeviceProfileSelector/LinuxDeviceProfileSelector.uplugin
LogPluginManager: Loaded Plugin LiveEditorListenServer, From C:/Program Files/Epic Games/4.13/Engine/Plugins/Runtime/LiveEditorListenServer/LiveEditorListenServer.uplugin
LogPluginManager: Loaded Plugin OculusAudio, From C:/Program Files/Epic Games/4.13/Engine/Plugins/Runtime/OculusAudio/OculusAudio.uplugin
LogPluginManager: Loaded Plugin OculusInput, From C:/Program Files/Epic Games/4.13/Engine/Plugins/Runtime/OculusInput/OculusInput.uplugin
LogPluginManager: Loaded Plugin OculusLibrary, From C:/Program Files/Epic Games/4.13/Engine/Plugins/Runtime/OculusLibrary/OculusLibrary.uplugin
LogPluginManager: Loaded Plugin OculusRift, From C:/Program Files/Epic Games/4.13/Engine/Plugins/Runtime/OculusRift/OculusRift.uplugin
LogPluginManager: Loaded Plugin Oodle, From C:/Program Files/Epic Games/4.13/Engine/Plugins/Runtime/PacketHandlers/CompressionComponents/Oodle/Oodle.uplugin
LogPluginManager: Loaded Plugin ProceduralMeshComponent, From C:/Program Files/Epic Games/4.13/Engine/Plugins/Runtime/ProceduralMeshComponent/ProceduralMeshComponent.uplugin
LogPluginManager: Loaded Plugin SoundMod, From C:/Program Files/Epic Games/4.13/Engine/Plugins/Runtime/SoundMod/SoundMod.uplugin
LogPluginManager: Loaded Plugin SoundVisualizations, From C:/Program Files/Epic Games/4.13/Engine/Plugins/Runtime/SoundVisualizations/SoundVisualizations.uplugin
LogPluginManager: Loaded Plugin SteamController, From C:/Program Files/Epic Games/4.13/Engine/Plugins/Runtime/Steam/SteamController/SteamController.uplugin
LogPluginManager: Loaded Plugin SteamVR, From C:/Program Files/Epic Games/4.13/Engine/Plugins/Runtime/Steam/SteamVR/SteamVR.uplugin
LogPluginManager: Loaded Plugin WebBrowserWidget, From C:/Program Files/Epic Games/4.13/Engine/Plugins/Runtime/WebBrowserWidget/WebBrowserWidget.uplugin
LogPluginManager: Loaded Plugin WindowsDeviceProfileSelector, From C:/Program Files/Epic Games/4.13/Engine/Plugins/Runtime/WindowsDeviceProfileSelector/WindowsDeviceProfileSelector.uplugin
LogPluginManager: Loaded Plugin WindowsMoviePlayer, From C:/Program Files/Epic Games/4.13/Engine/Plugins/Runtime/WindowsMoviePlayer/WindowsMoviePlayer.uplugin
LogPluginManager: Loaded Plugin ScriptPlugin, From C:/Program Files/Epic Games/4.13/Engine/Plugins/ScriptPlugin/ScriptPlugin.uplugin
LogPluginManager: Loaded Plugin SlateRemote, From C:/Program Files/Epic Games/4.13/Engine/Plugins/Slate/SlateRemote/SlateRemote.uplugin
LogInit: Using libcurl 7.47.1
LogInit:  - built for x86_64-pc-win32
LogInit:  - supports SSL with WinSSL
LogInit:  - other features:
LogInit:      CURL_VERSION_SSL
LogInit:      CURL_VERSION_IPV6
LogInit:      CURL_VERSION_ASYNCHDNS
LogInit:      CURL_VERSION_LARGEFILE
LogInit:      CURL_VERSION_IDN
LogInit:  CurlRequestOptions (configurable via config and command line):
LogInit:  - bVerifyPeer = false  - Libcurl will NOT verify peer certificate
LogInit:  - bUseHttpProxy = false  - Libcurl will NOT use HTTP proxy
LogInit:  - bDontReuseConnections = false  - Libcurl will reuse connections
LogInit:  - CertBundlePath = nullptr  - Libcurl will use whatever was configured at build time.
LogOnline:Display: STEAM: Loading Steam SDK 1.32
LogInit: WinSock: version 1.1 (2.2), MaxSocks=32767, MaxUdp=65467
LogInit: Build: ++UE4+Release-4.13-CL-3172292
LogInit: Engine Version: 4.13.2-3172292+++UE4+Release-4.13
LogInit: Compatible Engine Version: 4.13.0-3106830+++UE4+Release-4.13
LogInit: Net CL: 3172292
LogDevObjectVersion: Number of dev versions registered: 13
LogDevObjectVersion:   Dev-Blueprints (B0D832E4-1F89-4F0D-ACCF-7EB736FD4AA2): 5
LogDevObjectVersion:   Dev-Build (E1C64328-A22C-4D53-A36C-8E866417BD8C): 0
LogDevObjectVersion:   Dev-Core (375EC13C-06E4-48FB-B500-84F0262A717E): 1
LogDevObjectVersion:   Dev-Editor (E4B068ED-F494-42E9-A231-DA0B2E46BB41): 6
LogDevObjectVersion:   Dev-Framework (CFFC743F-43B0-4480-9391-14DF171D2073): 12
LogDevObjectVersion:   Dev-Mobile (B02B49B5-BB20-44E9-A304-32B752E40360): 0
LogDevObjectVersion:   Dev-Networking (A4E4105C-59A1-49B5-A7C5-40C4547EDFEE): 0
LogDevObjectVersion:   Dev-Online (39C831C9-5AE6-47DC-9A44-9C173E1C8E7C): 0
LogDevObjectVersion:   Dev-Physics (78F01B33-EBEA-4F98-B9B4-84EACCB95AA2): 0
LogDevObjectVersion:   Dev-Platform (6631380F-2D4D-43E0-8009-CF276956A95A): 0
LogDevObjectVersion:   Dev-Rendering (12F88B9F-8875-4AFC-A67C-D90C383ABD29): 4
LogDevObjectVersion:   Dev-Sequencer (7B5AE74C-D270-4C10-A958-57980B212A5A): 0
LogDevObjectVersion:   Dev-VR (D7296918-1DD6-4BDD-9DE2-64A83CC13884): 0
LogInit: Compiled (64-bit): Oct 24 2016 14:29:06
LogInit: Compiled with Visual C++: 19.00.23026.00
LogInit: Build Configuration: Development
LogInit: Branch Name: ++UE4+Release-4.13
LogInit: Command line:  /Temp/Autosaves/Game/SteamMultiplayer/SteamMaps/UEDPCMainMenu -game -PIEVIACONSOLE -ResX=1280 -ResY=720  -Multiprocess -windowed -messaging -SessionName="Play in Standalone Game" 
LogInit: Base directory: C:/Program Files/Epic Games/4.13/Engine/Binaries/Win64/
LogInit: Installed Engine Build: 1
LogInit: Presizing for max 8388607 objects, including 0 objects not considered by GC, pre-allocating 0 bytes for permanent pool.
LogInit: Object subsystem initialized
[2016.11.15-00.54.04:535][  0]LogInit: Selected Device Profile: [Windows]
[2016.11.15-00.54.04:535][  0]LogInit: Applying CVar settings loaded from the selected device profile: [Windows]
[2016.11.15-00.54.04:542][  0]LogInit: Computer: EMPRISE-PC1
[2016.11.15-00.54.04:542][  0]LogInit: User: EMPRISE
[2016.11.15-00.54.04:542][  0]LogInit: CPU Page size=65536, Cores=4
[2016.11.15-00.54.04:542][  0]LogInit: High frequency timer resolution =3.515644 MHz
[2016.11.15-00.54.04:542][  0]LogMemory: Memory total: Physical=16.0GB (16GB approx)
[2016.11.15-00.54.04:542][  0]LogMemory: Platform Memory Stats for Windows
[2016.11.15-00.54.04:542][  0]LogMemory: Process Physical Memory: 296.05 MB used, 296.05 MB peak
[2016.11.15-00.54.04:542][  0]LogMemory: Process Virtual Memory: 281.03 MB used, 281.03 MB peak
[2016.11.15-00.54.04:542][  0]LogMemory: Physical Memory: 9911.55 MB used, 16334.92 MB total
[2016.11.15-00.54.04:542][  0]LogMemory: Virtual Memory: 713.94 MB used, 8388608.00 MB total
[2016.11.15-00.54.04:781][  0]LogInit: Overriding culture en w/ editor configuration.
[2016.11.15-00.54.05:661][  0]LogD3D11RHI: D3D11 adapters:
[2016.11.15-00.54.05:830][  0]LogD3D11RHI:    0. 'NVIDIA GeForce GTX 750' (Feature Level 11_0)
[2016.11.15-00.54.05:830][  0]LogD3D11RHI:       972/0/3072 MB DedicatedVideo/DedicatedSystem/SharedSystem, Outputs:2, VendorId:0x10de
[2016.11.15-00.54.05:830][  0]LogD3D11RHI: Chosen D3D11 Adapter: 0
[2016.11.15-00.54.05:838][  0]LogD3D11RHI: Creating new Direct3DDevice
[2016.11.15-00.54.05:839][  0]LogD3D11RHI:     GPU DeviceId: 0x1381 (for the marketing name, search the web for "GPU Device Id")
[2016.11.15-00.54.05:839][  0]LogWindows: EnumDisplayDevices:
[2016.11.15-00.54.05:839][  0]LogWindows:    0. 'NVIDIA GeForce GTX 750' (P:1 D:1)
[2016.11.15-00.54.05:839][  0]LogWindows:    1. 'NVIDIA GeForce GTX 750' (P:0 D:1)
[2016.11.15-00.54.05:840][  0]LogWindows:    2. 'NVIDIA GeForce GTX 750' (P:0 D:0)
[2016.11.15-00.54.05:840][  0]LogWindows:    3. 'NVIDIA GeForce GTX 750' (P:0 D:0)
[2016.11.15-00.54.05:840][  0]LogWindows:    4. 'RDPDD Chained DD' (P:0 D:0)
[2016.11.15-00.54.05:840][  0]LogWindows:    5. 'RDP Encoder Mirror Driver' (P:0 D:0)
[2016.11.15-00.54.05:841][  0]LogWindows:    6. 'RDP Reflector Display Driver' (P:0 D:0)
[2016.11.15-00.54.05:841][  0]LogWindows: DebugString: GetVideoDriverDetailsInvalid PrimaryIsNotTheChoosenAdapter GetVideoDriverDetailsInvalid PrimaryIsNotTheChoosenAdapter GetVideoDriverDetailsInvalid PrimaryIsNotTheChoosenAdapter FoundDriverCount:4 
[2016.11.15-00.54.05:841][  0]LogD3D11RHI:     Adapter Name: NVIDIA GeForce GTX 750
[2016.11.15-00.54.05:841][  0]LogD3D11RHI:   Driver Version: 368.81 (internal:10.18.13.6881, unified:368.81)
[2016.11.15-00.54.05:841][  0]LogD3D11RHI:      Driver Date: 7-10-2016
[2016.11.15-00.54.05:841][  0]LogRHI: Texture pool is 680 MB (70% of 972 MB)
[2016.11.15-00.54.05:971][  0]LogD3D11RHI: Async texture creation enabled
[2016.11.15-00.54.05:984][  0]LogD3D11RHI: GPU Timing Frequency: 1000.000000 (Debug: 2 2)
[2016.11.15-00.54.05:984][  0]LogShaderCompilers: Guid format shader working directory is 3 characters bigger than the processId version (D:/Wifun_작업문서 이정상/MyOwnUnrealProjects/TPS_LJS/Intermediate/Shaders/WorkingDirectory/8860/).
[2016.11.15-00.54.05:984][  0]LogShaderCompilers: Cleaned the shader compiler working directory 'C:/Users/EMPRISE/AppData/Local/Temp/UnrealShaderWorkingDir/0A86447541365CF9753E07BAB3A2EDAB/'.
[2016.11.15-00.54.05:984][  0]LogShaderCompilers:Display: Using Local Shader Compiler.
[2016.11.15-00.54.08:089][  0]LogTemp:Display: Loaded TP WindowsClientTargetPlatform
[2016.11.15-00.54.08:101][  0]LogTemp:Display: Loaded TP WindowsNoEditorTargetPlatform
[2016.11.15-00.54.08:113][  0]LogTemp:Display: Loaded TP WindowsServerTargetPlatform
[2016.11.15-00.54.08:126][  0]LogTemp:Display: Loaded TP WindowsTargetPlatform
[2016.11.15-00.54.08:126][  0]LogTargetPlatformManager:Display: Building Assets For Windows
[2016.11.15-00.54.08:425][  0]LogDerivedDataCache:Display: Max Cache Size: 512 MB
[2016.11.15-00.54.08:483][  0]LogDerivedDataCache: Loaded boot cache 0.06s 62MB C:/Users/EMPRISE/AppData/Local/UnrealEngine/4.13/DerivedDataCache/Boot.ddc.
[2016.11.15-00.54.08:483][  0]LogDerivedDataCache:Display: Loaded Boot cache: C:/Users/EMPRISE/AppData/Local/UnrealEngine/4.13/DerivedDataCache/Boot.ddc
[2016.11.15-00.54.08:483][  0]LogDerivedDataCache: FDerivedDataBackendGraph:  Pak pak cache file D:/Wifun_작업문서 이정상/MyOwnUnrealProjects/TPS_LJS/DerivedDataCache/DDC.ddp not found, will not use a pak cache.
[2016.11.15-00.54.08:483][  0]LogDerivedDataCache: Unable to find inner node Pak for hierarchical cache Hierarchy.
[2016.11.15-00.54.08:483][  0]LogDerivedDataCache: FDerivedDataBackendGraph:  CompressedPak pak cache file D:/Wifun_작업문서 이정상/MyOwnUnrealProjects/TPS_LJS/DerivedDataCache/Compressed.ddp not found, will not use a pak cache.
[2016.11.15-00.54.08:483][  0]LogDerivedDataCache: Unable to find inner node CompressedPak for hierarchical cache Hierarchy.
[2016.11.15-00.54.08:500][  0]LogDerivedDataCache:Display: Pak cache opened for reading ../../../Engine/DerivedDataCache/Compressed.ddp.
[2016.11.15-00.54.08:513][  0]LogDerivedDataCache: Using Local data cache path C:/Users/EMPRISE/AppData/Local/UnrealEngine/Common/DerivedDataCache: Writable
[2016.11.15-00.54.08:866][  0]LogAssetRegistry: FAssetRegistry took 0.0001 seconds to start up
[2016.11.15-00.54.08:868][  0]LogPackageLocalizationCache: Processed 3 localized package path(s) for 1 prioritized culture(s) in 0.002486 seconds
[2016.11.15-00.54.08:889][  0]LogInit: Selected Device Profile: [Windows]
[2016.11.15-00.54.08:894][  0]LogMaterial: Uniform references updated for custom material expression Custom.
[2016.11.15-00.54.08:895][  0]LogContentStreaming: Texture pool size is 1000.00 MB
[2016.11.15-00.54.09:029][  0]LogMeshUtilities: No automatic mesh reduction module available
[2016.11.15-00.54.09:029][  0]LogMeshUtilities: No automatic mesh merging module available
[2016.11.15-00.54.09:029][  0]LogMeshUtilities: No distributed automatic mesh merging module available
[2016.11.15-00.54.09:313][  0]LogNetVersion: GetLocalNetworkVersion: CL: 3106830, ProjectName: tps_ljs, ProjectVersion: , EngineNetworkVersion: 1, GameNetworkVersion: 0, NetworkChecksum: 3890732095
[2016.11.15-00.54.10:540][  0]LogSlate: SlateFontCache - WITH_FREETYPE: 1, WITH_HARFBUZZ: 1
[2016.11.15-00.54.10:540][  0]LogSlate: SlateFontCache - WITH_FREETYPE: 1, WITH_HARFBUZZ: 1
[2016.11.15-00.54.10:706][  0]LogMoviePlayer: Initializing movie player
[2016.11.15-00.54.10:810][  0]LogWindowsMoviePlayer: Unable to load movie: D:/Wifun_작업문서 이정상/MyOwnUnrealProjects/TPS_LJS/Content/Movies/Default_Startup.mp4
[2016.11.15-00.54.10:945][  0]LogTcpMessaging: Initializing TcpMessaging bridge
[2016.11.15-00.54.10:979][  0]LogUdpMessaging: Initializing bridge on interface 0.0.0.0:0 to multicast group 230.0.0.1:6666.
[2016.11.15-00.54.11:116][  0]SourceControl: Info Source control is disabled
[2016.11.15-00.54.11:116][  0]SourceControl: Info Source control is disabled
[2016.11.15-00.54.11:156][  0]SourceControl: Info Source control is disabled
[2016.11.15-00.54.11:484][  0]LogUObjectArray: 32663 objects as part of root set at end of initial load.
[2016.11.15-00.54.11:484][  0]LogUObjectAllocator: 7458624 out of 0 bytes used by permanent object pool.
[2016.11.15-00.54.11:484][  0]LogUObjectArray: CloseDisregardForGC: 0/0 objects in disregard for GC pool
[2016.11.15-00.54.11:577][  0]LogEngine: Initializing Engine...
[2016.11.15-00.54.11:578][  0]LogHMD: Failed to initialize OpenVR with code 110
[2016.11.15-00.54.11:713][  0]LogInit: XAudio2 using '스피커(2- Realtek High Definition Audio)' : 2 channels at 48 kHz using 32 bits per sample (channel mask 0x3)
[2016.11.15-00.54.11:725][  0]LogInit: FAudioDevice initialized.
[2016.11.15-00.54.11:729][  0]LogInit: Texture streaming: Enabled
[2016.11.15-00.54.12:055][  0]LogInit:Display: Game Engine Initialized.
[2016.11.15-00.54.12:160][  0]LogInit:Display: Starting Game.
[2016.11.15-00.54.12:160][  0]LogNet: Browse: /Temp/Autosaves/Game/SteamMultiplayer/SteamMaps/UEDPCMainMenu?Name=Player
[2016.11.15-00.54.12:160][  0]LogLoad: LoadMap: /Temp/Autosaves/Game/SteamMultiplayer/SteamMaps/UEDPCMainMenu?Name=Player
[2016.11.15-00.54.12:184][  0]LogMemory: Platform Memory Stats for Windows
[2016.11.15-00.54.12:184][  0]LogMemory: Process Physical Memory: 687.72 MB used, 710.36 MB peak
[2016.11.15-00.54.12:184][  0]LogMemory: Process Virtual Memory: 784.11 MB used, 793.30 MB peak
[2016.11.15-00.54.12:184][  0]LogMemory: Physical Memory: 10272.59 MB used, 16334.92 MB total
[2016.11.15-00.54.12:184][  0]LogMemory: Virtual Memory: 1457.82 MB used, 8388608.00 MB total
[2016.11.15-00.54.12:184][  0]LogMemory: 
[2016.11.15-00.54.12:184][  0]Allocator Stats for TBB: (not implemented)
[2016.11.15-00.54.12:253][  0]LogAIModule: Creating AISystem for world MainMenu
[2016.11.15-00.54.12:348][  0]LogWorld: Game class is 'ThirdPersonGameMode_C'
[2016.11.15-00.54.12:349][  0]LogWorld: Bringing World /Temp/Autosaves/Game/SteamMultiplayer/SteamMaps/UEDPCMainMenu.MainMenu up for play (max tick rate 0) at 2016.11.15-09.54.12
[2016.11.15-00.54.12:349][  0]LogWorld: Bringing up level for play took: 0.000536
[2016.11.15-00.54.12:350][  0]LogGameMode:Display: Match State Changed from EnteringMap to WaitingToStart
[2016.11.15-00.54.12:350][  0]LogGameState: Match State Changed from EnteringMap to WaitingToStart
[2016.11.15-00.54.12:350][  0]LogGameMode:Display: Match State Changed from WaitingToStart to InProgress
[2016.11.15-00.54.12:355][  0]LogGameState: Match State Changed from WaitingToStart to InProgress
[2016.11.15-00.54.12:355][  0]LogLoad: Took 0.195114 seconds to LoadMap(/Temp/Autosaves/Game/SteamMultiplayer/SteamMaps/UEDPCMainMenu)
[2016.11.15-00.54.12:636][  0]LogLoad: (Engine Initialization) Total time: 12.59 seconds
[2016.11.15-00.54.12:636][  0]LogLoad: (Engine Initialization) Total Blueprint compile time: 0.14 seconds
[2016.11.15-00.54.12:636][  0]LogExternalProfiler: Found external profiler: VSPerf
[2016.11.15-00.54.12:636][  0]LogExternalProfiler: Using external profiler: VSPerf
[2016.11.15-00.54.12:657][  0]LogOcInput: OculusInput pre-init called
[2016.11.15-00.54.12:717][  0]LogRenderer: Reallocating scene render targets to support 128x128 (Frame:1).
[2016.11.15-00.54.12:832][  1]LogRenderer: Reallocating scene render targets to support 1280x720 (Frame:2).
[2016.11.15-00.54.22:517][593]Closing by request
[2016.11.15-00.54.22:517][593]LogWindows: FPlatformMisc::RequestExit(0)
[2016.11.15-00.54.22:518][594]LogMoviePlayer: Shutting down movie player
[2016.11.15-00.54.22:615][594]LogExit: Preparing to exit.
[2016.11.15-00.54.23:101][594]LogExit: Game engine shut down
[2016.11.15-00.54.23:187][594]LogObj: Freed 0b from 0 cluster array pools.
[2016.11.15-00.54.23:187][594]LogExit: Object subsystem successfully closed.
[2016.11.15-00.54.23:203][594]LogD3D11RHI: Shutdown
[2016.11.15-00.54.23:203][594]LogD3D11RHI: CleanupD3DDevice
[2016.11.15-00.54.23:229][594]LogD3D11RHI: ~FD3D11DynamicRHI
[2016.11.15-00.54.23:238][594]LogModuleManager: Shutting down and abandoning module SequenceRecorderSections (120)
[2016.11.15-00.54.23:238][594]LogModuleManager: Shutting down and abandoning module SequenceRecorder (119)
[2016.11.15-00.54.23:238][594]LogModuleManager: Shutting down and abandoning module AutomationController (118)
[2016.11.15-00.54.23:238][594]LogModuleManager: Shutting down and abandoning module AutomationWorker (117)
[2016.11.15-00.54.23:238][594]LogModuleManager: Shutting down and abandoning module GameplayDebugger (116)
[2016.11.15-00.54.23:238][594]LogModuleManager: Shutting down and abandoning module AITestSuite (115)
[2016.11.15-00.54.23:238][594]LogModuleManager: Shutting down and abandoning module AIModule (114)
[2016.11.15-00.54.23:238][594]LogModuleManager: Shutting down and abandoning module WmfMediaFactory (113)
[2016.11.15-00.54.23:238][594]LogModuleManager: Shutting down and abandoning module AvfMediaFactory (112)
[2016.11.15-00.54.23:238][594]LogModuleManager: Shutting down and abandoning module Media (111)
[2016.11.15-00.54.23:238][594]LogModuleManager: Shutting down and abandoning module AndroidMediaFactory (110)
[2016.11.15-00.54.23:238][594]LogModuleManager: Shutting down and abandoning module CharacterAI (109)
[2016.11.15-00.54.23:238][594]LogModuleManager: Shutting down and abandoning module SessionServices (108)
[2016.11.15-00.54.23:238][594]LogModuleManager: Shutting down and abandoning module MovieSceneCapture (107)
[2016.11.15-00.54.23:238][594]LogModuleManager: Shutting down and abandoning module Niagara (106)
[2016.11.15-00.54.23:238][594]LogModuleManager: Shutting down and abandoning module StreamingPauseRendering (105)
[2016.11.15-00.54.23:238][594]LogModuleManager: Shutting down and abandoning module PortalServices (104)
[2016.11.15-00.54.23:238][594]LogModuleManager: Shutting down and abandoning module PortalRpc (103)
[2016.11.15-00.54.23:238][594]LogModuleManager: Shutting down and abandoning module MessagingRpc (102)
[2016.11.15-00.54.23:238][594]LogModuleManager: Shutting down and abandoning module ProfilerService (101)
[2016.11.15-00.54.23:283][594]LogModuleManager: Shutting down and abandoning module TaskGraph (100)
[2016.11.15-00.54.23:283][594]LogModuleManager: Shutting down and abandoning module SlateRemote (99)
[2016.11.15-00.54.23:283][594]LogModuleManager: Shutting down and abandoning module SteamVRController (98)
[2016.11.15-00.54.23:283][594]LogModuleManager: Shutting down and abandoning module SteamVR (97)
[2016.11.15-00.54.23:283][594]LogModuleManager: Shutting down and abandoning module ProceduralMeshComponent (96)
[2016.11.15-00.54.23:283][594]LogModuleManager: Shutting down and abandoning module OculusLibrary (95)
[2016.11.15-00.54.23:283][594]LogModuleManager: Shutting down and abandoning module OculusInput (94)
[2016.11.15-00.54.23:283][594]LogModuleManager: Shutting down and abandoning module CustomMeshComponent (93)
[2016.11.15-00.54.23:283][594]LogModuleManager: Shutting down and abandoning module CableComponent (92)
[2016.11.15-00.54.23:283][594]LogModuleManager: Shutting down and abandoning module ArchVisCharacter (91)
[2016.11.15-00.54.23:283][594]LogModuleManager: Shutting down and abandoning module HTML5Networking (89)
[2016.11.15-00.54.23:283][594]LogModuleManager: Shutting down and abandoning module DesktopPlatform (88)
[2016.11.15-00.54.23:283][594]LogModuleManager: Shutting down and abandoning module DirectoryWatcher (87)
[2016.11.15-00.54.23:283][594]LogDirectoryWatcher: A directory notification for 'D:/Wifun_작업문서 이정상/MyOwnUnrealProjects/TPS_LJS/Binaries/Win64' was aborted.
[2016.11.15-00.54.23:283][594]LogModuleManager: Shutting down and abandoning module HotReload (86)
[2016.11.15-00.54.23:283][594]LogModuleManager: Shutting down and abandoning module VisualStudioSourceCodeAccess (85)
[2016.11.15-00.54.23:283][594]LogModuleManager: Shutting down and abandoning module UObjectPlugin (84)
[2016.11.15-00.54.23:283][594]LogModuleManager: Shutting down and abandoning module SubversionSourceControl (83)
[2016.11.15-00.54.23:283][594]LogModuleManager: Shutting down and abandoning module SourceControl (82)
[2016.11.15-00.54.23:283][594]LogModuleManager: Shutting down and abandoning module PerforceSourceControl (81)
[2016.11.15-00.54.23:283][594]LogModuleManager: Shutting down and abandoning module UdpMessaging (80)
[2016.11.15-00.54.23:383][594]LogModuleManager: Shutting down and abandoning module TcpMessaging (79)
[2016.11.15-00.54.23:946][594]LogModuleManager: Shutting down and abandoning module LightPropagationVolumeRuntime (78)
[2016.11.15-00.54.23:946][594]LogModuleManager: Shutting down and abandoning module Paper2D (77)
[2016.11.15-00.54.23:946][594]LogModuleManager: Shutting down and abandoning module WindowsMoviePlayer (76)
[2016.11.15-00.54.23:946][594]LogModuleManager: Shutting down and abandoning module WmfMedia (75)
[2016.11.15-00.54.23:946][594]LogModuleManager: Shutting down and abandoning module MediaAssets (74)
[2016.11.15-00.54.23:946][594]LogModuleManager: Shutting down and abandoning module GameLiveStreaming (73)
[2016.11.15-00.54.23:946][594]LogModuleManager: Shutting down and abandoning module GameplayTagsEditor (72)
[2016.11.15-00.54.23:946][594]LogModuleManager: Shutting down and abandoning module VREditor (71)
[2016.11.15-00.54.23:946][594]LogModuleManager: Shutting down and abandoning module GameplayTasksEditor (70)
[2016.11.15-00.54.23:946][594]LogModuleManager: Shutting down and abandoning module PropertyEditor (69)
[2016.11.15-00.54.23:946][594]LogModuleManager: Shutting down and abandoning module BehaviorTreeEditor (68)
[2016.11.15-00.54.23:946][594]LogModuleManager: Shutting down and abandoning module FunctionalTesting (67)
[2016.11.15-00.54.23:947][594]LogModuleManager: Shutting down and abandoning module CollisionAnalyzer (66)
[2016.11.15-00.54.23:947][594]LogModuleManager: Shutting down and abandoning module Sequencer (65)
[2016.11.15-00.54.23:947][594]LogModuleManager: Shutting down and abandoning module WorkspaceMenuStructure (64)
[2016.11.15-00.54.23:947][594]LogModuleManager: Shutting down and abandoning module MessageLog (63)
[2016.11.15-00.54.23:947][594]LogModuleManager: Shutting down and abandoning module AssetTools (62)
[2016.11.15-00.54.23:947][594]LogModuleManager: Shutting down and abandoning module UMGEditor (61)
[2016.11.15-00.54.23:947][594]LogModuleManager: Shutting down and abandoning module UMG (60)
[2016.11.15-00.54.23:947][594]LogModuleManager: Shutting down and abandoning module SlateReflector (59)
[2016.11.15-00.54.23:947][594]LogModuleManager: Shutting down and abandoning module Slate (58)
[2016.11.15-00.54.23:947][594]LogModuleManager: Shutting down and abandoning module EditorStyle (57)
[2016.11.15-00.54.23:949][594]LogModuleManager: Shutting down and abandoning module Messaging (56)
[2016.11.15-00.54.23:949][594]LogModuleManager: Shutting down and abandoning module SourceCodeAccess (55)
[2016.11.15-00.54.23:949][594]LogModuleManager: Shutting down and abandoning module HeadMountedDisplay (54)
[2016.11.15-00.54.23:949][594]LogModuleManager: Shutting down and abandoning module XAudio2 (53)
[2016.11.15-00.54.23:949][594]LogModuleManager: Shutting down and abandoning module Networking (52)
[2016.11.15-00.54.23:949][594]LogModuleManager: Shutting down and abandoning module Core (51)
[2016.11.15-00.54.23:949][594]LogModuleManager: Shutting down and abandoning module KismetCompiler (50)
[2016.11.15-00.54.23:949][594]LogModuleManager: Shutting down and abandoning module PhysXFormats (49)
[2016.11.15-00.54.23:949][594]LogModuleManager: Shutting down and abandoning module MeshUtilities (48)
[2016.11.15-00.54.23:949][594]LogModuleManager: Shutting down and abandoning module AssetRegistry (47)
[2016.11.15-00.54.23:949][594]LogModuleManager: Shutting down and abandoning module DerivedDataCache (46)
[2016.11.15-00.54.24:004][594]LogDerivedDataCache: Shutdown
[2016.11.15-00.54.24:004][594]LogModuleManager: Shutting down and abandoning module VulkanShaderFormat (45)
[2016.11.15-00.54.24:004][594]LogModuleManager: Shutting down and abandoning module ShaderFormatOpenGL (44)
[2016.11.15-00.54.24:004][594]LogModuleManager: Shutting down and abandoning module ShaderFormatD3D (43)
[2016.11.15-00.54.24:004][594]LogModuleManager: Shutting down and abandoning module MetalShaderFormat (42)
[2016.11.15-00.54.24:004][594]LogModuleManager: Shutting down and abandoning module TextureFormatUncompressed (41)
[2016.11.15-00.54.24:004][594]LogModuleManager: Shutting down and abandoning module TextureFormatPVR (40)
[2016.11.15-00.54.24:004][594]LogModuleManager: Shutting down and abandoning module TextureFormatDXT (39)
[2016.11.15-00.54.24:004][594]LogModuleManager: Shutting down and abandoning module TextureFormatIntelISPCTexComp (38)
[2016.11.15-00.54.24:004][594]LogModuleManager: Shutting down and abandoning module ImageWrapper (37)
[2016.11.15-00.54.24:004][594]LogModuleManager: Shutting down and abandoning module TextureFormatASTC (36)
[2016.11.15-00.54.24:004][594]LogModuleManager: Shutting down and abandoning module TextureFormatAndroid (35)
[2016.11.15-00.54.24:004][594]LogModuleManager: Shutting down and abandoning module AudioFormatOpus (34)
[2016.11.15-00.54.24:004][594]LogModuleManager: Shutting down and abandoning module AudioFormatOgg (33)
[2016.11.15-00.54.24:004][594]LogModuleManager: Shutting down and abandoning module AudioFormatADPCM (32)
[2016.11.15-00.54.24:004][594]LogModuleManager: Shutting down and abandoning module WindowsTargetPlatform (31)
[2016.11.15-00.54.24:004][594]LogModuleManager: Shutting down and abandoning module WindowsServerTargetPlatform (30)
[2016.11.15-00.54.24:004][594]LogModuleManager: Shutting down and abandoning module WindowsNoEditorTargetPlatform (29)
[2016.11.15-00.54.24:004][594]LogModuleManager: Shutting down and abandoning module WindowsClientTargetPlatform (28)
[2016.11.15-00.54.24:004][594]LogModuleManager: Shutting down and abandoning module TargetPlatform (27)
[2016.11.15-00.54.24:004][594]LogModuleManager: Shutting down and abandoning module InputCore (26)
[2016.11.15-00.54.24:004][594]LogModuleManager: Shutting down and abandoning module Settings (25)
[2016.11.15-00.54.24:004][594]LogModuleManager: Shutting down and abandoning module OculusRift (24)
[2016.11.15-00.54.24:004][594]LogModuleManager: Shutting down and abandoning module GearVR (23)
[2016.11.15-00.54.24:004][594]LogModuleManager: Shutting down and abandoning module ExampleDeviceProfileSelector (22)
[2016.11.15-00.54.24:004][594]LogModuleManager: Shutting down and abandoning module OnlineBlueprintSupport (21)
[2016.11.15-00.54.24:004][594]LogModuleManager: Shutting down and abandoning module OnlineSubsystem (17)
[2016.11.15-00.54.24:004][594]LogOnline:Display: STEAM: OnlineSubsystemSteam::Shutdown()
[2016.11.15-00.54.24:049][594]LogOnline:Display: Unloading online subsystem: STEAM
[2016.11.15-00.54.24:049][594]LogOnline:Display: STEAM: OnlineSubsystemSteam::Shutdown()
[2016.11.15-00.54.24:049][594]LogOnline:Display: Unloading online subsystem: NULL
[2016.11.15-00.54.24:049][594]LogModuleManager: Shutting down and abandoning module HTTP (16)
[2016.11.15-00.54.24:075][594]LogModuleManager: Shutting down and abandoning module XMPP (15)
[2016.11.15-00.54.24:075][594]LogModuleManager: Shutting down and abandoning module TextureCompressor (14)
[2016.11.15-00.54.24:075][594]LogModuleManager: Shutting down and abandoning module ShaderCore (13)
[2016.11.15-00.54.24:075][594]LogModuleManager: Shutting down and abandoning module Landscape (12)
[2016.11.15-00.54.24:075][594]LogModuleManager: Shutting down and abandoning module SlateRHIRenderer (11)
[2016.11.15-00.54.24:075][594]LogModuleManager: Shutting down and abandoning module OpenGLDrv (10)
[2016.11.15-00.54.24:075][594]LogModuleManager: Shutting down and abandoning module D3D11RHI (9)
[2016.11.15-00.54.24:075][594]LogModuleManager: Shutting down and abandoning module AnimGraphRuntime (8)
[2016.11.15-00.54.24:075][594]LogModuleManager: Shutting down and abandoning module Renderer (7)
[2016.11.15-00.54.24:075][594]LogModuleManager: Shutting down and abandoning module Engine (6)
[2016.11.15-00.54.24:075][594]LogModuleManager: Shutting down and abandoning module CoreUObject (5)
[2016.11.15-00.54.24:075][594]LogModuleManager: Shutting down and abandoning module NetworkFile (4)
[2016.11.15-00.54.24:075][594]LogModuleManager: Shutting down and abandoning module StreamingFile (3)
[2016.11.15-00.54.24:075][594]LogModuleManager: Shutting down and abandoning module SandboxFile (2)
[2016.11.15-00.54.24:075][594]LogModuleManager: Shutting down and abandoning module PakFile (1)
[2016.11.15-00.54.24:076][594]LogExit: Exiting.
[2016.11.15-00.54.24:077][594]Log file closed, 11/15/16 09:54:24
